[1/60] Building CXX object plugins/scripting/lua/CMakeFiles/rkg_plugins_script_lua.dir/src/lua_runtime.cpp.o
[2/60] Building CXX object plugins/scripting/js/CMakeFiles/rkg_plugins_script_js.dir/src/js_runtime.cpp.o
[3/60] Building CXX object core/CMakeFiles/rkg_core.dir/src/ecs.cpp.o
[4/60] Building CXX object plugins/debug_ui/imgui/CMakeFiles/rkg_plugins_debug_ui_imgui.dir/__/__/__/third_party/imgui/imgui_tables.cpp.o
[5/60] Building CXX object plugins/data/src/CMakeFiles/rkg_plugins_data.dir/data_yaml.cpp.o
[6/60] Building CXX object platform/CMakeFiles/rkg_platform_watch.dir/src/file_watcher.cpp.o
[7/60] Building CXX object platform/CMakeFiles/rkg_platform.dir/linux/sdl_platform.cpp.o
[8/60] Building CXX object plugins/scripting/python/CMakeFiles/rkg_plugins_script_python.dir/src/python_runtime.cpp.o
[9/60] Building CXX object core/CMakeFiles/rkg_core.dir/src/log.cpp.o
[10/60] Building CXX object plugins/cloud/CMakeFiles/rkg_plugins_cloud.dir/src/cloud_stub.cpp.o
[11/60] Building CXX object core/CMakeFiles/rkg_core.dir/src/asset_import.cpp.o
[12/60] Building CXX object plugins/ai/CMakeFiles/rkg_plugins_ai.dir/src/ai_stub.cpp.o
[13/60] Building CXX object plugins/data/src/CMakeFiles/rkg_plugins_data.dir/data_io.cpp.o
[14/60] Building CXX object plugins/debug_ui/imgui/CMakeFiles/rkg_plugins_debug_ui_imgui.dir/__/__/__/third_party/imgui/imgui_widgets.cpp.o
[15/60] Building CXX object plugins/debug_ui/imgui/CMakeFiles/rkg_plugins_debug_ui_imgui.dir/__/__/__/third_party/imgui/imgui_draw.cpp.o
[16/60] Building CXX object plugins/physics/basic/CMakeFiles/rkg_plugins_physics_basic.dir/src/physics_basic.cpp.o
[17/60] Building CXX object core/CMakeFiles/rkg_core.dir/src/ai_results.cpp.o
[18/60] Building CXX object core/CMakeFiles/rkg_core.dir/src/staged_runs.cpp.o
[19/60] Building CXX object plugins/debug_ui/imgui/CMakeFiles/rkg_plugins_debug_ui_imgui.dir/__/__/__/third_party/imgui/imgui.cpp.o
[20/60] Building CXX object core/CMakeFiles/rkg_core.dir/src/run_cleanup.cpp.o
[21/60] Building CXX object core/CMakeFiles/rkg_core.dir/src/replay.cpp.o
[22/60] Building CXX object core/CMakeFiles/rkg_core.dir/src/instructions.cpp.o
[23/60] Building CXX object apps/rkg_editor/CMakeFiles/rkg_editor.dir/src/subprocess_runner.cpp.o
[24/60] Building CXX object plugins/data/src/CMakeFiles/rkg_plugins_data.dir/data_json.cpp.o
[25/60] Building CXX object core/CMakeFiles/rkg_core.dir/src/config.cpp.o
[26/60] Building CXX object core/CMakeFiles/rkg_core.dir/src/project.cpp.o
[27/60] Building CXX object core/CMakeFiles/rkg_core.dir/src/input.cpp.o
[28/60] Building CXX object examples/minimal_app/CMakeFiles/rkg_minimal_app.dir/src/main.cpp.o
[29/60] Building CXX object plugins/debug_ui/imgui/CMakeFiles/rkg_plugins_debug_ui_imgui.dir/src/imgui_runtime.cpp.o
[30/60] Building CXX object runtime/CMakeFiles/rkg_runtime.dir/src/asset_cache.cpp.o
[31/60] Building CXX object projects/demo_game/CMakeFiles/rkg_demo_game.dir/src/main.cpp.o
[32/60] Building CXX object core/CMakeFiles/rkg_core.dir/src/snapshot_restore.cpp.o
[33/60] Linking CXX static library lib/librkg_core.a
[34/60] Linking CXX static library lib/librkg_plugins_ai.a
[35/60] Linking CXX static library lib/librkg_script.a
[36/60] Linking CXX static library lib/librkg_renderer_rhi.a
[37/60] Linking CXX static library lib/librkg_plugins_cloud.a
[38/60] Linking CXX static library lib/librkg_plugins_physics_basic.a
[39/60] Linking CXX static library lib/librkg_platform_watch.a
[40/60] Linking CXX static library lib/librkg_plugins_data.a
[41/60] Linking CXX static library lib/librkg_plugins_script_js.a
[42/60] Linking CXX static library lib/librkg_plugins_script_lua.a
[43/60] Linking CXX static library lib/librkg_plugins_script_python.a
[44/60] Linking CXX static library lib/librkg_platform.a
[45/60] Linking CXX static library lib/librkg_plugins_renderer_null.a
[46/60] Linking CXX static library lib/librkg_plugins_debug_ui_imgui.a
[47/60] Building CXX object plugins/renderer/vulkan/CMakeFiles/rkg_plugins_renderer_vulkan.dir/src/vulkan_renderer.cpp.o
/home/skooze/rkg/plugins/renderer/vulkan/src/vulkan_renderer.cpp: In function ‘rkg::Vec3 {anonymous}::mat4_to_euler_xyz(const rkg::Mat4&)’:
/home/skooze/rkg/plugins/renderer/vulkan/src/vulkan_renderer.cpp:1152:15: warning: unused variable ‘r01’ [-Wunused-variable]
 1152 |   const float r01 = m.m[4];
      |               ^~~
/home/skooze/rkg/plugins/renderer/vulkan/src/vulkan_renderer.cpp:1153:15: warning: unused variable ‘r02’ [-Wunused-variable]
 1153 |   const float r02 = m.m[8];
      |               ^~~
[48/60] Linking CXX static library lib/librkg_plugins_renderer_vulkan.a
[49/60] Building CXX object runtime/CMakeFiles/rkg_runtime.dir/src/runtime_host.cpp.o
[50/60] Linking CXX executable bin/rkg_minimal_app
[51/60] Linking CXX static library lib/librkg_runtime.a
[52/60] Linking CXX executable bin/rkg_demo_game
[53/60] Building CXX object tests/CMakeFiles/rkg_tests.dir/src/test_smoke.cpp.o
[54/60] Building CXX object apps/rkgctl/CMakeFiles/rkgctl_lib.dir/src/main.cpp.o
[55/60] Linking CXX static library lib/librkgctl_lib.a
[56/60] Building CXX object apps/rkgctl/CMakeFiles/rkgctl.dir/src/main.cpp.o
[57/60] Linking CXX executable bin/rkgctl
[58/60] Linking CXX executable bin/rkg_tests
[59/60] Building CXX object apps/rkg_editor/CMakeFiles/rkg_editor.dir/src/main.cpp.o
[60/60] Linking CXX executable bin/rkg_editor
