entity=2 pos=(0.000,0.000,0.000) vel=(0.000,0.000,0.000) grounded=1 mode=0 gdist=0.000 jump_buf=0.000 just_jump=0.000 sprint=0 input_mag=0.000 input_dir=(0.000,0.000,0.000) keys[F:0 B:0 L:0 R:0 J:0 S:0]
gait entity=2 yaw=-1.941 yaw_rate=0.000 speed=0.000 grounded=1 left_stance=1 right_stance=1 left_swing=0 right_swing=0 l_target_e=(11.324,8.048,-6.660) r_target_e=(-11.325,8.048,-6.679) l_pole_e=(0.518,-0.082,0.852) r_pole_e=(-0.549,-0.077,0.832) knee_lat=(-9.206,9.833) target_lat=(-10.959,11.690) target_rad=(14.957,15.513) min_side=6.891 min_rad=34.456 cont=(1.000,1.000)
entity=2 pos=(0.000,0.000,0.000) vel=(0.000,0.000,0.000) grounded=1 mode=0 gdist=0.000 jump_buf=0.000 just_jump=0.000 sprint=0 input_mag=0.000 input_dir=(0.000,0.000,0.000) keys[F:0 B:0 L:0 R:0 J:0 S:0]
gait entity=2 yaw=-1.941 yaw_rate=0.000 speed=0.000 grounded=1 left_stance=1 right_stance=1 left_swing=0 right_swing=0 l_target_e=(11.324,8.048,-6.660) r_target_e=(-11.325,8.048,-6.679) l_pole_e=(0.518,-0.082,0.852) r_pole_e=(-0.549,-0.077,0.832) knee_lat=(-9.201,9.828) target_lat=(-10.959,11.690) target_rad=(14.957,15.513) min_side=6.891 min_rad=34.456 cont=(1.000,1.000)
entity=2 pos=(0.000,0.000,0.000) vel=(0.000,0.000,0.000) grounded=1 mode=0 gdist=0.000 jump_buf=0.000 just_jump=0.000 sprint=0 input_mag=0.000 input_dir=(0.000,0.000,0.000) keys[F:0 B:0 L:0 R:0 J:0 S:0]
gait entity=2 yaw=-1.951 yaw_rate=0.000 speed=0.000 grounded=1 left_stance=1 right_stance=1 left_swing=0 right_swing=0 l_target_e=(11.257,8.048,-6.773) r_target_e=(-11.391,8.048,-6.565) l_pole_e=(0.518,-0.082,0.852) r_pole_e=(-0.549,-0.077,0.832) knee_lat=(-9.185,9.879) target_lat=(-10.892,11.756) target_rad=(14.985,15.489) min_side=6.891 min_rad=34.456 cont=(1.000,1.000)
entity=2 pos=(0.000,0.000,0.000) vel=(0.000,0.000,0.000) grounded=1 mode=0 gdist=0.000 jump_buf=0.000 just_jump=0.000 sprint=0 input_mag=0.000 input_dir=(0.000,0.000,0.000) keys[F:0 B:0 L:0 R:0 J:0 S:0]
gait entity=2 yaw=-1.971 yaw_rate=0.000 speed=0.000 grounded=1 left_stance=1 right_stance=1 left_swing=0 right_swing=0 l_target_e=(11.119,8.048,-6.996) r_target_e=(-11.520,8.048,-6.336) l_pole_e=(0.518,-0.082,0.852) r_pole_e=(-0.549,-0.077,0.832) knee_lat=(-9.124,9.951) target_lat=(-10.755,11.884) target_rad=(15.042,15.439) min_side=6.891 min_rad=34.456 cont=(1.000,1.000)
entity=2 pos=(0.000,0.000,0.000) vel=(0.000,0.000,0.000) grounded=1 mode=0 gdist=0.000 jump_buf=0.000 just_jump=0.000 sprint=0 input_mag=0.000 input_dir=(0.000,0.000,0.000) keys[F:0 B:0 L:0 R:0 J:0 S:0]
gait entity=2 yaw=-1.981 yaw_rate=0.000 speed=0.000 grounded=1 left_stance=1 right_stance=1 left_swing=0 right_swing=0 l_target_e=(11.049,8.048,-7.107) r_target_e=(-11.583,8.048,-6.221) l_pole_e=(0.518,-0.082,0.852) r_pole_e=(-0.549,-0.077,0.832) knee_lat=(-9.093,10.812) target_lat=(-10.685,11.947) target_rad=(15.069,15.414) min_side=6.891 min_rad=34.456 cont=(1.000,1.000)
entity=2 pos=(0.000,0.000,0.000) vel=(0.000,0.000,0.000) grounded=1 mode=0 gdist=0.000 jump_buf=0.000 just_jump=0.000 sprint=0 input_mag=0.000 input_dir=(0.000,0.000,0.000) keys[F:0 B:0 L:0 R:0 J:0 S:0]
gait entity=2 yaw=-2.051 yaw_rate=0.000 speed=0.000 grounded=1 left_stance=1 right_stance=1 left_swing=0 right_swing=0 l_target_e=(10.525,8.048,-7.862) r_target_e=(-11.990,8.048,-5.395) l_pole_e=(0.518,-0.082,0.852) r_pole_e=(-0.549,-0.077,0.832) knee_lat=(-8.835,11.647) target_lat=(-10.162,12.352) target_rad=(15.258,15.233) min_side=6.891 min_rad=34.456 cont=(1.000,1.000)
entity=2 pos=(0.000,0.000,0.000) vel=(0.000,0.000,0.000) grounded=1 mode=0 gdist=0.000 jump_buf=0.000 just_jump=0.000 sprint=0 input_mag=0.000 input_dir=(0.000,0.000,0.000) keys[F:0 B:0 L:0 R:0 J:0 S:0]
gait entity=2 yaw=-2.051 yaw_rate=0.000 speed=0.000 grounded=1 left_stance=1 right_stance=1 left_swing=0 right_swing=0 l_target_e=(10.525,8.048,-7.862) r_target_e=(-11.990,8.048,-5.395) l_pole_e=(0.518,-0.082,0.852) r_pole_e=(-0.549,-0.077,0.832) knee_lat=(-8.835,11.755) target_lat=(-10.162,12.352) target_rad=(15.258,15.233) min_side=6.891 min_rad=34.456 cont=(1.000,1.000)
entity=2 pos=(-0.019,0.000,-0.010) vel=(-0.720,0.000,-0.375) grounded=1 mode=0 gdist=0.000 jump_buf=0.000 just_jump=0.000 sprint=0 input_mag=0.451 input_dir=(-0.887,0.000,-0.462) keys[F:1 B:0 L:0 R:0 J:0 S:0]
gait entity=2 yaw=-2.051 yaw_rate=0.000 speed=0.222 grounded=1 left_stance=1 right_stance=1 left_swing=0 right_swing=0 l_target_e=(10.525,8.048,-9.915) r_target_e=(-11.990,8.048,-7.448) l_pole_e=(0.518,-0.082,0.852) r_pole_e=(-0.549,-0.077,0.832) knee_lat=(-8.828,10.178) target_lat=(-10.163,12.351) target_rad=(16.846,16.517) min_side=6.891 min_rad=34.456 cont=(1.000,1.000)
entity=2 pos=(-0.129,0.000,-0.067) vel=(-1.346,0.000,-0.700) grounded=1 mode=0 gdist=0.000 jump_buf=0.000 just_jump=0.000 sprint=0 input_mag=0.843 input_dir=(-0.887,0.000,-0.462) keys[F:1 B:0 L:0 R:0 J:0 S:0]
gait entity=2 yaw=-2.051 yaw_rate=0.000 speed=0.996 grounded=1 left_stance=1 right_stance=0 left_swing=0 right_swing=1 l_target_e=(10.525,8.048,-21.623) r_target_e=(-12.567,11.119,-11.685) l_pole_e=(0.518,-0.082,0.852) r_pole_e=(-0.549,-0.077,0.832) knee_lat=(-8.882,14.910) target_lat=(-10.193,12.898) target_rad=(27.130,19.938) min_side=6.891 min_rad=34.456 cont=(1.000,0.999)
entity=2 pos=(-0.275,0.000,-0.143) vel=(-1.525,0.000,-0.794) grounded=1 mode=0 gdist=0.000 jump_buf=0.000 just_jump=0.000 sprint=0 input_mag=0.955 input_dir=(-0.887,0.000,-0.462) keys[F:1 B:0 L:0 R:0 J:0 S:0]
gait entity=2 yaw=-2.051 yaw_rate=0.000 speed=1.469 grounded=1 left_stance=1 right_stance=0 left_swing=0 right_swing=1 l_target_e=(10.525,8.048,-37.108) r_target_e=(-18.722,5.210,26.734) l_pole_e=(0.518,-0.082,0.852) r_pole_e=(-0.549,-0.077,0.832) knee_lat=(-8.855,13.417) target_lat=(-10.197,19.049) target_rad=(41.887,30.030) min_side=6.891 min_rad=34.456 cont=(1.000,1.000)
entity=2 pos=(-0.430,0.000,-0.224) vel=(-1.576,0.000,-0.820) grounded=1 mode=0 gdist=0.000 jump_buf=0.000 just_jump=0.000 sprint=0 input_mag=0.987 input_dir=(-0.887,0.000,-0.462) keys[F:1 B:0 L:0 R:0 J:0 S:0]
gait entity=2 yaw=-2.051 yaw_rate=0.000 speed=1.676 grounded=1 left_stance=0 right_stance=1 left_swing=1 right_swing=0 l_target_e=(11.168,11.547,-30.620) r_target_e=(-19.514,0.000,20.682) l_pole_e=(0.518,-0.082,0.852) r_pole_e=(-0.549,-0.077,0.832) knee_lat=(-14.939,13.654) target_lat=(-10.758,19.923) target_rad=(35.794,26.296) min_side=6.891 min_rad=34.456 cont=(1.000,1.000)
entity=2 pos=(-0.589,0.000,-0.306) vel=(-1.591,0.000,-0.828) grounded=1 mode=0 gdist=0.000 jump_buf=0.000 just_jump=0.000 sprint=0 input_mag=0.996 input_dir=(-0.887,0.000,-0.462) keys[F:1 B:0 L:0 R:0 J:0 S:0]
gait entity=2 yaw=-2.051 yaw_rate=0.000 speed=1.756 grounded=1 left_stance=0 right_stance=1 left_swing=1 right_swing=0 l_target_e=(13.778,3.365,33.128) r_target_e=(-19.514,0.000,3.806) l_pole_e=(0.518,-0.082,0.852) r_pole_e=(-0.549,-0.077,0.832) knee_lat=(-12.303,13.877) target_lat=(-13.385,19.906) target_rad=(32.494,19.908) min_side=6.891 min_rad=34.456 cont=(1.000,1.000)
entity=2 pos=(-0.748,0.000,-0.389) vel=(-1.595,0.000,-0.830) grounded=1 mode=0 gdist=0.000 jump_buf=0.000 just_jump=0.000 sprint=0 input_mag=0.999 input_dir=(-0.887,0.000,-0.462) keys[F:1 B:0 L:0 R:0 J:0 S:0]
gait entity=2 yaw=-2.051 yaw_rate=0.000 speed=1.785 grounded=1 left_stance=1 right_stance=0 left_swing=0 right_swing=1 l_target_e=(13.864,0.000,20.975) r_target_e=(-16.766,5.948,11.697) l_pole_e=(0.518,-0.082,0.852) r_pole_e=(-0.549,-0.077,0.832) knee_lat=(-10.598,18.381) target_lat=(-13.550,17.080) target_rad=(22.098,18.936) min_side=6.891 min_rad=34.456 cont=(1.000,1.000)
entity=2 pos=(-0.908,0.000,-0.472) vel=(-1.596,0.000,-0.831) grounded=1 mode=0 gdist=0.000 jump_buf=0.000 just_jump=0.000 sprint=0 input_mag=1.000 input_dir=(-0.887,0.000,-0.462) keys[F:1 B:0 L:0 R:0 J:0 S:0]
gait entity=2 yaw=-2.051 yaw_rate=0.000 speed=1.795 grounded=1 left_stance=1 right_stance=1 left_swing=0 right_swing=0 l_target_e=(13.864,0.000,3.986) r_target_e=(-12.061,0.000,34.814) l_pole_e=(0.518,-0.082,0.852) r_pole_e=(-0.549,-0.077,0.832) knee_lat=(-10.246,10.210) target_lat=(-13.494,12.431) target_rad=(13.502,33.673) min_side=6.891 min_rad=34.456 cont=(1.000,1.000)
entity=2 pos=(-1.067,0.000,-0.556) vel=(-1.596,0.000,-0.831) grounded=1 mode=0 gdist=0.000 jump_buf=0.000 just_jump=0.000 sprint=0 input_mag=1.000 input_dir=(-0.887,0.000,-0.462) keys[F:1 B:0 L:0 R:0 J:0 S:0]
gait entity=2 yaw=-2.051 yaw_rate=0.000 speed=1.798 grounded=1 left_stance=0 right_stance=1 left_swing=1 right_swing=0 l_target_e=(13.165,6.081,21.002) r_target_e=(-12.061,0.000,17.817) l_pole_e=(0.518,-0.082,0.852) r_pole_e=(-0.549,-0.077,0.832) knee_lat=(-17.245,10.401) target_lat=(-12.746,12.479) target_rad=(21.636,18.978) min_side=6.891 min_rad=34.456 cont=(1.000,1.000)
entity=2 pos=(-1.227,0.000,-0.639) vel=(-1.597,0.000,-0.831) grounded=1 mode=0 gdist=0.000 jump_buf=0.000 just_jump=0.000 sprint=0 input_mag=1.000 input_dir=(-0.887,0.000,-0.462) keys[F:1 B:0 L:0 R:0 J:0 S:0]
gait entity=2 yaw=-2.051 yaw_rate=0.000 speed=1.799 grounded=1 left_stance=1 right_stance=0 left_swing=0 right_swing=1 l_target_e=(12.630,0.000,31.305) r_target_e=(-12.059,1.643,2.475) l_pole_e=(0.518,-0.082,0.852) r_pole_e=(-0.549,-0.077,0.832) knee_lat=(-9.906,17.620) target_lat=(-12.287,12.402) target_rad=(30.381,12.446) min_side=6.891 min_rad=34.456 cont=(1.000,1.000)
entity=2 pos=(-1.387,0.000,-0.722) vel=(-1.597,0.000,-0.831) grounded=1 mode=0 gdist=0.000 jump_buf=0.000 just_jump=0.000 sprint=0 input_mag=1.000 input_dir=(-0.887,0.000,-0.462) keys[F:1 B:0 L:0 R:0 J:0 S:0]
gait entity=2 yaw=-2.051 yaw_rate=0.000 speed=1.800 grounded=1 left_stance=1 right_stance=0 left_swing=0 right_swing=1 l_target_e=(12.630,0.000,14.305) r_target_e=(-11.931,5.415,27.515) l_pole_e=(0.518,-0.082,0.852) r_pole_e=(-0.549,-0.077,0.832) knee_lat=(-10.062,18.336) target_lat=(-12.313,12.248) target_rad=(16.369,26.941) min_side=6.891 min_rad=34.456 cont=(1.000,1.000)
entity=2 pos=(-1.546,0.000,-0.805) vel=(-1.597,0.000,-0.831) grounded=1 mode=0 gdist=0.000 jump_buf=0.000 just_jump=0.000 sprint=0 input_mag=1.000 input_dir=(-0.887,0.000,-0.462) keys[F:1 B:0 L:0 R:0 J:0 S:0]
gait entity=2 yaw=-2.051 yaw_rate=0.000 speed=1.800 grounded=1 left_stance=0 right_stance=1 left_swing=1 right_swing=0 l_target_e=(12.628,3.958,5.518) r_target_e=(-11.889,0.000,27.569) l_pole_e=(0.518,-0.082,0.852) r_pole_e=(-0.549,-0.077,0.832) knee_lat=(-16.875,10.239) target_lat=(-12.225,12.291) target_rad=(12.387,27.008) min_side=6.891 min_rad=34.456 cont=(1.000,1.000)
entity=2 pos=(-1.706,0.000,-0.888) vel=(-1.597,0.000,-0.831) grounded=1 mode=0 gdist=0.000 jump_buf=0.000 just_jump=0.000 sprint=0 input_mag=1.000 input_dir=(-0.887,0.000,-0.462) keys[F:1 B:0 L:0 R:0 J:0 S:0]
gait entity=2 yaw=-2.051 yaw_rate=0.000 speed=1.800 grounded=1 left_stance=0 right_stance=1 left_swing=1 right_swing=0 l_target_e=(12.608,4.248,32.610) r_target_e=(-11.889,0.000,10.568) l_pole_e=(0.518,-0.082,0.852) r_pole_e=(-0.549,-0.077,0.832) knee_lat=(-17.028,10.323) target_lat=(-12.205,12.291) target_rad=(31.547,14.169) min_side=6.891 min_rad=34.456 cont=(1.000,1.000)
entity=2 pos=(-1.866,0.000,-0.971) vel=(-1.597,0.000,-0.831) grounded=1 mode=0 gdist=0.000 jump_buf=0.000 just_jump=0.000 sprint=0 input_mag=1.000 input_dir=(-0.887,0.000,-0.462) keys[F:1 B:0 L:0 R:0 J:0 S:0]
gait entity=2 yaw=-2.051 yaw_rate=0.000 speed=1.800 grounded=1 left_stance=1 right_stance=0 left_swing=0 right_swing=1 l_target_e=(12.605,0.000,24.004) r_target_e=(-11.888,5.412,10.421) l_pole_e=(0.518,-0.082,0.852) r_pole_e=(-0.549,-0.077,0.832) knee_lat=(-9.995,18.237) target_lat=(-12.288,12.205) target_rad=(23.887,14.021) min_side=6.891 min_rad=34.456 cont=(1.000,1.000)
entity=2 pos=(-2.025,0.000,-1.054) vel=(-1.597,0.000,-0.831) grounded=1 mode=0 gdist=0.000 jump_buf=0.000 just_jump=0.000 sprint=0 input_mag=1.000 input_dir=(-0.887,0.000,-0.462) keys[F:1 B:0 L:0 R:0 J:0 S:0]
gait entity=2 yaw=-2.051 yaw_rate=0.000 speed=1.800 grounded=1 left_stance=1 right_stance=0 left_swing=0 right_swing=1 l_target_e=(12.605,0.000,7.003) r_target_e=(-11.885,2.487,35.430) l_pole_e=(0.518,-0.082,0.852) r_pole_e=(-0.549,-0.077,0.832) knee_lat=(-10.027,9.706) target_lat=(-12.262,12.228) target_rad=(12.748,34.173) min_side=6.891 min_rad=34.456 cont=(1.000,1.000)
entity=2 pos=(-2.185,0.000,-1.137) vel=(-1.606,0.000,-0.812) grounded=1 mode=0 gdist=0.000 jump_buf=0.000 just_jump=0.000 sprint=0 input_mag=1.000 input_dir=(-0.892,0.000,-0.451) keys[F:1 B:0 L:0 R:0 J:0 S:0]
gait entity=2 yaw=-2.033 yaw_rate=-12.566 speed=1.800 grounded=1 left_stance=0 right_stance=1 left_swing=1 right_swing=0 l_target_e=(12.604,6.080,16.855) r_target_e=(-12.311,0.000,20.049) l_pole_e=(0.518,-0.082,0.852) r_pole_e=(-0.549,-0.077,0.832) knee_lat=(-17.249,10.510) target_lat=(-12.193,12.719) target_rad=(18.064,20.863) min_side=6.905 min_rad=34.456 cont=(1.000,1.000)
entity=2 pos=(-2.347,0.000,-1.217) vel=(-1.617,0.000,-0.791) grounded=1 mode=0 gdist=0.000 jump_buf=0.000 just_jump=0.000 sprint=0 input_mag=1.000 input_dir=(-0.898,0.000,-0.440) keys[F:1 B:0 L:0 R:0 J:0 S:0]
gait entity=2 yaw=-2.026 yaw_rate=-5.193 speed=1.800 grounded=1 left_stance=1 right_stance=1 left_swing=0 right_swing=0 l_target_e=(12.576,0.000,33.705) r_target_e=(-12.372,0.000,2.959) l_pole_e=(0.518,-0.082,0.852) r_pole_e=(-0.549,-0.077,0.832) knee_lat=(-9.853,10.171) target_lat=(-12.237,12.727) target_rad=(32.566,12.739) min_side=6.893 min_rad=34.456 cont=(1.000,1.000)
entity=2 pos=(-2.508,0.000,-1.295) vel=(-1.620,0.000,-0.785) grounded=1 mode=0 gdist=0.000 jump_buf=0.000 just_jump=0.000 sprint=0 input_mag=1.000 input_dir=(-0.900,0.000,-0.436) keys[F:1 B:0 L:0 R:0 J:0 S:0]
gait entity=2 yaw=-2.022 yaw_rate=-1.488 speed=1.800 grounded=1 left_stance=1 right_stance=0 left_swing=0 right_swing=1 l_target_e=(12.475,0.000,16.752) r_target_e=(-12.075,5.948,23.277) l_pole_e=(0.518,-0.082,0.852) r_pole_e=(-0.549,-0.077,0.832) knee_lat=(-9.985,18.413) target_lat=(-12.166,12.383) target_rad=(17.973,23.320) min_side=6.892 min_rad=34.456 cont=(1.000,1.000)
entity=2 pos=(-2.670,0.000,-1.374) vel=(-1.621,0.000,-0.784) grounded=1 mode=0 gdist=0.000 jump_buf=0.000 just_jump=0.000 sprint=0 input_mag=1.000 input_dir=(-0.900,0.000,-0.435) keys[F:1 B:0 L:0 R:0 J:0 S:0]
gait entity=2 yaw=-2.021 yaw_rate=-0.426 speed=1.800 grounded=1 left_stance=0 right_stance=1 left_swing=1 right_swing=0 l_target_e=(12.469,2.535,3.411) r_target_e=(-11.908,0.000,30.112) l_pole_e=(0.518,-0.082,0.852) r_pole_e=(-0.549,-0.077,0.832) knee_lat=(-16.662,10.215) target_lat=(-12.076,12.298) target_rad=(12.076,29.299) min_side=6.892 min_rad=34.456 cont=(1.000,1.000)
entity=2 pos=(-2.832,0.000,-1.452) vel=(-1.621,0.000,-0.783) grounded=1 mode=0 gdist=0.000 jump_buf=0.000 just_jump=0.000 sprint=0 input_mag=1.000 input_dir=(-0.900,0.000,-0.435) keys[F:1 B:0 L:0 R:0 J:0 S:0]
gait entity=2 yaw=-2.021 yaw_rate=-0.125 speed=1.800 grounded=1 left_stance=0 right_stance=1 left_swing=1 right_swing=0 l_target_e=(12.576,5.032,29.455) r_target_e=(-11.915,0.000,13.108) l_pole_e=(0.518,-0.082,0.852) r_pole_e=(-0.549,-0.077,0.832) knee_lat=(-17.171,10.341) target_lat=(-12.167,12.325) target_rad=(28.647,15.616) min_side=6.891 min_rad=34.456 cont=(1.000,1.000)
entity=2 pos=(-2.995,0.000,-1.530) vel=(-1.628,0.000,-0.767) grounded=1 mode=0 gdist=0.000 jump_buf=0.000 just_jump=0.000 sprint=0 input_mag=1.000 input_dir=(-0.905,0.000,-0.426) keys[F:1 B:0 L:0 R:0 J:0 S:0]
gait entity=2 yaw=-2.011 yaw_rate=-10.278 speed=1.800 grounded=1 left_stance=1 right_stance=0 left_swing=0 right_swing=1 l_target_e=(12.341,0.000,26.490) r_target_e=(-11.937,4.529,6.909) l_pole_e=(0.518,-0.082,0.852) r_pole_e=(-0.549,-0.077,0.832) knee_lat=(-9.845,18.088) target_lat=(-12.025,12.260) target_rad=(25.924,12.721) min_side=6.892 min_rad=34.456 cont=(1.000,1.000)
entity=2 pos=(-3.158,0.000,-1.605) vel=(-1.642,0.000,-0.738) grounded=1 mode=0 gdist=0.000 jump_buf=0.000 just_jump=0.000 sprint=0 input_mag=1.000 input_dir=(-0.912,0.000,-0.410) keys[F:1 B:0 L:0 R:0 J:0 S:0]
gait entity=2 yaw=-1.993 yaw_rate=-6.180 speed=1.800 grounded=1 left_stance=1 right_stance=0 left_swing=0 right_swing=1 l_target_e=(12.022,0.000,9.709) r_target_e=(-11.907,3.787,33.827) l_pole_e=(0.518,-0.082,0.852) r_pole_e=(-0.549,-0.077,0.832) knee_lat=(-9.759,17.285) target_lat=(-11.698,12.197) target_rad=(13.227,32.686) min_side=6.895 min_rad=34.456 cont=(1.000,1.000)
entity=2 pos=(-3.323,0.000,-1.678) vel=(-1.648,0.000,-0.723) grounded=1 mode=0 gdist=0.000 jump_buf=0.000 just_jump=0.000 sprint=0 input_mag=1.000 input_dir=(-0.916,0.000,-0.402) keys[F:1 B:0 L:0 R:0 J:0 S:0]
gait entity=2 yaw=-1.984 yaw_rate=-3.541 speed=1.800 grounded=1 left_stance=0 right_stance=1 left_swing=1 right_swing=0 l_target_e=(12.170,5.722,12.710) r_target_e=(-12.075,0.000,22.736) l_pole_e=(0.518,-0.082,0.852) r_pole_e=(-0.549,-0.077,0.832) knee_lat=(-17.134,10.374) target_lat=(-11.760,12.479) target_rad=(14.921,22.920) min_side=6.893 min_rad=34.456 cont=(1.000,1.000)
entity=2 pos=(-3.488,0.000,-1.750) vel=(-1.650,0.000,-0.719) grounded=1 mode=0 gdist=0.000 jump_buf=0.000 just_jump=0.000 sprint=0 input_mag=1.000 input_dir=(-0.917,0.000,-0.399) keys[F:1 B:0 L:0 R:0 J:0 S:0]
gait entity=2 yaw=-1.982 yaw_rate=-1.014 speed=1.800 grounded=1 left_stance=0 right_stance=1 left_swing=1 right_swing=0 l_target_e=(12.584,1.418,35.730) r_target_e=(-12.116,0.000,5.706) l_pole_e=(0.518,-0.082,0.852) r_pole_e=(-0.549,-0.077,0.832) knee_lat=(-9.486,10.409) target_lat=(-12.211,12.497) target_rad=(34.444,12.688) min_side=6.892 min_rad=34.456 cont=(1.000,1.000)
entity=2 pos=(-3.653,0.000,-1.822) vel=(-1.651,0.000,-0.718) grounded=1 mode=0 gdist=0.000 jump_buf=0.000 just_jump=0.000 sprint=0 input_mag=1.000 input_dir=(-0.917,0.000,-0.399) keys[F:1 B:0 L:0 R:0 J:0 S:0]
gait entity=2 yaw=-1.981 yaw_rate=-0.290 speed=1.800 grounded=1 left_stance=1 right_stance=0 left_swing=0 right_swing=1 l_target_e=(12.563,0.000,19.091) r_target_e=(-12.005,6.126,19.003) l_pole_e=(0.518,-0.082,0.852) r_pole_e=(-0.549,-0.077,0.832) knee_lat=(-10.017,18.407) target_lat=(-12.254,12.314) target_rad=(19.814,19.785) min_side=6.892 min_rad=34.456 cont=(1.000,1.000)
entity=2 pos=(-3.818,0.000,-1.894) vel=(-1.651,0.000,-0.718) grounded=1 mode=0 gdist=0.000 jump_buf=0.000 just_jump=0.000 sprint=0 input_mag=1.000 input_dir=(-0.917,0.000,-0.399) keys[F:1 B:0 L:0 R:0 J:0 S:0]
gait entity=2 yaw=-1.981 yaw_rate=-0.084 speed=1.800 grounded=1 left_stance=0 right_stance=1 left_swing=1 right_swing=0 l_target_e=(12.561,0.486,2.275) r_target_e=(-11.893,0.000,32.667) l_pole_e=(0.518,-0.082,0.852) r_pole_e=(-0.549,-0.077,0.832) knee_lat=(-16.395,10.174) target_lat=(-12.179,12.273) target_rad=(12.242,31.627) min_side=6.891 min_rad=34.456 cont=(1.000,1.000)
entity=2 pos=(-3.983,0.000,-1.965) vel=(-1.652,0.000,-0.715) grounded=1 mode=0 gdist=0.000 jump_buf=0.000 just_jump=0.000 sprint=0 input_mag=1.000 input_dir=(-0.918,0.000,-0.397) keys[F:1 B:0 L:0 R:0 J:0 S:0]
gait entity=2 yaw=-1.979 yaw_rate=-8.418 speed=1.800 grounded=1 left_stance=0 right_stance=1 left_swing=1 right_swing=0 l_target_e=(12.591,5.725,25.523) r_target_e=(-11.922,0.000,15.647) l_pole_e=(0.518,-0.082,0.852) r_pole_e=(-0.549,-0.077,0.832) knee_lat=(-17.244,10.343) target_lat=(-12.176,12.337) target_rad=(25.148,17.300) min_side=6.891 min_rad=34.456 cont=(1.000,1.000)
entity=2 pos=(-4.148,0.000,-2.036) vel=(-1.656,0.000,-0.705) grounded=1 mode=0 gdist=0.000 jump_buf=0.000 just_jump=0.000 sprint=0 input_mag=1.000 input_dir=(-0.920,0.000,-0.392) keys[F:1 B:0 L:0 R:0 J:0 S:0]
gait entity=2 yaw=-1.973 yaw_rate=-2.412 speed=1.800 grounded=1 left_stance=1 right_stance=0 left_swing=0 right_swing=1 l_target_e=(12.551,0.000,28.785) r_target_e=(-11.970,3.296,4.369) l_pole_e=(0.518,-0.082,0.852) r_pole_e=(-0.549,-0.077,0.832) knee_lat=(-9.909,17.899) target_lat=(-12.219,12.302) target_rad=(28.065,12.332) min_side=6.891 min_rad=34.456 cont=(1.000,1.000)
entity=2 pos=(-4.314,0.000,-2.106) vel=(-1.661,0.000,-0.693) grounded=1 mode=0 gdist=0.000 jump_buf=0.000 just_jump=0.000 sprint=0 input_mag=1.000 input_dir=(-0.923,0.000,-0.385) keys[F:1 B:0 L:0 R:0 J:0 S:0]
gait entity=2 yaw=-1.966 yaw_rate=-5.534 speed=1.800 grounded=1 left_stance=1 right_stance=0 left_swing=0 right_swing=1 l_target_e=(12.423,0.000,11.871) r_target_e=(-11.898,4.650,31.137) l_pole_e=(0.518,-0.082,0.852) r_pole_e=(-0.549,-0.077,0.832) knee_lat=(-9.960,18.259) target_lat=(-12.100,12.221) target_rad=(14.702,30.201) min_side=6.891 min_rad=34.456 cont=(1.000,1.000)
entity=2 pos=(-4.481,0.000,-2.175) vel=(-1.664,0.000,-0.687) grounded=1 mode=0 gdist=0.000 jump_buf=0.000 just_jump=0.000 sprint=0 input_mag=1.000 input_dir=(-0.924,0.000,-0.382) keys[F:1 B:0 L:0 R:0 J:0 S:0]
gait entity=2 yaw=-1.962 yaw_rate=-1.585 speed=1.800 grounded=1 left_stance=0 right_stance=1 left_swing=1 right_swing=0 l_target_e=(12.440,5.013,8.666) r_target_e=(-11.943,0.000,25.168) l_pole_e=(0.518,-0.082,0.852) r_pole_e=(-0.549,-0.077,0.832) knee_lat=(-17.029,10.293) target_lat=(-12.030,12.353) target_rad=(13.084,24.925) min_side=6.891 min_rad=34.456 cont=(1.000,1.000)
entity=2 pos=(-4.647,0.000,-2.244) vel=(-1.665,0.000,-0.685) grounded=1 mode=0 gdist=0.000 jump_buf=0.000 just_jump=0.000 sprint=0 input_mag=1.000 input_dir=(-0.925,0.000,-0.381) keys[F:1 B:0 L:0 R:0 J:0 S:0]
gait entity=2 yaw=-1.961 yaw_rate=-0.454 speed=1.800 grounded=1 left_stance=0 right_stance=1 left_swing=1 right_swing=0 l_target_e=(12.599,3.223,34.796) r_target_e=(-11.964,0.000,8.154) l_pole_e=(0.518,-0.082,0.852) r_pole_e=(-0.549,-0.077,0.832) knee_lat=(-14.063,10.350) target_lat=(-12.207,12.357) target_rad=(33.574,13.198) min_side=6.891 min_rad=34.456 cont=(1.000,1.000)
entity=2 pos=(-4.814,0.000,-2.312) vel=(-1.670,0.000,-0.672) grounded=1 mode=0 gdist=0.000 jump_buf=0.000 just_jump=0.000 sprint=0 input_mag=1.000 input_dir=(-0.928,0.000,-0.373) keys[F:1 B:0 L:0 R:0 J:0 S:0]
gait entity=2 yaw=-1.953 yaw_rate=-12.507 speed=1.800 grounded=1 left_stance=1 right_stance=0 left_swing=0 right_swing=1 l_target_e=(12.395,0.000,21.715) r_target_e=(-11.942,5.946,14.620) l_pole_e=(0.518,-0.082,0.852) r_pole_e=(-0.549,-0.077,0.832) knee_lat=(-9.917,18.348) target_lat=(-12.082,12.255) target_rad=(21.841,16.535) min_side=6.891 min_rad=34.456 cont=(1.000,1.000)
entity=2 pos=(-4.983,0.000,-2.373) vel=(-1.724,0.000,-0.481) grounded=1 mode=0 gdist=0.000 jump_buf=0.000 just_jump=0.000 sprint=0 input_mag=0.994 input_dir=(-0.963,0.000,-0.269) keys[F:1 B:0 L:0 R:0 J:0 S:0]
gait entity=2 yaw=-1.643 yaw_rate=-12.566 speed=1.798 grounded=1 left_stance=1 right_stance=1 left_swing=0 right_swing=0 l_target_e=(9.803,0.000,8.131) r_target_e=(-12.425,0.000,34.658) l_pole_e=(0.518,-0.082,0.852) r_pole_e=(-0.549,-0.077,0.832) knee_lat=(-8.371,9.700) target_lat=(-9.647,11.260) target_rad=(10.500,33.664) min_side=7.303 min_rad=34.456 cont=(1.000,1.000)
entity=2 pos=(-5.158,0.000,-2.393) vel=(-1.759,0.000,0.062) grounded=1 mode=0 gdist=0.000 jump_buf=0.000 just_jump=0.000 sprint=0 input_mag=0.978 input_dir=(-0.999,0.000,0.036) keys[F:1 B:0 L:0 R:0 J:0 S:0]
gait entity=2 yaw=-1.363 yaw_rate=-12.566 speed=1.775 grounded=1 left_stance=0 right_stance=1 left_swing=1 right_swing=0 l_target_e=(10.786,6.087,23.232) r_target_e=(-16.282,0.000,14.079) l_pole_e=(0.518,-0.082,0.852) r_pole_e=(-0.549,-0.077,0.832) knee_lat=(-18.869,11.607) target_lat=(-13.127,14.985) target_rad=(22.272,19.759) min_side=6.961 min_rad=34.456 cont=(1.000,1.000)
entity=2 pos=(-5.333,0.000,-2.370) vel=(-1.735,0.000,0.381) grounded=1 mode=0 gdist=0.000 jump_buf=0.000 just_jump=0.000 sprint=0 input_mag=0.987 input_dir=(-0.977,0.000,0.214) keys[F:1 B:0 L:0 R:0 J:0 S:0]
gait entity=2 yaw=-1.223 yaw_rate=-12.566 speed=1.772 grounded=1 left_stance=1 right_stance=0 left_swing=0 right_swing=1 l_target_e=(10.125,0.000,32.408) r_target_e=(-14.796,1.452,-2.750) l_pole_e=(0.518,-0.082,0.852) r_pole_e=(-0.549,-0.077,0.832) knee_lat=(-10.427,16.434) target_lat=(-13.570,15.844) target_rad=(30.500,16.386) min_side=6.900 min_rad=34.456 cont=(1.000,1.000)
entity=2 pos=(-5.500,0.000,-2.312) vel=(-1.556,0.000,0.815) grounded=1 mode=0 gdist=0.000 jump_buf=0.000 just_jump=0.000 sprint=0 input_mag=0.976 input_dir=(-0.886,0.000,0.464) keys[F:1 B:0 L:0 R:0 J:0 S:0]
gait entity=2 yaw=-0.753 yaw_rate=-2.566 speed=1.771 grounded=1 left_stance=1 right_stance=0 left_swing=0 right_swing=1 l_target_e=(2.151,0.000,18.719) r_target_e=(-15.357,5.490,24.535) l_pole_e=(0.518,-0.082,0.852) r_pole_e=(-0.549,-0.077,0.832) knee_lat=(-6.159,15.756) target_lat=(-4.465,11.755) target_rad=(15.310,26.217) min_side=7.318 min_rad=34.456 cont=(1.000,0.999)
entity=2 pos=(-5.599,0.000,-2.195) vel=(-0.212,0.000,1.401) grounded=1 mode=0 gdist=0.000 jump_buf=0.000 just_jump=0.000 sprint=0 input_mag=0.787 input_dir=(-0.150,0.000,0.989) keys[F:1 B:0 L:0 R:0 J:0 S:0]
gait entity=2 yaw=0.567 yaw_rate=-12.566 speed=1.617 grounded=1 left_stance=0 right_stance=1 left_swing=1 right_swing=0 l_target_e=(-5.035,3.403,7.437) r_target_e=(-22.070,0.000,22.053) l_pole_e=(0.518,-0.082,0.852) r_pole_e=(-0.549,-0.077,0.832) knee_lat=(-19.357,9.269) target_lat=(3.023,11.426) target_rad=(6.699,29.127) min_side=7.405 min_rad=34.456 cont=(0.999,1.000)
entity=2 pos=(-5.565,0.000,-2.052) vel=(0.710,0.000,1.428) grounded=1 mode=0 gdist=0.000 jump_buf=0.000 just_jump=0.000 sprint=0 input_mag=0.886 input_dir=(0.445,0.000,0.896) keys[F:1 B:0 L:0 R:0 J:0 S:0]
gait entity=2 yaw=0.687 yaw_rate=-12.566 speed=1.540 grounded=1 left_stance=0 right_stance=1 left_swing=1 right_swing=0 l_target_e=(2.640,4.761,32.850) r_target_e=(-18.422,0.000,6.832) l_pole_e=(0.518,-0.082,0.852) r_pole_e=(-0.549,-0.077,0.832) knee_lat=(-21.149,11.634) target_lat=(-13.930,15.870) target_rad=(29.415,19.117) min_side=7.357 min_rad=34.456 cont=(0.999,1.000)
entity=2 pos=(-5.460,0.000,-1.936) vel=(1.388,0.000,0.627) grounded=1 mode=0 gdist=0.000 jump_buf=0.000 just_jump=0.000 sprint=0 input_mag=0.846 input_dir=(0.911,0.000,0.412) keys[F:1 B:0 L:0 R:0 J:0 S:0]
gait entity=2 yaw=1.817 yaw_rate=-12.566 speed=1.575 grounded=1 left_stance=1 right_stance=0 left_swing=0 right_swing=1 l_target_e=(-14.459,0.000,26.167) r_target_e=(-12.392,4.406,-8.832) l_pole_e=(0.518,-0.082,0.852) r_pole_e=(-0.549,-0.077,0.832) knee_lat=(-2.616,10.939) target_lat=(2.602,16.994) target_rad=(27.046,17.728) min_side=7.328 min_rad=34.456 cont=(1.000,0.999)
entity=2 pos=(-5.310,0.000,-1.931) vel=(1.539,0.000,-0.401) grounded=1 mode=0 gdist=0.000 jump_buf=0.000 just_jump=0.000 sprint=0 input_mag=0.883 input_dir=(0.968,0.000,-0.252) keys[F:1 B:0 L:0 R:0 J:0 S:0]
gait entity=2 yaw=2.137 yaw_rate=-12.566 speed=1.550 grounded=1 left_stance=1 right_stance=0 left_swing=0 right_swing=1 l_target_e=(-13.968,0.000,8.573) r_target_e=(-22.355,4.053,25.301) l_pole_e=(0.518,-0.082,0.852) r_pole_e=(-0.549,-0.077,0.832) knee_lat=(1.287,10.506) target_lat=(10.580,10.689) target_rad=(15.165,31.450) min_side=7.251 min_rad=34.456 cont=(1.000,0.999)
entity=2 pos=(-5.169,0.000,-2.010) vel=(1.214,0.000,-1.125) grounded=1 mode=0 gdist=0.000 jump_buf=0.000 just_jump=0.000 sprint=0 input_mag=0.919 input_dir=(0.733,0.000,-0.680) keys[F:1 B:0 L:0 R:0 J:0 S:0]
gait entity=2 yaw=2.647 yaw_rate=-12.566 speed=1.612 grounded=1 left_stance=0 right_stance=1 left_swing=1 right_swing=0 l_target_e=(-8.608,5.261,7.212) r_target_e=(-26.243,0.000,9.394) l_pole_e=(0.518,-0.082,0.852) r_pole_e=(-0.549,-0.077,0.832) knee_lat=(-18.815,14.855) target_lat=(7.006,22.575) target_rad=(9.745,27.293) min_side=7.021 min_rad=34.456 cont=(0.999,1.000)
entity=2 pos=(-5.084,0.000,-2.148) vel=(0.389,0.000,-1.576) grounded=1 mode=0 gdist=0.000 jump_buf=0.000 just_jump=0.000 sprint=0 input_mag=0.902 input_dir=(0.240,0.000,-0.971) keys[F:1 B:0 L:0 R:0 J:0 S:0]
gait entity=2 yaw=3.367 yaw_rate=-12.566 speed=1.636 grounded=1 left_stance=0 right_stance=1 left_swing=1 right_swing=0 l_target_e=(4.776,2.917,36.940) r_target_e=(-15.140,0.000,-21.180) l_pole_e=(0.518,-0.082,0.852) r_pole_e=(-0.549,-0.077,0.832) knee_lat=(-10.760,15.307) target_lat=(-17.395,24.119) target_rad=(33.707,29.177) min_side=7.029 min_rad=34.456 cont=(1.000,1.000)
entity=2 pos=(-5.085,0.000,-2.312) vel=(-0.321,0.000,-1.659) grounded=1 mode=0 gdist=0.000 jump_buf=0.000 just_jump=0.000 sprint=0 input_mag=0.939 input_dir=(-0.190,0.000,-0.982) keys[F:1 B:0 L:0 R:0 J:0 S:0]
gait entity=2 yaw=3.537 yaw_rate=-12.566 speed=1.650 grounded=1 left_stance=1 right_stance=0 left_swing=0 right_swing=1 l_target_e=(4.793,0.000,25.464) r_target_e=(-15.342,5.905,-7.124) l_pole_e=(0.518,-0.082,0.852) r_pole_e=(-0.549,-0.077,0.832) knee_lat=(-9.439,13.598) target_lat=(-11.637,18.334) target_rad=(22.397,18.932) min_side=7.255 min_rad=34.456 cont=(1.000,0.999)
entity=2 pos=(-5.144,0.000,-2.472) vel=(-0.889,0.000,-1.463) grounded=1 mode=0 gdist=0.000 jump_buf=0.000 just_jump=0.000 sprint=0 input_mag=0.951 input_dir=(-0.519,0.000,-0.855) keys[F:1 B:0 L:0 R:0 J:0 S:0]
gait entity=2 yaw=4.057 yaw_rate=-2.566 speed=1.696 grounded=1 left_stance=1 right_stance=1 left_swing=0 right_swing=0 l_target_e=(0.099,0.000,10.870) r_target_e=(-22.968,0.000,28.344) l_pole_e=(0.518,-0.082,0.852) r_pole_e=(-0.549,-0.077,0.832) knee_lat=(-4.498,11.084) target_lat=(-1.943,14.838) target_rad=(7.355,34.071) min_side=7.063 min_rad=34.456 cont=(1.000,1.000)
entity=2 pos=(-5.267,0.000,-2.586) vel=(-1.480,0.000,-0.762) grounded=1 mode=0 gdist=0.000 jump_buf=0.000 just_jump=0.000 sprint=0 input_mag=0.925 input_dir=(-0.889,0.000,-0.458) keys[F:1 B:0 L:0 R:0 J:0 S:0]
gait entity=2 yaw=4.604 yaw_rate=-12.566 speed=1.683 grounded=1 left_stance=0 right_stance=1 left_swing=1 right_swing=0 l_target_e=(2.696,6.119,23.634) r_target_e=(-24.895,0.000,-0.449) l_pole_e=(0.518,-0.082,0.852) r_pole_e=(-0.549,-0.077,0.832) knee_lat=(-20.478,16.191) target_lat=(-9.179,25.099) target_rad=(20.243,25.622) min_side=6.916 min_rad=34.456 cont=(0.999,1.000)
entity=2 pos=(-5.427,0.000,-2.621) vel=(-1.662,0.000,0.074) grounded=1 mode=0 gdist=0.000 jump_buf=0.000 just_jump=0.000 sprint=0 input_mag=0.924 input_dir=(-0.999,0.000,0.044) keys[F:1 B:0 L:0 R:0 J:0 S:0]
gait entity=2 yaw=5.137 yaw_rate=-12.567 speed=1.668 grounded=1 left_stance=1 right_stance=0 left_swing=0 right_swing=1 l_target_e=(2.019,0.000,34.994) r_target_e=(-12.002,0.172,-25.521) l_pole_e=(0.518,-0.082,0.852) r_pole_e=(-0.549,-0.077,0.832) knee_lat=(-9.867,13.183) target_lat=(-12.912,21.994) target_rad=(31.519,31.557) min_side=6.919 min_rad=34.456 cont=(1.000,0.986)
entity=2 pos=(-5.581,0.000,-2.568) vel=(-1.333,0.000,0.952) grounded=1 mode=0 gdist=0.000 jump_buf=0.000 just_jump=0.000 sprint=0 input_mag=0.910 input_dir=(-0.814,0.000,0.581) keys[F:1 B:0 L:0 R:0 J:0 S:0]
gait entity=2 yaw=5.767 yaw_rate=-12.567 speed=1.654 grounded=1 left_stance=1 right_stance=0 left_swing=0 right_swing=1 l_target_e=(-8.785,0.000,17.962) r_target_e=(-18.340,5.815,11.978) l_pole_e=(0.518,-0.082,0.852) r_pole_e=(-0.549,-0.077,0.832) knee_lat=(-2.481,12.162) target_lat=(2.780,13.909) target_rad=(17.071,20.484) min_side=6.980 min_rad=34.456 cont=(1.000,0.999)
entity=2 pos=(-5.678,0.000,-2.440) vel=(-0.611,0.000,1.528) grounded=1 mode=0 gdist=0.000 jump_buf=0.000 just_jump=0.000 sprint=0 input_mag=0.914 input_dir=(-0.371,0.000,0.929) keys[F:1 B:0 L:0 R:0 J:0 S:0]
gait entity=2 yaw=6.167 yaw_rate=-12.567 speed=1.637 grounded=1 left_stance=0 right_stance=1 left_swing=1 right_swing=0 l_target_e=(-7.782,2.497,3.301) r_target_e=(-19.812,0.000,24.650) l_pole_e=(0.518,-0.082,0.852) r_pole_e=(-0.549,-0.077,0.832) knee_lat=(-18.240,8.957) target_lat=(7.620,10.430) target_rad=(8.178,29.237) min_side=7.229 min_rad=34.456 cont=(0.999,1.000)
entity=2 pos=(-5.721,0.000,-2.275) vel=(-0.308,0.000,1.715) grounded=1 mode=0 gdist=0.000 jump_buf=0.000 just_jump=0.000 sprint=0 input_mag=0.968 input_dir=(-0.177,0.000,0.984) keys[F:1 B:0 L:0 R:0 J:0 S:0]
gait entity=2 yaw=6.167 yaw_rate=-12.567 speed=1.688 grounded=1 left_stance=0 right_stance=1 left_swing=1 right_swing=0 l_target_e=(0.937,5.078,30.932) r_target_e=(-17.607,0.000,8.782) l_pole_e=(0.518,-0.082,0.852) r_pole_e=(-0.549,-0.077,0.832) knee_lat=(-19.124,12.097) target_lat=(-7.258,16.167) target_rad=(27.417,18.770) min_side=7.388 min_rad=34.456 cont=(1.000,1.000)
entity=2 pos=(-5.752,0.000,-2.102) vel=(-0.385,0.000,1.738) grounded=1 mode=0 gdist=0.000 jump_buf=0.000 just_jump=0.000 sprint=0 input_mag=0.989 input_dir=(-0.216,0.000,0.976) keys[F:1 B:0 L:0 R:0 J:0 S:0]
gait entity=2 yaw=5.972 yaw_rate=0.000 speed=1.747 grounded=1 left_stance=1 right_stance=0 left_swing=0 right_swing=1 l_target_e=(6.518,0.000,28.238) r_target_e=(-17.131,4.329,4.002) l_pole_e=(0.518,-0.082,0.852) r_pole_e=(-0.549,-0.077,0.832) knee_lat=(-8.101,17.511) target_lat=(-8.416,17.339) target_rad=(25.482,17.463) min_side=7.392 min_rad=34.456 cont=(1.000,1.000)
entity=2 pos=(-5.806,0.000,-1.932) vel=(-0.737,0.000,1.607) grounded=1 mode=0 gdist=0.000 jump_buf=0.000 just_jump=0.000 sprint=0 input_mag=0.982 input_dir=(-0.417,0.000,0.909) keys[F:1 B:0 L:0 R:0 J:0 S:0]
gait entity=2 yaw=5.492 yaw_rate=2.566 speed=1.770 grounded=1 left_stance=1 right_stance=0 left_swing=0 right_swing=1 l_target_e=(11.015,0.000,7.174) r_target_e=(-16.711,3.969,31.143) l_pole_e=(0.518,-0.082,0.852) r_pole_e=(-0.549,-0.077,0.832) knee_lat=(-9.314,19.325) target_lat=(-10.489,18.399) target_rad=(11.292,32.458) min_side=7.721 min_rad=34.456 cont=(1.000,0.999)
entity=2 pos=(-5.917,0.000,-1.807) vel=(-1.405,0.000,0.909) grounded=1 mode=0 gdist=0.000 jump_buf=0.000 just_jump=0.000 sprint=0 input_mag=0.930 input_dir=(-0.839,0.000,0.543) keys[F:1 B:0 L:0 R:0 J:0 S:0]
gait entity=2 yaw=4.882 yaw_rate=12.567 speed=1.713 grounded=1 left_stance=0 right_stance=1 left_swing=1 right_swing=0 l_target_e=(11.214,5.522,5.954) r_target_e=(-12.955,0.000,27.180) l_pole_e=(0.518,-0.082,0.852) r_pole_e=(-0.549,-0.077,0.832) knee_lat=(-12.926,13.249) target_lat=(-9.862,18.805) target_rad=(11.071,27.176) min_side=7.287 min_rad=34.456 cont=(0.999,1.000)
entity=2 pos=(-6.071,0.000,-1.771) vel=(-1.581,0.000,-0.190) grounded=1 mode=0 gdist=0.000 jump_buf=0.000 just_jump=0.000 sprint=0 input_mag=0.884 input_dir=(-0.993,0.000,-0.119) keys[F:1 B:0 L:0 R:0 J:0 S:0]
gait entity=2 yaw=4.092 yaw_rate=-20.000 speed=1.641 grounded=1 left_stance=0 right_stance=1 left_swing=1 right_swing=0 l_target_e=(18.377,2.379,32.591) r_target_e=(-1.071,0.000,18.436) l_pole_e=(0.518,-0.082,0.852) r_pole_e=(-0.549,-0.077,0.832) knee_lat=(-6.222,7.483) target_lat=(-5.570,7.027) target_rad=(34.188,14.988) min_side=7.160 min_rad=34.456 cont=(1.000,1.000)
entity=2 pos=(-6.203,0.000,-1.845) vel=(-0.904,0.000,-1.213) grounded=1 mode=0 gdist=0.000 jump_buf=0.000 just_jump=0.000 sprint=0 input_mag=0.841 input_dir=(-0.598,0.000,-0.802) keys[F:1 B:0 L:0 R:0 J:0 S:0]
gait entity=2 yaw=3.192 yaw_rate=12.566 speed=1.572 grounded=1 left_stance=1 right_stance=0 left_swing=0 right_swing=1 l_target_e=(25.856,0.000,1.611) r_target_e=(-0.237,5.988,23.370) l_pole_e=(0.518,-0.082,0.852) r_pole_e=(-0.549,-0.077,0.832) knee_lat=(-14.799,22.559) target_lat=(-23.370,9.934) target_rad=(25.612,19.858) min_side=7.109 min_rad=34.456 cont=(1.000,0.999)
entity=2 pos=(-6.240,0.000,-1.990) vel=(0.047,0.000,-1.591) grounded=1 mode=0 gdist=0.000 jump_buf=0.000 just_jump=0.000 sprint=0 input_mag=0.884 input_dir=(0.029,0.000,-1.000) keys[F:1 B:0 L:0 R:0 J:0 S:0]
gait entity=2 yaw=2.872 yaw_rate=12.566 speed=1.547 grounded=1 left_stance=1 right_stance=1 left_swing=0 right_swing=0 l_target_e=(17.992,0.000,-18.864) r_target_e=(-2.936,0.000,37.250) l_pole_e=(0.518,-0.082,0.852) r_pole_e=(-0.549,-0.077,0.832) knee_lat=(-15.380,12.220) target_lat=(-25.728,17.936) target_rad=(28.488,33.892) min_side=7.422 min_rad=34.456 cont=(1.000,1.000)
entity=2 pos=(-6.222,0.000,-2.136) vel=(0.155,0.000,-0.945) grounded=1 mode=0 gdist=0.000 jump_buf=0.000 just_jump=0.000 sprint=0 input_mag=0.532 input_dir=(0.162,0.000,-0.987) keys[F:0 B:0 L:0 R:0 J:0 S:0]
gait entity=2 yaw=2.872 yaw_rate=12.566 speed=1.445 grounded=1 left_stance=0 right_stance=1 left_swing=1 right_swing=0 l_target_e=(20.801,6.122,2.361) r_target_e=(-4.896,0.000,23.445) l_pole_e=(0.518,-0.082,0.852) r_pole_e=(-0.549,-0.077,0.832) knee_lat=(-15.368,9.090) target_lat=(-19.917,10.593) target_rad=(20.419,20.621) min_side=7.143 min_rad=34.456 cont=(0.999,1.000)
entity=2 pos=(-6.286,0.000,-2.211) vel=(-1.183,0.000,-0.627) grounded=1 mode=0 gdist=0.000 jump_buf=0.000 just_jump=0.000 sprint=0 input_mag=0.744 input_dir=(-0.884,0.000,-0.468) keys[F:0 B:0 L:0 R:1 J:0 S:0]
gait entity=2 yaw=2.872 yaw_rate=12.566 speed=1.206 grounded=1 left_stance=1 right_stance=1 left_swing=0 right_swing=0 l_target_e=(23.130,0.000,27.854) r_target_e=(-12.630,0.000,18.224) l_pole_e=(0.518,-0.082,0.852) r_pole_e=(-0.549,-0.077,0.832) knee_lat=(-5.090,12.106) target_lat=(-3.125,19.270) target_rad=(33.328,19.619) min_side=8.204 min_rad=34.456 cont=(1.000,1.000)
entity=2 pos=(-6.428,0.000,-2.269) vel=(-1.572,0.000,-0.537) grounded=1 mode=0 gdist=0.000 jump_buf=0.000 just_jump=0.000 sprint=0 input_mag=0.923 input_dir=(-0.946,0.000,-0.323) keys[F:0 B:0 L:0 R:1 J:0 S:0]
gait entity=2 yaw=2.872 yaw_rate=12.566 speed=1.461 grounded=1 left_stance=1 right_stance=0 left_swing=0 right_swing=1 l_target_e=(8.772,0.000,26.214) r_target_e=(-8.874,6.125,27.688) l_pole_e=(0.518,-0.082,0.852) r_pole_e=(-0.549,-0.077,0.832) knee_lat=(5.423,19.318) target_lat=(16.138,25.666) target_rad=(24.219,25.857) min_side=7.941 min_rad=34.456 cont=(1.000,1.000)
entity=2 pos=(-6.592,0.000,-2.321) vel=(-1.684,0.000,-0.512) grounded=1 mode=0 gdist=0.000 jump_buf=0.000 just_jump=0.000 sprint=0 input_mag=0.978 input_dir=(-0.957,0.000,-0.291) keys[F:0 B:0 L:0 R:1 J:0 S:0]
gait entity=2 yaw=2.872 yaw_rate=12.566 speed=1.653 grounded=1 left_stance=1 right_stance=1 left_swing=0 right_swing=0 l_target_e=(-7.471,0.000,25.591) r_target_e=(-5.245,0.000,37.797) l_pole_e=(0.518,-0.082,0.852) r_pole_e=(-0.549,-0.077,0.832) knee_lat=(9.637,16.242) target_lat=(23.307,34.630) target_rad=(23.426,34.736) min_side=7.468 min_rad=34.456 cont=(1.000,1.000)
entity=2 pos=(-6.762,0.000,-2.371) vel=(-1.716,0.000,-0.504) grounded=1 mode=0 gdist=0.000 jump_buf=0.000 just_jump=0.000 sprint=0 input_mag=0.994 input_dir=(-0.959,0.000,-0.282) keys[F:0 B:0 L:0 R:1 J:0 S:0]
gait entity=2 yaw=2.872 yaw_rate=12.566 speed=1.744 grounded=1 left_stance=0 right_stance=1 left_swing=1 right_swing=0 l_target_e=(22.553,5.863,11.432) r_target_e=(-22.027,0.000,37.466) l_pole_e=(0.518,-0.082,0.852) r_pole_e=(-0.549,-0.077,0.832) knee_lat=(9.511,16.574) target_lat=(5.212,36.384) target_rad=(23.508,40.695) min_side=7.174 min_rad=34.456 cont=(1.000,1.000)
entity=2 pos=(-6.934,0.000,-2.422) vel=(-1.725,0.000,-0.502) grounded=1 mode=0 gdist=0.000 jump_buf=0.000 just_jump=0.000 sprint=0 input_mag=0.998 input_dir=(-0.960,0.000,-0.280) keys[F:0 B:0 L:0 R:1 J:0 S:0]
gait entity=2 yaw=2.872 yaw_rate=12.566 speed=1.780 grounded=1 left_stance=1 right_stance=0 left_swing=0 right_swing=1 l_target_e=(32.229,0.000,4.032) r_target_e=(-33.462,2.809,36.613) l_pole_e=(0.518,-0.082,0.852) r_pole_e=(-0.549,-0.077,0.832) knee_lat=(-1.140,14.679) target_lat=(-1.479,35.140) target_rad=(31.897,47.303) min_side=7.026 min_rad=34.456 cont=(1.000,1.000)
entity=2 pos=(-7.107,0.000,-2.472) vel=(-1.728,0.000,-0.502) grounded=1 mode=0 gdist=0.000 jump_buf=0.000 just_jump=0.000 sprint=0 input_mag=0.999 input_dir=(-0.960,0.000,-0.279) keys[F:0 B:0 L:0 R:1 J:0 S:0]
gait entity=2 yaw=2.872 yaw_rate=12.566 speed=1.793 grounded=1 left_stance=1 right_stance=0 left_swing=0 right_swing=1 l_target_e=(15.248,0.000,3.809) r_target_e=(19.458,4.897,22.614) l_pole_e=(0.518,-0.082,0.852) r_pole_e=(-0.549,-0.077,0.832) knee_lat=(1.540,12.960) target_lat=(-0.242,18.400) target_rad=(14.929,27.033) min_side=6.954 min_rad=34.456 cont=(1.000,1.000)
entity=2 pos=(-7.280,0.000,-2.522) vel=(-1.728,0.000,-0.502) grounded=1 mode=0 gdist=0.000 jump_buf=0.000 just_jump=0.000 sprint=0 input_mag=1.000 input_dir=(-0.960,0.000,-0.279) keys[F:0 B:0 L:0 R:1 J:0 S:0]
gait entity=2 yaw=2.872 yaw_rate=12.566 speed=1.798 grounded=1 left_stance=0 right_stance=1 left_swing=1 right_swing=0 l_target_e=(10.547,4.705,2.635) r_target_e=(21.131,0.000,19.485) l_pole_e=(0.518,-0.082,0.852) r_pole_e=(-0.549,-0.077,0.832) knee_lat=(10.225,6.942) target_lat=(-1.119,15.480) target_rad=(10.178,26.160) min_side=6.920 min_rad=34.456 cont=(1.000,1.000)
entity=2 pos=(-7.452,0.000,-2.572) vel=(-1.729,0.000,-0.501) grounded=1 mode=0 gdist=0.000 jump_buf=0.000 just_jump=0.000 sprint=0 input_mag=1.000 input_dir=(-0.960,0.000,-0.279) keys[F:0 B:0 L:0 R:1 J:0 S:0]
gait entity=2 yaw=2.872 yaw_rate=12.566 speed=1.799 grounded=1 left_stance=0 right_stance=1 left_swing=1 right_swing=0 l_target_e=(39.888,3.608,-2.758) r_target_e=(4.135,0.000,19.271) l_pole_e=(0.518,-0.082,0.852) r_pole_e=(-0.549,-0.077,0.832) knee_lat=(5.536,7.365) target_lat=(-6.991,15.681) target_rad=(39.988,16.189) min_side=6.906 min_rad=34.456 cont=(1.000,1.000)
entity=2 pos=(-7.625,0.000,-2.622) vel=(-1.729,0.000,-0.501) grounded=1 mode=0 gdist=0.000 jump_buf=0.000 just_jump=0.000 sprint=0 input_mag=1.000 input_dir=(-0.960,0.000,-0.279) keys[F:0 B:0 L:0 R:1 J:0 S:0]
gait entity=2 yaw=2.872 yaw_rate=12.566 speed=1.800 grounded=1 left_stance=1 right_stance=0 left_swing=0 right_swing=1 l_target_e=(28.145,0.000,-3.236) r_target_e=(8.728,5.809,18.557) l_pole_e=(0.518,-0.082,0.852) r_pole_e=(-0.549,-0.077,0.832) knee_lat=(-3.695,12.540) target_lat=(-7.194,14.903) target_rad=(28.639,17.231) min_side=6.900 min_rad=34.456 cont=(1.000,1.000)
entity=2 pos=(-7.798,0.000,-2.673) vel=(-1.729,0.000,-0.501) grounded=1 mode=0 gdist=0.000 jump_buf=0.000 just_jump=0.000 sprint=0 input_mag=1.000 input_dir=(-0.960,0.000,-0.279) keys[F:0 B:0 L:0 R:1 J:0 S:0]
gait entity=2 yaw=2.872 yaw_rate=12.566 speed=1.800 grounded=1 left_stance=1 right_stance=1 left_swing=0 right_swing=0 l_target_e=(11.148,0.000,-3.450) r_target_e=(31.951,0.000,17.252) l_pole_e=(0.518,-0.082,0.852) r_pole_e=(-0.549,-0.077,0.832) knee_lat=(-3.690,5.508) target_lat=(-7.124,13.275) target_rad=(12.838,34.442) min_side=6.896 min_rad=34.456 cont=(1.000,1.000)
entity=2 pos=(-7.971,0.000,-2.723) vel=(-1.729,0.000,-0.501) grounded=1 mode=0 gdist=0.000 jump_buf=0.000 just_jump=0.000 sprint=0 input_mag=1.000 input_dir=(-0.960,0.000,-0.279) keys[F:0 B:0 L:0 R:1 J:0 S:0]
gait entity=2 yaw=2.872 yaw_rate=0.000 speed=1.800 grounded=1 left_stance=0 right_stance=1 left_swing=1 right_swing=0 l_target_e=(25.626,6.120,-3.521) r_target_e=(14.954,0.000,17.038) l_pole_e=(0.518,-0.082,0.852) r_pole_e=(-0.549,-0.077,0.832) knee_lat=(9.853,6.139) target_lat=(-7.391,13.315) target_rad=(26.171,19.851) min_side=6.895 min_rad=34.456 cont=(1.000,1.000)
entity=2 pos=(-8.132,0.000,-2.769) vel=(-1.103,0.000,-0.320) grounded=1 mode=0 gdist=0.000 jump_buf=0.000 just_jump=0.000 sprint=0 input_mag=0.638 input_dir=(-0.960,0.000,-0.279) keys[F:0 B:0 L:0 R:0 J:0 S:0]
gait entity=2 yaw=2.872 yaw_rate=12.566 speed=1.663 grounded=1 left_stance=1 right_stance=0 left_swing=0 right_swing=1 l_target_e=(38.920,0.000,-3.585) r_target_e=(-0.732,0.352,16.842) l_pole_e=(0.518,-0.082,0.852) r_pole_e=(-0.549,-0.077,0.832) knee_lat=(-3.733,11.023) target_lat=(-7.630,13.336) target_rad=(39.221,13.366) min_side=6.893 min_rad=34.456 cont=(1.000,1.000)
entity=2 pos=(-8.194,0.000,-2.787) vel=(-0.316,0.000,-0.092) grounded=1 mode=0 gdist=0.000 jump_buf=0.000 just_jump=0.000 sprint=0 input_mag=0.183 input_dir=(-0.960,0.000,-0.279) keys[F:0 B:0 L:0 R:0 J:0 S:0]
gait entity=2 yaw=2.872 yaw_rate=12.566 speed=0.885 grounded=1 left_stance=1 right_stance=0 left_swing=0 right_swing=1 l_target_e=(32.772,0.000,-3.662) r_target_e=(16.259,6.119,17.475) l_pole_e=(0.518,-0.082,0.852) r_pole_e=(-0.549,-0.077,0.832) knee_lat=(-3.795,12.173) target_lat=(-7.604,13.747) target_rad=(33.234,21.184) min_side=6.891 min_rad=34.456 cont=(1.000,1.000)
entity=2 pos=(-8.212,0.000,-2.793) vel=(-0.090,0.000,-0.026) grounded=1 mode=0 gdist=0.000 jump_buf=0.000 just_jump=0.000 sprint=0 input_mag=0.052 input_dir=(-0.960,0.000,-0.279) keys[F:0 B:0 L:0 R:0 J:0 S:0]
gait entity=2 yaw=2.872 yaw_rate=12.566 speed=0.371 grounded=1 left_stance=1 right_stance=0 left_swing=0 right_swing=1 l_target_e=(31.011,0.000,-3.684) r_target_e=(29.381,3.953,17.965) l_pole_e=(0.518,-0.082,0.852) r_pole_e=(-0.549,-0.077,0.832) knee_lat=(-3.781,12.043) target_lat=(-7.600,14.068) target_rad=(31.510,32.439) min_side=6.891 min_rad=34.456 cont=(1.000,1.000)
entity=2 pos=(-8.217,0.000,-2.794) vel=(-0.026,0.000,-0.008) grounded=1 mode=0 gdist=0.000 jump_buf=0.000 just_jump=0.000 sprint=0 input_mag=0.015 input_dir=(-0.960,0.000,-0.279) keys[F:0 B:0 L:0 R:0 J:0 S:0]
gait entity=2 yaw=2.872 yaw_rate=12.566 speed=0.140 grounded=1 left_stance=1 right_stance=1 left_swing=0 right_swing=0 l_target_e=(30.506,0.000,-3.691) r_target_e=(31.584,0.000,18.047) l_pole_e=(0.518,-0.082,0.852) r_pole_e=(-0.549,-0.077,0.832) knee_lat=(-3.772,5.887) target_lat=(-7.599,14.123) target_rad=(30.990,34.433) min_side=6.891 min_rad=34.456 cont=(1.000,1.000)
entity=2 pos=(-8.219,0.000,-2.794) vel=(0.000,0.000,0.000) grounded=1 mode=0 gdist=0.000 jump_buf=0.000 just_jump=0.000 sprint=0 input_mag=0.004 input_dir=(-0.960,0.000,-0.279) keys[F:0 B:0 L:0 R:0 J:0 S:0]
gait entity=2 yaw=2.872 yaw_rate=12.566 speed=0.048 grounded=1 left_stance=0 right_stance=1 left_swing=1 right_swing=0 l_target_e=(30.332,2.969,-4.188) r_target_e=(31.457,0.000,18.045) l_pole_e=(0.518,-0.082,0.852) r_pole_e=(-0.549,-0.077,0.832) knee_lat=(8.703,5.897) target_lat=(-8.094,14.123) target_rad=(30.916,34.294) min_side=6.891 min_rad=34.456 cont=(1.000,1.000)
entity=2 pos=(-8.219,0.000,-2.794) vel=(0.000,0.000,0.000) grounded=1 mode=0 gdist=0.000 jump_buf=0.000 just_jump=0.000 sprint=0 input_mag=0.001 input_dir=(-0.960,0.000,-0.279) keys[F:0 B:0 L:0 R:0 J:0 S:0]
gait entity=2 yaw=2.872 yaw_rate=12.566 speed=0.014 grounded=1 left_stance=0 right_stance=1 left_swing=1 right_swing=0 l_target_e=(29.565,5.701,-11.860) r_target_e=(31.457,0.000,18.045) l_pole_e=(0.518,-0.082,0.852) r_pole_e=(-0.549,-0.077,0.832) knee_lat=(8.190,5.896) target_lat=(-15.755,14.123) target_rad=(32.974,34.289) min_side=6.891 min_rad=34.456 cont=(1.000,1.000)
entity=2 pos=(-8.219,0.000,-2.794) vel=(0.000,0.000,0.000) grounded=1 mode=0 gdist=0.000 jump_buf=0.000 just_jump=0.000 sprint=0 input_mag=0.000 input_dir=(-0.960,0.000,-0.279) keys[F:0 B:0 L:0 R:0 J:0 S:0]
gait entity=2 yaw=2.872 yaw_rate=12.566 speed=0.004 grounded=1 left_stance=1 right_stance=1 left_swing=0 right_swing=0 l_target_e=(29.216,0.000,-15.352) r_target_e=(31.457,0.000,18.045) l_pole_e=(0.518,-0.082,0.852) r_pole_e=(-0.549,-0.077,0.832) knee_lat=(-9.044,5.894) target_lat=(-19.243,14.122) target_rad=(34.481,34.325) min_side=6.891 min_rad=34.456 cont=(1.000,1.000)
entity=2 pos=(-8.219,0.000,-2.794) vel=(0.000,0.000,0.000) grounded=1 mode=0 gdist=0.000 jump_buf=0.000 just_jump=0.000 sprint=0 input_mag=0.000 input_dir=(-0.960,0.000,-0.279) keys[F:0 B:0 L:0 R:0 J:0 S:0]
gait entity=2 yaw=2.872 yaw_rate=12.566 speed=0.001 grounded=1 left_stance=1 right_stance=0 left_swing=0 right_swing=1 l_target_e=(29.216,0.000,-15.352) r_target_e=(24.941,4.465,19.984) l_pole_e=(0.518,-0.082,0.852) r_pole_e=(-0.549,-0.077,0.832) knee_lat=(-9.043,12.057) target_lat=(-19.243,16.145) target_rad=(34.498,29.605) min_side=6.891 min_rad=34.456 cont=(1.000,1.000)
entity=2 pos=(-8.219,0.000,-2.794) vel=(0.000,0.000,0.000) grounded=1 mode=0 gdist=0.000 jump_buf=0.000 just_jump=0.000 sprint=0 input_mag=0.000 input_dir=(-0.960,0.000,-0.279) keys[F:0 B:0 L:0 R:0 J:0 S:0]
gait entity=2 yaw=2.872 yaw_rate=12.566 speed=0.000 grounded=1 left_stance=1 right_stance=0 left_swing=0 right_swing=1 l_target_e=(29.216,0.000,-15.352) r_target_e=(-9.165,4.948,30.131) l_pole_e=(0.518,-0.082,0.852) r_pole_e=(-0.549,-0.077,0.832) knee_lat=(-9.043,13.346) target_lat=(-19.244,26.733) target_rad=(34.499,28.257) min_side=6.891 min_rad=34.456 cont=(1.000,1.000)
entity=2 pos=(-8.219,0.000,-2.794) vel=(0.000,0.000,0.000) grounded=1 mode=0 gdist=0.000 jump_buf=0.000 just_jump=0.000 sprint=0 input_mag=0.000 input_dir=(0.000,0.000,0.000) keys[F:0 B:0 L:0 R:0 J:0 S:0]
gait entity=2 yaw=2.859 yaw_rate=0.000 speed=0.000 grounded=1 left_stance=1 right_stance=1 left_swing=0 right_swing=0 l_target_e=(29.020,0.000,-15.718) r_target_e=(-17.508,0.000,32.959) l_pole_e=(0.518,-0.082,0.852) r_pole_e=(-0.549,-0.077,0.832) knee_lat=(-9.207,13.203) target_lat=(-19.606,29.668) target_rad=(34.506,34.445) min_side=6.891 min_rad=34.456 cont=(1.000,1.000)
entity=2 pos=(-8.219,0.000,-2.794) vel=(0.000,0.000,0.000) grounded=1 mode=0 gdist=0.000 jump_buf=0.000 just_jump=0.000 sprint=0 input_mag=0.000 input_dir=(0.000,0.000,0.000) keys[F:0 B:0 L:0 R:0 J:0 S:0]
gait entity=2 yaw=2.859 yaw_rate=0.000 speed=0.000 grounded=1 left_stance=1 right_stance=1 left_swing=0 right_swing=0 l_target_e=(29.020,0.000,-15.718) r_target_e=(-17.508,0.000,32.959) l_pole_e=(0.518,-0.082,0.852) r_pole_e=(-0.549,-0.077,0.832) knee_lat=(-9.207,13.203) target_lat=(-19.606,29.668) target_rad=(34.506,34.445) min_side=6.891 min_rad=34.456 cont=(1.000,1.000)
entity=2 pos=(-8.219,0.000,-2.794) vel=(0.000,0.000,0.000) grounded=1 mode=0 gdist=0.000 jump_buf=0.000 just_jump=0.000 sprint=0 input_mag=0.000 input_dir=(0.000,0.000,0.000) keys[F:0 B:0 L:0 R:0 J:0 S:0]
gait entity=2 yaw=2.859 yaw_rate=0.000 speed=0.000 grounded=1 left_stance=1 right_stance=1 left_swing=0 right_swing=0 l_target_e=(29.020,0.000,-15.718) r_target_e=(-17.508,0.000,32.959) l_pole_e=(0.518,-0.082,0.852) r_pole_e=(-0.549,-0.077,0.832) knee_lat=(-9.207,13.203) target_lat=(-19.606,29.668) target_rad=(34.506,34.445) min_side=6.891 min_rad=34.456 cont=(1.000,1.000)
entity=2 pos=(-8.219,0.000,-2.794) vel=(0.000,0.000,0.000) grounded=1 mode=0 gdist=0.000 jump_buf=0.000 just_jump=0.000 sprint=0 input_mag=0.000 input_dir=(0.000,0.000,0.000) keys[F:0 B:0 L:0 R:0 J:0 S:0]
gait entity=2 yaw=2.859 yaw_rate=0.000 speed=0.000 grounded=1 left_stance=1 right_stance=1 left_swing=0 right_swing=0 l_target_e=(29.020,0.000,-15.718) r_target_e=(-17.508,0.000,32.959) l_pole_e=(0.518,-0.082,0.852) r_pole_e=(-0.549,-0.077,0.832) knee_lat=(-9.207,13.203) target_lat=(-19.606,29.668) target_rad=(34.506,34.445) min_side=6.891 min_rad=34.456 cont=(1.000,1.000)
entity=2 pos=(-8.219,0.000,-2.795) vel=(-0.115,0.000,-0.033) grounded=1 mode=0 gdist=0.000 jump_buf=0.000 just_jump=0.000 sprint=0 input_mag=0.072 input_dir=(-0.960,0.000,-0.279) keys[F:0 B:0 L:0 R:1 J:0 S:0]
gait entity=2 yaw=2.872 yaw_rate=12.566 speed=0.005 grounded=1 left_stance=1 right_stance=1 left_swing=0 right_swing=0 l_target_e=(29.176,0.000,-15.353) r_target_e=(-17.961,0.000,32.736) l_pole_e=(0.518,-0.082,0.852) r_pole_e=(-0.549,-0.077,0.832) knee_lat=(-9.003,13.163) target_lat=(-19.243,29.451) target_rad=(34.432,34.494) min_side=6.891 min_rad=34.456 cont=(1.000,1.000)
entity=2 pos=(-8.301,0.000,-2.818) vel=(-1.269,0.000,-0.368) grounded=1 mode=0 gdist=0.000 jump_buf=0.000 just_jump=0.000 sprint=0 input_mag=0.734 input_dir=(-0.960,0.000,-0.279) keys[F:0 B:0 L:0 R:1 J:0 S:0]
gait entity=2 yaw=2.872 yaw_rate=12.566 speed=0.691 grounded=1 left_stance=0 right_stance=1 left_swing=1 right_swing=0 l_target_e=(27.399,4.175,-14.158) r_target_e=(-26.007,0.000,32.635) l_pole_e=(0.518,-0.082,0.852) r_pole_e=(-0.549,-0.077,0.832) knee_lat=(7.935,13.008) target_lat=(-18.026,29.455) target_rad=(32.273,39.306) min_side=6.892 min_rad=34.456 cont=(1.000,1.000)
entity=2 pos=(-8.438,0.000,-2.858) vel=(-1.042,0.000,-0.302) grounded=1 mode=0 gdist=0.000 jump_buf=0.000 just_jump=0.000 sprint=0 input_mag=0.603 input_dir=(-0.960,0.000,-0.279) keys[F:0 B:0 L:0 R:0 J:0 S:0]
gait entity=2 yaw=2.872 yaw_rate=12.566 speed=1.204 grounded=1 left_stance=0 right_stance=1 left_swing=1 right_swing=0 l_target_e=(33.147,4.448,-5.380) r_target_e=(-39.517,0.000,32.465) l_pole_e=(0.518,-0.082,0.852) r_pole_e=(-0.549,-0.077,0.832) knee_lat=(8.548,12.433) target_lat=(-9.328,29.466) target_rad=(33.932,49.309) min_side=6.892 min_rad=34.456 cont=(1.000,1.000)
entity=2 pos=(-8.497,0.000,-2.875) vel=(-0.298,0.000,-0.087) grounded=1 mode=0 gdist=0.000 jump_buf=0.000 just_jump=0.000 sprint=0 input_mag=0.173 input_dir=(-0.960,0.000,-0.279) keys[F:0 B:0 L:0 R:0 J:0 S:0]
gait entity=2 yaw=2.872 yaw_rate=12.566 speed=0.731 grounded=1 left_stance=1 right_stance=0 left_swing=0 right_swing=1 l_target_e=(31.199,0.000,-4.122) r_target_e=(-44.330,1.560,32.347) l_pole_e=(0.518,-0.082,0.852) r_pole_e=(-0.549,-0.077,0.832) knee_lat=(-3.996,12.673) target_lat=(-8.042,29.406) target_rad=(31.791,53.164) min_side=6.891 min_rad=34.456 cont=(1.000,1.000)
entity=2 pos=(-8.514,0.000,-2.880) vel=(-0.086,0.000,-0.025) grounded=1 mode=0 gdist=0.000 jump_buf=0.000 just_jump=0.000 sprint=0 input_mag=0.049 input_dir=(-0.960,0.000,-0.279) keys[F:0 B:0 L:0 R:0 J:0 S:0]
gait entity=2 yaw=2.872 yaw_rate=12.566 speed=0.320 grounded=1 left_stance=1 right_stance=0 left_swing=0 right_swing=1 l_target_e=(29.534,0.000,-4.143) r_target_e=(-29.491,5.221,30.987) l_pole_e=(0.518,-0.082,0.852) r_pole_e=(-0.549,-0.077,0.832) knee_lat=(-3.999,13.360) target_lat=(-8.034,27.846) target_rad=(30.191,40.545) min_side=6.891 min_rad=34.456 cont=(1.000,1.000)
entity=2 pos=(-8.519,0.000,-2.882) vel=(-0.024,0.000,-0.007) grounded=1 mode=0 gdist=0.000 jump_buf=0.000 just_jump=0.000 sprint=0 input_mag=0.014 input_dir=(-0.960,0.000,-0.279) keys[F:0 B:0 L:0 R:0 J:0 S:0]
gait entity=2 yaw=2.872 yaw_rate=12.566 speed=0.123 grounded=1 left_stance=1 right_stance=0 left_swing=0 right_swing=1 l_target_e=(29.058,0.000,-4.149) r_target_e=(-9.571,6.125,29.161) l_pole_e=(0.518,-0.082,0.852) r_pole_e=(-0.549,-0.077,0.832) knee_lat=(-3.994,13.448) target_lat=(-8.034,25.766) target_rad=(29.732,27.488) min_side=6.891 min_rad=34.456 cont=(1.000,1.000)
entity=2 pos=(-8.520,0.000,-2.882) vel=(0.000,0.000,0.000) grounded=1 mode=0 gdist=0.000 jump_buf=0.000 just_jump=0.000 sprint=0 input_mag=0.004 input_dir=(-0.960,0.000,-0.279) keys[F:0 B:0 L:0 R:0 J:0 S:0]
gait entity=2 yaw=2.872 yaw_rate=12.566 speed=0.042 grounded=1 left_stance=1 right_stance=1 left_swing=0 right_swing=0 l_target_e=(28.942,0.000,-4.151) r_target_e=(26.586,0.000,25.848) l_pole_e=(0.518,-0.082,0.852) r_pole_e=(-0.549,-0.077,0.832) knee_lat=(-3.989,9.296) target_lat=(-8.034,21.992) target_rad=(29.588,34.439) min_side=6.891 min_rad=34.456 cont=(1.000,1.000)
entity=2 pos=(-8.526,0.000,-2.884) vel=(-0.466,0.000,-0.135) grounded=1 mode=0 gdist=0.000 jump_buf=0.000 just_jump=0.000 sprint=0 input_mag=0.270 input_dir=(-0.960,0.000,-0.279) keys[F:0 B:0 L:0 R:1 J:0 S:0]
gait entity=2 yaw=2.872 yaw_rate=12.566 speed=0.085 grounded=1 left_stance=0 right_stance=1 left_swing=1 right_swing=0 l_target_e=(28.899,2.646,-4.501) r_target_e=(25.976,0.000,25.840) l_pole_e=(0.518,-0.082,0.852) r_pole_e=(-0.549,-0.077,0.832) knee_lat=(8.926,9.374) target_lat=(-8.383,21.994) target_rad=(29.615,33.953) min_side=6.891 min_rad=34.456 cont=(1.000,1.000)
entity=2 pos=(-8.628,0.000,-2.913) vel=(-1.367,0.000,-0.397) grounded=1 mode=0 gdist=0.000 jump_buf=0.000 just_jump=0.000 sprint=0 input_mag=0.791 input_dir=(-0.960,0.000,-0.279) keys[F:0 B:0 L:0 R:1 J:0 S:0]
gait entity=2 yaw=2.884 yaw_rate=12.566 speed=0.841 grounded=1 left_stance=0 right_stance=1 left_swing=1 right_swing=0 l_target_e=(29.050,6.125,-9.710) r_target_e=(15.691,0.000,25.915) l_pole_e=(0.518,-0.082,0.852) r_pole_e=(-0.549,-0.077,0.832) knee_lat=(8.946,9.926) target_lat=(-13.611,22.189) target_rad=(31.550,27.114) min_side=6.917 min_rad=34.456 cont=(1.000,1.000)
entity=2 pos=(-8.780,0.000,-2.957) vel=(-1.625,0.000,-0.471) grounded=1 mode=0 gdist=0.000 jump_buf=0.000 just_jump=0.000 sprint=0 input_mag=0.940 input_dir=(-0.960,0.000,-0.279) keys[F:0 B:0 L:0 R:1 J:0 S:0]
gait entity=2 yaw=2.872 yaw_rate=12.566 speed=1.391 grounded=1 left_stance=1 right_stance=1 left_swing=0 right_swing=0 l_target_e=(26.831,0.000,-15.385) r_target_e=(1.034,0.000,25.527) l_pole_e=(0.518,-0.082,0.852) r_pole_e=(-0.549,-0.077,0.832) knee_lat=(-9.128,10.151) target_lat=(-19.248,21.997) target_rad=(32.532,22.018) min_side=6.892 min_rad=34.456 cont=(1.000,1.000)
entity=2 pos=(-8.947,0.000,-3.006) vel=(-1.699,0.000,-0.493) grounded=1 mode=0 gdist=0.000 jump_buf=0.000 just_jump=0.000 sprint=0 input_mag=0.983 input_dir=(-0.960,0.000,-0.279) keys[F:0 B:0 L:0 R:1 J:0 S:0]
gait entity=2 yaw=2.872 yaw_rate=12.566 speed=1.645 grounded=1 left_stance=1 right_stance=0 left_swing=0 right_swing=1 l_target_e=(10.409,0.000,-15.592) r_target_e=(17.350,6.055,22.396) l_pole_e=(0.518,-0.082,0.852) r_pole_e=(-0.549,-0.077,0.832) knee_lat=(-9.577,12.929) target_lat=(-19.281,18.582) target_rad=(21.613,25.428) min_side=6.904 min_rad=34.456 cont=(1.000,1.000)
entity=2 pos=(-9.118,0.000,-3.055) vel=(-1.720,0.000,-0.499) grounded=1 mode=0 gdist=0.000 jump_buf=0.000 just_jump=0.000 sprint=0 input_mag=0.995 input_dir=(-0.960,0.000,-0.279) keys[F:0 B:0 L:0 R:1 J:0 S:0]
gait entity=2 yaw=2.872 yaw_rate=12.566 speed=1.744 grounded=1 left_stance=0 right_stance=1 left_swing=1 right_swing=0 l_target_e=(-4.474,1.676,-15.670) r_target_e=(25.777,0.000,20.117) l_pole_e=(0.518,-0.082,0.852) r_pole_e=(-0.549,-0.077,0.832) knee_lat=(7.348,7.007) target_lat=(-19.115,16.218) target_rad=(19.796,30.333) min_side=6.898 min_rad=34.456 cont=(1.000,1.000)
entity=2 pos=(-9.269,0.000,-3.099) vel=(-0.935,0.000,-0.271) grounded=1 mode=0 gdist=0.000 jump_buf=0.000 just_jump=0.000 sprint=0 input_mag=0.541 input_dir=(-0.960,0.000,-0.279) keys[F:0 B:0 L:0 R:0 J:0 S:0]
gait entity=2 yaw=2.872 yaw_rate=12.566 speed=1.552 grounded=1 left_stance=0 right_stance=1 left_swing=1 right_swing=0 l_target_e=(29.040,5.505,-6.723) r_target_e=(10.941,0.000,19.931) l_pole_e=(0.518,-0.082,0.852) r_pole_e=(-0.549,-0.077,0.832) knee_lat=(9.016,7.502) target_lat=(-10.634,16.265) target_rad=(30.405,19.498) min_side=6.893 min_rad=34.456 cont=(1.000,1.000)
entity=2 pos=(-9.322,0.000,-3.115) vel=(-0.268,0.000,-0.078) grounded=1 mode=0 gdist=0.000 jump_buf=0.000 just_jump=0.000 sprint=0 input_mag=0.155 input_dir=(-0.960,0.000,-0.279) keys[F:0 B:0 L:0 R:0 J:0 S:0]
gait entity=2 yaw=2.884 yaw_rate=12.566 speed=0.791 grounded=1 left_stance=1 right_stance=1 left_swing=0 right_swing=0 l_target_e=(39.581,0.000,-3.056) r_target_e=(5.479,0.000,19.935) l_pole_e=(0.518,-0.082,0.852) r_pole_e=(-0.549,-0.077,0.832) knee_lat=(-3.460,7.568) target_lat=(-7.096,16.347) target_rad=(39.781,17.200) min_side=6.896 min_rad=34.456 cont=(1.000,1.000)
entity=2 pos=(-9.337,0.000,-3.119) vel=(-0.077,0.000,-0.022) grounded=1 mode=0 gdist=0.000 jump_buf=0.000 just_jump=0.000 sprint=0 input_mag=0.044 input_dir=(-0.960,0.000,-0.279) keys[F:0 B:0 L:0 R:0 J:0 S:0]
gait entity=2 yaw=2.872 yaw_rate=12.566 speed=0.326 grounded=1 left_stance=1 right_stance=0 left_swing=0 right_swing=1 l_target_e=(38.046,0.000,-3.572) r_target_e=(7.719,4.179,20.515) l_pole_e=(0.518,-0.082,0.852) r_pole_e=(-0.549,-0.077,0.832) knee_lat=(-3.680,12.222) target_lat=(-7.578,16.899) target_rad=(38.372,18.530) min_side=6.891 min_rad=34.456 cont=(1.000,1.000)
entity=2 pos=(-9.342,0.000,-3.120) vel=(-0.022,0.000,-0.006) grounded=1 mode=0 gdist=0.000 jump_buf=0.000 just_jump=0.000 sprint=0 input_mag=0.013 input_dir=(-0.960,0.000,-0.279) keys[F:0 B:0 L:0 R:0 J:0 S:0]
gait entity=2 yaw=2.872 yaw_rate=12.566 speed=0.122 grounded=1 left_stance=1 right_stance=0 left_swing=0 right_swing=1 l_target_e=(37.618,0.000,-3.577) r_target_e=(12.948,5.912,21.998) l_pole_e=(0.518,-0.082,0.852) r_pole_e=(-0.549,-0.077,0.832) knee_lat=(-3.678,12.625) target_lat=(-7.578,18.314) target_rad=(37.955,22.375) min_side=6.891 min_rad=34.456 cont=(1.000,1.000)
entity=2 pos=(-9.343,0.000,-3.121) vel=(0.000,0.000,0.000) grounded=1 mode=0 gdist=0.000 jump_buf=0.000 just_jump=0.000 sprint=0 input_mag=0.004 input_dir=(-0.960,0.000,-0.279) keys[F:0 B:0 L:0 R:0 J:0 S:0]
gait entity=2 yaw=2.872 yaw_rate=12.566 speed=0.040 grounded=1 left_stance=1 right_stance=0 left_swing=0 right_swing=1 l_target_e=(37.522,0.000,-3.579) r_target_e=(26.169,2.947,25.749) l_pole_e=(0.518,-0.082,0.852) r_pole_e=(-0.549,-0.077,0.832) knee_lat=(-3.675,7.231) target_lat=(-7.578,21.894) target_rad=(37.852,34.077) min_side=6.891 min_rad=34.456 cont=(1.000,1.000)
entity=2 pos=(-9.343,0.000,-3.121) vel=(0.000,0.000,0.000) grounded=1 mode=0 gdist=0.000 jump_buf=0.000 just_jump=0.000 sprint=0 input_mag=0.001 input_dir=(-0.960,0.000,-0.279) keys[F:0 B:0 L:0 R:0 J:0 S:0]
gait entity=2 yaw=2.872 yaw_rate=12.566 speed=0.012 grounded=1 left_stance=0 right_stance=1 left_swing=1 right_swing=0 l_target_e=(37.520,0.408,-3.581) r_target_e=(26.573,0.000,25.863) l_pole_e=(0.518,-0.082,0.852) r_pole_e=(-0.549,-0.077,0.832) knee_lat=(8.170,9.303) target_lat=(-7.580,22.004) target_rad=(37.806,34.423) min_side=6.891 min_rad=34.456 cont=(1.000,1.000)
entity=2 pos=(-9.343,0.000,-3.121) vel=(0.000,0.000,0.000) grounded=1 mode=0 gdist=0.000 jump_buf=0.000 just_jump=0.000 sprint=0 input_mag=0.000 input_dir=(-0.960,0.000,-0.279) keys[F:0 B:0 L:0 R:0 J:0 S:0]
gait entity=2 yaw=2.872 yaw_rate=12.566 speed=0.003 grounded=1 left_stance=0 right_stance=1 left_swing=1 right_swing=0 l_target_e=(33.218,6.122,-9.679) r_target_e=(26.573,0.000,25.863) l_pole_e=(0.518,-0.082,0.852) r_pole_e=(-0.549,-0.077,0.832) knee_lat=(8.484,9.304) target_lat=(-13.621,22.004) target_rad=(35.375,34.415) min_side=6.891 min_rad=34.456 cont=(1.000,1.000)
entity=2 pos=(-9.343,0.000,-3.121) vel=(0.000,0.000,0.000) grounded=1 mode=0 gdist=0.000 jump_buf=0.000 just_jump=0.000 sprint=0 input_mag=0.000 input_dir=(-0.960,0.000,-0.279) keys[F:0 B:0 L:0 R:0 J:0 S:0]
gait entity=2 yaw=2.872 yaw_rate=12.566 speed=0.001 grounded=1 left_stance=1 right_stance=1 left_swing=0 right_swing=0 l_target_e=(29.215,0.000,-15.352) r_target_e=(26.573,0.000,25.863) l_pole_e=(0.518,-0.082,0.852) r_pole_e=(-0.549,-0.077,0.832) knee_lat=(-9.043,9.302) target_lat=(-19.243,22.003) target_rad=(34.475,34.440) min_side=6.891 min_rad=34.456 cont=(1.000,1.000)
entity=2 pos=(-9.343,0.000,-3.121) vel=(0.000,0.000,0.000) grounded=1 mode=0 gdist=0.000 jump_buf=0.000 just_jump=0.000 sprint=0 input_mag=0.000 input_dir=(-0.960,0.000,-0.279) keys[F:0 B:0 L:0 R:0 J:0 S:0]
gait entity=2 yaw=2.872 yaw_rate=12.566 speed=0.000 grounded=1 left_stance=1 right_stance=0 left_swing=0 right_swing=1 l_target_e=(29.215,0.000,-15.352) r_target_e=(25.280,2.574,26.063) l_pole_e=(0.518,-0.082,0.852) r_pole_e=(-0.549,-0.077,0.832) knee_lat=(-9.043,12.406) target_lat=(-19.243,22.219) target_rad=(34.495,33.618) min_side=6.891 min_rad=34.456 cont=(1.000,1.000)
entity=2 pos=(-9.343,0.000,-3.121) vel=(0.000,0.000,0.000) grounded=1 mode=0 gdist=0.000 jump_buf=0.000 just_jump=0.000 sprint=0 input_mag=0.000 input_dir=(0.000,0.000,0.000) keys[F:0 B:0 L:0 R:0 J:0 S:0]
gait entity=2 yaw=2.859 yaw_rate=0.000 speed=0.000 grounded=1 left_stance=1 right_stance=0 left_swing=0 right_swing=1 l_target_e=(29.020,0.000,-15.718) r_target_e=(7.544,6.073,28.803) l_pole_e=(0.518,-0.082,0.852) r_pole_e=(-0.549,-0.077,0.832) knee_lat=(-9.206,13.392) target_lat=(-19.607,25.188) target_rad=(34.540,26.292) min_side=6.891 min_rad=34.456 cont=(1.000,1.000)
entity=2 pos=(-9.343,0.000,-3.121) vel=(0.000,0.000,0.000) grounded=1 mode=0 gdist=0.000 jump_buf=0.000 just_jump=0.000 sprint=0 input_mag=0.000 input_dir=(0.000,0.000,0.000) keys[F:0 B:0 L:0 R:0 J:0 S:0]
gait entity=2 yaw=2.859 yaw_rate=0.000 speed=0.000 grounded=1 left_stance=1 right_stance=0 left_swing=0 right_swing=1 l_target_e=(29.020,0.000,-15.718) r_target_e=(7.544,6.073,28.803) l_pole_e=(0.518,-0.082,0.852) r_pole_e=(-0.549,-0.077,0.832) knee_lat=(-9.206,13.392) target_lat=(-19.607,25.188) target_rad=(34.540,26.292) min_side=6.891 min_rad=34.456 cont=(1.000,1.000)
entity=2 pos=(-9.343,0.000,-3.121) vel=(0.000,0.000,0.000) grounded=1 mode=0 gdist=0.000 jump_buf=0.000 just_jump=0.000 sprint=0 input_mag=0.000 input_dir=(0.000,0.000,0.000) keys[F:0 B:0 L:0 R:0 J:0 S:0]
gait entity=2 yaw=2.834 yaw_rate=-7.695 speed=0.000 grounded=1 left_stance=1 right_stance=0 left_swing=0 right_swing=1 l_target_e=(28.618,0.000,-16.439) r_target_e=(6.521,6.101,28.961) l_pole_e=(0.518,-0.082,0.852) r_pole_e=(-0.549,-0.077,0.832) knee_lat=(-9.526,13.416) target_lat=(-20.322,25.360) target_rad=(34.617,26.183) min_side=6.891 min_rad=34.456 cont=(1.000,1.000)
entity=2 pos=(-9.343,0.000,-3.121) vel=(0.000,0.000,0.000) grounded=1 mode=0 gdist=0.000 jump_buf=0.000 just_jump=0.000 sprint=0 input_mag=0.000 input_dir=(0.000,0.000,0.000) keys[F:0 B:0 L:0 R:0 J:0 S:0]
gait entity=2 yaw=1.170 yaw_rate=0.000 speed=0.000 grounded=1 left_stance=1 right_stance=0 left_swing=0 right_swing=1 l_target_e=(-19.042,0.000,-26.956) r_target_e=(-6.442,5.492,30.964) l_pole_e=(0.518,-0.082,0.852) r_pole_e=(-0.549,-0.077,0.832) knee_lat=(-13.344,13.528) target_lat=(-30.223,27.530) target_rad=(36.114,28.269) min_side=6.891 min_rad=34.456 cont=(1.000,1.000)
entity=2 pos=(-9.343,0.000,-3.121) vel=(0.000,0.000,0.000) grounded=1 mode=0 gdist=0.000 jump_buf=0.000 just_jump=0.000 sprint=0 input_mag=0.000 input_dir=(0.000,0.000,0.000) keys[F:0 B:0 L:0 R:0 J:0 S:0]
gait entity=2 yaw=0.945 yaw_rate=-7.773 speed=0.000 grounded=1 left_stance=1 right_stance=0 left_swing=0 right_swing=1 l_target_e=(-24.581,0.000,-22.022) r_target_e=(-13.129,4.385,31.997) l_pole_e=(0.518,-0.082,0.852) r_pole_e=(-0.549,-0.077,0.832) knee_lat=(-11.137,14.383) target_lat=(-25.218,28.649) target_rad=(35.683,31.501) min_side=6.891 min_rad=34.456 cont=(1.000,1.000)
entity=2 pos=(-9.343,0.000,-3.121) vel=(0.000,0.000,0.000) grounded=1 mode=0 gdist=0.000 jump_buf=0.000 just_jump=0.000 sprint=0 input_mag=0.000 input_dir=(0.000,0.000,0.000) keys[F:0 B:0 L:0 R:0 J:0 S:0]
gait entity=2 yaw=0.385 yaw_rate=0.000 speed=0.000 grounded=1 left_stance=1 right_stance=0 left_swing=0 right_swing=1 l_target_e=(-32.522,0.000,-5.619) r_target_e=(-16.773,3.158,32.560) l_pole_e=(0.518,-0.082,0.852) r_pole_e=(-0.549,-0.077,0.832) knee_lat=(-4.012,14.495) target_lat=(-8.713,29.259) target_rad=(34.109,33.708) min_side=6.891 min_rad=34.456 cont=(1.000,1.000)
entity=2 pos=(-9.343,0.000,-3.121) vel=(0.000,0.000,0.000) grounded=1 mode=0 gdist=0.000 jump_buf=0.000 just_jump=0.000 sprint=0 input_mag=0.000 input_dir=(0.000,0.000,0.000) keys[F:0 B:0 L:0 R:0 J:0 S:0]
gait entity=2 yaw=-2.404 yaw_rate=-37.500 speed=0.000 grounded=1 left_stance=1 right_stance=1 left_swing=0 right_swing=0 l_target_e=(28.582,0.000,16.501) r_target_e=(37.319,0.000,0.341) l_pole_e=(0.518,-0.082,0.852) r_pole_e=(-0.549,-0.077,0.832) knee_lat=(5.600,-1.699) target_lat=(12.616,-3.656) target_rad=(31.055,37.085) min_side=6.891 min_rad=34.456 cont=(1.000,1.000)
entity=2 pos=(-9.343,0.000,-3.121) vel=(0.000,0.000,0.000) grounded=1 mode=0 gdist=0.000 jump_buf=0.000 just_jump=0.000 sprint=0 input_mag=0.000 input_dir=(0.000,0.000,0.000) keys[F:0 B:0 L:0 R:0 J:0 S:0]
gait entity=2 yaw=-3.787 yaw_rate=-37.500 speed=0.000 grounded=1 left_stance=1 right_stance=1 left_swing=0 right_swing=0 l_target_e=(21.541,0.000,-25.004) r_target_e=(7.293,0.000,-36.601) l_pole_e=(0.518,-0.082,0.852) r_pole_e=(-0.549,-0.077,0.832) knee_lat=(-13.259,-17.379) target_lat=(-28.794,-40.206) target_rad=(35.515,40.712) min_side=6.891 min_rad=34.456 cont=(1.000,1.000)
entity=2 pos=(-9.343,0.000,-3.121) vel=(0.000,0.000,0.000) grounded=1 mode=0 gdist=0.000 jump_buf=0.000 just_jump=0.000 sprint=0 input_mag=0.000 input_dir=(0.000,0.000,0.000) keys[F:0 B:0 L:0 R:0 J:0 S:0]
gait entity=2 yaw=-6.698 yaw_rate=0.000 speed=0.000 grounded=1 left_stance=0 right_stance=1 left_swing=1 right_swing=0 l_target_e=(-29.540,2.000,-12.654) r_target_e=(-15.465,0.000,33.966) l_pole_e=(0.518,-0.082,0.852) r_pole_e=(-0.549,-0.077,0.832) knee_lat=(7.546,13.618) target_lat=(-15.785,30.649) target_rad=(34.019,34.327) min_side=6.891 min_rad=34.456 cont=(1.000,1.000)
entity=2 pos=(-9.343,0.000,-3.121) vel=(0.000,0.000,0.000) grounded=1 mode=0 gdist=0.000 jump_buf=0.000 just_jump=0.000 sprint=0 input_mag=0.000 input_dir=(0.000,0.000,0.000) keys[F:0 B:0 L:0 R:0 J:0 S:0]
gait entity=2 yaw=-9.809 yaw_rate=0.000 speed=0.000 grounded=1 left_stance=0 right_stance=1 left_swing=1 right_swing=0 l_target_e=(-21.984,4.512,-12.387) r_target_e=(16.494,0.000,-33.478) l_pole_e=(0.518,-0.082,0.852) r_pole_e=(-0.549,-0.077,0.832) knee_lat=(8.090,-15.973) target_lat=(-15.616,-37.202) target_rad=(27.455,40.349) min_side=6.891 min_rad=34.456 cont=(1.000,1.000)
entity=2 pos=(-9.343,0.000,-3.121) vel=(0.000,0.000,0.000) grounded=1 mode=0 gdist=0.000 jump_buf=0.000 just_jump=0.000 sprint=0 input_mag=0.000 input_dir=(0.000,0.000,0.000) keys[F:0 B:0 L:0 R:0 J:0 S:0]
gait entity=2 yaw=-9.809 yaw_rate=0.000 speed=0.000 grounded=1 left_stance=0 right_stance=1 left_swing=1 right_swing=0 l_target_e=(-21.984,4.512,-12.387) r_target_e=(16.494,0.000,-33.478) l_pole_e=(0.518,-0.082,0.852) r_pole_e=(-0.549,-0.077,0.832) knee_lat=(8.090,-15.973) target_lat=(-15.616,-37.202) target_rad=(27.455,40.349) min_side=6.891 min_rad=34.456 cont=(1.000,1.000)
entity=2 pos=(-9.343,0.000,-3.121) vel=(0.000,0.000,0.000) grounded=1 mode=0 gdist=0.000 jump_buf=0.000 just_jump=0.000 sprint=0 input_mag=0.000 input_dir=(0.000,0.000,0.000) keys[F:0 B:0 L:0 R:0 J:0 S:0]
gait entity=2 yaw=-9.809 yaw_rate=0.000 speed=0.000 grounded=1 left_stance=0 right_stance=1 left_swing=1 right_swing=0 l_target_e=(-21.984,4.512,-12.387) r_target_e=(16.494,0.000,-33.478) l_pole_e=(0.518,-0.082,0.852) r_pole_e=(-0.549,-0.077,0.832) knee_lat=(8.090,-15.973) target_lat=(-15.616,-37.202) target_rad=(27.455,40.349) min_side=6.891 min_rad=34.456 cont=(1.000,1.000)
entity=2 pos=(-9.343,0.000,-3.121) vel=(0.000,0.000,0.000) grounded=1 mode=0 gdist=0.000 jump_buf=0.000 just_jump=0.000 sprint=0 input_mag=0.000 input_dir=(0.000,0.000,0.000) keys[F:0 B:0 L:0 R:0 J:0 S:0]
gait entity=2 yaw=-9.809 yaw_rate=0.000 speed=0.000 grounded=1 left_stance=0 right_stance=1 left_swing=1 right_swing=0 l_target_e=(-21.984,4.512,-12.387) r_target_e=(16.494,0.000,-33.478) l_pole_e=(0.518,-0.082,0.852) r_pole_e=(-0.549,-0.077,0.832) knee_lat=(8.090,-15.973) target_lat=(-15.616,-37.202) target_rad=(27.455,40.349) min_side=6.891 min_rad=34.456 cont=(1.000,1.000)
entity=2 pos=(-9.343,0.000,-3.121) vel=(0.000,0.000,0.000) grounded=1 mode=0 gdist=0.000 jump_buf=0.000 just_jump=0.000 sprint=0 input_mag=0.000 input_dir=(0.000,0.000,0.000) keys[F:0 B:0 L:0 R:0 J:0 S:0]
gait entity=2 yaw=-9.809 yaw_rate=0.000 speed=0.000 grounded=1 left_stance=0 right_stance=1 left_swing=1 right_swing=0 l_target_e=(-21.984,4.512,-12.387) r_target_e=(16.494,0.000,-33.478) l_pole_e=(0.518,-0.082,0.852) r_pole_e=(-0.549,-0.077,0.832) knee_lat=(8.090,-15.973) target_lat=(-15.616,-37.202) target_rad=(27.455,40.349) min_side=6.891 min_rad=34.456 cont=(1.000,1.000)
entity=2 pos=(-9.343,0.000,-3.121) vel=(0.000,0.000,0.000) grounded=1 mode=0 gdist=0.000 jump_buf=0.000 just_jump=0.000 sprint=0 input_mag=0.000 input_dir=(0.000,0.000,0.000) keys[F:0 B:0 L:0 R:0 J:0 S:0]
gait entity=2 yaw=-9.809 yaw_rate=0.000 speed=0.000 grounded=1 left_stance=0 right_stance=1 left_swing=1 right_swing=0 l_target_e=(-21.984,4.512,-12.387) r_target_e=(16.494,0.000,-33.478) l_pole_e=(0.518,-0.082,0.852) r_pole_e=(-0.549,-0.077,0.832) knee_lat=(8.090,-15.973) target_lat=(-15.616,-37.202) target_rad=(27.455,40.349) min_side=6.891 min_rad=34.456 cont=(1.000,1.000)
entity=2 pos=(-9.343,0.000,-3.121) vel=(0.000,0.000,0.000) grounded=1 mode=0 gdist=0.000 jump_buf=0.000 just_jump=0.000 sprint=0 input_mag=0.000 input_dir=(0.000,0.000,0.000) keys[F:0 B:0 L:0 R:0 J:0 S:0]
gait entity=2 yaw=-9.809 yaw_rate=0.000 speed=0.000 grounded=1 left_stance=0 right_stance=1 left_swing=1 right_swing=0 l_target_e=(-21.984,4.512,-12.387) r_target_e=(16.494,0.000,-33.478) l_pole_e=(0.518,-0.082,0.852) r_pole_e=(-0.549,-0.077,0.832) knee_lat=(8.090,-15.973) target_lat=(-15.616,-37.202) target_rad=(27.455,40.349) min_side=6.891 min_rad=34.456 cont=(1.000,1.000)
entity=2 pos=(-9.343,0.000,-3.121) vel=(0.000,0.000,0.000) grounded=1 mode=0 gdist=0.000 jump_buf=0.000 just_jump=0.000 sprint=0 input_mag=0.000 input_dir=(0.000,0.000,0.000) keys[F:0 B:0 L:0 R:0 J:0 S:0]
gait entity=2 yaw=-9.809 yaw_rate=0.000 speed=0.000 grounded=1 left_stance=0 right_stance=1 left_swing=1 right_swing=0 l_target_e=(-21.984,4.512,-12.387) r_target_e=(16.494,0.000,-33.478) l_pole_e=(0.518,-0.082,0.852) r_pole_e=(-0.549,-0.077,0.832) knee_lat=(8.090,-15.973) target_lat=(-15.616,-37.202) target_rad=(27.455,40.349) min_side=6.891 min_rad=34.456 cont=(1.000,1.000)
entity=2 pos=(-9.343,0.000,-3.121) vel=(0.000,0.000,0.000) grounded=1 mode=0 gdist=0.000 jump_buf=0.000 just_jump=0.000 sprint=0 input_mag=0.000 input_dir=(0.000,0.000,0.000) keys[F:0 B:0 L:0 R:0 J:0 S:0]
gait entity=2 yaw=-9.809 yaw_rate=0.000 speed=0.000 grounded=1 left_stance=0 right_stance=1 left_swing=1 right_swing=0 l_target_e=(-21.984,4.512,-12.387) r_target_e=(16.494,0.000,-33.478) l_pole_e=(0.518,-0.082,0.852) r_pole_e=(-0.549,-0.077,0.832) knee_lat=(8.090,-15.973) target_lat=(-15.616,-37.202) target_rad=(27.455,40.349) min_side=6.891 min_rad=34.456 cont=(1.000,1.000)
entity=2 pos=(-9.343,0.000,-3.121) vel=(0.000,0.000,0.000) grounded=1 mode=0 gdist=0.000 jump_buf=0.000 just_jump=0.000 sprint=0 input_mag=0.000 input_dir=(0.000,0.000,0.000) keys[F:0 B:0 L:0 R:0 J:0 S:0]
gait entity=2 yaw=-9.809 yaw_rate=0.000 speed=0.000 grounded=1 left_stance=0 right_stance=1 left_swing=1 right_swing=0 l_target_e=(-21.984,4.512,-12.387) r_target_e=(16.494,0.000,-33.478) l_pole_e=(0.518,-0.082,0.852) r_pole_e=(-0.549,-0.077,0.832) knee_lat=(8.090,-15.973) target_lat=(-15.616,-37.202) target_rad=(27.455,40.349) min_side=6.891 min_rad=34.456 cont=(1.000,1.000)
