[2026-01-31 14:28:19][INFO] log init
[2026-01-31 14:28:19][INFO] log file: /home/skooze/rkg/build_logs/rkg_editor_20260131_142819.log
[2026-01-31 14:28:19][INFO] platform: linux
[2026-01-31 14:28:19][INFO] build: debug
[2026-01-31 14:28:19][INFO] git: 9f8e6c0
[2026-01-31 14:28:19][INFO] runtime: input map file=/home/skooze/rkg/projects/demo_game/config/input.yaml loaded=1 bindings=9
[2026-01-31 14:28:19][INFO] asset_cache: manny source -> /home/skooze/rkg/NecTr/AI_GUARD_1/AI_GUARD_1_Character_output.glb
[2026-01-31 14:28:19][INFO] asset_cache: auto-importing manny into build/content_cache/generated_assets/manny
[2026-01-31 14:28:19][INFO] asset_cache: auto-imported manny.glb into build/content_cache/generated_assets/manny
[2026-01-31 14:28:19][INFO] asset_cache: loaded testmanny (verts=69772 idx=418608 mats=0 tex=0 joints=24 scale=1.000000,1.000000,1.000000)
[2026-01-31 14:28:19][INFO] asset_cache: loaded manny (verts=33592 idx=156288 mats=1 tex=2 joints=24 scale=0.010000,0.010000,0.010000)
[2026-01-31 14:28:19][WARN] cooked content missing; using raw content (dev_mode)
[2026-01-31 14:28:19][INFO] RLIMIT_NOFILE: 1024/524288
[2026-01-31 14:28:19][INFO] RLIMIT_NPROC: 127047/127047
[2026-01-31 14:28:19][INFO] Wayland socket: /run/user/1000/wayland-0 mode=srwxr-xr-x uid=1000 gid=1000
[2026-01-31 14:28:19][INFO] Wayland socket connect ok: /run/user/1000/wayland-0
[2026-01-31 14:28:19][INFO] Wayland wl_display_connect ok: wayland-0
[2026-01-31 14:28:19][INFO] X11 socket: /tmp/.X11-unix/X1 mode=srwxr-xr-x uid=1000 gid=1000
[2026-01-31 14:28:19][INFO] X11 socket connect ok: /tmp/.X11-unix/X1
[2026-01-31 14:28:19][INFO] X11 XOpenDisplay ok: :1
[2026-01-31 14:28:19][INFO] SDL system/info: App name: SDL Application
[2026-01-31 14:28:19][INFO] SDL system/info: App version: <unspecified>
[2026-01-31 14:28:19][INFO] SDL system/info: App ID: <unspecified>
[2026-01-31 14:28:19][INFO] SDL system/info: SDL revision: SDL-release-3.4.0-0-ga962f40bb
[2026-01-31 14:28:19][INFO] SDL system/debug: SDL chose video backend 'wayland'
[2026-01-31 14:28:19][INFO] SDL current video driver: wayland
[2026-01-31 14:28:20][INFO] renderer:vulkan skinned demo: joints=24
[2026-01-31 14:28:20][INFO] renderer:vulkan textured demo: using asset manny dir=/home/skooze/rkg/build/content_cache/generated_assets/manny
[2026-01-31 14:28:20][INFO] renderer:vulkan init
[2026-01-31 14:28:20][INFO] renderer:vulkan dynamic rendering: enabled
[2026-01-31 14:28:20][INFO] renderer: renderer_vulkan
[2026-01-31 14:28:20][INFO] renderer caps: DrawPrimitive | DebugUiSupported
[2026-01-31 14:28:20][WARN] script:lua not available (Lua not found)
[2026-01-31 14:28:20][WARN] script:js not available (QuickJS/Duktape not found)
[2026-01-31 14:28:20][INFO] debug_ui: swapchain_format=50
[2026-01-31 14:28:20][INFO] debug_ui: backend caps api=pipeline_info_main render_pass=yes dynamic=yes color_format=no pipeline_rendering=yes msaa=yes
[2026-01-31 14:28:20][INFO] debug_ui: render path render_pass
[2026-01-31 14:28:20][INFO] debug_ui: init
[2026-01-31 14:28:20][INFO] debug_ui enabled
[2026-01-31 14:28:20][INFO] physics_basic: init
[2026-01-31 14:28:20][INFO] level entity spawned: player_spawn
[2026-01-31 14:28:20][INFO] level entity spawned: ground_plane_1
[2026-01-31 14:28:20][INFO] level entity spawned: demo_quad_1
[2026-01-31 14:28:20][INFO] runtime: player rig scale set to 1.058824 (mesh height=1.700000, mesh scale=0.010000, root scale=1.000000, final scale=0.010588,0.010588,0.010588)
[2026-01-31 14:28:20][INFO] runtime: rig mesh bounds min=(-0.553406,-0.000000,-0.173289) max=(0.553406,1.700000,0.173289)
[2026-01-31 14:28:20][INFO] runtime: rig skeleton min y=0.040637
[2026-01-31 14:28:20][INFO] runtime: player rig offset set to 0.000000 (grounded by mesh bounds)
[2026-01-31 14:28:20][INFO] runtime: controller size set (radius=0.150000, half_height=0.100000, center_offset=0.250000, mesh height=0.018000, mesh bottom=0.000000)
[2026-01-31 14:28:20][INFO] runtime: player rig asset = manny (source=/home/skooze/rkg/NecTr/AI_GUARD_1/AI_GUARD_1_Character_output.glb)
[2026-01-31 14:28:20][INFO] runtime: attached skeleton from asset manny joints=24
[2026-01-31 14:28:20][INFO] content watcher: inotify
[2026-01-31 14:28:20][INFO] tick: begin
[2026-01-31 14:28:20][INFO] tick: renderer update
[2026-01-31 14:28:20][INFO] renderer:vulkan update begin
[2026-01-31 14:28:20][WARN] renderer:vulkan swapchain rebuild requested
[2026-01-31 14:28:20][INFO] renderer:vulkan update end
[2026-01-31 14:28:20][INFO] debug_ui: new_frame begin
[2026-01-31 14:28:20][INFO] debug_ui: new_frame end
[2026-01-31 14:28:20][INFO] renderer:vulkan step 0: draw_frame: wait fence
[2026-01-31 14:28:20][INFO] renderer:vulkan swapchain=94555855102608
[2026-01-31 14:28:20][INFO] renderer:vulkan swapchain images=3 views=3 framebuffers=3 cmd_buffers=3
[2026-01-31 14:28:20][INFO] renderer:vulkan extent=1600x900
[2026-01-31 14:28:20][INFO] renderer:vulkan step 1: vkAcquireNextImageKHR
[2026-01-31 14:28:20][INFO] renderer:vulkan step 2: vkResetCommandBuffer
[2026-01-31 14:28:20][INFO] renderer:vulkan step 3: vkBeginCommandBuffer
[2026-01-31 14:28:20][INFO] renderer:vulkan step 4: swapchain: barrier to color attachment
[2026-01-31 14:28:20][INFO] renderer:vulkan step 5: swapchain: begin render pass
[2026-01-31 14:28:20][INFO] renderer:vulkan step 6: swapchain: clear attachments
[2026-01-31 14:28:20][INFO] renderer:vulkan step 7: imgui: render inside pass
[2026-01-31 14:28:20][INFO] debug_ui: draw_data textures=1
[2026-01-31 14:28:20][INFO] debug_ui: texture 0 status=0 tex_empty=false
[2026-01-31 14:28:20][INFO] debug_ui: render draw_data lists=1 vtx=4 idx=6
[2026-01-31 14:28:20][INFO] renderer:vulkan step 8: swapchain: end render pass
[2026-01-31 14:28:20][INFO] renderer:vulkan step 9: vkEndCommandBuffer
[2026-01-31 14:28:20][INFO] renderer:vulkan step 10: vkQueueSubmit
[2026-01-31 14:28:20][INFO] renderer:vulkan step 11: vkQueuePresentKHR
[2026-01-31 14:28:20][INFO] event: mouse type=1024 x=965 y=160
[2026-01-31 14:28:21][INFO] event: mouse type=1024 x=965 y=160
[2026-01-31 14:28:22][INFO] renderer:vulkan skinned live rig map: hips=Hips spine=Spine02 chest=none head=Head l_thigh=LeftUpLeg r_thigh=RightUpLeg
[2026-01-31 14:28:22][INFO] renderer:vulkan skeleton names (first 64): 0:Hips 1:LeftUpLeg 2:LeftLeg 3:LeftFoot 4:LeftToeBase 5:RightUpLeg 6:RightLeg 7:RightFoot 8:RightToeBase 9:Spine02 10:Spine01 11:Spine 12:LeftShoulder 13:LeftArm 14:LeftForeArm 15:LeftHand 16:RightShoulder 17:RightArm 18:RightForeArm 19:RightHand 20:neck 21:Head 22:head_end 23:headfront 
[2026-01-31 14:28:22][INFO] physics_basic: input fwd=0 back=0 left=0 right=0 jump=0 sprint=0 dt=0.001000
[2026-01-31 14:28:23][INFO] physics_basic: pos=(0.000000,-0.000010,0.000000) vel=(0.000000,-0.009800,0.000000) grounded=1
[2026-01-31 14:28:23][INFO] physics_basic: input fwd=0 back=0 left=0 right=0 jump=0 sprint=0 dt=0.001000
[2026-01-31 14:28:23][INFO] physics_basic: pos=(0.000000,-0.000010,0.000000) vel=(0.000000,-0.009800,0.000000) grounded=1
[2026-01-31 14:28:23][INFO] physics_basic: input fwd=0 back=0 left=0 right=0 jump=0 sprint=0 dt=0.001000
[2026-01-31 14:28:23][INFO] physics_basic: pos=(0.000000,-0.000010,0.000000) vel=(0.000000,-0.009800,0.000000) grounded=1
[2026-01-31 14:28:23][INFO] physics_basic: input fwd=0 back=0 left=0 right=0 jump=0 sprint=0 dt=0.001000
[2026-01-31 14:28:23][INFO] physics_basic: pos=(0.000000,-0.000010,0.000000) vel=(0.000000,-0.009800,0.000000) grounded=1
[2026-01-31 14:28:23][INFO] physics_basic: input fwd=0 back=0 left=0 right=0 jump=0 sprint=0 dt=0.001000
[2026-01-31 14:28:23][INFO] physics_basic: pos=(0.000000,-0.000010,0.000000) vel=(0.000000,-0.009800,0.000000) grounded=1
[2026-01-31 14:28:23][INFO] physics_basic: input fwd=0 back=0 left=0 right=0 jump=0 sprint=0 dt=0.001000
[2026-01-31 14:28:23][INFO] physics_basic: pos=(0.000000,-0.000010,0.000000) vel=(0.000000,-0.009800,0.000000) grounded=1
[2026-01-31 14:28:23][INFO] physics_basic: input fwd=0 back=0 left=0 right=0 jump=0 sprint=0 dt=0.001000
[2026-01-31 14:28:23][INFO] physics_basic: pos=(0.000000,-0.000010,0.000000) vel=(0.000000,-0.009800,0.000000) grounded=1
[2026-01-31 14:28:23][INFO] physics_basic: input fwd=0 back=0 left=0 right=0 jump=0 sprint=0 dt=0.001000
[2026-01-31 14:28:23][INFO] physics_basic: pos=(0.000000,-0.000010,0.000000) vel=(0.000000,-0.009800,0.000000) grounded=1
[2026-01-31 14:28:23][INFO] physics_basic: input fwd=0 back=0 left=0 right=0 jump=0 sprint=0 dt=0.001000
[2026-01-31 14:28:23][INFO] runtime: live_rig fwd=0.000000 strafe=0.000000 grounded=1
[2026-01-31 14:28:23][INFO] platform: key_down scancode=26 code=1
[2026-01-31 14:28:23][INFO] physics_basic: pos=(-0.002567,-0.000010,0.006219) vel=(-0.357249,-0.009800,0.851995) grounded=1
[2026-01-31 14:28:23][INFO] physics_basic: input fwd=1 back=0 left=0 right=0 jump=0 sprint=0 dt=0.001000
[2026-01-31 14:28:23][INFO] input: action=MoveForward key=1 down=1
[2026-01-31 14:28:23][INFO] input: action=MoveForward key=1 down=1
[2026-01-31 14:28:23][INFO] input: action=MoveForward key=1 down=1
[2026-01-31 14:28:23][INFO] physics_basic: pos=(-0.057376,-0.000010,0.128612) vel=(-1.293081,-0.009800,2.800204) grounded=1
[2026-01-31 14:28:23][INFO] physics_basic: input fwd=1 back=0 left=0 right=0 jump=0 sprint=0 dt=0.001000
[2026-01-31 14:28:23][INFO] input: action=MoveForward key=1 down=1
[2026-01-31 14:28:23][INFO] input: action=MoveForward key=1 down=1
[2026-01-31 14:28:23][INFO] input: action=MoveForward key=1 down=1
[2026-01-31 14:28:23][INFO] physics_basic: pos=(-0.151377,-0.000010,0.318794) vel=(-1.718240,-0.009800,3.312620) grounded=1
[2026-01-31 14:28:23][INFO] physics_basic: input fwd=1 back=0 left=0 right=0 jump=0 sprint=0 dt=0.001000
[2026-01-31 14:28:23][INFO] input: action=MoveForward key=1 down=1
[2026-01-31 14:28:23][INFO] input: action=MoveForward key=1 down=1
[2026-01-31 14:28:23][INFO] input: action=MoveForward key=1 down=1
[2026-01-31 14:28:23][INFO] physics_basic: pos=(-0.260682,-0.000010,0.521991) vel=(-1.897135,-0.009800,3.429870) grounded=1
[2026-01-31 14:28:23][INFO] physics_basic: input fwd=1 back=0 left=0 right=0 jump=0 sprint=0 dt=0.001000
[2026-01-31 14:28:23][INFO] platform: key_down scancode=225 code=6
[2026-01-31 14:28:23][INFO] platform: key_down scancode=4 code=2
[2026-01-31 14:28:23][INFO] input: action=Sprint key=6 down=1
[2026-01-31 14:28:23][INFO] input: action=MoveLeft key=2 down=1
[2026-01-31 14:28:23][INFO] input: action=MoveForward key=1 down=1
[2026-01-31 14:28:23][INFO] input: action=Sprint key=6 down=1
[2026-01-31 14:28:23][INFO] input: action=MoveLeft key=2 down=1
[2026-01-31 14:28:23][INFO] input: action=MoveForward key=1 down=1
[2026-01-31 14:28:23][INFO] input: action=Sprint key=6 down=1
[2026-01-31 14:28:23][INFO] input: action=MoveLeft key=2 down=1
[2026-01-31 14:28:23][INFO] input: action=MoveForward key=1 down=1
[2026-01-31 14:28:23][INFO] physics_basic: pos=(-0.330620,-0.000010,0.801893) vel=(0.211825,-0.009800,5.612793) grounded=1
[2026-01-31 14:28:23][INFO] physics_basic: input fwd=1 back=0 left=1 right=0 jump=0 sprint=1 dt=0.001000
[2026-01-31 14:28:23][INFO] input: action=Sprint key=6 down=1
[2026-01-31 14:28:23][INFO] input: action=MoveLeft key=2 down=1
[2026-01-31 14:28:23][INFO] input: action=MoveForward key=1 down=1
[2026-01-31 14:28:23][INFO] input: action=Sprint key=6 down=1
[2026-01-31 14:28:23][INFO] input: action=MoveLeft key=2 down=1
[2026-01-31 14:28:23][INFO] input: action=MoveForward key=1 down=1
[2026-01-31 14:28:23][INFO] input: action=Sprint key=6 down=1
[2026-01-31 14:28:23][INFO] input: action=MoveLeft key=2 down=1
[2026-01-31 14:28:23][INFO] input: action=MoveForward key=1 down=1
[2026-01-31 14:28:23][INFO] physics_basic: pos=(-0.271393,-0.000010,1.166417) vel=(1.582096,-0.009800,6.345027) grounded=1
[2026-01-31 14:28:23][INFO] physics_basic: input fwd=1 back=0 left=1 right=0 jump=0 sprint=1 dt=0.001000
[2026-01-31 14:28:23][INFO] input: action=Sprint key=6 down=1
[2026-01-31 14:28:23][INFO] input: action=MoveLeft key=2 down=1
[2026-01-31 14:28:23][INFO] input: action=MoveForward key=1 down=1
[2026-01-31 14:28:23][INFO] platform: key_down scancode=7 code=4
[2026-01-31 14:28:23][INFO] input: action=Sprint key=6 down=1
[2026-01-31 14:28:23][INFO] input: action=MoveRight key=4 down=1
[2026-01-31 14:28:23][INFO] input: action=MoveLeft key=2 down=1
[2026-01-31 14:28:23][INFO] input: action=MoveForward key=1 down=1
[2026-01-31 14:28:23][INFO] input: action=Sprint key=6 down=1
[2026-01-31 14:28:23][INFO] input: action=MoveRight key=4 down=1
[2026-01-31 14:28:23][INFO] input: action=MoveLeft key=2 down=1
[2026-01-31 14:28:23][INFO] input: action=MoveForward key=1 down=1
[2026-01-31 14:28:23][INFO] physics_basic: pos=(-0.218250,-0.000010,1.557985) vel=(-0.576094,-0.009800,6.479081) grounded=1
[2026-01-31 14:28:23][INFO] physics_basic: input fwd=1 back=0 left=1 right=1 jump=0 sprint=1 dt=0.001000
[2026-01-31 14:28:23][INFO] input: action=Sprint key=6 down=1
[2026-01-31 14:28:23][INFO] input: action=MoveRight key=4 down=1
[2026-01-31 14:28:23][INFO] input: action=MoveLeft key=2 down=1
[2026-01-31 14:28:23][INFO] input: action=MoveForward key=1 down=1
[2026-01-31 14:28:23][INFO] input: action=Sprint key=6 down=1
[2026-01-31 14:28:23][INFO] input: action=MoveRight key=4 down=1
[2026-01-31 14:28:23][INFO] input: action=MoveLeft key=2 down=1
[2026-01-31 14:28:23][INFO] input: action=MoveForward key=1 down=1
[2026-01-31 14:28:23][INFO] input: action=Sprint key=6 down=1
[2026-01-31 14:28:23][INFO] input: action=MoveRight key=4 down=1
[2026-01-31 14:28:23][INFO] input: action=MoveLeft key=2 down=1
[2026-01-31 14:28:23][INFO] input: action=MoveForward key=1 down=1
[2026-01-31 14:28:23][INFO] physics_basic: pos=(-0.297181,-0.000010,1.950011) vel=(-1.754900,-0.009800,6.582764) grounded=1
[2026-01-31 14:28:23][INFO] physics_basic: input fwd=1 back=0 left=1 right=1 jump=0 sprint=1 dt=0.001000
[2026-01-31 14:28:23][INFO] input: action=Sprint key=6 down=1
[2026-01-31 14:28:23][INFO] input: action=MoveRight key=4 down=1
[2026-01-31 14:28:23][INFO] input: action=MoveLeft key=2 down=1
[2026-01-31 14:28:23][INFO] input: action=MoveForward key=1 down=1
[2026-01-31 14:28:23][INFO] runtime: live_rig fwd=5.288416 strafe=1.366082 grounded=1
[2026-01-31 14:28:24][INFO] input: action=Sprint key=6 down=1
[2026-01-31 14:28:24][INFO] input: action=MoveRight key=4 down=1
[2026-01-31 14:28:24][INFO] input: action=MoveLeft key=2 down=1
[2026-01-31 14:28:24][INFO] input: action=MoveForward key=1 down=1
[2026-01-31 14:28:24][INFO] input: action=Sprint key=6 down=1
[2026-01-31 14:28:24][INFO] input: action=MoveRight key=4 down=1
[2026-01-31 14:28:24][INFO] input: action=MoveLeft key=2 down=1
[2026-01-31 14:28:24][INFO] input: action=MoveForward key=1 down=1
[2026-01-31 14:28:24][INFO] physics_basic: pos=(-0.411620,-0.000010,2.347297) vel=(-1.970173,-0.009800,6.657519) grounded=1
[2026-01-31 14:28:24][INFO] physics_basic: input fwd=1 back=0 left=1 right=1 jump=0 sprint=1 dt=0.001000
[2026-01-31 14:28:24][INFO] input: action=Sprint key=6 down=1
[2026-01-31 14:28:24][INFO] input: action=MoveRight key=4 down=1
[2026-01-31 14:28:24][INFO] input: action=MoveLeft key=2 down=1
[2026-01-31 14:28:24][INFO] input: action=MoveForward key=1 down=1
[2026-01-31 14:28:24][INFO] platform: key_down scancode=44 code=5
[2026-01-31 14:28:24][INFO] input: action=Sprint key=6 down=1
[2026-01-31 14:28:24][INFO] input: action=Jump key=5 down=1
[2026-01-31 14:28:24][INFO] input: action=MoveRight key=4 down=1
[2026-01-31 14:28:24][INFO] input: action=MoveLeft key=2 down=1
[2026-01-31 14:28:24][INFO] input: action=MoveForward key=1 down=1
[2026-01-31 14:28:24][INFO] input: action=Sprint key=6 down=1
[2026-01-31 14:28:24][INFO] input: action=Jump key=5 down=1
[2026-01-31 14:28:24][INFO] input: action=MoveRight key=4 down=1
[2026-01-31 14:28:24][INFO] input: action=MoveLeft key=2 down=1
[2026-01-31 14:28:24][INFO] input: action=MoveForward key=1 down=1
[2026-01-31 14:28:24][INFO] physics_basic: pos=(-0.524778,0.126560,2.749650) vel=(-1.763249,4.745201,6.754373) grounded=0
[2026-01-31 14:28:24][INFO] physics_basic: input fwd=1 back=0 left=1 right=1 jump=1 sprint=1 dt=0.001000
[2026-01-31 14:28:24][INFO] input: action=Sprint key=6 down=1
[2026-01-31 14:28:24][INFO] input: action=Jump key=5 down=1
[2026-01-31 14:28:24][INFO] input: action=MoveRight key=4 down=1
[2026-01-31 14:28:24][INFO] input: action=MoveLeft key=2 down=1
[2026-01-31 14:28:24][INFO] input: action=MoveForward key=1 down=1
[2026-01-31 14:28:24][INFO] input: action=Sprint key=6 down=1
[2026-01-31 14:28:24][INFO] input: action=Jump key=5 down=1
[2026-01-31 14:28:24][INFO] input: action=MoveRight key=4 down=1
[2026-01-31 14:28:24][INFO] input: action=MoveLeft key=2 down=1
[2026-01-31 14:28:24][INFO] input: action=MoveForward key=1 down=1
[2026-01-31 14:28:24][INFO] input: action=Sprint key=6 down=1
[2026-01-31 14:28:24][INFO] input: action=Jump key=5 down=1
[2026-01-31 14:28:24][INFO] input: action=MoveRight key=4 down=1
[2026-01-31 14:28:24][INFO] input: action=MoveLeft key=2 down=1
[2026-01-31 14:28:24][INFO] input: action=MoveForward key=1 down=1
[2026-01-31 14:28:24][INFO] physics_basic: pos=(-0.620368,0.397476,3.164842) vel=(-1.350652,4.147404,6.856075) grounded=0
[2026-01-31 14:28:24][INFO] physics_basic: input fwd=1 back=0 left=1 right=1 jump=1 sprint=1 dt=0.001000
[2026-01-31 14:28:24][INFO] input: action=Sprint key=6 down=1
[2026-01-31 14:28:24][INFO] input: action=Jump key=5 down=1
[2026-01-31 14:28:24][INFO] input: action=MoveRight key=4 down=1
[2026-01-31 14:28:24][INFO] input: action=MoveLeft key=2 down=1
[2026-01-31 14:28:24][INFO] input: action=MoveForward key=1 down=1
[2026-01-31 14:28:24][INFO] input: action=Sprint key=6 down=1
[2026-01-31 14:28:24][INFO] input: action=Jump key=5 down=1
[2026-01-31 14:28:24][INFO] input: action=MoveRight key=4 down=1
[2026-01-31 14:28:24][INFO] input: action=MoveLeft key=2 down=1
[2026-01-31 14:28:24][INFO] input: action=MoveForward key=1 down=1
[2026-01-31 14:28:24][INFO] input: action=Sprint key=6 down=1
[2026-01-31 14:28:24][INFO] input: action=Jump key=5 down=1
[2026-01-31 14:28:24][INFO] input: action=MoveRight key=4 down=1
[2026-01-31 14:28:24][INFO] input: action=MoveLeft key=2 down=1
[2026-01-31 14:28:24][INFO] input: action=MoveForward key=1 down=1
[2026-01-31 14:28:24][INFO] physics_basic: pos=(-0.691559,0.628386,3.578175) vel=(-1.078424,3.559406,6.910407) grounded=0
[2026-01-31 14:28:24][INFO] physics_basic: input fwd=1 back=0 left=1 right=1 jump=1 sprint=1 dt=0.001000
[2026-01-31 14:28:24][INFO] input: action=Sprint key=6 down=1
[2026-01-31 14:28:24][INFO] input: action=Jump key=5 down=1
[2026-01-31 14:28:24][INFO] input: action=MoveRight key=4 down=1
[2026-01-31 14:28:24][INFO] input: action=MoveLeft key=2 down=1
[2026-01-31 14:28:24][INFO] input: action=MoveForward key=1 down=1
[2026-01-31 14:28:24][INFO] input: action=Sprint key=6 down=1
[2026-01-31 14:28:24][INFO] input: action=Jump key=5 down=1
[2026-01-31 14:28:24][INFO] input: action=MoveRight key=4 down=1
[2026-01-31 14:28:24][INFO] input: action=MoveLeft key=2 down=1
[2026-01-31 14:28:24][INFO] input: action=MoveForward key=1 down=1
[2026-01-31 14:28:24][INFO] input: action=Sprint key=6 down=1
[2026-01-31 14:28:24][INFO] input: action=Jump key=5 down=1
[2026-01-31 14:28:24][INFO] input: action=MoveRight key=4 down=1
[2026-01-31 14:28:24][INFO] input: action=MoveLeft key=2 down=1
[2026-01-31 14:28:24][INFO] input: action=MoveForward key=1 down=1
[2026-01-31 14:28:24][INFO] physics_basic: pos=(-0.754239,0.826968,4.000325) vel=(-0.986715,2.961609,6.928059) grounded=0
[2026-01-31 14:28:24][INFO] physics_basic: input fwd=1 back=0 left=1 right=1 jump=1 sprint=1 dt=0.001000
[2026-01-31 14:28:24][INFO] input: action=Sprint key=6 down=1
[2026-01-31 14:28:24][INFO] input: action=Jump key=5 down=1
[2026-01-31 14:28:24][INFO] input: action=MoveRight key=4 down=1
[2026-01-31 14:28:24][INFO] input: action=MoveLeft key=2 down=1
[2026-01-31 14:28:24][INFO] input: action=MoveForward key=1 down=1
[2026-01-31 14:28:24][INFO] input: action=Sprint key=6 down=1
[2026-01-31 14:28:24][INFO] input: action=Jump key=5 down=1
[2026-01-31 14:28:24][INFO] input: action=MoveRight key=4 down=1
[2026-01-31 14:28:24][INFO] input: action=MoveLeft key=2 down=1
[2026-01-31 14:28:24][INFO] input: action=MoveForward key=1 down=1
[2026-01-31 14:28:24][INFO] input: action=Sprint key=6 down=1
[2026-01-31 14:28:24][INFO] input: action=Jump key=5 down=1
[2026-01-31 14:28:24][INFO] input: action=MoveRight key=4 down=1
[2026-01-31 14:28:24][INFO] input: action=MoveLeft key=2 down=1
[2026-01-31 14:28:24][INFO] input: action=MoveForward key=1 down=1
[2026-01-31 14:28:24][INFO] physics_basic: pos=(-0.810254,0.989085,4.423532) vel=(-0.848193,2.363811,6.947134) grounded=0
[2026-01-31 14:28:24][INFO] physics_basic: input fwd=1 back=0 left=1 right=1 jump=1 sprint=1 dt=0.001000
[2026-01-31 14:28:24][INFO] input: action=Sprint key=6 down=1
[2026-01-31 14:28:24][INFO] input: action=Jump key=5 down=1
[2026-01-31 14:28:24][INFO] input: action=MoveRight key=4 down=1
[2026-01-31 14:28:24][INFO] input: action=MoveLeft key=2 down=1
[2026-01-31 14:28:24][INFO] input: action=MoveForward key=1 down=1
[2026-01-31 14:28:24][INFO] input: action=Sprint key=6 down=1
[2026-01-31 14:28:24][INFO] input: action=Jump key=5 down=1
[2026-01-31 14:28:24][INFO] input: action=MoveRight key=4 down=1
[2026-01-31 14:28:24][INFO] input: action=MoveLeft key=2 down=1
[2026-01-31 14:28:24][INFO] input: action=MoveForward key=1 down=1
[2026-01-31 14:28:24][INFO] input: action=Sprint key=6 down=1
[2026-01-31 14:28:24][INFO] input: action=Jump key=5 down=1
[2026-01-31 14:28:24][INFO] input: action=MoveRight key=4 down=1
[2026-01-31 14:28:24][INFO] input: action=MoveLeft key=2 down=1
[2026-01-31 14:28:24][INFO] input: action=MoveForward key=1 down=1
[2026-01-31 14:28:24][INFO] physics_basic: pos=(-0.855987,1.112980,4.840939) vel=(-0.659747,1.775814,6.966992) grounded=0
[2026-01-31 14:28:24][INFO] physics_basic: input fwd=1 back=0 left=1 right=1 jump=1 sprint=1 dt=0.001000
[2026-01-31 14:28:24][INFO] input: action=Sprint key=6 down=1
[2026-01-31 14:28:24][INFO] input: action=Jump key=5 down=1
[2026-01-31 14:28:24][INFO] input: action=MoveRight key=4 down=1
[2026-01-31 14:28:24][INFO] input: action=MoveLeft key=2 down=1
[2026-01-31 14:28:24][INFO] input: action=MoveForward key=1 down=1
[2026-01-31 14:28:24][INFO] input: action=Sprint key=6 down=1
[2026-01-31 14:28:24][INFO] input: action=Jump key=5 down=1
[2026-01-31 14:28:24][INFO] input: action=MoveRight key=4 down=1
[2026-01-31 14:28:24][INFO] input: action=MoveLeft key=2 down=1
[2026-01-31 14:28:24][INFO] input: action=MoveForward key=1 down=1
[2026-01-31 14:28:24][INFO] input: action=Sprint key=6 down=1
[2026-01-31 14:28:24][INFO] input: action=Jump key=5 down=1
[2026-01-31 14:28:24][INFO] input: action=MoveRight key=4 down=1
[2026-01-31 14:28:24][INFO] input: action=MoveLeft key=2 down=1
[2026-01-31 14:28:24][INFO] input: action=MoveForward key=1 down=1
[2026-01-31 14:28:24][INFO] physics_basic: pos=(-0.886377,1.202763,5.266593) vel=(-0.261792,1.178017,6.986697) grounded=0
[2026-01-31 14:28:24][INFO] physics_basic: input fwd=1 back=0 left=1 right=1 jump=1 sprint=1 dt=0.001000
[2026-01-31 14:28:24][INFO] platform: key_up scancode=44 code=5
[2026-01-31 14:28:24][INFO] input: action=Sprint key=6 down=1
[2026-01-31 14:28:24][INFO] input: action=MoveRight key=4 down=1
[2026-01-31 14:28:24][INFO] input: action=MoveLeft key=2 down=1
[2026-01-31 14:28:24][INFO] input: action=MoveForward key=1 down=1
[2026-01-31 14:28:24][INFO] input: action=Sprint key=6 down=1
[2026-01-31 14:28:24][INFO] input: action=MoveRight key=4 down=1
[2026-01-31 14:28:24][INFO] input: action=MoveLeft key=2 down=1
[2026-01-31 14:28:24][INFO] input: action=MoveForward key=1 down=1
[2026-01-31 14:28:24][INFO] runtime: live_rig fwd=6.894430 strafe=-0.265710 grounded=0
[2026-01-31 14:28:24][INFO] input: action=Sprint key=6 down=1
[2026-01-31 14:28:24][INFO] input: action=MoveRight key=4 down=1
[2026-01-31 14:28:24][INFO] input: action=MoveLeft key=2 down=1
[2026-01-31 14:28:24][INFO] input: action=MoveForward key=1 down=1
[2026-01-31 14:28:24][INFO] physics_basic: pos=(-0.875693,1.255510,5.684925) vel=(0.655235,0.590017,6.934887) grounded=0
[2026-01-31 14:28:24][INFO] physics_basic: input fwd=1 back=0 left=1 right=1 jump=0 sprint=1 dt=0.003000
[2026-01-31 14:28:24][INFO] input: action=Sprint key=6 down=1
[2026-01-31 14:28:24][INFO] input: action=MoveRight key=4 down=1
[2026-01-31 14:28:24][INFO] input: action=MoveLeft key=2 down=1
[2026-01-31 14:28:24][INFO] input: action=MoveForward key=1 down=1
[2026-01-31 14:28:24][INFO] platform: key_up scancode=225 code=6
[2026-01-31 14:28:24][INFO] input: action=MoveRight key=4 down=1
[2026-01-31 14:28:24][INFO] input: action=MoveLeft key=2 down=1
[2026-01-31 14:28:24][INFO] input: action=MoveForward key=1 down=1
[2026-01-31 14:28:24][INFO] input: action=MoveRight key=4 down=1
[2026-01-31 14:28:24][INFO] input: action=MoveLeft key=2 down=1
[2026-01-31 14:28:24][INFO] input: action=MoveForward key=1 down=1
[2026-01-31 14:28:24][INFO] physics_basic: pos=(-0.814436,1.272923,6.060324) vel=(1.098945,-0.017583,5.007375) grounded=0
[2026-01-31 14:28:24][INFO] physics_basic: input fwd=1 back=0 left=1 right=1 jump=0 sprint=0 dt=0.001000
[2026-01-31 14:28:24][INFO] input: action=MoveRight key=4 down=1
[2026-01-31 14:28:24][INFO] input: action=MoveLeft key=2 down=1
[2026-01-31 14:28:24][INFO] input: action=MoveForward key=1 down=1
[2026-01-31 14:28:24][INFO] platform: key_up scancode=4 code=2
[2026-01-31 14:28:24][INFO] input: action=MoveRight key=4 down=1
[2026-01-31 14:28:24][INFO] input: action=MoveForward key=1 down=1
[2026-01-31 14:28:24][INFO] platform: key_up scancode=26 code=1
[2026-01-31 14:28:24][INFO] platform: key_up scancode=7 code=4
[2026-01-31 14:28:24][INFO] physics_basic: pos=(-0.782095,1.253934,6.321386) vel=(0.078566,-0.605583,3.582282) grounded=0
[2026-01-31 14:28:24][INFO] physics_basic: input fwd=0 back=0 left=0 right=0 jump=0 sprint=0 dt=0.001000
[2026-01-31 14:28:24][INFO] physics_basic: pos=(-0.778322,1.198452,6.493425) vel=(0.048130,-1.203383,2.194538) grounded=0
[2026-01-31 14:28:24][INFO] physics_basic: input fwd=0 back=0 left=0 right=0 jump=0 sprint=0 dt=0.001000
[2026-01-31 14:28:24][INFO] physics_basic: pos=(-0.776040,1.108315,6.597487) vel=(0.029725,-1.791380,1.355324) grounded=0
[2026-01-31 14:28:24][INFO] physics_basic: input fwd=0 back=0 left=0 right=0 jump=0 sprint=0 dt=0.001000
[2026-01-31 14:28:24][INFO] physics_basic: pos=(-0.774612,0.980499,6.662575) vel=(0.018210,-2.389178,0.830283) grounded=0
[2026-01-31 14:28:24][INFO] physics_basic: input fwd=0 back=0 left=0 right=0 jump=0 sprint=0 dt=0.001000
[2026-01-31 14:28:24][INFO] physics_basic: pos=(-0.773749,0.819214,6.701947) vel=(0.011246,-2.977175,0.512774) grounded=0
[2026-01-31 14:28:24][INFO] physics_basic: input fwd=0 back=0 left=0 right=0 jump=0 sprint=0 dt=0.001000
[2026-01-31 14:28:24][INFO] physics_basic: pos=(-0.773202,0.615471,6.726880) vel=(0.006834,-3.584773,0.311597) grounded=0
[2026-01-31 14:28:24][INFO] physics_basic: input fwd=0 back=0 left=0 right=0 jump=0 sprint=0 dt=0.001000
[2026-01-31 14:28:24][INFO] physics_basic: pos=(-0.772878,0.382450,6.741655) vel=(0.004221,-4.172770,0.192439) grounded=0
[2026-01-31 14:28:24][INFO] physics_basic: input fwd=0 back=0 left=0 right=0 jump=0 sprint=0 dt=0.001000
[2026-01-31 14:28:25][INFO] runtime: live_rig fwd=1.225290 strafe=-0.053781 grounded=0
[2026-01-31 14:28:25][INFO] physics_basic: pos=(-0.772675,0.109370,6.750894) vel=(0.002586,-4.770567,0.117890) grounded=0
[2026-01-31 14:28:25][INFO] physics_basic: input fwd=0 back=0 left=0 right=0 jump=0 sprint=0 dt=0.001000
[2026-01-31 14:28:25][INFO] physics_basic: pos=(-0.772553,-0.000010,6.756485) vel=(0.001597,-0.009800,0.072807) grounded=1
[2026-01-31 14:28:25][INFO] physics_basic: input fwd=0 back=0 left=0 right=0 jump=0 sprint=0 dt=0.001000
[2026-01-31 14:28:25][INFO] physics_basic: pos=(-0.772477,-0.000010,6.759937) vel=(0.000986,-0.009800,0.044965) grounded=1
[2026-01-31 14:28:25][INFO] physics_basic: input fwd=0 back=0 left=0 right=0 jump=0 sprint=0 dt=0.001000
[2026-01-31 14:28:25][INFO] physics_basic: pos=(-0.772430,-0.000010,6.762070) vel=(0.000609,-0.009800,0.027770) grounded=1
[2026-01-31 14:28:25][INFO] physics_basic: input fwd=0 back=0 left=0 right=0 jump=0 sprint=0 dt=0.001000
[2026-01-31 14:28:25][INFO] physics_basic: pos=(-0.772401,-0.000010,6.763387) vel=(0.000376,-0.009800,0.017150) grounded=1
[2026-01-31 14:28:25][INFO] physics_basic: input fwd=0 back=0 left=0 right=0 jump=0 sprint=0 dt=0.001000
[2026-01-31 14:28:25][INFO] physics_basic: pos=(-0.772383,-0.000010,6.764210) vel=(0.000230,-0.009800,0.010507) grounded=1
[2026-01-31 14:28:25][INFO] physics_basic: input fwd=0 back=0 left=0 right=0 jump=0 sprint=0 dt=0.001000
[2026-01-31 14:28:25][INFO] physics_basic: pos=(-0.772372,-0.000010,6.764709) vel=(0.000142,-0.009800,0.006489) grounded=1
[2026-01-31 14:28:25][INFO] physics_basic: input fwd=0 back=0 left=0 right=0 jump=0 sprint=0 dt=0.001000
[2026-01-31 14:28:25][INFO] platform: key_down scancode=41 code=7
[2026-01-31 14:28:25][INFO] input: action=Quit key=7 down=1
[2026-01-31 14:28:25][INFO] physics_basic: pos=(-0.772365,-0.000010,6.765019) vel=(0.000087,-0.009800,0.003975) grounded=1
[2026-01-31 14:28:25][INFO] physics_basic: input fwd=0 back=0 left=0 right=0 jump=0 sprint=0 dt=0.001000
[2026-01-31 14:28:25][INFO] input: action=Quit key=7 down=1
[2026-01-31 14:28:25][INFO] runtime: live_rig fwd=0.076350 strafe=0.002337 grounded=1
[2026-01-31 14:28:25][INFO] input: action=Quit key=7 down=1
[2026-01-31 14:28:25][INFO] input: action=Quit key=7 down=1
[2026-01-31 14:28:25][INFO] physics_basic: pos=(-0.772362,-0.000010,6.765207) vel=(0.000054,-0.009800,0.002455) grounded=1
[2026-01-31 14:28:25][INFO] physics_basic: input fwd=0 back=0 left=0 right=0 jump=0 sprint=0 dt=0.001000
[2026-01-31 14:28:25][INFO] input: action=Quit key=7 down=1
[2026-01-31 14:28:25][INFO] input: action=Quit key=7 down=1
[2026-01-31 14:28:25][INFO] input: action=Quit key=7 down=1
[2026-01-31 14:28:25][INFO] platform: key_up scancode=41 code=7
[2026-01-31 14:28:25][INFO] physics_basic: pos=(-0.772358,-0.000010,6.765324) vel=(0.000033,-0.009800,0.001516) grounded=1
[2026-01-31 14:28:25][INFO] physics_basic: input fwd=0 back=0 left=0 right=0 jump=0 sprint=0 dt=0.001000
[2026-01-31 14:28:25][INFO] physics_basic: pos=(-0.772357,-0.000010,6.765396) vel=(0.000020,-0.009800,0.000929) grounded=1
[2026-01-31 14:28:25][INFO] physics_basic: input fwd=0 back=0 left=0 right=0 jump=0 sprint=0 dt=0.001000
[2026-01-31 14:28:25][INFO] physics_basic: pos=(-0.772357,-0.000010,6.765440) vel=(0.000013,-0.009800,0.000574) grounded=1
[2026-01-31 14:28:25][INFO] physics_basic: input fwd=0 back=0 left=0 right=0 jump=0 sprint=0 dt=0.001000
[2026-01-31 14:28:25][INFO] physics_basic: pos=(-0.772357,-0.000010,6.765469) vel=(0.000008,-0.009800,0.000351) grounded=1
[2026-01-31 14:28:25][INFO] physics_basic: input fwd=0 back=0 left=0 right=0 jump=0 sprint=0 dt=0.001000
[2026-01-31 14:28:25][INFO] physics_basic: pos=(-0.772357,-0.000010,6.765491) vel=(0.000005,-0.009800,0.000217) grounded=1
[2026-01-31 14:28:25][INFO] physics_basic: input fwd=0 back=0 left=0 right=0 jump=0 sprint=0 dt=0.001000
[2026-01-31 14:28:25][INFO] physics_basic: pos=(-0.772357,-0.000010,6.765491) vel=(0.000003,-0.009800,0.000134) grounded=1
[2026-01-31 14:28:25][INFO] physics_basic: input fwd=0 back=0 left=0 right=0 jump=0 sprint=0 dt=0.001000
[2026-01-31 14:28:25][INFO] physics_basic: pos=(-0.772357,-0.000010,6.765491) vel=(0.000002,-0.009800,0.000083) grounded=1
[2026-01-31 14:28:25][INFO] physics_basic: input fwd=0 back=0 left=0 right=0 jump=0 sprint=0 dt=0.001000
[2026-01-31 14:28:26][INFO] runtime: live_rig fwd=0.004022 strafe=0.000237 grounded=1
[2026-01-31 14:28:26][INFO] physics_basic: pos=(-0.772357,-0.000010,6.765491) vel=(0.000001,-0.009800,0.000051) grounded=1
[2026-01-31 14:28:26][INFO] physics_basic: input fwd=0 back=0 left=0 right=0 jump=0 sprint=0 dt=0.001000
[2026-01-31 14:28:26][INFO] physics_basic: pos=(-0.772357,-0.000010,6.765491) vel=(0.000001,-0.009800,0.000032) grounded=1
[2026-01-31 14:28:26][INFO] physics_basic: input fwd=0 back=0 left=0 right=0 jump=0 sprint=0 dt=0.002000
[2026-01-31 14:28:26][INFO] physics_basic: pos=(-0.772357,-0.000010,6.765491) vel=(0.000000,-0.009800,0.000019) grounded=1
[2026-01-31 14:28:26][INFO] physics_basic: input fwd=0 back=0 left=0 right=0 jump=0 sprint=0 dt=0.001000
[2026-01-31 14:28:26][INFO] physics_basic: pos=(-0.772357,-0.000010,6.765491) vel=(0.000000,-0.009800,0.000012) grounded=1
[2026-01-31 14:28:26][INFO] physics_basic: input fwd=0 back=0 left=0 right=0 jump=0 sprint=0 dt=0.001000
[2026-01-31 14:28:26][INFO] physics_basic: pos=(-0.772357,-0.000010,6.765491) vel=(0.000000,-0.009800,0.000007) grounded=1
[2026-01-31 14:28:26][INFO] physics_basic: input fwd=0 back=0 left=0 right=0 jump=0 sprint=0 dt=0.001000
[2026-01-31 14:28:26][INFO] physics_basic: pos=(-0.772357,-0.000010,6.765491) vel=(0.000000,-0.009800,0.000004) grounded=1
[2026-01-31 14:28:26][INFO] physics_basic: input fwd=0 back=0 left=0 right=0 jump=0 sprint=0 dt=0.001000
[2026-01-31 14:28:26][INFO] level entity spawned: player_spawn
[2026-01-31 14:28:26][INFO] level entity spawned: ground_plane_1
[2026-01-31 14:28:26][INFO] level entity spawned: demo_quad_1
[2026-01-31 14:28:26][INFO] runtime: player rig scale set to 1.058824 (mesh height=1.700000, mesh scale=0.010000, root scale=1.000000, final scale=0.010588,0.010588,0.010588)
[2026-01-31 14:28:26][INFO] runtime: rig mesh bounds min=(-0.553406,-0.000000,-0.173289) max=(0.553406,1.700000,0.173289)
[2026-01-31 14:28:26][INFO] runtime: rig skeleton min y=0.040637
[2026-01-31 14:28:26][INFO] runtime: player rig offset set to 0.000000 (grounded by mesh bounds)
[2026-01-31 14:28:26][INFO] runtime: controller size set (radius=0.150000, half_height=0.100000, center_offset=0.250000, mesh height=0.018000, mesh bottom=0.000000)
[2026-01-31 14:28:26][INFO] runtime: player rig asset = manny (source=/home/skooze/rkg/NecTr/AI_GUARD_1/AI_GUARD_1_Character_output.glb)
[2026-01-31 14:28:26][INFO] runtime: attached skeleton from asset manny joints=24
[2026-01-31 14:28:26][INFO] content reloaded (raw)
[2026-01-31 14:28:26][INFO] reload reason: stop
[2026-01-31 14:28:29][INFO] debug_ui: shutdown
[2026-01-31 14:28:29][INFO] physics_basic: shutdown
[2026-01-31 14:28:29][INFO] renderer:vulkan shutdown
[2026-01-31 14:28:29][INFO] log shutdown
