[2026-01-31 13:06:38][INFO] log init
[2026-01-31 13:06:38][INFO] log file: /home/skooze/rkg/build_logs/rkg_editor_20260131_130638.log
[2026-01-31 13:06:38][INFO] platform: linux
[2026-01-31 13:06:38][INFO] build: debug
[2026-01-31 13:06:38][INFO] git: 173d878
[2026-01-31 13:06:38][INFO] runtime: input map file=/home/skooze/rkg/projects/demo_game/config/input.yaml loaded=1 bindings=9
[2026-01-31 13:06:38][INFO] asset_cache: manny source -> /home/skooze/rkg/NecTr/AI_GUARD_1/AI_GUARD_1_Character_output.glb
[2026-01-31 13:06:38][INFO] asset_cache: auto-importing manny into build/content_cache/generated_assets/manny
[2026-01-31 13:06:39][INFO] asset_cache: auto-imported manny.glb into build/content_cache/generated_assets/manny
[2026-01-31 13:06:39][INFO] asset_cache: loaded testmanny (verts=69772 idx=418608 mats=0 tex=0 joints=24 scale=1.000000,1.000000,1.000000)
[2026-01-31 13:06:39][INFO] asset_cache: loaded manny (verts=33592 idx=156288 mats=1 tex=2 joints=24 scale=0.010000,0.010000,0.010000)
[2026-01-31 13:06:39][WARN] cooked content missing; using raw content (dev_mode)
[2026-01-31 13:06:39][INFO] RLIMIT_NOFILE: 1024/524288
[2026-01-31 13:06:39][INFO] RLIMIT_NPROC: 127047/127047
[2026-01-31 13:06:39][INFO] Wayland socket: /run/user/1000/wayland-0 mode=srwxr-xr-x uid=1000 gid=1000
[2026-01-31 13:06:39][INFO] Wayland socket connect ok: /run/user/1000/wayland-0
[2026-01-31 13:06:39][INFO] Wayland wl_display_connect ok: wayland-0
[2026-01-31 13:06:39][INFO] X11 socket: /tmp/.X11-unix/X1 mode=srwxr-xr-x uid=1000 gid=1000
[2026-01-31 13:06:39][INFO] X11 socket connect ok: /tmp/.X11-unix/X1
[2026-01-31 13:06:39][INFO] X11 XOpenDisplay ok: :1
[2026-01-31 13:06:39][INFO] SDL system/info: App name: SDL Application
[2026-01-31 13:06:39][INFO] SDL system/info: App version: <unspecified>
[2026-01-31 13:06:39][INFO] SDL system/info: App ID: <unspecified>
[2026-01-31 13:06:39][INFO] SDL system/info: SDL revision: SDL-release-3.4.0-0-ga962f40bb
[2026-01-31 13:06:39][INFO] SDL system/debug: SDL chose video backend 'wayland'
[2026-01-31 13:06:39][INFO] SDL current video driver: wayland
[2026-01-31 13:06:39][INFO] renderer:vulkan skinned demo: joints=24
[2026-01-31 13:06:39][INFO] renderer:vulkan textured demo: using asset manny dir=/home/skooze/rkg/build/content_cache/generated_assets/manny
[2026-01-31 13:06:39][INFO] renderer:vulkan init
[2026-01-31 13:06:39][INFO] renderer:vulkan dynamic rendering: enabled
[2026-01-31 13:06:39][INFO] renderer: renderer_vulkan
[2026-01-31 13:06:39][INFO] renderer caps: DrawPrimitive | DebugUiSupported
[2026-01-31 13:06:39][WARN] script:lua not available (Lua not found)
[2026-01-31 13:06:39][WARN] script:js not available (QuickJS/Duktape not found)
[2026-01-31 13:06:39][INFO] debug_ui: swapchain_format=50
[2026-01-31 13:06:39][INFO] debug_ui: backend caps api=pipeline_info_main render_pass=yes dynamic=yes color_format=no pipeline_rendering=yes msaa=yes
[2026-01-31 13:06:39][INFO] debug_ui: render path render_pass
[2026-01-31 13:06:39][INFO] debug_ui: init
[2026-01-31 13:06:39][INFO] debug_ui enabled
[2026-01-31 13:06:39][INFO] physics_basic: init
[2026-01-31 13:06:39][INFO] level entity spawned: player_spawn
[2026-01-31 13:06:39][INFO] level entity spawned: ground_plane_1
[2026-01-31 13:06:39][INFO] level entity spawned: demo_quad_1
[2026-01-31 13:06:39][INFO] runtime: player rig scale set to 1.058824 (mesh height=1.700000, mesh scale=0.010000, root scale=1.000000, final scale=0.010588,0.010588,0.010588)
[2026-01-31 13:06:39][INFO] runtime: rig mesh bounds min=(-0.553406,-0.000000,-0.173289) max=(0.553406,1.700000,0.173289)
[2026-01-31 13:06:39][INFO] runtime: rig skeleton min y=0.040637
[2026-01-31 13:06:39][INFO] runtime: player rig offset set to 0.000000 (grounded by mesh bounds)
[2026-01-31 13:06:39][INFO] runtime: controller size set (radius=0.150000, half_height=0.100000, center_offset=0.250000, mesh height=0.018000, mesh bottom=0.000000)
[2026-01-31 13:06:39][INFO] runtime: player rig asset = manny (source=/home/skooze/rkg/NecTr/AI_GUARD_1/AI_GUARD_1_Character_output.glb)
[2026-01-31 13:06:39][INFO] runtime: attached skeleton from asset manny joints=24
[2026-01-31 13:06:39][INFO] content watcher: inotify
[2026-01-31 13:06:39][INFO] tick: begin
[2026-01-31 13:06:39][INFO] tick: renderer update
[2026-01-31 13:06:39][INFO] renderer:vulkan update begin
[2026-01-31 13:06:39][WARN] renderer:vulkan swapchain rebuild requested
[2026-01-31 13:06:39][INFO] renderer:vulkan update end
[2026-01-31 13:06:39][INFO] debug_ui: new_frame begin
[2026-01-31 13:06:39][INFO] debug_ui: new_frame end
[2026-01-31 13:06:39][INFO] renderer:vulkan step 0: draw_frame: wait fence
[2026-01-31 13:06:39][INFO] renderer:vulkan swapchain=93834990305584
[2026-01-31 13:06:39][INFO] renderer:vulkan swapchain images=3 views=3 framebuffers=3 cmd_buffers=3
[2026-01-31 13:06:39][INFO] renderer:vulkan extent=1600x900
[2026-01-31 13:06:39][INFO] renderer:vulkan step 1: vkAcquireNextImageKHR
[2026-01-31 13:06:39][INFO] renderer:vulkan step 2: vkResetCommandBuffer
[2026-01-31 13:06:39][INFO] renderer:vulkan step 3: vkBeginCommandBuffer
[2026-01-31 13:06:39][INFO] renderer:vulkan step 4: swapchain: barrier to color attachment
[2026-01-31 13:06:39][INFO] renderer:vulkan step 5: swapchain: begin render pass
[2026-01-31 13:06:39][INFO] renderer:vulkan step 6: swapchain: clear attachments
[2026-01-31 13:06:39][INFO] renderer:vulkan step 7: imgui: render inside pass
[2026-01-31 13:06:39][INFO] debug_ui: draw_data textures=1
[2026-01-31 13:06:39][INFO] debug_ui: texture 0 status=0 tex_empty=false
[2026-01-31 13:06:39][INFO] debug_ui: render draw_data lists=1 vtx=4 idx=6
[2026-01-31 13:06:39][INFO] renderer:vulkan step 8: swapchain: end render pass
[2026-01-31 13:06:39][INFO] renderer:vulkan step 9: vkEndCommandBuffer
[2026-01-31 13:06:39][INFO] renderer:vulkan step 10: vkQueueSubmit
[2026-01-31 13:06:39][INFO] renderer:vulkan step 11: vkQueuePresentKHR
[2026-01-31 13:06:39][INFO] event: mouse type=1024 x=959 y=248
[2026-01-31 13:06:39][INFO] event: mouse type=1024 x=959 y=249
[2026-01-31 13:06:50][INFO] renderer:vulkan skinned test walk: left_thigh=LeftUpLeg left_calf=none right_thigh=RightUpLeg right_calf=none
[2026-01-31 13:06:50][INFO] physics_basic: input fwd=0 back=0 left=0 right=0 jump=0 sprint=0 dt=0.001000
[2026-01-31 13:06:50][INFO] physics_basic: pos=(0.000000,-0.000010,0.000000) vel=(0.000000,-0.009800,0.000000) grounded=1
[2026-01-31 13:06:50][INFO] physics_basic: input fwd=0 back=0 left=0 right=0 jump=0 sprint=0 dt=0.001000
[2026-01-31 13:06:50][INFO] physics_basic: pos=(0.000000,-0.000010,0.000000) vel=(0.000000,-0.009800,0.000000) grounded=1
[2026-01-31 13:06:50][INFO] physics_basic: input fwd=0 back=0 left=0 right=0 jump=0 sprint=0 dt=0.001000
[2026-01-31 13:06:50][INFO] physics_basic: pos=(0.000000,-0.000010,0.000000) vel=(0.000000,-0.009800,0.000000) grounded=1
[2026-01-31 13:06:50][INFO] physics_basic: input fwd=0 back=0 left=0 right=0 jump=0 sprint=0 dt=0.001000
[2026-01-31 13:06:50][INFO] physics_basic: pos=(0.000000,-0.000010,0.000000) vel=(0.000000,-0.009800,0.000000) grounded=1
[2026-01-31 13:06:50][INFO] physics_basic: input fwd=0 back=0 left=0 right=0 jump=0 sprint=0 dt=0.001000
[2026-01-31 13:06:50][INFO] physics_basic: pos=(0.000000,-0.000010,0.000000) vel=(0.000000,-0.009800,0.000000) grounded=1
[2026-01-31 13:06:50][INFO] physics_basic: input fwd=0 back=0 left=0 right=0 jump=0 sprint=0 dt=0.001000
[2026-01-31 13:06:50][INFO] physics_basic: pos=(0.000000,-0.000010,0.000000) vel=(0.000000,-0.009800,0.000000) grounded=1
[2026-01-31 13:06:50][INFO] physics_basic: input fwd=0 back=0 left=0 right=0 jump=0 sprint=0 dt=0.001000
[2026-01-31 13:06:50][INFO] physics_basic: pos=(0.000000,-0.000010,0.000000) vel=(0.000000,-0.009800,0.000000) grounded=1
[2026-01-31 13:06:50][INFO] physics_basic: input fwd=0 back=0 left=0 right=0 jump=0 sprint=0 dt=0.001000
[2026-01-31 13:06:50][INFO] physics_basic: pos=(0.000000,-0.000010,0.000000) vel=(0.000000,-0.009800,0.000000) grounded=1
[2026-01-31 13:06:50][INFO] physics_basic: input fwd=0 back=0 left=0 right=0 jump=0 sprint=0 dt=0.001000
[2026-01-31 13:06:50][INFO] physics_basic: pos=(0.000000,-0.000010,0.000000) vel=(0.000000,-0.009800,0.000000) grounded=1
[2026-01-31 13:06:50][INFO] physics_basic: input fwd=0 back=0 left=0 right=0 jump=0 sprint=0 dt=0.001000
[2026-01-31 13:06:50][INFO] physics_basic: pos=(0.000000,-0.000010,0.000000) vel=(0.000000,-0.009800,0.000000) grounded=1
[2026-01-31 13:06:50][INFO] physics_basic: input fwd=0 back=0 left=0 right=0 jump=0 sprint=0 dt=0.001000
[2026-01-31 13:06:50][INFO] physics_basic: pos=(0.000000,-0.000010,0.000000) vel=(0.000000,-0.009800,0.000000) grounded=1
[2026-01-31 13:06:50][INFO] physics_basic: input fwd=0 back=0 left=0 right=0 jump=0 sprint=0 dt=0.001000
[2026-01-31 13:06:50][INFO] physics_basic: pos=(0.000000,-0.000010,0.000000) vel=(0.000000,-0.009800,0.000000) grounded=1
[2026-01-31 13:06:50][INFO] physics_basic: input fwd=0 back=0 left=0 right=0 jump=0 sprint=0 dt=0.001000
[2026-01-31 13:06:50][INFO] physics_basic: pos=(0.000000,-0.000010,0.000000) vel=(0.000000,-0.009800,0.000000) grounded=1
[2026-01-31 13:06:50][INFO] physics_basic: input fwd=0 back=0 left=0 right=0 jump=0 sprint=0 dt=0.001000
[2026-01-31 13:06:51][INFO] physics_basic: pos=(0.000000,-0.000010,0.000000) vel=(0.000000,-0.009800,0.000000) grounded=1
[2026-01-31 13:06:51][INFO] physics_basic: input fwd=0 back=0 left=0 right=0 jump=0 sprint=0 dt=0.001000
[2026-01-31 13:06:51][INFO] physics_basic: pos=(0.000000,-0.000010,0.000000) vel=(0.000000,-0.009800,0.000000) grounded=1
[2026-01-31 13:06:51][INFO] physics_basic: input fwd=0 back=0 left=0 right=0 jump=0 sprint=0 dt=0.001000
[2026-01-31 13:06:51][INFO] physics_basic: pos=(0.000000,-0.000010,0.000000) vel=(0.000000,-0.009800,0.000000) grounded=1
[2026-01-31 13:06:51][INFO] physics_basic: input fwd=0 back=0 left=0 right=0 jump=0 sprint=0 dt=0.001000
[2026-01-31 13:06:51][INFO] physics_basic: pos=(0.000000,-0.000010,0.000000) vel=(0.000000,-0.009800,0.000000) grounded=1
[2026-01-31 13:06:51][INFO] physics_basic: input fwd=0 back=0 left=0 right=0 jump=0 sprint=0 dt=0.001000
[2026-01-31 13:06:51][INFO] physics_basic: pos=(0.000000,-0.000010,0.000000) vel=(0.000000,-0.009800,0.000000) grounded=1
[2026-01-31 13:06:51][INFO] physics_basic: input fwd=0 back=0 left=0 right=0 jump=0 sprint=0 dt=0.001000
[2026-01-31 13:06:51][INFO] physics_basic: pos=(0.000000,-0.000010,0.000000) vel=(0.000000,-0.009800,0.000000) grounded=1
[2026-01-31 13:06:51][INFO] physics_basic: input fwd=0 back=0 left=0 right=0 jump=0 sprint=0 dt=0.001000
[2026-01-31 13:06:51][INFO] physics_basic: pos=(0.000000,-0.000010,0.000000) vel=(0.000000,-0.009800,0.000000) grounded=1
[2026-01-31 13:06:51][INFO] physics_basic: input fwd=0 back=0 left=0 right=0 jump=0 sprint=0 dt=0.001000
[2026-01-31 13:06:51][INFO] physics_basic: pos=(0.000000,-0.000010,0.000000) vel=(0.000000,-0.009800,0.000000) grounded=1
[2026-01-31 13:06:51][INFO] physics_basic: input fwd=0 back=0 left=0 right=0 jump=0 sprint=0 dt=0.001000
[2026-01-31 13:06:51][INFO] physics_basic: pos=(0.000000,-0.000010,0.000000) vel=(0.000000,-0.009800,0.000000) grounded=1
[2026-01-31 13:06:51][INFO] physics_basic: input fwd=0 back=0 left=0 right=0 jump=0 sprint=0 dt=0.001000
[2026-01-31 13:06:51][INFO] physics_basic: pos=(0.000000,-0.000010,0.000000) vel=(0.000000,-0.009800,0.000000) grounded=1
[2026-01-31 13:06:51][INFO] physics_basic: input fwd=0 back=0 left=0 right=0 jump=0 sprint=0 dt=0.001000
[2026-01-31 13:06:51][INFO] physics_basic: pos=(0.000000,-0.000010,0.000000) vel=(0.000000,-0.009800,0.000000) grounded=1
[2026-01-31 13:06:51][INFO] physics_basic: input fwd=0 back=0 left=0 right=0 jump=0 sprint=0 dt=0.001000
[2026-01-31 13:06:51][INFO] physics_basic: pos=(0.000000,-0.000010,0.000000) vel=(0.000000,-0.009800,0.000000) grounded=1
[2026-01-31 13:06:51][INFO] physics_basic: input fwd=0 back=0 left=0 right=0 jump=0 sprint=0 dt=0.001000
[2026-01-31 13:06:51][INFO] physics_basic: pos=(0.000000,-0.000010,0.000000) vel=(0.000000,-0.009800,0.000000) grounded=1
[2026-01-31 13:06:51][INFO] physics_basic: input fwd=0 back=0 left=0 right=0 jump=0 sprint=0 dt=0.001000
[2026-01-31 13:06:51][INFO] physics_basic: pos=(0.000000,-0.000010,0.000000) vel=(0.000000,-0.009800,0.000000) grounded=1
[2026-01-31 13:06:51][INFO] physics_basic: input fwd=0 back=0 left=0 right=0 jump=0 sprint=0 dt=0.001000
[2026-01-31 13:06:51][INFO] physics_basic: pos=(0.000000,-0.000010,0.000000) vel=(0.000000,-0.009800,0.000000) grounded=1
[2026-01-31 13:06:51][INFO] physics_basic: input fwd=0 back=0 left=0 right=0 jump=0 sprint=0 dt=0.001000
[2026-01-31 13:06:51][INFO] physics_basic: pos=(0.000000,-0.000010,0.000000) vel=(0.000000,-0.009800,0.000000) grounded=1
[2026-01-31 13:06:51][INFO] physics_basic: input fwd=0 back=0 left=0 right=0 jump=0 sprint=0 dt=0.001000
[2026-01-31 13:06:52][INFO] physics_basic: pos=(0.000000,-0.000010,0.000000) vel=(0.000000,-0.009800,0.000000) grounded=1
[2026-01-31 13:06:52][INFO] physics_basic: input fwd=0 back=0 left=0 right=0 jump=0 sprint=0 dt=0.001000
[2026-01-31 13:06:52][INFO] physics_basic: pos=(0.000000,-0.000010,0.000000) vel=(0.000000,-0.009800,0.000000) grounded=1
[2026-01-31 13:06:52][INFO] physics_basic: input fwd=0 back=0 left=0 right=0 jump=0 sprint=0 dt=0.001000
[2026-01-31 13:06:52][INFO] physics_basic: pos=(0.000000,-0.000010,0.000000) vel=(0.000000,-0.009800,0.000000) grounded=1
[2026-01-31 13:06:52][INFO] physics_basic: input fwd=0 back=0 left=0 right=0 jump=0 sprint=0 dt=0.001000
[2026-01-31 13:06:52][INFO] physics_basic: pos=(0.000000,-0.000010,0.000000) vel=(0.000000,-0.009800,0.000000) grounded=1
[2026-01-31 13:06:52][INFO] physics_basic: input fwd=0 back=0 left=0 right=0 jump=0 sprint=0 dt=0.001000
[2026-01-31 13:06:52][INFO] physics_basic: pos=(0.000000,-0.000010,0.000000) vel=(0.000000,-0.009800,0.000000) grounded=1
[2026-01-31 13:06:52][INFO] physics_basic: input fwd=0 back=0 left=0 right=0 jump=0 sprint=0 dt=0.001000
[2026-01-31 13:06:52][INFO] physics_basic: pos=(0.000000,-0.000010,0.000000) vel=(0.000000,-0.009800,0.000000) grounded=1
[2026-01-31 13:06:52][INFO] physics_basic: input fwd=0 back=0 left=0 right=0 jump=0 sprint=0 dt=0.001000
[2026-01-31 13:06:52][INFO] physics_basic: pos=(0.000000,-0.000010,0.000000) vel=(0.000000,-0.009800,0.000000) grounded=1
[2026-01-31 13:06:52][INFO] physics_basic: input fwd=0 back=0 left=0 right=0 jump=0 sprint=0 dt=0.001000
[2026-01-31 13:06:52][INFO] physics_basic: pos=(0.000000,-0.000010,0.000000) vel=(0.000000,-0.009800,0.000000) grounded=1
[2026-01-31 13:06:52][INFO] physics_basic: input fwd=0 back=0 left=0 right=0 jump=0 sprint=0 dt=0.001000
[2026-01-31 13:06:52][INFO] physics_basic: pos=(0.000000,-0.000010,0.000000) vel=(0.000000,-0.009800,0.000000) grounded=1
[2026-01-31 13:06:52][INFO] physics_basic: input fwd=0 back=0 left=0 right=0 jump=0 sprint=0 dt=0.001000
[2026-01-31 13:06:52][INFO] physics_basic: pos=(0.000000,-0.000010,0.000000) vel=(0.000000,-0.009800,0.000000) grounded=1
[2026-01-31 13:06:52][INFO] physics_basic: input fwd=0 back=0 left=0 right=0 jump=0 sprint=0 dt=0.001000
[2026-01-31 13:06:52][INFO] physics_basic: pos=(0.000000,-0.000010,0.000000) vel=(0.000000,-0.009800,0.000000) grounded=1
[2026-01-31 13:06:52][INFO] physics_basic: input fwd=0 back=0 left=0 right=0 jump=0 sprint=0 dt=0.001000
[2026-01-31 13:06:52][INFO] physics_basic: pos=(0.000000,-0.000010,0.000000) vel=(0.000000,-0.009800,0.000000) grounded=1
[2026-01-31 13:06:52][INFO] physics_basic: input fwd=0 back=0 left=0 right=0 jump=0 sprint=0 dt=0.001000
[2026-01-31 13:06:52][INFO] physics_basic: pos=(0.000000,-0.000010,0.000000) vel=(0.000000,-0.009800,0.000000) grounded=1
[2026-01-31 13:06:52][INFO] physics_basic: input fwd=0 back=0 left=0 right=0 jump=0 sprint=0 dt=0.001000
[2026-01-31 13:06:52][INFO] physics_basic: pos=(0.000000,-0.000010,0.000000) vel=(0.000000,-0.009800,0.000000) grounded=1
[2026-01-31 13:06:52][INFO] physics_basic: input fwd=0 back=0 left=0 right=0 jump=0 sprint=0 dt=0.001000
[2026-01-31 13:06:52][INFO] physics_basic: pos=(0.000000,-0.000010,0.000000) vel=(0.000000,-0.009800,0.000000) grounded=1
[2026-01-31 13:06:52][INFO] physics_basic: input fwd=0 back=0 left=0 right=0 jump=0 sprint=0 dt=0.001000
[2026-01-31 13:06:52][INFO] physics_basic: pos=(0.000000,-0.000010,0.000000) vel=(0.000000,-0.009800,0.000000) grounded=1
[2026-01-31 13:06:52][INFO] physics_basic: input fwd=0 back=0 left=0 right=0 jump=0 sprint=0 dt=0.001000
[2026-01-31 13:06:52][INFO] physics_basic: pos=(0.000000,-0.000010,0.000000) vel=(0.000000,-0.009800,0.000000) grounded=1
[2026-01-31 13:06:52][INFO] physics_basic: input fwd=0 back=0 left=0 right=0 jump=0 sprint=0 dt=0.001000
[2026-01-31 13:06:53][INFO] platform: key_down scancode=26 code=1
[2026-01-31 13:06:53][INFO] input: action=MoveForward key=1 down=1
[2026-01-31 13:06:53][INFO] physics_basic: pos=(0.002804,-0.000010,-0.001949) vel=(0.546007,-0.009800,-0.379623) grounded=1
[2026-01-31 13:06:53][INFO] physics_basic: input fwd=1 back=0 left=0 right=0 jump=0 sprint=0 dt=0.001000
[2026-01-31 13:06:53][INFO] input: action=MoveForward key=1 down=1
[2026-01-31 13:06:53][INFO] input: action=MoveForward key=1 down=1
[2026-01-31 13:06:53][INFO] input: action=MoveForward key=1 down=1
[2026-01-31 13:06:53][INFO] physics_basic: pos=(0.108172,-0.000010,-0.075209) vel=(2.486075,-0.009800,-1.728497) grounded=1
[2026-01-31 13:06:53][INFO] physics_basic: input fwd=1 back=0 left=0 right=0 jump=0 sprint=0 dt=0.001000
[2026-01-31 13:06:53][INFO] input: action=MoveForward key=1 down=1
[2026-01-31 13:06:53][INFO] input: action=MoveForward key=1 down=1
[2026-01-31 13:06:53][INFO] input: action=MoveForward key=1 down=1
[2026-01-31 13:06:53][INFO] physics_basic: pos=(0.277753,-0.000010,-0.193114) vel=(3.046720,-0.009800,-2.118298) grounded=1
[2026-01-31 13:06:53][INFO] physics_basic: input fwd=1 back=0 left=0 right=0 jump=0 sprint=0 dt=0.001000
[2026-01-31 13:06:53][INFO] input: action=MoveForward key=1 down=1
[2026-01-31 13:06:53][INFO] input: action=MoveForward key=1 down=1
[2026-01-31 13:06:53][INFO] input: action=MoveForward key=1 down=1
[2026-01-31 13:06:53][INFO] physics_basic: pos=(0.466574,-0.000010,-0.324516) vel=(3.207190,-0.009800,-2.243324) grounded=1
[2026-01-31 13:06:53][INFO] physics_basic: input fwd=1 back=0 left=0 right=0 jump=0 sprint=0 dt=0.001000
[2026-01-31 13:06:53][INFO] input: action=MoveForward key=1 down=1
[2026-01-31 13:06:53][INFO] input: action=MoveForward key=1 down=1
[2026-01-31 13:06:53][INFO] input: action=MoveForward key=1 down=1
[2026-01-31 13:06:53][INFO] physics_basic: pos=(0.663633,-0.000010,-0.463274) vel=(3.245463,-0.009800,-2.294918) grounded=1
[2026-01-31 13:06:53][INFO] physics_basic: input fwd=1 back=0 left=0 right=0 jump=0 sprint=0 dt=0.001000
[2026-01-31 13:06:53][INFO] input: action=MoveForward key=1 down=1
[2026-01-31 13:06:53][INFO] input: action=MoveForward key=1 down=1
[2026-01-31 13:06:53][INFO] input: action=MoveForward key=1 down=1
[2026-01-31 13:06:53][INFO] physics_basic: pos=(0.858764,-0.000010,-0.601512) vel=(3.256524,-0.009800,-2.309828) grounded=1
[2026-01-31 13:06:53][INFO] physics_basic: input fwd=1 back=0 left=0 right=0 jump=0 sprint=0 dt=0.001000
[2026-01-31 13:06:53][INFO] input: action=MoveForward key=1 down=1
[2026-01-31 13:06:53][INFO] input: action=MoveForward key=1 down=1
[2026-01-31 13:06:53][INFO] input: action=MoveForward key=1 down=1
[2026-01-31 13:06:53][INFO] physics_basic: pos=(1.057535,-0.000010,-0.742577) vel=(3.259842,-0.009800,-2.314303) grounded=1
[2026-01-31 13:06:53][INFO] physics_basic: input fwd=1 back=0 left=0 right=0 jump=0 sprint=0 dt=0.001000
[2026-01-31 13:06:53][INFO] input: action=MoveForward key=1 down=1
[2026-01-31 13:06:53][INFO] input: action=MoveForward key=1 down=1
[2026-01-31 13:06:53][INFO] input: action=MoveForward key=1 down=1
[2026-01-31 13:06:53][INFO] physics_basic: pos=(1.250317,-0.000010,-0.885135) vel=(3.106999,-0.009800,-2.507190) grounded=1
[2026-01-31 13:06:53][INFO] physics_basic: input fwd=1 back=0 left=0 right=0 jump=0 sprint=0 dt=0.001000
[2026-01-31 13:06:53][INFO] input: action=MoveForward key=1 down=1
[2026-01-31 13:06:53][INFO] input: action=MoveForward key=1 down=1
[2026-01-31 13:06:53][INFO] input: action=MoveForward key=1 down=1
[2026-01-31 13:06:53][INFO] physics_basic: pos=(1.424757,-0.000010,-1.048197) vel=(2.688395,-0.009800,-2.928615) grounded=1
[2026-01-31 13:06:53][INFO] physics_basic: input fwd=1 back=0 left=0 right=0 jump=0 sprint=0 dt=0.001000
[2026-01-31 13:06:53][INFO] input: action=MoveForward key=1 down=1
[2026-01-31 13:06:53][INFO] input: action=MoveForward key=1 down=1
[2026-01-31 13:06:53][INFO] input: action=MoveForward key=1 down=1
[2026-01-31 13:06:53][INFO] physics_basic: pos=(1.569791,-0.000010,-1.236699) vel=(2.140832,-0.009800,-3.336695) grounded=1
[2026-01-31 13:06:53][INFO] physics_basic: input fwd=1 back=0 left=0 right=0 jump=0 sprint=0 dt=0.001000
[2026-01-31 13:06:53][INFO] input: action=MoveForward key=1 down=1
[2026-01-31 13:06:53][INFO] platform: key_down scancode=26 code=1
[2026-01-31 13:06:53][INFO] input: action=MoveForward key=1 down=1
[2026-01-31 13:06:53][INFO] input: action=MoveForward key=1 down=1
[2026-01-31 13:06:53][INFO] physics_basic: pos=(1.682225,-0.000010,-1.450435) vel=(1.560003,-0.009800,-3.645113) grounded=1
[2026-01-31 13:06:53][INFO] physics_basic: input fwd=1 back=0 left=0 right=0 jump=0 sprint=0 dt=0.001000
[2026-01-31 13:06:53][INFO] platform: key_down scancode=26 code=1
[2026-01-31 13:06:53][INFO] input: action=MoveForward key=1 down=1
[2026-01-31 13:06:53][INFO] input: action=MoveForward key=1 down=1
[2026-01-31 13:06:53][INFO] input: action=MoveForward key=1 down=1
[2026-01-31 13:06:53][INFO] platform: key_down scancode=26 code=1
[2026-01-31 13:06:53][INFO] physics_basic: pos=(1.761082,-0.000010,-1.679114) vel=(1.043353,-0.009800,-3.833133) grounded=1
[2026-01-31 13:06:53][INFO] physics_basic: input fwd=1 back=0 left=0 right=0 jump=0 sprint=0 dt=0.001000
[2026-01-31 13:06:53][INFO] input: action=MoveForward key=1 down=1
[2026-01-31 13:06:53][INFO] platform: key_down scancode=26 code=1
[2026-01-31 13:06:53][INFO] input: action=MoveForward key=1 down=1
[2026-01-31 13:06:53][INFO] input: action=MoveForward key=1 down=1
[2026-01-31 13:06:53][INFO] physics_basic: pos=(1.811226,-0.000010,-1.916366) vel=(0.617922,-0.009800,-3.932940) grounded=1
[2026-01-31 13:06:53][INFO] physics_basic: input fwd=1 back=0 left=0 right=0 jump=0 sprint=0 dt=0.001000
[2026-01-31 13:06:53][INFO] platform: key_down scancode=26 code=1
[2026-01-31 13:06:53][INFO] input: action=MoveForward key=1 down=1
[2026-01-31 13:06:53][INFO] input: action=MoveForward key=1 down=1
[2026-01-31 13:06:53][INFO] platform: key_down scancode=26 code=1
[2026-01-31 13:06:53][INFO] input: action=MoveForward key=1 down=1
[2026-01-31 13:06:53][INFO] physics_basic: pos=(1.837889,-0.000010,-2.153898) vel=(0.279786,-0.009800,-3.977653) grounded=1
[2026-01-31 13:06:53][INFO] physics_basic: input fwd=1 back=0 left=0 right=0 jump=0 sprint=0 dt=0.001000
[2026-01-31 13:06:53][INFO] input: action=MoveForward key=1 down=1
[2026-01-31 13:06:53][INFO] platform: key_down scancode=26 code=1
[2026-01-31 13:06:53][INFO] input: action=MoveForward key=1 down=1
[2026-01-31 13:06:53][INFO] input: action=MoveForward key=1 down=1
[2026-01-31 13:06:53][INFO] physics_basic: pos=(1.840638,-0.000010,-2.396824) vel=(-0.191478,-0.009800,-3.978452) grounded=1
[2026-01-31 13:06:53][INFO] physics_basic: input fwd=1 back=0 left=0 right=0 jump=0 sprint=0 dt=0.001000
[2026-01-31 13:06:53][INFO] platform: key_down scancode=26 code=1
[2026-01-31 13:06:53][INFO] input: action=MoveForward key=1 down=1
[2026-01-31 13:06:53][INFO] input: action=MoveForward key=1 down=1
[2026-01-31 13:06:53][INFO] platform: key_down scancode=26 code=1
[2026-01-31 13:06:53][INFO] input: action=MoveForward key=1 down=1
[2026-01-31 13:06:53][INFO] physics_basic: pos=(1.809565,-0.000010,-2.636990) vel=(-0.886568,-0.009800,-3.860230) grounded=1
[2026-01-31 13:06:53][INFO] physics_basic: input fwd=1 back=0 left=0 right=0 jump=0 sprint=0 dt=0.001000
[2026-01-31 13:06:53][INFO] input: action=MoveForward key=1 down=1
[2026-01-31 13:06:53][INFO] platform: key_down scancode=26 code=1
[2026-01-31 13:06:53][INFO] input: action=MoveForward key=1 down=1
[2026-01-31 13:06:53][INFO] input: action=MoveForward key=1 down=1
[2026-01-31 13:06:53][INFO] physics_basic: pos=(1.727923,-0.000010,-2.858164) vel=(-1.835582,-0.009800,-3.465036) grounded=1
[2026-01-31 13:06:53][INFO] physics_basic: input fwd=1 back=0 left=0 right=0 jump=0 sprint=0 dt=0.001000
[2026-01-31 13:06:54][INFO] platform: key_down scancode=26 code=1
[2026-01-31 13:06:54][INFO] input: action=MoveForward key=1 down=1
[2026-01-31 13:06:54][INFO] input: action=MoveForward key=1 down=1
[2026-01-31 13:06:54][INFO] platform: key_down scancode=26 code=1
[2026-01-31 13:06:54][INFO] input: action=MoveForward key=1 down=1
[2026-01-31 13:06:54][INFO] physics_basic: pos=(1.590550,-0.000010,-3.047643) vel=(-2.678007,-0.009800,-2.853517) grounded=1
[2026-01-31 13:06:54][INFO] physics_basic: input fwd=1 back=0 left=0 right=0 jump=0 sprint=0 dt=0.001000
[2026-01-31 13:06:54][INFO] input: action=MoveForward key=1 down=1
[2026-01-31 13:06:54][INFO] platform: key_down scancode=26 code=1
[2026-01-31 13:06:54][INFO] input: action=MoveForward key=1 down=1
[2026-01-31 13:06:54][INFO] input: action=MoveForward key=1 down=1
[2026-01-31 13:06:54][INFO] physics_basic: pos=(1.412297,-0.000010,-3.201051) vel=(-3.206749,-0.009800,-2.289968) grounded=1
[2026-01-31 13:06:54][INFO] physics_basic: input fwd=1 back=0 left=0 right=0 jump=0 sprint=0 dt=0.001000
[2026-01-31 13:06:54][INFO] platform: key_down scancode=26 code=1
[2026-01-31 13:06:54][INFO] input: action=MoveForward key=1 down=1
[2026-01-31 13:06:54][INFO] input: action=MoveForward key=1 down=1
[2026-01-31 13:06:54][INFO] input: action=MoveForward key=1 down=1
[2026-01-31 13:06:54][INFO] platform: key_down scancode=26 code=1
[2026-01-31 13:06:54][INFO] physics_basic: pos=(1.208001,-0.000010,-3.329637) vel=(-3.451677,-0.009800,-1.969745) grounded=1
[2026-01-31 13:06:54][INFO] physics_basic: input fwd=1 back=0 left=0 right=0 jump=0 sprint=0 dt=0.001000
[2026-01-31 13:06:54][INFO] input: action=MoveForward key=1 down=1
[2026-01-31 13:06:54][INFO] platform: key_down scancode=26 code=1
[2026-01-31 13:06:54][INFO] input: action=MoveForward key=1 down=1
[2026-01-31 13:06:54][INFO] input: action=MoveForward key=1 down=1
[2026-01-31 13:06:54][INFO] physics_basic: pos=(0.997213,-0.000010,-3.442253) vel=(-3.556171,-0.009800,-1.810160) grounded=1
[2026-01-31 13:06:54][INFO] physics_basic: input fwd=1 back=0 left=0 right=0 jump=0 sprint=0 dt=0.001000
[2026-01-31 13:06:54][INFO] platform: key_down scancode=26 code=1
[2026-01-31 13:06:54][INFO] input: action=MoveForward key=1 down=1
[2026-01-31 13:06:54][INFO] input: action=MoveForward key=1 down=1
[2026-01-31 13:06:54][INFO] platform: key_down scancode=26 code=1
[2026-01-31 13:06:54][INFO] input: action=MoveForward key=1 down=1
[2026-01-31 13:06:54][INFO] physics_basic: pos=(0.778062,-0.000010,-3.548604) vel=(-3.632892,-0.009800,-1.662736) grounded=1
[2026-01-31 13:06:54][INFO] physics_basic: input fwd=1 back=0 left=0 right=0 jump=0 sprint=0 dt=0.001000
[2026-01-31 13:06:54][INFO] input: action=MoveForward key=1 down=1
[2026-01-31 13:06:54][INFO] platform: key_down scancode=26 code=1
[2026-01-31 13:06:54][INFO] input: action=MoveForward key=1 down=1
[2026-01-31 13:06:54][INFO] input: action=MoveForward key=1 down=1
[2026-01-31 13:06:54][INFO] physics_basic: pos=(0.557867,-0.000010,-3.643432) vel=(-3.707263,-0.009800,-1.492480) grounded=1
[2026-01-31 13:06:54][INFO] physics_basic: input fwd=1 back=0 left=0 right=0 jump=0 sprint=0 dt=0.001000
[2026-01-31 13:06:54][INFO] platform: key_down scancode=26 code=1
[2026-01-31 13:06:54][INFO] input: action=MoveForward key=1 down=1
[2026-01-31 13:06:54][INFO] input: action=MoveForward key=1 down=1
[2026-01-31 13:06:54][INFO] platform: key_down scancode=26 code=1
[2026-01-31 13:06:54][INFO] input: action=MoveForward key=1 down=1
[2026-01-31 13:06:54][INFO] physics_basic: pos=(0.332285,-0.000010,-3.723859) vel=(-3.827767,-0.009800,-1.109758) grounded=1
[2026-01-31 13:06:54][INFO] physics_basic: input fwd=1 back=0 left=0 right=0 jump=0 sprint=0 dt=0.001000
[2026-01-31 13:06:54][INFO] input: action=MoveForward key=1 down=1
[2026-01-31 13:06:54][INFO] input: action=MoveForward key=1 down=1
[2026-01-31 13:06:54][INFO] platform: key_down scancode=26 code=1
[2026-01-31 13:06:54][INFO] input: action=MoveForward key=1 down=1
[2026-01-31 13:06:54][INFO] physics_basic: pos=(0.098738,-0.000010,-3.771894) vel=(-3.940274,-0.009800,-0.532203) grounded=1
[2026-01-31 13:06:54][INFO] input: action=MoveForward key=1 down=1
[2026-01-31 13:06:54][INFO] physics_basic: input fwd=1 back=0 left=0 right=0 jump=0 sprint=0 dt=0.001000
[2026-01-31 13:06:54][INFO] platform: key_down scancode=26 code=1
[2026-01-31 13:06:54][INFO] input: action=MoveForward key=1 down=1
[2026-01-31 13:06:54][INFO] input: action=MoveForward key=1 down=1
[2026-01-31 13:06:54][INFO] platform: key_down scancode=26 code=1
[2026-01-31 13:06:54][INFO] input: action=MoveForward key=1 down=1
[2026-01-31 13:06:54][INFO] physics_basic: pos=(-0.147095,-0.000010,-3.794013) vel=(-3.981461,-0.009800,-0.179200) grounded=1
[2026-01-31 13:06:54][INFO] physics_basic: input fwd=1 back=0 left=0 right=0 jump=0 sprint=0 dt=0.001000
[2026-01-31 13:06:54][INFO] input: action=MoveForward key=1 down=1
[2026-01-31 13:06:54][INFO] platform: key_down scancode=26 code=1
[2026-01-31 13:06:54][INFO] input: action=MoveForward key=1 down=1
[2026-01-31 13:06:54][INFO] input: action=MoveForward key=1 down=1
[2026-01-31 13:06:54][INFO] physics_basic: pos=(-0.385440,-0.000010,-3.787700) vel=(-3.934387,-0.009800,0.476572) grounded=1
[2026-01-31 13:06:54][INFO] physics_basic: input fwd=1 back=0 left=0 right=0 jump=0 sprint=0 dt=0.001000
[2026-01-31 13:06:54][INFO] platform: key_down scancode=26 code=1
[2026-01-31 13:06:54][INFO] input: action=MoveForward key=1 down=1
[2026-01-31 13:06:54][INFO] input: action=MoveForward key=1 down=1
[2026-01-31 13:06:54][INFO] platform: key_down scancode=26 code=1
[2026-01-31 13:06:54][INFO] input: action=MoveForward key=1 down=1
[2026-01-31 13:06:54][INFO] physics_basic: pos=(-0.616583,-0.000010,-3.726139) vel=(-3.595155,-0.009800,1.543060) grounded=1
[2026-01-31 13:06:54][INFO] physics_basic: input fwd=1 back=0 left=0 right=0 jump=0 sprint=0 dt=0.001000
[2026-01-31 13:06:54][INFO] input: action=MoveForward key=1 down=1
[2026-01-31 13:06:54][INFO] platform: key_down scancode=26 code=1
[2026-01-31 13:06:54][INFO] input: action=MoveForward key=1 down=1
[2026-01-31 13:06:54][INFO] input: action=MoveForward key=1 down=1
[2026-01-31 13:06:54][INFO] physics_basic: pos=(-0.819019,-0.000010,-3.607774) vel=(-3.158891,-0.009800,2.333479) grounded=1
[2026-01-31 13:06:54][INFO] platform: key_down scancode=26 code=1
[2026-01-31 13:06:54][INFO] physics_basic: input fwd=1 back=0 left=0 right=0 jump=0 sprint=0 dt=0.001000
[2026-01-31 13:06:54][INFO] input: action=MoveForward key=1 down=1
[2026-01-31 13:06:54][INFO] input: action=MoveForward key=1 down=1
[2026-01-31 13:06:54][INFO] platform: key_down scancode=26 code=1
[2026-01-31 13:06:54][INFO] input: action=MoveForward key=1 down=1
[2026-01-31 13:06:54][INFO] physics_basic: pos=(-0.997628,-0.000010,-3.452738) vel=(-2.822179,-0.009800,2.779604) grounded=1
[2026-01-31 13:06:54][INFO] physics_basic: input fwd=1 back=0 left=0 right=0 jump=0 sprint=0 dt=0.001000
[2026-01-31 13:06:54][INFO] input: action=MoveForward key=1 down=1
[2026-01-31 13:06:54][INFO] platform: key_down scancode=26 code=1
[2026-01-31 13:06:54][INFO] input: action=MoveForward key=1 down=1
[2026-01-31 13:06:54][INFO] input: action=MoveForward key=1 down=1
[2026-01-31 13:06:54][INFO] physics_basic: pos=(-1.158692,-0.000010,-3.277195) vel=(-2.557298,-0.009800,3.050038) grounded=1
[2026-01-31 13:06:54][INFO] platform: key_down scancode=26 code=1
[2026-01-31 13:06:54][INFO] physics_basic: input fwd=1 back=0 left=0 right=0 jump=0 sprint=0 dt=0.001000
[2026-01-31 13:06:54][INFO] input: action=MoveForward key=1 down=1
[2026-01-31 13:06:54][INFO] input: action=MoveForward key=1 down=1
[2026-01-31 13:06:54][INFO] platform: key_down scancode=26 code=1
[2026-01-31 13:06:54][INFO] input: action=MoveForward key=1 down=1
[2026-01-31 13:06:54][INFO] physics_basic: pos=(-1.306985,-0.000010,-3.084687) vel=(-2.274890,-0.009800,3.272156) grounded=1
[2026-01-31 13:06:54][INFO] physics_basic: input fwd=1 back=0 left=0 right=0 jump=0 sprint=0 dt=0.001000
[2026-01-31 13:06:54][INFO] input: action=MoveForward key=1 down=1
[2026-01-31 13:06:54][INFO] platform: key_down scancode=26 code=1
[2026-01-31 13:06:54][INFO] input: action=MoveForward key=1 down=1
[2026-01-31 13:06:54][INFO] input: action=MoveForward key=1 down=1
[2026-01-31 13:06:54][INFO] platform: key_down scancode=26 code=1
[2026-01-31 13:06:54][INFO] physics_basic: pos=(-1.426786,-0.000010,-2.874477) vel=(-1.579787,-0.009800,3.624844) grounded=1
[2026-01-31 13:06:54][INFO] physics_basic: input fwd=1 back=0 left=0 right=0 jump=0 sprint=0 dt=0.001000
[2026-01-31 13:06:54][INFO] input: action=MoveForward key=1 down=1
[2026-01-31 13:06:54][INFO] input: action=MoveForward key=1 down=1
[2026-01-31 13:06:55][INFO] platform: key_down scancode=26 code=1
[2026-01-31 13:06:55][INFO] input: action=MoveForward key=1 down=1
[2026-01-31 13:06:55][INFO] physics_basic: pos=(-1.486175,-0.000010,-2.647870) vel=(-0.427489,-0.009800,3.879699) grounded=1
[2026-01-31 13:06:55][INFO] physics_basic: input fwd=1 back=0 left=0 right=0 jump=0 sprint=0 dt=0.001000
[2026-01-31 13:06:55][INFO] input: action=MoveForward key=1 down=1
[2026-01-31 13:06:55][INFO] platform: key_down scancode=26 code=1
[2026-01-31 13:06:55][INFO] input: action=MoveForward key=1 down=1
[2026-01-31 13:06:55][INFO] input: action=MoveForward key=1 down=1
[2026-01-31 13:06:55][INFO] platform: key_down scancode=26 code=1
[2026-01-31 13:06:55][INFO] physics_basic: pos=(-1.491101,-0.000010,-2.408518) vel=(0.171893,-0.009800,3.949131) grounded=1
[2026-01-31 13:06:55][INFO] physics_basic: input fwd=1 back=0 left=0 right=0 jump=0 sprint=0 dt=0.001000
[2026-01-31 13:06:55][INFO] input: action=MoveForward key=1 down=1
[2026-01-31 13:06:55][INFO] input: action=MoveForward key=1 down=1
[2026-01-31 13:06:55][INFO] platform: key_down scancode=26 code=1
[2026-01-31 13:06:55][INFO] input: action=MoveForward key=1 down=1
[2026-01-31 13:06:55][INFO] physics_basic: pos=(-1.472027,-0.000010,-2.171120) vel=(0.425860,-0.009800,3.959702) grounded=1
[2026-01-31 13:06:55][INFO] physics_basic: input fwd=1 back=0 left=0 right=0 jump=0 sprint=0 dt=0.001000
[2026-01-31 13:06:55][INFO] input: action=MoveForward key=1 down=1
[2026-01-31 13:06:55][INFO] platform: key_down scancode=26 code=1
[2026-01-31 13:06:55][INFO] input: action=MoveForward key=1 down=1
[2026-01-31 13:06:55][INFO] input: action=MoveForward key=1 down=1
[2026-01-31 13:06:55][INFO] platform: key_down scancode=26 code=1
[2026-01-31 13:06:55][INFO] physics_basic: pos=(-1.440953,-0.000010,-1.933836) vel=(0.596376,-0.009800,3.948376) grounded=1
[2026-01-31 13:06:55][INFO] physics_basic: input fwd=1 back=0 left=0 right=0 jump=0 sprint=0 dt=0.001000
[2026-01-31 13:06:55][INFO] input: action=MoveForward key=1 down=1
[2026-01-31 13:06:55][INFO] input: action=MoveForward key=1 down=1
[2026-01-31 13:06:55][INFO] platform: key_down scancode=26 code=1
[2026-01-31 13:06:55][INFO] input: action=MoveForward key=1 down=1
[2026-01-31 13:06:55][INFO] input: action=MoveForward key=1 down=1
[2026-01-31 13:06:55][INFO] physics_basic: pos=(-1.401278,-0.000010,-1.697423) vel=(0.719905,-0.009800,3.931691) grounded=1
[2026-01-31 13:06:55][INFO] physics_basic: input fwd=1 back=0 left=0 right=0 jump=0 sprint=0 dt=0.001000
[2026-01-31 13:06:55][INFO] platform: key_down scancode=26 code=1
[2026-01-31 13:06:55][INFO] input: action=MoveForward key=1 down=1
[2026-01-31 13:06:55][INFO] input: action=MoveForward key=1 down=1
[2026-01-31 13:06:55][INFO] platform: key_down scancode=26 code=1
[2026-01-31 13:06:55][INFO] physics_basic: pos=(-1.355649,-0.000010,-1.461922) vel=(0.786771,-0.009800,3.920720) grounded=1
[2026-01-31 13:06:55][INFO] physics_basic: input fwd=1 back=0 left=0 right=0 jump=0 sprint=0 dt=0.001000
[2026-01-31 13:06:55][INFO] input: action=MoveForward key=1 down=1
[2026-01-31 13:06:55][INFO] input: action=MoveForward key=1 down=1
[2026-01-31 13:06:55][INFO] platform: key_down scancode=26 code=1
[2026-01-31 13:06:55][INFO] input: action=MoveForward key=1 down=1
[2026-01-31 13:06:55][INFO] physics_basic: pos=(-1.303978,-0.000010,-1.223549) vel=(0.925911,-0.009800,3.889500) grounded=1
[2026-01-31 13:06:55][INFO] physics_basic: input fwd=1 back=0 left=0 right=0 jump=0 sprint=0 dt=0.001000
[2026-01-31 13:06:55][INFO] input: action=MoveForward key=1 down=1
[2026-01-31 13:06:55][INFO] platform: key_down scancode=26 code=1
[2026-01-31 13:06:55][INFO] input: action=MoveForward key=1 down=1
[2026-01-31 13:06:55][INFO] input: action=MoveForward key=1 down=1
[2026-01-31 13:06:55][INFO] platform: key_down scancode=26 code=1
[2026-01-31 13:06:55][INFO] physics_basic: pos=(-1.239957,-0.000010,-0.992601) vel=(1.248448,-0.009800,3.790711) grounded=1
[2026-01-31 13:06:55][INFO] physics_basic: input fwd=1 back=0 left=0 right=0 jump=0 sprint=0 dt=0.001000
[2026-01-31 13:06:55][INFO] input: action=MoveForward key=1 down=1
[2026-01-31 13:06:55][INFO] input: action=MoveForward key=1 down=1
[2026-01-31 13:06:55][INFO] platform: key_down scancode=26 code=1
[2026-01-31 13:06:55][INFO] input: action=MoveForward key=1 down=1
[2026-01-31 13:06:55][INFO] physics_basic: pos=(-1.148464,-0.000010,-0.772238) vel=(1.852883,-0.009800,3.505338) grounded=1
[2026-01-31 13:06:55][INFO] physics_basic: input fwd=1 back=0 left=0 right=0 jump=0 sprint=0 dt=0.001000
[2026-01-31 13:06:55][INFO] input: action=MoveForward key=1 down=1
[2026-01-31 13:06:55][INFO] platform: key_down scancode=26 code=1
[2026-01-31 13:06:55][INFO] input: action=MoveForward key=1 down=1
[2026-01-31 13:06:55][INFO] input: action=MoveForward key=1 down=1
[2026-01-31 13:06:55][INFO] platform: key_down scancode=26 code=1
[2026-01-31 13:06:55][INFO] physics_basic: pos=(-1.010805,-0.000010,-0.575312) vel=(2.583187,-0.009800,2.982516) grounded=1
[2026-01-31 13:06:55][INFO] physics_basic: input fwd=1 back=0 left=0 right=0 jump=0 sprint=0 dt=0.001000
[2026-01-31 13:06:55][INFO] input: action=MoveForward key=1 down=1
[2026-01-31 13:06:55][INFO] input: action=MoveForward key=1 down=1
[2026-01-31 13:06:55][INFO] platform: key_down scancode=26 code=1
[2026-01-31 13:06:55][INFO] input: action=MoveForward key=1 down=1
[2026-01-31 13:06:55][INFO] physics_basic: pos=(-0.840588,-0.000010,-0.410641) vel=(3.047303,-0.009800,2.528808) grounded=1
[2026-01-31 13:06:55][INFO] physics_basic: input fwd=1 back=0 left=0 right=0 jump=0 sprint=0 dt=0.001000
[2026-01-31 13:06:55][INFO] input: action=MoveForward key=1 down=1
[2026-01-31 13:06:55][INFO] platform: key_down scancode=26 code=1
[2026-01-31 13:06:55][INFO] input: action=MoveForward key=1 down=1
[2026-01-31 13:06:55][INFO] input: action=MoveForward key=1 down=1
[2026-01-31 13:06:55][INFO] platform: key_down scancode=26 code=1
[2026-01-31 13:06:55][INFO] physics_basic: pos=(-0.650230,-0.000010,-0.267359) vel=(3.269565,-0.009800,2.272515) grounded=1
[2026-01-31 13:06:55][INFO] physics_basic: input fwd=1 back=0 left=0 right=0 jump=0 sprint=0 dt=0.001000
[2026-01-31 13:06:55][INFO] input: action=MoveForward key=1 down=1
[2026-01-31 13:06:55][INFO] input: action=MoveForward key=1 down=1
[2026-01-31 13:06:55][INFO] platform: key_down scancode=26 code=1
[2026-01-31 13:06:55][INFO] input: action=MoveForward key=1 down=1
[2026-01-31 13:06:55][INFO] physics_basic: pos=(-0.449523,-0.000010,-0.137235) vel=(3.409605,-0.009800,2.074691) grounded=1
[2026-01-31 13:06:55][INFO] physics_basic: input fwd=1 back=0 left=0 right=0 jump=0 sprint=0 dt=0.001000
[2026-01-31 13:06:55][INFO] input: action=MoveForward key=1 down=1
[2026-01-31 13:06:55][INFO] platform: key_down scancode=26 code=1
[2026-01-31 13:06:55][INFO] input: action=MoveForward key=1 down=1
[2026-01-31 13:06:55][INFO] input: action=MoveForward key=1 down=1
[2026-01-31 13:06:55][INFO] platform: key_down scancode=26 code=1
[2026-01-31 13:06:55][INFO] physics_basic: pos=(-0.235953,-0.000010,-0.021106) vel=(3.631080,-0.009800,1.613785) grounded=1
[2026-01-31 13:06:55][INFO] physics_basic: input fwd=1 back=0 left=0 right=0 jump=0 sprint=0 dt=0.001000
[2026-01-31 13:06:55][INFO] input: action=MoveForward key=1 down=1
[2026-01-31 13:06:55][INFO] input: action=MoveForward key=1 down=1
[2026-01-31 13:06:55][INFO] platform: key_down scancode=26 code=1
[2026-01-31 13:06:55][INFO] input: action=MoveForward key=1 down=1
[2026-01-31 13:06:55][INFO] physics_basic: pos=(-0.009835,-0.000010,0.049429) vel=(3.869305,-0.009800,0.806532) grounded=1
[2026-01-31 13:06:55][INFO] physics_basic: input fwd=1 back=0 left=0 right=0 jump=0 sprint=0 dt=0.001000
[2026-01-31 13:06:55][INFO] platform: key_down scancode=26 code=1
[2026-01-31 13:06:55][INFO] input: action=MoveForward key=1 down=1
[2026-01-31 13:06:55][INFO] input: action=MoveForward key=1 down=1
[2026-01-31 13:06:55][INFO] input: action=MoveForward key=1 down=1
[2026-01-31 13:06:55][INFO] platform: key_down scancode=26 code=1
[2026-01-31 13:06:55][INFO] physics_basic: pos=(0.229470,-0.000010,0.083141) vel=(3.958668,-0.009800,0.367733) grounded=1
[2026-01-31 13:06:55][INFO] physics_basic: input fwd=1 back=0 left=0 right=0 jump=0 sprint=0 dt=0.001000
[2026-01-31 13:06:55][INFO] input: action=MoveForward key=1 down=1
[2026-01-31 13:06:55][INFO] input: action=MoveForward key=1 down=1
[2026-01-31 13:06:55][INFO] platform: key_down scancode=26 code=1
[2026-01-31 13:06:55][INFO] input: action=MoveForward key=1 down=1
[2026-01-31 13:06:55][INFO] physics_basic: pos=(0.472007,-0.000010,0.098257) vel=(3.987462,-0.009800,0.156189) grounded=1
[2026-01-31 13:06:55][INFO] physics_basic: input fwd=1 back=0 left=0 right=0 jump=0 sprint=0 dt=0.001000
[2026-01-31 13:06:55][INFO] input: action=MoveForward key=1 down=1
[2026-01-31 13:06:56][INFO] platform: key_down scancode=26 code=1
[2026-01-31 13:06:56][INFO] input: action=MoveForward key=1 down=1
[2026-01-31 13:06:56][INFO] input: action=MoveForward key=1 down=1
[2026-01-31 13:06:56][INFO] platform: key_down scancode=26 code=1
[2026-01-31 13:06:56][INFO] physics_basic: pos=(0.711571,-0.000010,0.103466) vel=(3.996038,-0.009800,0.021577) grounded=1
[2026-01-31 13:06:56][INFO] physics_basic: input fwd=1 back=0 left=0 right=0 jump=0 sprint=0 dt=0.001000
[2026-01-31 13:06:56][INFO] input: action=MoveForward key=1 down=1
[2026-01-31 13:06:56][INFO] input: action=MoveForward key=1 down=1
[2026-01-31 13:06:56][INFO] platform: key_down scancode=26 code=1
[2026-01-31 13:06:56][INFO] input: action=MoveForward key=1 down=1
[2026-01-31 13:06:56][INFO] physics_basic: pos=(0.951376,-0.000010,0.100815) vel=(3.996624,-0.009800,-0.102791) grounded=1
[2026-01-31 13:06:56][INFO] physics_basic: input fwd=1 back=0 left=0 right=0 jump=0 sprint=0 dt=0.001000
[2026-01-31 13:06:56][INFO] input: action=MoveForward key=1 down=1
[2026-01-31 13:06:56][INFO] platform: key_down scancode=26 code=1
[2026-01-31 13:06:56][INFO] input: action=MoveForward key=1 down=1
[2026-01-31 13:06:56][INFO] input: action=MoveForward key=1 down=1
[2026-01-31 13:06:56][INFO] platform: key_down scancode=26 code=1
[2026-01-31 13:06:56][INFO] physics_basic: pos=(1.191071,-0.000010,0.091096) vel=(3.993217,-0.009800,-0.210107) grounded=1
[2026-01-31 13:06:56][INFO] physics_basic: input fwd=1 back=0 left=0 right=0 jump=0 sprint=0 dt=0.001000
[2026-01-31 13:06:56][INFO] input: action=MoveForward key=1 down=1
[2026-01-31 13:06:56][INFO] input: action=MoveForward key=1 down=1
[2026-01-31 13:06:56][INFO] platform: key_down scancode=26 code=1
[2026-01-31 13:06:56][INFO] input: action=MoveForward key=1 down=1
[2026-01-31 13:06:56][INFO] physics_basic: pos=(1.434543,-0.000010,0.075959) vel=(3.989754,-0.009800,-0.277296) grounded=1
[2026-01-31 13:06:56][INFO] physics_basic: input fwd=1 back=0 left=0 right=0 jump=0 sprint=0 dt=0.001000
[2026-01-31 13:06:56][INFO] platform: key_up scancode=26 code=1
[2026-01-31 13:06:56][INFO] physics_basic: pos=(1.631136,-0.000010,0.061948) vel=(2.564663,-0.009800,-0.182999) grounded=1
[2026-01-31 13:06:56][INFO] physics_basic: input fwd=0 back=0 left=0 right=0 jump=0 sprint=0 dt=0.001000
[2026-01-31 13:06:56][INFO] physics_basic: pos=(1.754301,-0.000010,0.053160) vel=(1.571135,-0.009800,-0.112107) grounded=1
[2026-01-31 13:06:56][INFO] physics_basic: input fwd=0 back=0 left=0 right=0 jump=0 sprint=0 dt=0.001000
[2026-01-31 13:06:56][INFO] physics_basic: pos=(1.828802,-0.000010,0.047844) vel=(0.970316,-0.009800,-0.069236) grounded=1
[2026-01-31 13:06:56][INFO] physics_basic: input fwd=0 back=0 left=0 right=0 jump=0 sprint=0 dt=0.001000
[2026-01-31 13:06:56][INFO] physics_basic: pos=(1.875400,-0.000010,0.044519) vel=(0.594425,-0.009800,-0.042415) grounded=1
[2026-01-31 13:06:56][INFO] physics_basic: input fwd=0 back=0 left=0 right=0 jump=0 sprint=0 dt=0.001000
[2026-01-31 13:06:56][INFO] physics_basic: pos=(1.903587,-0.000010,0.042508) vel=(0.367110,-0.009800,-0.026195) grounded=1
[2026-01-31 13:06:56][INFO] physics_basic: input fwd=0 back=0 left=0 right=0 jump=0 sprint=0 dt=0.001000
[2026-01-31 13:06:56][INFO] physics_basic: pos=(1.921216,-0.000010,0.041250) vel=(0.224895,-0.009800,-0.016047) grounded=1
[2026-01-31 13:06:56][INFO] physics_basic: input fwd=0 back=0 left=0 right=0 jump=0 sprint=0 dt=0.001000
[2026-01-31 13:06:56][INFO] physics_basic: pos=(1.931881,-0.000010,0.040489) vel=(0.138893,-0.009800,-0.009911) grounded=1
[2026-01-31 13:06:56][INFO] physics_basic: input fwd=0 back=0 left=0 right=0 jump=0 sprint=0 dt=0.001000
[2026-01-31 13:06:56][INFO] physics_basic: pos=(1.938551,-0.000010,0.040013) vel=(0.085087,-0.009800,-0.006071) grounded=1
[2026-01-31 13:06:56][INFO] physics_basic: input fwd=0 back=0 left=0 right=0 jump=0 sprint=0 dt=0.001000
[2026-01-31 13:06:56][INFO] physics_basic: pos=(1.942585,-0.000010,0.039725) vel=(0.052549,-0.009800,-0.003750) grounded=1
[2026-01-31 13:06:56][INFO] physics_basic: input fwd=0 back=0 left=0 right=0 jump=0 sprint=0 dt=0.001000
[2026-01-31 13:06:56][INFO] physics_basic: pos=(1.945109,-0.000010,0.039545) vel=(0.032192,-0.009800,-0.002297) grounded=1
[2026-01-31 13:06:56][INFO] physics_basic: input fwd=0 back=0 left=0 right=0 jump=0 sprint=0 dt=0.001000
[2026-01-31 13:06:56][INFO] physics_basic: pos=(1.946635,-0.000010,0.039436) vel=(0.019881,-0.009800,-0.001419) grounded=1
[2026-01-31 13:06:56][INFO] physics_basic: input fwd=0 back=0 left=0 right=0 jump=0 sprint=0 dt=0.001000
[2026-01-31 13:06:56][INFO] physics_basic: pos=(1.947578,-0.000010,0.039369) vel=(0.012279,-0.009800,-0.000876) grounded=1
[2026-01-31 13:06:56][INFO] physics_basic: input fwd=0 back=0 left=0 right=0 jump=0 sprint=0 dt=0.001000
[2026-01-31 13:06:57][INFO] physics_basic: pos=(1.948160,-0.000010,0.039327) vel=(0.007583,-0.009800,-0.000541) grounded=1
[2026-01-31 13:06:57][INFO] physics_basic: input fwd=0 back=0 left=0 right=0 jump=0 sprint=0 dt=0.001000
[2026-01-31 13:06:57][INFO] physics_basic: pos=(1.948525,-0.000010,0.039301) vel=(0.004645,-0.009800,-0.000331) grounded=1
[2026-01-31 13:06:57][INFO] physics_basic: input fwd=0 back=0 left=0 right=0 jump=0 sprint=0 dt=0.001000
[2026-01-31 13:06:57][INFO] physics_basic: pos=(1.948745,-0.000010,0.039286) vel=(0.002869,-0.009800,-0.000205) grounded=1
[2026-01-31 13:06:57][INFO] physics_basic: input fwd=0 back=0 left=0 right=0 jump=0 sprint=0 dt=0.001000
[2026-01-31 13:06:57][INFO] physics_basic: pos=(1.948881,-0.000010,0.039276) vel=(0.001772,-0.009800,-0.000126) grounded=1
[2026-01-31 13:06:57][INFO] physics_basic: input fwd=0 back=0 left=0 right=0 jump=0 sprint=0 dt=0.001000
[2026-01-31 13:06:57][INFO] physics_basic: pos=(1.948966,-0.000010,0.039270) vel=(0.001085,-0.009800,-0.000077) grounded=1
[2026-01-31 13:06:57][INFO] physics_basic: input fwd=0 back=0 left=0 right=0 jump=0 sprint=0 dt=0.001000
[2026-01-31 13:06:57][INFO] physics_basic: pos=(1.949018,-0.000010,0.039266) vel=(0.000665,-0.009800,-0.000047) grounded=1
[2026-01-31 13:06:57][INFO] physics_basic: input fwd=0 back=0 left=0 right=0 jump=0 sprint=0 dt=0.001000
[2026-01-31 13:06:57][INFO] physics_basic: pos=(1.949050,-0.000010,0.039264) vel=(0.000407,-0.009800,-0.000029) grounded=1
[2026-01-31 13:06:57][INFO] physics_basic: input fwd=0 back=0 left=0 right=0 jump=0 sprint=0 dt=0.001000
[2026-01-31 13:06:57][INFO] platform: key_down scancode=41 code=7
[2026-01-31 13:06:57][INFO] input: action=Quit key=7 down=1
[2026-01-31 13:06:57][INFO] input: action=Quit key=7 down=1
[2026-01-31 13:06:57][INFO] physics_basic: pos=(1.949069,-0.000010,0.039263) vel=(0.000250,-0.009800,-0.000018) grounded=1
[2026-01-31 13:06:57][INFO] physics_basic: input fwd=0 back=0 left=0 right=0 jump=0 sprint=0 dt=0.001000
[2026-01-31 13:06:57][INFO] input: action=Quit key=7 down=1
[2026-01-31 13:06:57][INFO] input: action=Quit key=7 down=1
[2026-01-31 13:06:57][INFO] input: action=Quit key=7 down=1
[2026-01-31 13:06:57][INFO] input: action=Quit key=7 down=1
[2026-01-31 13:06:57][INFO] physics_basic: pos=(1.949081,-0.000010,0.039262) vel=(0.000153,-0.009800,-0.000011) grounded=1
[2026-01-31 13:06:57][INFO] physics_basic: input fwd=0 back=0 left=0 right=0 jump=0 sprint=0 dt=0.001000
[2026-01-31 13:06:57][INFO] input: action=Quit key=7 down=1
[2026-01-31 13:06:57][INFO] input: action=Quit key=7 down=1
[2026-01-31 13:06:57][INFO] platform: key_up scancode=41 code=7
[2026-01-31 13:06:57][INFO] physics_basic: pos=(1.949088,-0.000010,0.039261) vel=(0.000094,-0.009800,-0.000007) grounded=1
[2026-01-31 13:06:57][INFO] physics_basic: input fwd=0 back=0 left=0 right=0 jump=0 sprint=0 dt=0.001000
[2026-01-31 13:06:57][INFO] physics_basic: pos=(1.949095,-0.000010,0.039261) vel=(0.000057,-0.009800,-0.000004) grounded=1
[2026-01-31 13:06:57][INFO] physics_basic: input fwd=0 back=0 left=0 right=0 jump=0 sprint=0 dt=0.001000
[2026-01-31 13:06:57][INFO] physics_basic: pos=(1.949095,-0.000010,0.039261) vel=(0.000035,-0.009800,-0.000003) grounded=1
[2026-01-31 13:06:57][INFO] physics_basic: input fwd=0 back=0 left=0 right=0 jump=0 sprint=0 dt=0.001000
[2026-01-31 13:06:57][INFO] physics_basic: pos=(1.949095,-0.000010,0.039260) vel=(0.000022,-0.009800,-0.000002) grounded=1
[2026-01-31 13:06:57][INFO] physics_basic: input fwd=0 back=0 left=0 right=0 jump=0 sprint=0 dt=0.001000
[2026-01-31 13:06:57][INFO] physics_basic: pos=(1.949095,-0.000010,0.039260) vel=(0.000013,-0.009800,-0.000001) grounded=1
[2026-01-31 13:06:57][INFO] physics_basic: input fwd=0 back=0 left=0 right=0 jump=0 sprint=0 dt=0.001000
[2026-01-31 13:06:57][INFO] physics_basic: pos=(1.949095,-0.000010,0.039260) vel=(0.000008,-0.009800,-0.000001) grounded=1
[2026-01-31 13:06:57][INFO] physics_basic: input fwd=0 back=0 left=0 right=0 jump=0 sprint=0 dt=0.001000
[2026-01-31 13:06:57][INFO] physics_basic: pos=(1.949095,-0.000010,0.039260) vel=(0.000005,-0.009800,-0.000000) grounded=1
[2026-01-31 13:06:57][INFO] physics_basic: input fwd=0 back=0 left=0 right=0 jump=0 sprint=0 dt=0.001000
[2026-01-31 13:06:57][INFO] physics_basic: pos=(1.949095,-0.000010,0.039260) vel=(0.000003,-0.009800,-0.000000) grounded=1
[2026-01-31 13:06:57][INFO] physics_basic: input fwd=0 back=0 left=0 right=0 jump=0 sprint=0 dt=0.001000
[2026-01-31 13:06:58][INFO] physics_basic: pos=(1.949095,-0.000010,0.039260) vel=(0.000002,-0.009800,-0.000000) grounded=1
[2026-01-31 13:06:58][INFO] physics_basic: input fwd=0 back=0 left=0 right=0 jump=0 sprint=0 dt=0.001000
[2026-01-31 13:06:58][INFO] physics_basic: pos=(1.949095,-0.000010,0.039260) vel=(0.000001,-0.009800,-0.000000) grounded=1
[2026-01-31 13:06:58][INFO] physics_basic: input fwd=0 back=0 left=0 right=0 jump=0 sprint=0 dt=0.001000
[2026-01-31 13:06:58][INFO] physics_basic: pos=(1.949095,-0.000010,0.039260) vel=(0.000001,-0.009800,-0.000000) grounded=1
[2026-01-31 13:06:58][INFO] physics_basic: input fwd=0 back=0 left=0 right=0 jump=0 sprint=0 dt=0.001000
[2026-01-31 13:06:58][INFO] physics_basic: pos=(1.949095,-0.000010,0.039260) vel=(0.000000,-0.009800,-0.000000) grounded=1
[2026-01-31 13:06:58][INFO] physics_basic: input fwd=0 back=0 left=0 right=0 jump=0 sprint=0 dt=0.001000
[2026-01-31 13:06:58][INFO] physics_basic: pos=(1.949095,-0.000010,0.039260) vel=(0.000000,-0.009800,-0.000000) grounded=1
[2026-01-31 13:06:58][INFO] physics_basic: input fwd=0 back=0 left=0 right=0 jump=0 sprint=0 dt=0.001000
[2026-01-31 13:06:58][INFO] physics_basic: pos=(1.949095,-0.000010,0.039260) vel=(0.000000,-0.009800,-0.000000) grounded=1
[2026-01-31 13:06:58][INFO] physics_basic: input fwd=0 back=0 left=0 right=0 jump=0 sprint=0 dt=0.001000
[2026-01-31 13:06:58][INFO] physics_basic: pos=(1.949095,-0.000010,0.039260) vel=(0.000000,-0.009800,-0.000000) grounded=1
[2026-01-31 13:06:58][INFO] physics_basic: input fwd=0 back=0 left=0 right=0 jump=0 sprint=0 dt=0.001000
[2026-01-31 13:06:58][INFO] physics_basic: pos=(1.949095,-0.000010,0.039260) vel=(0.000000,-0.009800,-0.000000) grounded=1
[2026-01-31 13:06:58][INFO] physics_basic: input fwd=0 back=0 left=0 right=0 jump=0 sprint=0 dt=0.001000
[2026-01-31 13:06:58][INFO] physics_basic: pos=(1.949095,-0.000010,0.039260) vel=(0.000000,-0.009800,-0.000000) grounded=1
[2026-01-31 13:06:58][INFO] physics_basic: input fwd=0 back=0 left=0 right=0 jump=0 sprint=0 dt=0.001000
[2026-01-31 13:06:58][INFO] physics_basic: pos=(1.949095,-0.000010,0.039260) vel=(0.000000,-0.009800,-0.000000) grounded=1
[2026-01-31 13:06:58][INFO] physics_basic: input fwd=0 back=0 left=0 right=0 jump=0 sprint=0 dt=0.001000
[2026-01-31 13:06:58][INFO] physics_basic: pos=(1.949095,-0.000010,0.039260) vel=(0.000000,-0.009800,-0.000000) grounded=1
[2026-01-31 13:06:58][INFO] physics_basic: input fwd=0 back=0 left=0 right=0 jump=0 sprint=0 dt=0.001000
[2026-01-31 13:06:58][INFO] physics_basic: pos=(1.949095,-0.000010,0.039260) vel=(0.000000,-0.009800,-0.000000) grounded=1
[2026-01-31 13:06:58][INFO] physics_basic: input fwd=0 back=0 left=0 right=0 jump=0 sprint=0 dt=0.002000
[2026-01-31 13:06:58][INFO] physics_basic: pos=(1.949095,-0.000010,0.039260) vel=(0.000000,-0.009800,-0.000000) grounded=1
[2026-01-31 13:06:58][INFO] physics_basic: input fwd=0 back=0 left=0 right=0 jump=0 sprint=0 dt=0.001000
[2026-01-31 13:06:58][INFO] physics_basic: pos=(1.949095,-0.000010,0.039260) vel=(0.000000,-0.009800,-0.000000) grounded=1
[2026-01-31 13:06:58][INFO] physics_basic: input fwd=0 back=0 left=0 right=0 jump=0 sprint=0 dt=0.001000
[2026-01-31 13:06:58][INFO] physics_basic: pos=(1.949095,-0.000010,0.039260) vel=(0.000000,-0.009800,-0.000000) grounded=1
[2026-01-31 13:06:58][INFO] physics_basic: input fwd=0 back=0 left=0 right=0 jump=0 sprint=0 dt=0.001000
[2026-01-31 13:06:58][INFO] physics_basic: pos=(1.949095,-0.000010,0.039260) vel=(0.000000,-0.009800,-0.000000) grounded=1
[2026-01-31 13:06:58][INFO] physics_basic: input fwd=0 back=0 left=0 right=0 jump=0 sprint=0 dt=0.001000
[2026-01-31 13:06:59][INFO] physics_basic: pos=(1.949095,-0.000010,0.039260) vel=(0.000000,-0.009800,-0.000000) grounded=1
[2026-01-31 13:06:59][INFO] physics_basic: input fwd=0 back=0 left=0 right=0 jump=0 sprint=0 dt=0.001000
[2026-01-31 13:06:59][INFO] physics_basic: pos=(1.949095,-0.000010,0.039260) vel=(0.000000,-0.009800,-0.000000) grounded=1
[2026-01-31 13:06:59][INFO] physics_basic: input fwd=0 back=0 left=0 right=0 jump=0 sprint=0 dt=0.001000
[2026-01-31 13:06:59][INFO] physics_basic: pos=(1.949095,-0.000010,0.039260) vel=(0.000000,-0.009800,-0.000000) grounded=1
[2026-01-31 13:06:59][INFO] physics_basic: input fwd=0 back=0 left=0 right=0 jump=0 sprint=0 dt=0.001000
[2026-01-31 13:06:59][INFO] physics_basic: pos=(1.949095,-0.000010,0.039260) vel=(0.000000,-0.009800,-0.000000) grounded=1
[2026-01-31 13:06:59][INFO] physics_basic: input fwd=0 back=0 left=0 right=0 jump=0 sprint=0 dt=0.001000
[2026-01-31 13:06:59][INFO] physics_basic: pos=(1.949095,-0.000010,0.039260) vel=(0.000000,-0.009800,-0.000000) grounded=1
[2026-01-31 13:06:59][INFO] physics_basic: input fwd=0 back=0 left=0 right=0 jump=0 sprint=0 dt=0.001000
[2026-01-31 13:06:59][INFO] physics_basic: pos=(1.949095,-0.000010,0.039260) vel=(0.000000,-0.009800,-0.000000) grounded=1
[2026-01-31 13:06:59][INFO] physics_basic: input fwd=0 back=0 left=0 right=0 jump=0 sprint=0 dt=0.001000
[2026-01-31 13:06:59][INFO] physics_basic: pos=(1.949095,-0.000010,0.039260) vel=(0.000000,-0.009800,-0.000000) grounded=1
[2026-01-31 13:06:59][INFO] physics_basic: input fwd=0 back=0 left=0 right=0 jump=0 sprint=0 dt=0.001000
[2026-01-31 13:06:59][INFO] physics_basic: pos=(1.949095,-0.000010,0.039260) vel=(0.000000,-0.009800,-0.000000) grounded=1
[2026-01-31 13:06:59][INFO] physics_basic: input fwd=0 back=0 left=0 right=0 jump=0 sprint=0 dt=0.001000
[2026-01-31 13:06:59][INFO] physics_basic: pos=(1.949095,-0.000010,0.039260) vel=(0.000000,-0.009800,-0.000000) grounded=1
[2026-01-31 13:06:59][INFO] physics_basic: input fwd=0 back=0 left=0 right=0 jump=0 sprint=0 dt=0.001000
[2026-01-31 13:06:59][INFO] physics_basic: pos=(1.949095,-0.000010,0.039260) vel=(0.000000,-0.009800,-0.000000) grounded=1
[2026-01-31 13:06:59][INFO] physics_basic: input fwd=0 back=0 left=0 right=0 jump=0 sprint=0 dt=0.001000
[2026-01-31 13:06:59][INFO] level entity spawned: player_spawn
[2026-01-31 13:06:59][INFO] level entity spawned: ground_plane_1
[2026-01-31 13:06:59][INFO] level entity spawned: demo_quad_1
[2026-01-31 13:06:59][INFO] runtime: player rig scale set to 1.058824 (mesh height=1.700000, mesh scale=0.010000, root scale=1.000000, final scale=0.010588,0.010588,0.010588)
[2026-01-31 13:06:59][INFO] runtime: rig mesh bounds min=(-0.553406,-0.000000,-0.173289) max=(0.553406,1.700000,0.173289)
[2026-01-31 13:06:59][INFO] runtime: rig skeleton min y=0.040637
[2026-01-31 13:06:59][INFO] runtime: player rig offset set to 0.000000 (grounded by mesh bounds)
[2026-01-31 13:06:59][INFO] runtime: controller size set (radius=0.150000, half_height=0.100000, center_offset=0.250000, mesh height=0.018000, mesh bottom=0.000000)
[2026-01-31 13:06:59][INFO] runtime: player rig asset = manny (source=/home/skooze/rkg/NecTr/AI_GUARD_1/AI_GUARD_1_Character_output.glb)
[2026-01-31 13:06:59][INFO] runtime: attached skeleton from asset manny joints=24
[2026-01-31 13:06:59][INFO] content reloaded (raw)
[2026-01-31 13:06:59][INFO] reload reason: stop
[2026-01-31 13:07:00][INFO] debug_ui: shutdown
[2026-01-31 13:07:00][INFO] physics_basic: shutdown
[2026-01-31 13:07:00][INFO] renderer:vulkan shutdown
[2026-01-31 13:07:00][INFO] log shutdown
