[2026-01-31 12:45:47][INFO] log init
[2026-01-31 12:45:47][INFO] log file: /home/skooze/rkg/build_logs/rkg_editor_20260131_124547.log
[2026-01-31 12:45:47][INFO] platform: linux
[2026-01-31 12:45:47][INFO] build: debug
[2026-01-31 12:45:47][INFO] git: 5b754c5
[2026-01-31 12:45:47][INFO] runtime: input map file=/home/skooze/rkg/projects/demo_game/config/input.yaml loaded=1 bindings=9
[2026-01-31 12:45:47][INFO] asset_cache: manny source -> /home/skooze/rkg/NecTr/AI_GUARD_1/AI_GUARD_1_Character_output.glb
[2026-01-31 12:45:47][INFO] asset_cache: auto-importing manny into build/content_cache/generated_assets/manny
[2026-01-31 12:45:48][INFO] asset_cache: auto-imported manny.glb into build/content_cache/generated_assets/manny
[2026-01-31 12:45:48][INFO] asset_cache: loaded testmanny (verts=69772 idx=418608 mats=0 tex=0 joints=24 scale=1.000000,1.000000,1.000000)
[2026-01-31 12:45:48][INFO] asset_cache: loaded manny (verts=33592 idx=156288 mats=1 tex=2 joints=24 scale=0.010000,0.010000,0.010000)
[2026-01-31 12:45:48][WARN] cooked content missing; using raw content (dev_mode)
[2026-01-31 12:45:48][INFO] RLIMIT_NOFILE: 1024/524288
[2026-01-31 12:45:48][INFO] RLIMIT_NPROC: 127047/127047
[2026-01-31 12:45:48][INFO] Wayland socket: /run/user/1000/wayland-0 mode=srwxr-xr-x uid=1000 gid=1000
[2026-01-31 12:45:48][INFO] Wayland socket connect ok: /run/user/1000/wayland-0
[2026-01-31 12:45:48][INFO] Wayland wl_display_connect ok: wayland-0
[2026-01-31 12:45:48][INFO] X11 socket: /tmp/.X11-unix/X1 mode=srwxr-xr-x uid=1000 gid=1000
[2026-01-31 12:45:48][INFO] X11 socket connect ok: /tmp/.X11-unix/X1
[2026-01-31 12:45:48][INFO] X11 XOpenDisplay ok: :1
[2026-01-31 12:45:48][INFO] SDL system/info: App name: SDL Application
[2026-01-31 12:45:48][INFO] SDL system/info: App version: <unspecified>
[2026-01-31 12:45:48][INFO] SDL system/info: App ID: <unspecified>
[2026-01-31 12:45:48][INFO] SDL system/info: SDL revision: SDL-release-3.4.0-0-ga962f40bb
[2026-01-31 12:45:48][INFO] SDL system/debug: SDL chose video backend 'wayland'
[2026-01-31 12:45:48][INFO] SDL current video driver: wayland
[2026-01-31 12:45:48][INFO] renderer:vulkan skinned demo: joints=24
[2026-01-31 12:45:48][INFO] renderer:vulkan textured demo: using asset manny dir=/home/skooze/rkg/build/content_cache/generated_assets/manny
[2026-01-31 12:45:48][INFO] renderer:vulkan init
[2026-01-31 12:45:48][INFO] renderer:vulkan dynamic rendering: enabled
[2026-01-31 12:45:48][INFO] renderer: renderer_vulkan
[2026-01-31 12:45:48][INFO] renderer caps: DrawPrimitive | DebugUiSupported
[2026-01-31 12:45:48][WARN] script:lua not available (Lua not found)
[2026-01-31 12:45:48][WARN] script:js not available (QuickJS/Duktape not found)
[2026-01-31 12:45:48][INFO] debug_ui: swapchain_format=50
[2026-01-31 12:45:48][INFO] debug_ui: backend caps api=pipeline_info_main render_pass=yes dynamic=yes color_format=no pipeline_rendering=yes msaa=yes
[2026-01-31 12:45:48][INFO] debug_ui: render path render_pass
[2026-01-31 12:45:48][INFO] debug_ui: init
[2026-01-31 12:45:48][INFO] debug_ui enabled
[2026-01-31 12:45:48][INFO] physics_basic: init
[2026-01-31 12:45:48][INFO] level entity spawned: player_spawn
[2026-01-31 12:45:48][INFO] level entity spawned: ground_plane_1
[2026-01-31 12:45:48][INFO] level entity spawned: demo_quad_1
[2026-01-31 12:45:48][INFO] runtime: player rig scale set to 1.058824 (mesh height=1.700000, mesh scale=0.010000, root scale=1.000000, final scale=0.010588,0.010588,0.010588)
[2026-01-31 12:45:48][INFO] runtime: rig mesh bounds min=(-0.553406,-0.000000,-0.173289) max=(0.553406,1.700000,0.173289)
[2026-01-31 12:45:48][INFO] runtime: rig skeleton min y=0.040637
[2026-01-31 12:45:48][INFO] runtime: player rig offset set to 0.000000 (grounded by mesh bounds)
[2026-01-31 12:45:48][INFO] runtime: controller size set (radius=0.150000, half_height=0.100000, center_offset=0.250000, mesh height=0.018000, mesh bottom=0.000000)
[2026-01-31 12:45:48][INFO] runtime: player rig asset = manny (source=/home/skooze/rkg/NecTr/AI_GUARD_1/AI_GUARD_1_Character_output.glb)
[2026-01-31 12:45:48][INFO] runtime: attached skeleton from asset manny joints=24
[2026-01-31 12:45:48][INFO] content watcher: inotify
[2026-01-31 12:45:48][INFO] tick: begin
[2026-01-31 12:45:48][INFO] tick: renderer update
[2026-01-31 12:45:48][INFO] renderer:vulkan update begin
[2026-01-31 12:45:48][WARN] renderer:vulkan swapchain rebuild requested
[2026-01-31 12:45:48][INFO] renderer:vulkan update end
[2026-01-31 12:45:48][INFO] debug_ui: new_frame begin
[2026-01-31 12:45:48][INFO] debug_ui: new_frame end
[2026-01-31 12:45:48][INFO] renderer:vulkan step 0: draw_frame: wait fence
[2026-01-31 12:45:48][INFO] renderer:vulkan swapchain=93976199490800
[2026-01-31 12:45:48][INFO] renderer:vulkan swapchain images=3 views=3 framebuffers=3 cmd_buffers=3
[2026-01-31 12:45:48][INFO] renderer:vulkan extent=1600x900
[2026-01-31 12:45:48][INFO] renderer:vulkan step 1: vkAcquireNextImageKHR
[2026-01-31 12:45:48][INFO] renderer:vulkan step 2: vkResetCommandBuffer
[2026-01-31 12:45:48][INFO] renderer:vulkan step 3: vkBeginCommandBuffer
[2026-01-31 12:45:48][INFO] renderer:vulkan step 4: swapchain: barrier to color attachment
[2026-01-31 12:45:48][INFO] renderer:vulkan step 5: swapchain: begin render pass
[2026-01-31 12:45:48][INFO] renderer:vulkan step 6: swapchain: clear attachments
[2026-01-31 12:45:48][INFO] renderer:vulkan step 7: imgui: render inside pass
[2026-01-31 12:45:48][INFO] debug_ui: draw_data textures=1
[2026-01-31 12:45:48][INFO] debug_ui: texture 0 status=0 tex_empty=false
[2026-01-31 12:45:48][INFO] debug_ui: render draw_data lists=1 vtx=4 idx=6
[2026-01-31 12:45:48][INFO] renderer:vulkan step 8: swapchain: end render pass
[2026-01-31 12:45:48][INFO] renderer:vulkan step 9: vkEndCommandBuffer
[2026-01-31 12:45:48][INFO] renderer:vulkan step 10: vkQueueSubmit
[2026-01-31 12:45:48][INFO] renderer:vulkan step 11: vkQueuePresentKHR
[2026-01-31 12:45:48][INFO] event: mouse type=1024 x=810 y=139
[2026-01-31 12:45:51][INFO] event: mouse type=1024 x=810 y=139
[2026-01-31 12:45:59][INFO] physics_basic: input fwd=0 back=0 left=0 right=0 jump=0 sprint=0 dt=0.001000
[2026-01-31 12:45:59][INFO] physics_basic: pos=(0.000000,-0.000010,0.000000) vel=(0.000000,-0.009800,0.000000) grounded=1
[2026-01-31 12:45:59][INFO] physics_basic: input fwd=0 back=0 left=0 right=0 jump=0 sprint=0 dt=0.001000
[2026-01-31 12:45:59][INFO] physics_basic: pos=(0.000000,-0.000010,0.000000) vel=(0.000000,-0.009800,0.000000) grounded=1
[2026-01-31 12:45:59][INFO] physics_basic: input fwd=0 back=0 left=0 right=0 jump=0 sprint=0 dt=0.001000
[2026-01-31 12:45:59][INFO] physics_basic: pos=(0.000000,-0.000010,0.000000) vel=(0.000000,-0.009800,0.000000) grounded=1
[2026-01-31 12:45:59][INFO] physics_basic: input fwd=0 back=0 left=0 right=0 jump=0 sprint=0 dt=0.001000
[2026-01-31 12:45:59][INFO] physics_basic: pos=(0.000000,-0.000010,0.000000) vel=(0.000000,-0.009800,0.000000) grounded=1
[2026-01-31 12:45:59][INFO] physics_basic: input fwd=0 back=0 left=0 right=0 jump=0 sprint=0 dt=0.001000
[2026-01-31 12:45:59][INFO] physics_basic: pos=(0.000000,-0.000010,0.000000) vel=(0.000000,-0.009800,0.000000) grounded=1
[2026-01-31 12:45:59][INFO] physics_basic: input fwd=0 back=0 left=0 right=0 jump=0 sprint=0 dt=0.001000
[2026-01-31 12:45:59][INFO] physics_basic: pos=(0.000000,-0.000010,0.000000) vel=(0.000000,-0.009800,0.000000) grounded=1
[2026-01-31 12:45:59][INFO] physics_basic: input fwd=0 back=0 left=0 right=0 jump=0 sprint=0 dt=0.001000
[2026-01-31 12:45:59][INFO] physics_basic: pos=(0.000000,-0.000010,0.000000) vel=(0.000000,-0.009800,0.000000) grounded=1
[2026-01-31 12:45:59][INFO] physics_basic: input fwd=0 back=0 left=0 right=0 jump=0 sprint=0 dt=0.001000
[2026-01-31 12:45:59][INFO] physics_basic: pos=(0.000000,-0.000010,0.000000) vel=(0.000000,-0.009800,0.000000) grounded=1
[2026-01-31 12:45:59][INFO] physics_basic: input fwd=0 back=0 left=0 right=0 jump=0 sprint=0 dt=0.001000
[2026-01-31 12:46:00][INFO] physics_basic: pos=(0.000000,-0.000010,0.000000) vel=(0.000000,-0.009800,0.000000) grounded=1
[2026-01-31 12:46:00][INFO] physics_basic: input fwd=0 back=0 left=0 right=0 jump=0 sprint=0 dt=0.001000
[2026-01-31 12:46:00][INFO] physics_basic: pos=(0.000000,-0.000010,0.000000) vel=(0.000000,-0.009800,0.000000) grounded=1
[2026-01-31 12:46:00][INFO] physics_basic: input fwd=0 back=0 left=0 right=0 jump=0 sprint=0 dt=0.001000
[2026-01-31 12:46:00][INFO] physics_basic: pos=(0.000000,-0.000010,0.000000) vel=(0.000000,-0.009800,0.000000) grounded=1
[2026-01-31 12:46:00][INFO] physics_basic: input fwd=0 back=0 left=0 right=0 jump=0 sprint=0 dt=0.001000
[2026-01-31 12:46:00][INFO] physics_basic: pos=(0.000000,-0.000010,0.000000) vel=(0.000000,-0.009800,0.000000) grounded=1
[2026-01-31 12:46:00][INFO] physics_basic: input fwd=0 back=0 left=0 right=0 jump=0 sprint=0 dt=0.001000
[2026-01-31 12:46:00][INFO] physics_basic: pos=(0.000000,-0.000010,0.000000) vel=(0.000000,-0.009800,0.000000) grounded=1
[2026-01-31 12:46:00][INFO] physics_basic: input fwd=0 back=0 left=0 right=0 jump=0 sprint=0 dt=0.001000
[2026-01-31 12:46:00][INFO] physics_basic: pos=(0.000000,-0.000010,0.000000) vel=(0.000000,-0.009800,0.000000) grounded=1
[2026-01-31 12:46:00][INFO] physics_basic: input fwd=0 back=0 left=0 right=0 jump=0 sprint=0 dt=0.001000
[2026-01-31 12:46:00][INFO] platform: key_down scancode=26 code=1
[2026-01-31 12:46:00][INFO] input: action=MoveForward key=1 down=1
[2026-01-31 12:46:00][INFO] input: action=MoveForward key=1 down=1
[2026-01-31 12:46:00][INFO] physics_basic: pos=(-0.069349,-0.000010,0.011850) vel=(-2.448404,-0.009800,0.418365) grounded=1
[2026-01-31 12:46:00][INFO] physics_basic: input fwd=1 back=0 left=0 right=0 jump=0 sprint=0 dt=0.001000
[2026-01-31 12:46:00][INFO] input: action=MoveForward key=1 down=1
[2026-01-31 12:46:00][INFO] input: action=MoveForward key=1 down=1
[2026-01-31 12:46:00][INFO] input: action=MoveForward key=1 down=1
[2026-01-31 12:46:00][INFO] physics_basic: pos=(-0.253594,-0.000010,0.047614) vel=(-3.443765,-0.009800,0.830713) grounded=1
[2026-01-31 12:46:00][INFO] input: action=MoveForward key=1 down=1
[2026-01-31 12:46:00][INFO] physics_basic: input fwd=1 back=0 left=0 right=0 jump=0 sprint=0 dt=0.001000
[2026-01-31 12:46:00][INFO] input: action=MoveForward key=1 down=1
[2026-01-31 12:46:00][INFO] input: action=MoveForward key=1 down=1
[2026-01-31 12:46:00][INFO] input: action=MoveForward key=1 down=1
[2026-01-31 12:46:00][INFO] physics_basic: pos=(-0.471718,-0.000010,0.113039) vel=(-3.658293,-0.009800,1.234843) grounded=1
[2026-01-31 12:46:00][INFO] physics_basic: input fwd=1 back=0 left=0 right=0 jump=0 sprint=0 dt=0.001000
[2026-01-31 12:46:00][INFO] input: action=MoveForward key=1 down=1
[2026-01-31 12:46:00][INFO] input: action=MoveForward key=1 down=1
[2026-01-31 12:46:00][INFO] input: action=MoveForward key=1 down=1
[2026-01-31 12:46:00][INFO] physics_basic: pos=(-0.693425,-0.000010,0.191514) vel=(-3.718961,-0.009800,1.355242) grounded=1
[2026-01-31 12:46:00][INFO] physics_basic: input fwd=1 back=0 left=0 right=0 jump=0 sprint=0 dt=0.001000
[2026-01-31 12:46:00][INFO] input: action=MoveForward key=1 down=1
[2026-01-31 12:46:00][INFO] input: action=MoveForward key=1 down=1
[2026-01-31 12:46:00][INFO] input: action=MoveForward key=1 down=1
[2026-01-31 12:46:00][INFO] physics_basic: pos=(-0.920958,-0.000010,0.275525) vel=(-3.737169,-0.009800,1.391378) grounded=1
[2026-01-31 12:46:00][INFO] physics_basic: input fwd=1 back=0 left=0 right=0 jump=0 sprint=0 dt=0.001000
[2026-01-31 12:46:00][INFO] input: action=MoveForward key=1 down=1
[2026-01-31 12:46:00][INFO] input: action=MoveForward key=1 down=1
[2026-01-31 12:46:00][INFO] input: action=MoveForward key=1 down=1
[2026-01-31 12:46:00][INFO] physics_basic: pos=(-1.145380,-0.000010,0.359388) vel=(-3.742432,-0.009800,1.401820) grounded=1
[2026-01-31 12:46:00][INFO] input: action=MoveForward key=1 down=1
[2026-01-31 12:46:00][INFO] physics_basic: input fwd=1 back=0 left=0 right=0 jump=0 sprint=0 dt=0.001000
[2026-01-31 12:46:00][INFO] input: action=MoveForward key=1 down=1
[2026-01-31 12:46:00][INFO] input: action=MoveForward key=1 down=1
[2026-01-31 12:46:00][INFO] physics_basic: pos=(-1.373727,-0.000010,0.445016) vel=(-3.744011,-0.009800,1.404954) grounded=1
[2026-01-31 12:46:00][INFO] physics_basic: input fwd=1 back=0 left=0 right=0 jump=0 sprint=0 dt=0.001000
[2026-01-31 12:46:00][INFO] input: action=MoveForward key=1 down=1
[2026-01-31 12:46:00][INFO] input: action=MoveForward key=1 down=1
[2026-01-31 12:46:00][INFO] input: action=MoveForward key=1 down=1
[2026-01-31 12:46:00][INFO] input: action=MoveForward key=1 down=1
[2026-01-31 12:46:00][INFO] physics_basic: pos=(-1.598384,-0.000010,0.529346) vel=(-3.744467,-0.009800,1.405860) grounded=1
[2026-01-31 12:46:00][INFO] physics_basic: input fwd=1 back=0 left=0 right=0 jump=0 sprint=0 dt=0.001000
[2026-01-31 12:46:00][INFO] input: action=MoveForward key=1 down=1
[2026-01-31 12:46:00][INFO] input: action=MoveForward key=1 down=1
[2026-01-31 12:46:00][INFO] input: action=MoveForward key=1 down=1
[2026-01-31 12:46:00][INFO] physics_basic: pos=(-1.826802,-0.000010,0.615114) vel=(-3.744604,-0.009800,1.406132) grounded=1
[2026-01-31 12:46:00][INFO] physics_basic: input fwd=1 back=0 left=0 right=0 jump=0 sprint=0 dt=0.001000
[2026-01-31 12:46:00][INFO] input: action=MoveForward key=1 down=1
[2026-01-31 12:46:00][INFO] input: action=MoveForward key=1 down=1
[2026-01-31 12:46:00][INFO] platform: key_up scancode=26 code=1
[2026-01-31 12:46:00][INFO] physics_basic: pos=(-2.046054,-0.000010,0.697447) vel=(-3.063181,-0.009800,1.150290) grounded=1
[2026-01-31 12:46:00][INFO] physics_basic: input fwd=0 back=0 left=0 right=0 jump=0 sprint=0 dt=0.001000
[2026-01-31 12:46:01][INFO] physics_basic: pos=(-2.191306,-0.000010,0.751992) vel=(-1.891789,-0.009800,0.710407) grounded=1
[2026-01-31 12:46:01][INFO] physics_basic: input fwd=0 back=0 left=0 right=0 jump=0 sprint=0 dt=0.001000
[2026-01-31 12:46:01][INFO] physics_basic: pos=(-2.282156,-0.000010,0.786108) vel=(-1.158927,-0.009800,0.435202) grounded=1
[2026-01-31 12:46:01][INFO] physics_basic: input fwd=0 back=0 left=0 right=0 jump=0 sprint=0 dt=0.001000
[2026-01-31 12:46:01][INFO] physics_basic: pos=(-2.337813,-0.000010,0.807009) vel=(-0.709969,-0.009800,0.266609) grounded=1
[2026-01-31 12:46:01][INFO] physics_basic: input fwd=0 back=0 left=0 right=0 jump=0 sprint=0 dt=0.001000
[2026-01-31 12:46:01][INFO] physics_basic: pos=(-2.371907,-0.000010,0.819812) vel=(-0.434933,-0.009800,0.163327) grounded=1
[2026-01-31 12:46:01][INFO] physics_basic: input fwd=0 back=0 left=0 right=0 jump=0 sprint=0 dt=0.001000
[2026-01-31 12:46:01][INFO] physics_basic: pos=(-2.392530,-0.000010,0.827557) vel=(-0.268610,-0.009800,0.100869) grounded=1
[2026-01-31 12:46:01][INFO] physics_basic: input fwd=0 back=0 left=0 right=0 jump=0 sprint=0 dt=0.001000
[2026-01-31 12:46:01][INFO] physics_basic: pos=(-2.405268,-0.000010,0.832340) vel=(-0.165891,-0.009800,0.062296) grounded=1
[2026-01-31 12:46:01][INFO] physics_basic: input fwd=0 back=0 left=0 right=0 jump=0 sprint=0 dt=0.001000
[2026-01-31 12:46:01][INFO] physics_basic: pos=(-2.413236,-0.000010,0.835331) vel=(-0.101626,-0.009800,0.038163) grounded=1
[2026-01-31 12:46:01][INFO] physics_basic: input fwd=0 back=0 left=0 right=0 jump=0 sprint=0 dt=0.001000
[2026-01-31 12:46:01][INFO] physics_basic: pos=(-2.418055,-0.000010,0.837141) vel=(-0.062763,-0.009800,0.023569) grounded=1
[2026-01-31 12:46:01][INFO] physics_basic: input fwd=0 back=0 left=0 right=0 jump=0 sprint=0 dt=0.001000
[2026-01-31 12:46:01][INFO] physics_basic: pos=(-2.421031,-0.000010,0.838258) vel=(-0.038762,-0.009800,0.014556) grounded=1
[2026-01-31 12:46:01][INFO] physics_basic: input fwd=0 back=0 left=0 right=0 jump=0 sprint=0 dt=0.001000
[2026-01-31 12:46:01][INFO] physics_basic: pos=(-2.422893,-0.000010,0.838957) vel=(-0.023746,-0.009800,0.008917) grounded=1
[2026-01-31 12:46:01][INFO] physics_basic: input fwd=0 back=0 left=0 right=0 jump=0 sprint=0 dt=0.001000
[2026-01-31 12:46:01][INFO] physics_basic: pos=(-2.424020,-0.000010,0.839380) vel=(-0.014665,-0.009800,0.005507) grounded=1
[2026-01-31 12:46:01][INFO] physics_basic: input fwd=0 back=0 left=0 right=0 jump=0 sprint=0 dt=0.001000
[2026-01-31 12:46:01][INFO] physics_basic: pos=(-2.424716,-0.000010,0.839641) vel=(-0.009057,-0.009800,0.003401) grounded=1
[2026-01-31 12:46:01][INFO] platform: key_down scancode=26 code=1
[2026-01-31 12:46:01][INFO] physics_basic: input fwd=1 back=0 left=0 right=0 jump=0 sprint=0 dt=0.001000
[2026-01-31 12:46:01][INFO] input: action=MoveForward key=1 down=1
[2026-01-31 12:46:01][INFO] input: action=MoveForward key=1 down=1
[2026-01-31 12:46:01][INFO] input: action=MoveForward key=1 down=1
[2026-01-31 12:46:01][INFO] physics_basic: pos=(-2.505270,-0.000010,0.907751) vel=(-2.110785,-0.009800,1.892483) grounded=1
[2026-01-31 12:46:01][INFO] physics_basic: input fwd=1 back=0 left=0 right=0 jump=0 sprint=0 dt=0.001000
[2026-01-31 12:46:01][INFO] input: action=MoveForward key=1 down=1
[2026-01-31 12:46:01][INFO] input: action=MoveForward key=1 down=1
[2026-01-31 12:46:01][INFO] input: action=MoveForward key=1 down=1
[2026-01-31 12:46:01][INFO] physics_basic: pos=(-2.649427,-0.000010,1.051095) vel=(-2.484147,-0.009800,2.681128) grounded=1
[2026-01-31 12:46:01][INFO] physics_basic: input fwd=1 back=0 left=0 right=0 jump=0 sprint=0 dt=0.001000
[2026-01-31 12:46:01][INFO] input: action=MoveForward key=1 down=1
[2026-01-31 12:46:01][INFO] input: action=MoveForward key=1 down=1
[2026-01-31 12:46:01][INFO] input: action=MoveForward key=1 down=1
[2026-01-31 12:46:01][INFO] physics_basic: pos=(-2.796649,-0.000010,1.224962) vel=(-2.392267,-0.009800,3.068949) grounded=1
[2026-01-31 12:46:01][INFO] physics_basic: input fwd=1 back=0 left=0 right=0 jump=0 sprint=0 dt=0.001000
[2026-01-31 12:46:01][INFO] input: action=MoveForward key=1 down=1
[2026-01-31 12:46:01][INFO] input: action=MoveForward key=1 down=1
[2026-01-31 12:46:01][INFO] input: action=MoveForward key=1 down=1
[2026-01-31 12:46:01][INFO] platform: key_down scancode=225 code=6
[2026-01-31 12:46:01][INFO] input: action=Sprint key=6 down=1
[2026-01-31 12:46:01][INFO] input: action=MoveForward key=1 down=1
[2026-01-31 12:46:01][INFO] physics_basic: pos=(-2.940109,-0.000010,1.428462) vel=(-2.537298,-0.009800,4.155679) grounded=1
[2026-01-31 12:46:01][INFO] physics_basic: input fwd=1 back=0 left=0 right=0 jump=0 sprint=1 dt=0.001000
[2026-01-31 12:46:01][INFO] input: action=Sprint key=6 down=1
[2026-01-31 12:46:01][INFO] input: action=MoveForward key=1 down=1
[2026-01-31 12:46:01][INFO] input: action=Sprint key=6 down=1
[2026-01-31 12:46:01][INFO] input: action=MoveForward key=1 down=1
[2026-01-31 12:46:01][INFO] physics_basic: pos=(-3.087870,-0.000010,1.739698) vel=(-2.140987,-0.009800,5.941521) grounded=1
[2026-01-31 12:46:01][INFO] physics_basic: input fwd=1 back=0 left=0 right=0 jump=0 sprint=1 dt=0.001000
[2026-01-31 12:46:01][INFO] input: action=Sprint key=6 down=1
[2026-01-31 12:46:01][INFO] input: action=MoveForward key=1 down=1
[2026-01-31 12:46:02][INFO] input: action=Sprint key=6 down=1
[2026-01-31 12:46:02][INFO] input: action=MoveForward key=1 down=1
[2026-01-31 12:46:02][INFO] input: action=Sprint key=6 down=1
[2026-01-31 12:46:02][INFO] input: action=MoveForward key=1 down=1
[2026-01-31 12:46:02][INFO] physics_basic: pos=(-3.181249,-0.000010,2.122051) vel=(-1.028277,-0.009800,6.666168) grounded=1
[2026-01-31 12:46:02][INFO] physics_basic: input fwd=1 back=0 left=0 right=0 jump=0 sprint=1 dt=0.001000
[2026-01-31 12:46:02][INFO] input: action=Sprint key=6 down=1
[2026-01-31 12:46:02][INFO] input: action=MoveForward key=1 down=1
[2026-01-31 12:46:02][INFO] input: action=Sprint key=6 down=1
[2026-01-31 12:46:02][INFO] input: action=MoveForward key=1 down=1
[2026-01-31 12:46:02][INFO] input: action=Sprint key=6 down=1
[2026-01-31 12:46:02][INFO] input: action=MoveForward key=1 down=1
[2026-01-31 12:46:02][INFO] physics_basic: pos=(-3.213171,-0.000010,2.537284) vel=(-0.025842,-0.009800,6.890844) grounded=1
[2026-01-31 12:46:02][INFO] physics_basic: input fwd=1 back=0 left=0 right=0 jump=0 sprint=1 dt=0.001000
[2026-01-31 12:46:02][INFO] input: action=Sprint key=6 down=1
[2026-01-31 12:46:02][INFO] input: action=MoveForward key=1 down=1
[2026-01-31 12:46:02][INFO] input: action=Sprint key=6 down=1
[2026-01-31 12:46:02][INFO] input: action=MoveForward key=1 down=1
[2026-01-31 12:46:02][INFO] input: action=Sprint key=6 down=1
[2026-01-31 12:46:02][INFO] input: action=MoveForward key=1 down=1
[2026-01-31 12:46:02][INFO] physics_basic: pos=(-3.189285,-0.000010,2.951772) vel=(0.765325,-0.009800,6.904976) grounded=1
[2026-01-31 12:46:02][INFO] physics_basic: input fwd=1 back=0 left=0 right=0 jump=0 sprint=1 dt=0.001000
[2026-01-31 12:46:02][INFO] input: action=Sprint key=6 down=1
[2026-01-31 12:46:02][INFO] input: action=MoveForward key=1 down=1
[2026-01-31 12:46:02][INFO] input: action=Sprint key=6 down=1
[2026-01-31 12:46:02][INFO] input: action=MoveForward key=1 down=1
[2026-01-31 12:46:02][INFO] input: action=Sprint key=6 down=1
[2026-01-31 12:46:02][INFO] input: action=MoveForward key=1 down=1
[2026-01-31 12:46:02][INFO] physics_basic: pos=(-3.122052,-0.000010,3.378047) vel=(1.361867,-0.009800,6.839546) grounded=1
[2026-01-31 12:46:02][INFO] physics_basic: input fwd=1 back=0 left=0 right=0 jump=0 sprint=1 dt=0.001000
[2026-01-31 12:46:02][INFO] input: action=Sprint key=6 down=1
[2026-01-31 12:46:02][INFO] input: action=MoveForward key=1 down=1
[2026-01-31 12:46:02][INFO] input: action=Sprint key=6 down=1
[2026-01-31 12:46:02][INFO] input: action=MoveForward key=1 down=1
[2026-01-31 12:46:02][INFO] platform: key_down scancode=26 code=1
[2026-01-31 12:46:02][INFO] input: action=Sprint key=6 down=1
[2026-01-31 12:46:02][INFO] input: action=MoveForward key=1 down=1
[2026-01-31 12:46:02][INFO] physics_basic: pos=(-3.023587,-0.000010,3.784879) vel=(1.938213,-0.009800,6.704628) grounded=1
[2026-01-31 12:46:02][INFO] physics_basic: input fwd=1 back=0 left=0 right=0 jump=0 sprint=1 dt=0.001000
[2026-01-31 12:46:02][INFO] platform: key_down scancode=26 code=1
[2026-01-31 12:46:02][INFO] input: action=Sprint key=6 down=1
[2026-01-31 12:46:02][INFO] input: action=MoveForward key=1 down=1
[2026-01-31 12:46:02][INFO] input: action=Sprint key=6 down=1
[2026-01-31 12:46:02][INFO] input: action=MoveForward key=1 down=1
[2026-01-31 12:46:02][INFO] input: action=Sprint key=6 down=1
[2026-01-31 12:46:02][INFO] input: action=MoveForward key=1 down=1
[2026-01-31 12:46:02][INFO] platform: key_down scancode=26 code=1
[2026-01-31 12:46:02][INFO] input: action=Sprint key=6 down=1
[2026-01-31 12:46:02][INFO] input: action=MoveForward key=1 down=1
[2026-01-31 12:46:02][INFO] physics_basic: pos=(-2.879935,-0.000010,4.184854) vel=(2.788898,-0.009800,6.381884) grounded=1
[2026-01-31 12:46:02][INFO] physics_basic: input fwd=1 back=0 left=0 right=0 jump=0 sprint=1 dt=0.001000
[2026-01-31 12:46:02][INFO] input: action=Sprint key=6 down=1
[2026-01-31 12:46:02][INFO] input: action=MoveForward key=1 down=1
[2026-01-31 12:46:02][INFO] platform: key_down scancode=26 code=1
[2026-01-31 12:46:02][INFO] input: action=Sprint key=6 down=1
[2026-01-31 12:46:02][INFO] input: action=MoveForward key=1 down=1
[2026-01-31 12:46:02][INFO] input: action=Sprint key=6 down=1
[2026-01-31 12:46:02][INFO] input: action=MoveForward key=1 down=1
[2026-01-31 12:46:02][INFO] physics_basic: pos=(-2.686678,-0.000010,4.554675) vel=(3.674920,-0.009800,5.900616) grounded=1
[2026-01-31 12:46:02][INFO] physics_basic: input fwd=1 back=0 left=0 right=0 jump=0 sprint=1 dt=0.001000
[2026-01-31 12:46:02][INFO] platform: key_down scancode=26 code=1
[2026-01-31 12:46:02][INFO] input: action=Sprint key=6 down=1
[2026-01-31 12:46:02][INFO] input: action=MoveForward key=1 down=1
[2026-01-31 12:46:02][INFO] input: action=Sprint key=6 down=1
[2026-01-31 12:46:02][INFO] input: action=MoveForward key=1 down=1
[2026-01-31 12:46:02][INFO] platform: key_down scancode=26 code=1
[2026-01-31 12:46:02][INFO] input: action=Sprint key=6 down=1
[2026-01-31 12:46:02][INFO] input: action=MoveForward key=1 down=1
[2026-01-31 12:46:02][INFO] physics_basic: pos=(-2.432679,-0.000010,4.883123) vel=(4.750805,-0.009800,5.031091) grounded=1
[2026-01-31 12:46:02][INFO] physics_basic: input fwd=1 back=0 left=0 right=0 jump=0 sprint=1 dt=0.001000
[2026-01-31 12:46:02][INFO] input: action=Sprint key=6 down=1
[2026-01-31 12:46:02][INFO] input: action=MoveForward key=1 down=1
[2026-01-31 12:46:02][INFO] platform: key_down scancode=26 code=1
[2026-01-31 12:46:02][INFO] input: action=Sprint key=6 down=1
[2026-01-31 12:46:02][INFO] input: action=MoveForward key=1 down=1
[2026-01-31 12:46:02][INFO] input: action=Sprint key=6 down=1
[2026-01-31 12:46:02][INFO] input: action=MoveForward key=1 down=1
[2026-01-31 12:46:02][INFO] physics_basic: pos=(-2.125715,-0.000010,5.163426) vel=(5.404459,-0.009800,4.367427) grounded=1
[2026-01-31 12:46:02][INFO] physics_basic: input fwd=1 back=0 left=0 right=0 jump=0 sprint=1 dt=0.001000
[2026-01-31 12:46:02][INFO] platform: key_down scancode=26 code=1
[2026-01-31 12:46:02][INFO] input: action=Sprint key=6 down=1
[2026-01-31 12:46:02][INFO] input: action=MoveForward key=1 down=1
[2026-01-31 12:46:02][INFO] input: action=Sprint key=6 down=1
[2026-01-31 12:46:02][INFO] input: action=MoveForward key=1 down=1
[2026-01-31 12:46:02][INFO] input: action=Sprint key=6 down=1
[2026-01-31 12:46:02][INFO] input: action=MoveForward key=1 down=1
[2026-01-31 12:46:02][INFO] platform: key_down scancode=26 code=1
[2026-01-31 12:46:02][INFO] input: action=Sprint key=6 down=1
[2026-01-31 12:46:02][INFO] input: action=MoveForward key=1 down=1
[2026-01-31 12:46:02][INFO] physics_basic: pos=(-1.782731,-0.000010,5.413586) vel=(5.790407,-0.009800,3.885843) grounded=1
[2026-01-31 12:46:02][INFO] physics_basic: input fwd=1 back=0 left=0 right=0 jump=0 sprint=1 dt=0.001000
[2026-01-31 12:46:02][INFO] input: action=Sprint key=6 down=1
[2026-01-31 12:46:02][INFO] input: action=MoveForward key=1 down=1
[2026-01-31 12:46:02][INFO] platform: key_down scancode=26 code=1
[2026-01-31 12:46:02][INFO] input: action=Sprint key=6 down=1
[2026-01-31 12:46:02][INFO] input: action=MoveForward key=1 down=1
[2026-01-31 12:46:02][INFO] input: action=Sprint key=6 down=1
[2026-01-31 12:46:02][INFO] input: action=MoveForward key=1 down=1
[2026-01-31 12:46:02][INFO] platform: key_down scancode=26 code=1
[2026-01-31 12:46:02][INFO] physics_basic: pos=(-1.406431,-0.000088,5.620831) vel=(6.423180,-0.029400,2.425262) grounded=1
[2026-01-31 12:46:02][INFO] physics_basic: input fwd=1 back=0 left=0 right=0 jump=0 sprint=1 dt=0.001000
[2026-01-31 12:46:02][INFO] input: action=Sprint key=6 down=1
[2026-01-31 12:46:02][INFO] input: action=MoveForward key=1 down=1
[2026-01-31 12:46:02][INFO] input: action=Sprint key=6 down=1
[2026-01-31 12:46:02][INFO] input: action=MoveForward key=1 down=1
[2026-01-31 12:46:02][INFO] platform: key_down scancode=26 code=1
[2026-01-31 12:46:02][INFO] platform: key_down scancode=44 code=5
[2026-01-31 12:46:02][INFO] input: action=Sprint key=6 down=1
[2026-01-31 12:46:02][INFO] input: action=Jump key=5 down=1
[2026-01-31 12:46:02][INFO] input: action=MoveForward key=1 down=1
[2026-01-31 12:46:02][INFO] physics_basic: pos=(-1.009300,0.054353,5.676959) vel=(6.670034,4.892200,-0.421076) grounded=0
[2026-01-31 12:46:02][INFO] physics_basic: input fwd=1 back=0 left=0 right=0 jump=1 sprint=1 dt=0.001000
[2026-01-31 12:46:02][INFO] input: action=Sprint key=6 down=1
[2026-01-31 12:46:02][INFO] input: action=Jump key=5 down=1
[2026-01-31 12:46:02][INFO] input: action=MoveForward key=1 down=1
[2026-01-31 12:46:02][INFO] input: action=Sprint key=6 down=1
[2026-01-31 12:46:02][INFO] input: action=Jump key=5 down=1
[2026-01-31 12:46:02][INFO] input: action=MoveForward key=1 down=1
[2026-01-31 12:46:02][INFO] input: action=Sprint key=6 down=1
[2026-01-31 12:46:02][INFO] input: action=Jump key=5 down=1
[2026-01-31 12:46:02][INFO] input: action=MoveForward key=1 down=1
[2026-01-31 12:46:02][INFO] physics_basic: pos=(-0.612499,0.334236,5.582662) vel=(6.200507,4.294403,-2.619198) grounded=0
[2026-01-31 12:46:02][INFO] physics_basic: input fwd=1 back=0 left=0 right=0 jump=1 sprint=1 dt=0.001000
[2026-01-31 12:46:02][INFO] input: action=Sprint key=6 down=1
[2026-01-31 12:46:02][INFO] input: action=Jump key=5 down=1
[2026-01-31 12:46:02][INFO] input: action=MoveForward key=1 down=1
[2026-01-31 12:46:02][INFO] input: action=Sprint key=6 down=1
[2026-01-31 12:46:02][INFO] input: action=Jump key=5 down=1
[2026-01-31 12:46:02][INFO] input: action=MoveForward key=1 down=1
[2026-01-31 12:46:02][INFO] input: action=Sprint key=6 down=1
[2026-01-31 12:46:02][INFO] input: action=Jump key=5 down=1
[2026-01-31 12:46:02][INFO] input: action=MoveForward key=1 down=1
[2026-01-31 12:46:02][INFO] physics_basic: pos=(-0.273262,0.573966,5.365385) vel=(5.164424,3.706406,-4.399991) grounded=0
[2026-01-31 12:46:02][INFO] physics_basic: input fwd=1 back=0 left=0 right=0 jump=1 sprint=1 dt=0.001000
[2026-01-31 12:46:02][INFO] input: action=Sprint key=6 down=1
[2026-01-31 12:46:02][INFO] input: action=Jump key=5 down=1
[2026-01-31 12:46:02][INFO] input: action=MoveForward key=1 down=1
[2026-01-31 12:46:02][INFO] input: action=Sprint key=6 down=1
[2026-01-31 12:46:02][INFO] input: action=Jump key=5 down=1
[2026-01-31 12:46:02][INFO] input: action=MoveForward key=1 down=1
[2026-01-31 12:46:02][INFO] input: action=Sprint key=6 down=1
[2026-01-31 12:46:02][INFO] input: action=Jump key=5 down=1
[2026-01-31 12:46:02][INFO] input: action=MoveForward key=1 down=1
[2026-01-31 12:46:02][INFO] physics_basic: pos=(0.012203,0.781515,5.062601) vel=(4.206433,3.108608,-5.435621) grounded=0
[2026-01-31 12:46:02][INFO] physics_basic: input fwd=1 back=0 left=0 right=0 jump=1 sprint=1 dt=0.001000
[2026-01-31 12:46:02][INFO] input: action=Sprint key=6 down=1
[2026-01-31 12:46:02][INFO] input: action=Jump key=5 down=1
[2026-01-31 12:46:02][INFO] input: action=MoveForward key=1 down=1
[2026-01-31 12:46:02][INFO] input: action=Sprint key=6 down=1
[2026-01-31 12:46:02][INFO] input: action=Jump key=5 down=1
[2026-01-31 12:46:02][INFO] input: action=MoveForward key=1 down=1
[2026-01-31 12:46:02][INFO] input: action=Sprint key=6 down=1
[2026-01-31 12:46:02][INFO] input: action=Jump key=5 down=1
[2026-01-31 12:46:02][INFO] input: action=MoveForward key=1 down=1
[2026-01-31 12:46:02][INFO] physics_basic: pos=(0.246449,0.950098,4.720397) vel=(3.708308,2.520611,-5.876837) grounded=0
[2026-01-31 12:46:02][INFO] physics_basic: input fwd=1 back=0 left=0 right=0 jump=1 sprint=1 dt=0.001000
[2026-01-31 12:46:02][INFO] input: action=Sprint key=6 down=1
[2026-01-31 12:46:02][INFO] input: action=Jump key=5 down=1
[2026-01-31 12:46:02][INFO] input: action=MoveForward key=1 down=1
[2026-01-31 12:46:02][INFO] input: action=Sprint key=6 down=1
[2026-01-31 12:46:02][INFO] input: action=Jump key=5 down=1
[2026-01-31 12:46:02][INFO] input: action=MoveForward key=1 down=1
[2026-01-31 12:46:02][INFO] input: action=Sprint key=6 down=1
[2026-01-31 12:46:02][INFO] input: action=Jump key=5 down=1
[2026-01-31 12:46:02][INFO] input: action=MoveForward key=1 down=1
[2026-01-31 12:46:03][INFO] physics_basic: pos=(0.467105,1.085314,4.356995) vel=(3.558807,1.922813,-6.009257) grounded=0
[2026-01-31 12:46:03][INFO] physics_basic: input fwd=1 back=0 left=0 right=0 jump=1 sprint=1 dt=0.001000
[2026-01-31 12:46:03][INFO] input: action=Sprint key=6 down=1
[2026-01-31 12:46:03][INFO] input: action=Jump key=5 down=1
[2026-01-31 12:46:03][INFO] input: action=MoveForward key=1 down=1
[2026-01-31 12:46:03][INFO] input: action=Sprint key=6 down=1
[2026-01-31 12:46:03][INFO] input: action=Jump key=5 down=1
[2026-01-31 12:46:03][INFO] input: action=MoveForward key=1 down=1
[2026-01-31 12:46:03][INFO] input: action=Sprint key=6 down=1
[2026-01-31 12:46:03][INFO] input: action=Jump key=5 down=1
[2026-01-31 12:46:03][INFO] input: action=MoveForward key=1 down=1
[2026-01-31 12:46:03][INFO] physics_basic: pos=(0.679060,1.182749,3.995046) vel=(3.515605,1.334816,-6.047523) grounded=0
[2026-01-31 12:46:03][INFO] physics_basic: input fwd=1 back=0 left=0 right=0 jump=1 sprint=1 dt=0.001000
[2026-01-31 12:46:03][INFO] platform: key_up scancode=44 code=5
[2026-01-31 12:46:03][INFO] input: action=Sprint key=6 down=1
[2026-01-31 12:46:03][INFO] input: action=MoveForward key=1 down=1
[2026-01-31 12:46:03][INFO] input: action=Sprint key=6 down=1
[2026-01-31 12:46:03][INFO] input: action=MoveForward key=1 down=1
[2026-01-31 12:46:03][INFO] input: action=Sprint key=6 down=1
[2026-01-31 12:46:03][INFO] input: action=MoveForward key=1 down=1
[2026-01-31 12:46:03][INFO] physics_basic: pos=(0.893031,1.245631,3.625720) vel=(3.502638,0.737017,-6.059009) grounded=0
[2026-01-31 12:46:03][INFO] physics_basic: input fwd=1 back=0 left=0 right=0 jump=0 sprint=1 dt=0.001000
[2026-01-31 12:46:03][INFO] input: action=Sprint key=6 down=1
[2026-01-31 12:46:03][INFO] input: action=MoveForward key=1 down=1
[2026-01-31 12:46:03][INFO] input: action=Sprint key=6 down=1
[2026-01-31 12:46:03][INFO] input: action=MoveForward key=1 down=1
[2026-01-31 12:46:03][INFO] input: action=Sprint key=6 down=1
[2026-01-31 12:46:03][INFO] input: action=MoveForward key=1 down=1
[2026-01-31 12:46:03][INFO] physics_basic: pos=(1.103053,1.271918,3.262059) vel=(3.498892,0.149017,-6.062328) grounded=0
[2026-01-31 12:46:03][INFO] physics_basic: input fwd=1 back=0 left=0 right=0 jump=0 sprint=1 dt=0.001000
[2026-01-31 12:46:03][INFO] input: action=Sprint key=6 down=1
[2026-01-31 12:46:03][INFO] input: action=MoveForward key=1 down=1
[2026-01-31 12:46:03][INFO] input: action=Sprint key=6 down=1
[2026-01-31 12:46:03][INFO] input: action=MoveForward key=1 down=1
[2026-01-31 12:46:03][INFO] input: action=Sprint key=6 down=1
[2026-01-31 12:46:03][INFO] input: action=MoveForward key=1 down=1
[2026-01-31 12:46:03][INFO] physics_basic: pos=(1.323439,1.261520,2.880094) vel=(3.497748,-0.468383,-6.063341) grounded=0
[2026-01-31 12:46:03][INFO] physics_basic: input fwd=1 back=0 left=0 right=0 jump=0 sprint=1 dt=0.018000
[2026-01-31 12:46:03][INFO] input: action=Sprint key=6 down=1
[2026-01-31 12:46:03][INFO] input: action=MoveForward key=1 down=1
[2026-01-31 12:46:03][INFO] input: action=Sprint key=6 down=1
[2026-01-31 12:46:03][INFO] input: action=MoveForward key=1 down=1
[2026-01-31 12:46:03][INFO] input: action=Sprint key=6 down=1
[2026-01-31 12:46:03][INFO] input: action=MoveForward key=1 down=1
[2026-01-31 12:46:03][INFO] platform: key_up scancode=225 code=6
[2026-01-31 12:46:03][INFO] physics_basic: pos=(1.591939,1.194526,2.414597) vel=(3.299731,-1.222983,-5.720949) grounded=0
[2026-01-31 12:46:03][INFO] physics_basic: input fwd=1 back=0 left=0 right=0 jump=0 sprint=0 dt=0.001000
[2026-01-31 12:46:03][INFO] input: action=MoveForward key=1 down=1
[2026-01-31 12:46:03][INFO] input: action=MoveForward key=1 down=1
[2026-01-31 12:46:03][INFO] input: action=MoveForward key=1 down=1
[2026-01-31 12:46:03][INFO] physics_basic: pos=(1.756637,1.103213,2.129048) vel=(2.385658,-1.810980,-4.136257) grounded=0
[2026-01-31 12:46:03][INFO] physics_basic: input fwd=1 back=0 left=0 right=0 jump=0 sprint=0 dt=0.001000
[2026-01-31 12:46:03][INFO] input: action=MoveForward key=1 down=1
[2026-01-31 12:46:03][INFO] input: action=MoveForward key=1 down=1
[2026-01-31 12:46:03][INFO] input: action=MoveForward key=1 down=1
[2026-01-31 12:46:03][INFO] input: action=MoveForward key=1 down=1
[2026-01-31 12:46:03][INFO] physics_basic: pos=(1.894076,0.971773,1.890752) vel=(2.109017,-2.418578,-3.656659) grounded=0
[2026-01-31 12:46:03][INFO] physics_basic: input fwd=1 back=0 left=0 right=0 jump=0 sprint=0 dt=0.001000
[2026-01-31 12:46:03][INFO] input: action=MoveForward key=1 down=1
[2026-01-31 12:46:03][INFO] input: action=MoveForward key=1 down=1
[2026-01-31 12:46:03][INFO] input: action=MoveForward key=1 down=1
[2026-01-31 12:46:03][INFO] physics_basic: pos=(2.017789,0.808725,1.676255) vel=(2.031356,-3.006575,-3.522022) grounded=0
[2026-01-31 12:46:03][INFO] physics_basic: input fwd=1 back=0 left=0 right=0 jump=0 sprint=0 dt=0.001000
[2026-01-31 12:46:03][INFO] input: action=MoveForward key=1 down=1
[2026-01-31 12:46:03][INFO] input: action=MoveForward key=1 down=1
[2026-01-31 12:46:03][INFO] input: action=MoveForward key=1 down=1
[2026-01-31 12:46:03][INFO] physics_basic: pos=(2.140836,0.606782,1.462912) vel=(2.008049,-3.604373,-3.481614) grounded=0
[2026-01-31 12:46:03][INFO] physics_basic: input fwd=1 back=0 left=0 right=0 jump=0 sprint=0 dt=0.001000
[2026-01-31 12:46:03][INFO] input: action=MoveForward key=1 down=1
[2026-01-31 12:46:03][INFO] input: action=MoveForward key=1 down=1
[2026-01-31 12:46:03][INFO] input: action=MoveForward key=1 down=1
[2026-01-31 12:46:03][INFO] physics_basic: pos=(2.261074,0.372586,1.254440) vel=(2.001313,-4.192370,-3.469937) grounded=0
[2026-01-31 12:46:03][INFO] physics_basic: input fwd=1 back=0 left=0 right=0 jump=0 sprint=0 dt=0.001000
[2026-01-31 12:46:03][INFO] input: action=MoveForward key=1 down=1
[2026-01-31 12:46:03][INFO] input: action=MoveForward key=1 down=1
[2026-01-31 12:46:03][INFO] input: action=MoveForward key=1 down=1
[2026-01-31 12:46:03][INFO] physics_basic: pos=(2.383079,0.098310,1.042904) vel=(1.999292,-4.790167,-3.466432) grounded=0
[2026-01-31 12:46:03][INFO] physics_basic: input fwd=1 back=0 left=0 right=0 jump=0 sprint=0 dt=0.001000
[2026-01-31 12:46:03][INFO] input: action=MoveForward key=1 down=1
[2026-01-31 12:46:03][INFO] input: action=MoveForward key=1 down=1
[2026-01-31 12:46:03][INFO] input: action=MoveForward key=1 down=1
[2026-01-31 12:46:03][INFO] platform: key_up scancode=26 code=1
[2026-01-31 12:46:03][INFO] physics_basic: pos=(2.502450,-0.000010,0.835935) vel=(1.874355,-0.009800,-3.249814) grounded=1
[2026-01-31 12:46:03][INFO] physics_basic: input fwd=0 back=0 left=0 right=0 jump=0 sprint=0 dt=0.001000
[2026-01-31 12:46:03][INFO] physics_basic: pos=(2.592460,-0.000010,0.679872) vel=(1.148247,-0.009800,-1.990865) grounded=1
[2026-01-31 12:46:03][INFO] physics_basic: input fwd=0 back=0 left=0 right=0 jump=0 sprint=0 dt=0.001000
[2026-01-31 12:46:03][INFO] physics_basic: pos=(2.646908,-0.000010,0.585467) vel=(0.709145,-0.009800,-1.229537) grounded=1
[2026-01-31 12:46:03][INFO] physics_basic: input fwd=0 back=0 left=0 right=0 jump=0 sprint=0 dt=0.001000
[2026-01-31 12:46:03][INFO] physics_basic: pos=(2.680963,-0.000010,0.526424) vel=(0.434429,-0.009800,-0.753225) grounded=1
[2026-01-31 12:46:03][INFO] physics_basic: input fwd=0 back=0 left=0 right=0 jump=0 sprint=0 dt=0.001000
[2026-01-31 12:46:03][INFO] physics_basic: pos=(2.701827,-0.000010,0.490249) vel=(0.266135,-0.009800,-0.461433) grounded=1
[2026-01-31 12:46:03][INFO] physics_basic: input fwd=0 back=0 left=0 right=0 jump=0 sprint=0 dt=0.001000
[2026-01-31 12:46:04][INFO] physics_basic: pos=(2.714446,-0.000010,0.468369) vel=(0.164362,-0.009800,-0.284976) grounded=1
[2026-01-31 12:46:04][INFO] physics_basic: input fwd=0 back=0 left=0 right=0 jump=0 sprint=0 dt=0.001000
[2026-01-31 12:46:04][INFO] physics_basic: pos=(2.722240,-0.000010,0.454855) vel=(0.101508,-0.009800,-0.175998) grounded=1
[2026-01-31 12:46:04][INFO] physics_basic: input fwd=0 back=0 left=0 right=0 jump=0 sprint=0 dt=0.001000
[2026-01-31 12:46:04][INFO] physics_basic: pos=(2.727053,-0.000010,0.446510) vel=(0.062691,-0.009800,-0.108695) grounded=1
[2026-01-31 12:46:04][INFO] physics_basic: input fwd=0 back=0 left=0 right=0 jump=0 sprint=0 dt=0.001000
[2026-01-31 12:46:04][INFO] physics_basic: pos=(2.730065,-0.000010,0.441290) vel=(0.038405,-0.009800,-0.066587) grounded=1
[2026-01-31 12:46:04][INFO] physics_basic: input fwd=0 back=0 left=0 right=0 jump=0 sprint=0 dt=0.001000
[2026-01-31 12:46:04][INFO] physics_basic: pos=(2.731956,-0.000010,0.438013) vel=(0.023148,-0.009800,-0.040134) grounded=1
[2026-01-31 12:46:04][INFO] physics_basic: input fwd=0 back=0 left=0 right=0 jump=0 sprint=0 dt=0.001000
[2026-01-31 12:46:04][INFO] physics_basic: pos=(2.733053,-0.000010,0.436110) vel=(0.014296,-0.009800,-0.024786) grounded=1
[2026-01-31 12:46:04][INFO] physics_basic: input fwd=0 back=0 left=0 right=0 jump=0 sprint=0 dt=0.001000
[2026-01-31 12:46:04][INFO] physics_basic: pos=(2.733740,-0.000010,0.434919) vel=(0.008758,-0.009800,-0.015184) grounded=1
[2026-01-31 12:46:04][INFO] physics_basic: input fwd=0 back=0 left=0 right=0 jump=0 sprint=0 dt=0.001000
[2026-01-31 12:46:04][INFO] physics_basic: pos=(2.734155,-0.000010,0.434199) vel=(0.005409,-0.009800,-0.009378) grounded=1
[2026-01-31 12:46:04][INFO] physics_basic: input fwd=0 back=0 left=0 right=0 jump=0 sprint=0 dt=0.001000
[2026-01-31 12:46:04][INFO] physics_basic: pos=(2.734415,-0.000010,0.433749) vel=(0.003313,-0.009800,-0.005745) grounded=1
[2026-01-31 12:46:04][INFO] physics_basic: input fwd=0 back=0 left=0 right=0 jump=0 sprint=0 dt=0.001000
[2026-01-31 12:46:04][INFO] physics_basic: pos=(2.734574,-0.000039,0.433473) vel=(0.002030,-0.019600,-0.003519) grounded=1
[2026-01-31 12:46:04][INFO] physics_basic: input fwd=0 back=0 left=0 right=0 jump=0 sprint=0 dt=0.001000
[2026-01-31 12:46:04][INFO] platform: key_down scancode=41 code=7
[2026-01-31 12:46:04][INFO] input: action=Quit key=7 down=1
[2026-01-31 12:46:04][INFO] physics_basic: pos=(2.734670,-0.000010,0.433306) vel=(0.001254,-0.009800,-0.002174) grounded=1
[2026-01-31 12:46:04][INFO] physics_basic: input fwd=0 back=0 left=0 right=0 jump=0 sprint=0 dt=0.001000
[2026-01-31 12:46:04][INFO] input: action=Quit key=7 down=1
[2026-01-31 12:46:04][INFO] input: action=Quit key=7 down=1
[2026-01-31 12:46:04][INFO] input: action=Quit key=7 down=1
[2026-01-31 12:46:04][INFO] input: action=Quit key=7 down=1
[2026-01-31 12:46:04][INFO] physics_basic: pos=(2.734730,-0.000010,0.433202) vel=(0.000768,-0.009800,-0.001332) grounded=1
[2026-01-31 12:46:04][INFO] physics_basic: input fwd=0 back=0 left=0 right=0 jump=0 sprint=0 dt=0.001000
[2026-01-31 12:46:04][INFO] input: action=Quit key=7 down=1
[2026-01-31 12:46:04][INFO] input: action=Quit key=7 down=1
[2026-01-31 12:46:04][INFO] platform: key_up scancode=41 code=7
[2026-01-31 12:46:04][INFO] physics_basic: pos=(2.734766,-0.000010,0.433139) vel=(0.000474,-0.009800,-0.000822) grounded=1
[2026-01-31 12:46:04][INFO] physics_basic: input fwd=0 back=0 left=0 right=0 jump=0 sprint=0 dt=0.001000
[2026-01-31 12:46:04][INFO] physics_basic: pos=(2.734789,-0.000010,0.433099) vel=(0.000291,-0.009800,-0.000504) grounded=1
[2026-01-31 12:46:04][INFO] physics_basic: input fwd=0 back=0 left=0 right=0 jump=0 sprint=0 dt=0.001000
[2026-01-31 12:46:04][INFO] physics_basic: pos=(2.734803,-0.000010,0.433075) vel=(0.000179,-0.009800,-0.000311) grounded=1
[2026-01-31 12:46:04][INFO] physics_basic: input fwd=0 back=0 left=0 right=0 jump=0 sprint=0 dt=0.001000
[2026-01-31 12:46:04][INFO] physics_basic: pos=(2.734815,-0.000010,0.433061) vel=(0.000111,-0.009800,-0.000192) grounded=1
[2026-01-31 12:46:04][INFO] physics_basic: input fwd=0 back=0 left=0 right=0 jump=0 sprint=0 dt=0.001000
[2026-01-31 12:46:05][INFO] physics_basic: pos=(2.734815,-0.000010,0.433052) vel=(0.000068,-0.009800,-0.000119) grounded=1
[2026-01-31 12:46:05][INFO] physics_basic: input fwd=0 back=0 left=0 right=0 jump=0 sprint=0 dt=0.001000
[2026-01-31 12:46:05][INFO] physics_basic: pos=(2.734815,-0.000010,0.433046) vel=(0.000042,-0.009800,-0.000073) grounded=1
[2026-01-31 12:46:05][INFO] physics_basic: input fwd=0 back=0 left=0 right=0 jump=0 sprint=0 dt=0.001000
[2026-01-31 12:46:05][INFO] physics_basic: pos=(2.734815,-0.000010,0.433042) vel=(0.000026,-0.009800,-0.000045) grounded=1
[2026-01-31 12:46:05][INFO] physics_basic: input fwd=0 back=0 left=0 right=0 jump=0 sprint=0 dt=0.001000
[2026-01-31 12:46:05][INFO] physics_basic: pos=(2.734815,-0.000010,0.433040) vel=(0.000016,-0.009800,-0.000028) grounded=1
[2026-01-31 12:46:05][INFO] physics_basic: input fwd=0 back=0 left=0 right=0 jump=0 sprint=0 dt=0.001000
[2026-01-31 12:46:05][INFO] physics_basic: pos=(2.734815,-0.000010,0.433039) vel=(0.000010,-0.009800,-0.000017) grounded=1
[2026-01-31 12:46:05][INFO] physics_basic: input fwd=0 back=0 left=0 right=0 jump=0 sprint=0 dt=0.001000
[2026-01-31 12:46:05][INFO] physics_basic: pos=(2.734815,-0.000010,0.433038) vel=(0.000006,-0.009800,-0.000010) grounded=1
[2026-01-31 12:46:05][INFO] physics_basic: input fwd=0 back=0 left=0 right=0 jump=0 sprint=0 dt=0.001000
[2026-01-31 12:46:05][INFO] physics_basic: pos=(2.734815,-0.000010,0.433038) vel=(0.000004,-0.009800,-0.000006) grounded=1
[2026-01-31 12:46:05][INFO] physics_basic: input fwd=0 back=0 left=0 right=0 jump=0 sprint=0 dt=0.001000
[2026-01-31 12:46:05][INFO] physics_basic: pos=(2.734815,-0.000010,0.433038) vel=(0.000002,-0.009800,-0.000004) grounded=1
[2026-01-31 12:46:05][INFO] physics_basic: input fwd=0 back=0 left=0 right=0 jump=0 sprint=0 dt=0.001000
[2026-01-31 12:46:05][INFO] physics_basic: pos=(2.734815,-0.000010,0.433038) vel=(0.000001,-0.009800,-0.000002) grounded=1
[2026-01-31 12:46:05][INFO] physics_basic: input fwd=0 back=0 left=0 right=0 jump=0 sprint=0 dt=0.001000
[2026-01-31 12:46:05][INFO] physics_basic: pos=(2.734815,-0.000010,0.433038) vel=(0.000001,-0.009800,-0.000002) grounded=1
[2026-01-31 12:46:05][INFO] physics_basic: input fwd=0 back=0 left=0 right=0 jump=0 sprint=0 dt=0.002000
[2026-01-31 12:46:05][INFO] physics_basic: pos=(2.734815,-0.000010,0.433038) vel=(0.000001,-0.009800,-0.000001) grounded=1
[2026-01-31 12:46:05][INFO] physics_basic: input fwd=0 back=0 left=0 right=0 jump=0 sprint=0 dt=0.001000
[2026-01-31 12:46:05][INFO] physics_basic: pos=(2.734815,-0.000010,0.433038) vel=(0.000000,-0.009800,-0.000001) grounded=1
[2026-01-31 12:46:05][INFO] physics_basic: input fwd=0 back=0 left=0 right=0 jump=0 sprint=0 dt=0.001000
[2026-01-31 12:46:05][INFO] physics_basic: pos=(2.734815,-0.000010,0.433038) vel=(0.000000,-0.009800,-0.000000) grounded=1
[2026-01-31 12:46:05][INFO] physics_basic: input fwd=0 back=0 left=0 right=0 jump=0 sprint=0 dt=0.001000
[2026-01-31 12:46:05][INFO] physics_basic: pos=(2.734815,-0.000010,0.433038) vel=(0.000000,-0.009800,-0.000000) grounded=1
[2026-01-31 12:46:05][INFO] physics_basic: input fwd=0 back=0 left=0 right=0 jump=0 sprint=0 dt=0.001000
[2026-01-31 12:46:05][INFO] physics_basic: pos=(2.734815,-0.000010,0.433038) vel=(0.000000,-0.009800,-0.000000) grounded=1
[2026-01-31 12:46:05][INFO] physics_basic: input fwd=0 back=0 left=0 right=0 jump=0 sprint=0 dt=0.001000
[2026-01-31 12:46:05][INFO] physics_basic: pos=(2.734815,-0.000010,0.433038) vel=(0.000000,-0.009800,-0.000000) grounded=1
[2026-01-31 12:46:05][INFO] physics_basic: input fwd=0 back=0 left=0 right=0 jump=0 sprint=0 dt=0.001000
[2026-01-31 12:46:05][INFO] physics_basic: pos=(2.734815,-0.000010,0.433038) vel=(0.000000,-0.009800,-0.000000) grounded=1
[2026-01-31 12:46:05][INFO] physics_basic: input fwd=0 back=0 left=0 right=0 jump=0 sprint=0 dt=0.001000
[2026-01-31 12:46:06][INFO] physics_basic: pos=(2.734815,-0.000010,0.433038) vel=(0.000000,-0.009800,-0.000000) grounded=1
[2026-01-31 12:46:06][INFO] physics_basic: input fwd=0 back=0 left=0 right=0 jump=0 sprint=0 dt=0.001000
[2026-01-31 12:46:06][INFO] physics_basic: pos=(2.734815,-0.000010,0.433038) vel=(0.000000,-0.009800,-0.000000) grounded=1
[2026-01-31 12:46:06][INFO] physics_basic: input fwd=0 back=0 left=0 right=0 jump=0 sprint=0 dt=0.001000
[2026-01-31 12:46:06][INFO] physics_basic: pos=(2.734815,-0.000010,0.433038) vel=(0.000000,-0.009800,-0.000000) grounded=1
[2026-01-31 12:46:06][INFO] physics_basic: input fwd=0 back=0 left=0 right=0 jump=0 sprint=0 dt=0.001000
[2026-01-31 12:46:06][INFO] physics_basic: pos=(2.734815,-0.000010,0.433038) vel=(0.000000,-0.009800,-0.000000) grounded=1
[2026-01-31 12:46:06][INFO] physics_basic: input fwd=0 back=0 left=0 right=0 jump=0 sprint=0 dt=0.001000
[2026-01-31 12:46:06][INFO] physics_basic: pos=(2.734815,-0.000010,0.433038) vel=(0.000000,-0.009800,-0.000000) grounded=1
[2026-01-31 12:46:06][INFO] physics_basic: input fwd=0 back=0 left=0 right=0 jump=0 sprint=0 dt=0.001000
[2026-01-31 12:46:06][INFO] physics_basic: pos=(2.734815,-0.000010,0.433038) vel=(0.000000,-0.009800,-0.000000) grounded=1
[2026-01-31 12:46:06][INFO] physics_basic: input fwd=0 back=0 left=0 right=0 jump=0 sprint=0 dt=0.001000
[2026-01-31 12:46:06][INFO] physics_basic: pos=(2.734815,-0.000010,0.433038) vel=(0.000000,-0.009800,-0.000000) grounded=1
[2026-01-31 12:46:06][INFO] physics_basic: input fwd=0 back=0 left=0 right=0 jump=0 sprint=0 dt=0.001000
[2026-01-31 12:46:06][INFO] physics_basic: pos=(2.734815,-0.000010,0.433038) vel=(0.000000,-0.009800,-0.000000) grounded=1
[2026-01-31 12:46:06][INFO] physics_basic: input fwd=0 back=0 left=0 right=0 jump=0 sprint=0 dt=0.001000
[2026-01-31 12:46:06][INFO] physics_basic: pos=(2.734815,-0.000010,0.433038) vel=(0.000000,-0.009800,-0.000000) grounded=1
[2026-01-31 12:46:06][INFO] physics_basic: input fwd=0 back=0 left=0 right=0 jump=0 sprint=0 dt=0.001000
[2026-01-31 12:46:06][INFO] physics_basic: pos=(2.734815,-0.000010,0.433038) vel=(0.000000,-0.009800,-0.000000) grounded=1
[2026-01-31 12:46:06][INFO] physics_basic: input fwd=0 back=0 left=0 right=0 jump=0 sprint=0 dt=0.001000
[2026-01-31 12:46:06][INFO] physics_basic: pos=(2.734815,-0.000010,0.433038) vel=(0.000000,-0.009800,-0.000000) grounded=1
[2026-01-31 12:46:06][INFO] physics_basic: input fwd=0 back=0 left=0 right=0 jump=0 sprint=0 dt=0.001000
[2026-01-31 12:46:06][INFO] level entity spawned: player_spawn
[2026-01-31 12:46:06][INFO] level entity spawned: ground_plane_1
[2026-01-31 12:46:06][INFO] level entity spawned: demo_quad_1
[2026-01-31 12:46:06][INFO] runtime: player rig scale set to 1.058824 (mesh height=1.700000, mesh scale=0.010000, root scale=1.000000, final scale=0.010588,0.010588,0.010588)
[2026-01-31 12:46:06][INFO] runtime: rig mesh bounds min=(-0.553406,-0.000000,-0.173289) max=(0.553406,1.700000,0.173289)
[2026-01-31 12:46:06][INFO] runtime: rig skeleton min y=0.040637
[2026-01-31 12:46:06][INFO] runtime: player rig offset set to 0.000000 (grounded by mesh bounds)
[2026-01-31 12:46:06][INFO] runtime: controller size set (radius=0.150000, half_height=0.100000, center_offset=0.250000, mesh height=0.018000, mesh bottom=0.000000)
[2026-01-31 12:46:06][INFO] runtime: player rig asset = manny (source=/home/skooze/rkg/NecTr/AI_GUARD_1/AI_GUARD_1_Character_output.glb)
[2026-01-31 12:46:06][INFO] runtime: attached skeleton from asset manny joints=24
[2026-01-31 12:46:06][INFO] content reloaded (raw)
[2026-01-31 12:46:06][INFO] reload reason: stop
[2026-01-31 12:46:08][INFO] debug_ui: shutdown
[2026-01-31 12:46:08][INFO] physics_basic: shutdown
[2026-01-31 12:46:08][INFO] renderer:vulkan shutdown
[2026-01-31 12:46:08][INFO] log shutdown
