[2026-01-31 12:30:25][INFO] log init
[2026-01-31 12:30:25][INFO] log file: /home/skooze/rkg/build_logs/rkg_editor_20260131_123025.log
[2026-01-31 12:30:25][INFO] platform: linux
[2026-01-31 12:30:25][INFO] build: debug
[2026-01-31 12:30:25][INFO] git: 6ef56f2
[2026-01-31 12:30:25][INFO] runtime: input map file=/home/skooze/rkg/projects/demo_game/config/input.yaml loaded=1 bindings=9
[2026-01-31 12:30:25][INFO] asset_cache: manny source -> /home/skooze/rkg/NecTr/AI_GUARD_1/AI_GUARD_1_Character_output.glb
[2026-01-31 12:30:25][INFO] asset_cache: auto-importing manny into build/content_cache/generated_assets/manny
[2026-01-31 12:30:25][INFO] asset_cache: auto-imported manny.glb into build/content_cache/generated_assets/manny
[2026-01-31 12:30:25][INFO] asset_cache: loaded testmanny (verts=69772 idx=418608 mats=0 tex=0 joints=24 scale=1.000000,1.000000,1.000000)
[2026-01-31 12:30:25][INFO] asset_cache: loaded manny (verts=33592 idx=156288 mats=1 tex=2 joints=24 scale=0.010000,0.010000,0.010000)
[2026-01-31 12:30:25][WARN] cooked content missing; using raw content (dev_mode)
[2026-01-31 12:30:25][INFO] RLIMIT_NOFILE: 1024/524288
[2026-01-31 12:30:25][INFO] RLIMIT_NPROC: 127047/127047
[2026-01-31 12:30:25][INFO] Wayland socket: /run/user/1000/wayland-0 mode=srwxr-xr-x uid=1000 gid=1000
[2026-01-31 12:30:25][INFO] Wayland socket connect ok: /run/user/1000/wayland-0
[2026-01-31 12:30:25][INFO] Wayland wl_display_connect ok: wayland-0
[2026-01-31 12:30:25][INFO] X11 socket: /tmp/.X11-unix/X1 mode=srwxr-xr-x uid=1000 gid=1000
[2026-01-31 12:30:25][INFO] X11 socket connect ok: /tmp/.X11-unix/X1
[2026-01-31 12:30:25][INFO] X11 XOpenDisplay ok: :1
[2026-01-31 12:30:25][INFO] SDL system/info: App name: SDL Application
[2026-01-31 12:30:25][INFO] SDL system/info: App version: <unspecified>
[2026-01-31 12:30:25][INFO] SDL system/info: App ID: <unspecified>
[2026-01-31 12:30:25][INFO] SDL system/info: SDL revision: SDL-release-3.4.0-0-ga962f40bb
[2026-01-31 12:30:25][INFO] SDL system/debug: SDL chose video backend 'wayland'
[2026-01-31 12:30:25][INFO] SDL current video driver: wayland
[2026-01-31 12:30:26][INFO] renderer:vulkan skinned demo: joints=24
[2026-01-31 12:30:26][INFO] renderer:vulkan textured demo: using asset manny dir=/home/skooze/rkg/build/content_cache/generated_assets/manny
[2026-01-31 12:30:26][INFO] renderer:vulkan init
[2026-01-31 12:30:26][INFO] renderer:vulkan dynamic rendering: enabled
[2026-01-31 12:30:26][INFO] renderer: renderer_vulkan
[2026-01-31 12:30:26][INFO] renderer caps: DrawPrimitive | DebugUiSupported
[2026-01-31 12:30:26][WARN] script:lua not available (Lua not found)
[2026-01-31 12:30:26][WARN] script:js not available (QuickJS/Duktape not found)
[2026-01-31 12:30:26][INFO] debug_ui: swapchain_format=50
[2026-01-31 12:30:26][INFO] debug_ui: backend caps api=pipeline_info_main render_pass=yes dynamic=yes color_format=no pipeline_rendering=yes msaa=yes
[2026-01-31 12:30:26][INFO] debug_ui: render path render_pass
[2026-01-31 12:30:26][INFO] debug_ui: init
[2026-01-31 12:30:26][INFO] debug_ui enabled
[2026-01-31 12:30:26][INFO] physics_basic: init
[2026-01-31 12:30:26][INFO] level entity spawned: player_spawn
[2026-01-31 12:30:26][INFO] level entity spawned: ground_plane_1
[2026-01-31 12:30:26][INFO] level entity spawned: demo_quad_1
[2026-01-31 12:30:26][INFO] runtime: player rig scale set to 1.058824 (mesh height=1.700000, mesh scale=0.010000, root scale=1.000000, final scale=0.010588,0.010588,0.010588)
[2026-01-31 12:30:26][INFO] runtime: rig mesh bounds min=(-0.553406,-0.000000,-0.173289) max=(0.553406,1.700000,0.173289)
[2026-01-31 12:30:26][INFO] runtime: rig skeleton min y=0.040637
[2026-01-31 12:30:26][INFO] runtime: player rig offset set to 0.000000 (grounded by mesh bounds)
[2026-01-31 12:30:26][INFO] runtime: controller size set (radius=0.150000, half_height=0.100000, center_offset=0.250000, mesh height=0.018000, mesh bottom=0.000000)
[2026-01-31 12:30:26][INFO] runtime: player rig asset = manny (source=/home/skooze/rkg/NecTr/AI_GUARD_1/AI_GUARD_1_Character_output.glb)
[2026-01-31 12:30:26][INFO] runtime: attached skeleton from asset manny joints=24
[2026-01-31 12:30:26][INFO] content watcher: inotify
[2026-01-31 12:30:26][INFO] tick: begin
[2026-01-31 12:30:26][INFO] tick: renderer update
[2026-01-31 12:30:26][INFO] renderer:vulkan update begin
[2026-01-31 12:30:26][WARN] renderer:vulkan swapchain rebuild requested
[2026-01-31 12:30:26][INFO] renderer:vulkan update end
[2026-01-31 12:30:26][INFO] debug_ui: new_frame begin
[2026-01-31 12:30:26][INFO] debug_ui: new_frame end
[2026-01-31 12:30:26][INFO] renderer:vulkan step 0: draw_frame: wait fence
[2026-01-31 12:30:26][INFO] renderer:vulkan swapchain=94777899911056
[2026-01-31 12:30:26][INFO] renderer:vulkan swapchain images=3 views=3 framebuffers=3 cmd_buffers=3
[2026-01-31 12:30:26][INFO] renderer:vulkan extent=1600x900
[2026-01-31 12:30:26][INFO] renderer:vulkan step 1: vkAcquireNextImageKHR
[2026-01-31 12:30:26][INFO] renderer:vulkan step 2: vkResetCommandBuffer
[2026-01-31 12:30:26][INFO] renderer:vulkan step 3: vkBeginCommandBuffer
[2026-01-31 12:30:26][INFO] renderer:vulkan step 4: swapchain: barrier to color attachment
[2026-01-31 12:30:26][INFO] renderer:vulkan step 5: swapchain: begin render pass
[2026-01-31 12:30:26][INFO] renderer:vulkan step 6: swapchain: clear attachments
[2026-01-31 12:30:26][INFO] renderer:vulkan step 7: imgui: render inside pass
[2026-01-31 12:30:26][INFO] debug_ui: draw_data textures=1
[2026-01-31 12:30:26][INFO] debug_ui: texture 0 status=0 tex_empty=false
[2026-01-31 12:30:26][INFO] debug_ui: render draw_data lists=1 vtx=4 idx=6
[2026-01-31 12:30:26][INFO] renderer:vulkan step 8: swapchain: end render pass
[2026-01-31 12:30:26][INFO] renderer:vulkan step 9: vkEndCommandBuffer
[2026-01-31 12:30:26][INFO] renderer:vulkan step 10: vkQueueSubmit
[2026-01-31 12:30:26][INFO] renderer:vulkan step 11: vkQueuePresentKHR
[2026-01-31 12:30:26][INFO] event: mouse type=1024 x=807 y=153
[2026-01-31 12:30:26][INFO] event: mouse type=1024 x=807 y=153
[2026-01-31 12:30:27][INFO] viewport: world_grid=1 character_grid=1 skeletons=0 allow_grids=1 play=0
[2026-01-31 12:30:29][INFO] viewport: world_grid=1 character_grid=1 skeletons=0 allow_grids=0 play=1
[2026-01-31 12:30:29][INFO] physics_basic: input fwd=0 back=0 left=0 right=0 jump=0 sprint=0 dt=0.001000
[2026-01-31 12:30:30][INFO] physics_basic: pos=(0.000000,-0.000010,0.000000) vel=(0.000000,-0.009800,0.000000) grounded=1
[2026-01-31 12:30:30][INFO] physics_basic: input fwd=0 back=0 left=0 right=0 jump=0 sprint=0 dt=0.001000
[2026-01-31 12:30:30][INFO] physics_basic: pos=(0.000000,-0.000010,0.000000) vel=(0.000000,-0.009800,0.000000) grounded=1
[2026-01-31 12:30:30][INFO] physics_basic: input fwd=0 back=0 left=0 right=0 jump=0 sprint=0 dt=0.001000
[2026-01-31 12:30:30][INFO] physics_basic: pos=(0.000000,-0.000010,0.000000) vel=(0.000000,-0.009800,0.000000) grounded=1
[2026-01-31 12:30:30][INFO] physics_basic: input fwd=0 back=0 left=0 right=0 jump=0 sprint=0 dt=0.001000
[2026-01-31 12:30:30][INFO] physics_basic: pos=(0.000000,-0.000010,0.000000) vel=(0.000000,-0.009800,0.000000) grounded=1
[2026-01-31 12:30:30][INFO] physics_basic: input fwd=0 back=0 left=0 right=0 jump=0 sprint=0 dt=0.001000
[2026-01-31 12:30:30][INFO] physics_basic: pos=(0.000000,-0.000010,0.000000) vel=(0.000000,-0.009800,0.000000) grounded=1
[2026-01-31 12:30:30][INFO] physics_basic: input fwd=0 back=0 left=0 right=0 jump=0 sprint=0 dt=0.001000
[2026-01-31 12:30:30][INFO] physics_basic: pos=(0.000000,-0.000010,0.000000) vel=(0.000000,-0.009800,0.000000) grounded=1
[2026-01-31 12:30:30][INFO] physics_basic: input fwd=0 back=0 left=0 right=0 jump=0 sprint=0 dt=0.001000
[2026-01-31 12:30:30][INFO] physics_basic: pos=(0.000000,-0.000010,0.000000) vel=(0.000000,-0.009800,0.000000) grounded=1
[2026-01-31 12:30:30][INFO] physics_basic: input fwd=0 back=0 left=0 right=0 jump=0 sprint=0 dt=0.001000
[2026-01-31 12:30:30][INFO] physics_basic: pos=(0.000000,-0.000010,0.000000) vel=(0.000000,-0.009800,0.000000) grounded=1
[2026-01-31 12:30:30][INFO] physics_basic: input fwd=0 back=0 left=0 right=0 jump=0 sprint=0 dt=0.001000
[2026-01-31 12:30:30][INFO] physics_basic: pos=(0.000000,-0.000010,0.000000) vel=(0.000000,-0.009800,0.000000) grounded=1
[2026-01-31 12:30:30][INFO] physics_basic: input fwd=0 back=0 left=0 right=0 jump=0 sprint=0 dt=0.001000
[2026-01-31 12:30:30][INFO] physics_basic: pos=(0.000000,-0.000010,0.000000) vel=(0.000000,-0.009800,0.000000) grounded=1
[2026-01-31 12:30:30][INFO] physics_basic: input fwd=0 back=0 left=0 right=0 jump=0 sprint=0 dt=0.001000
[2026-01-31 12:30:30][INFO] physics_basic: pos=(0.000000,-0.000039,0.000000) vel=(0.000000,-0.019600,0.000000) grounded=1
[2026-01-31 12:30:30][INFO] physics_basic: input fwd=0 back=0 left=0 right=0 jump=0 sprint=0 dt=0.001000
[2026-01-31 12:30:30][INFO] physics_basic: pos=(0.000000,-0.000010,0.000000) vel=(0.000000,-0.009800,0.000000) grounded=1
[2026-01-31 12:30:30][INFO] physics_basic: input fwd=0 back=0 left=0 right=0 jump=0 sprint=0 dt=0.001000
[2026-01-31 12:30:30][INFO] physics_basic: pos=(0.000000,-0.000010,0.000000) vel=(0.000000,-0.009800,0.000000) grounded=1
[2026-01-31 12:30:30][INFO] physics_basic: input fwd=0 back=0 left=0 right=0 jump=0 sprint=0 dt=0.001000
[2026-01-31 12:30:30][INFO] physics_basic: pos=(0.000000,-0.000010,0.000000) vel=(0.000000,-0.009800,0.000000) grounded=1
[2026-01-31 12:30:30][INFO] physics_basic: input fwd=0 back=0 left=0 right=0 jump=0 sprint=0 dt=0.001000
[2026-01-31 12:30:30][INFO] physics_basic: pos=(0.000000,-0.000010,0.000000) vel=(0.000000,-0.009800,0.000000) grounded=1
[2026-01-31 12:30:30][INFO] physics_basic: input fwd=0 back=0 left=0 right=0 jump=0 sprint=0 dt=0.001000
[2026-01-31 12:30:30][INFO] physics_basic: pos=(0.000000,-0.000010,0.000000) vel=(0.000000,-0.009800,0.000000) grounded=1
[2026-01-31 12:30:30][INFO] physics_basic: input fwd=0 back=0 left=0 right=0 jump=0 sprint=0 dt=0.001000
[2026-01-31 12:30:30][INFO] physics_basic: pos=(0.000000,-0.000010,0.000000) vel=(0.000000,-0.009800,0.000000) grounded=1
[2026-01-31 12:30:30][INFO] physics_basic: input fwd=0 back=0 left=0 right=0 jump=0 sprint=0 dt=0.001000
[2026-01-31 12:30:31][INFO] physics_basic: pos=(0.000000,-0.000010,0.000000) vel=(0.000000,-0.009800,0.000000) grounded=1
[2026-01-31 12:30:31][INFO] physics_basic: input fwd=0 back=0 left=0 right=0 jump=0 sprint=0 dt=0.001000
[2026-01-31 12:30:31][INFO] physics_basic: pos=(0.000000,-0.000010,0.000000) vel=(0.000000,-0.009800,0.000000) grounded=1
[2026-01-31 12:30:31][INFO] physics_basic: input fwd=0 back=0 left=0 right=0 jump=0 sprint=0 dt=0.001000
[2026-01-31 12:30:31][INFO] physics_basic: pos=(0.000000,-0.000010,0.000000) vel=(0.000000,-0.009800,0.000000) grounded=1
[2026-01-31 12:30:31][INFO] physics_basic: input fwd=0 back=0 left=0 right=0 jump=0 sprint=0 dt=0.001000
[2026-01-31 12:30:31][INFO] physics_basic: pos=(0.000000,-0.000010,0.000000) vel=(0.000000,-0.009800,0.000000) grounded=1
[2026-01-31 12:30:31][INFO] physics_basic: input fwd=0 back=0 left=0 right=0 jump=0 sprint=0 dt=0.001000
[2026-01-31 12:30:31][INFO] physics_basic: pos=(0.000000,-0.000010,0.000000) vel=(0.000000,-0.009800,0.000000) grounded=1
[2026-01-31 12:30:31][INFO] physics_basic: input fwd=0 back=0 left=0 right=0 jump=0 sprint=0 dt=0.001000
[2026-01-31 12:30:31][INFO] physics_basic: pos=(0.000000,-0.000010,0.000000) vel=(0.000000,-0.009800,0.000000) grounded=1
[2026-01-31 12:30:31][INFO] physics_basic: input fwd=0 back=0 left=0 right=0 jump=0 sprint=0 dt=0.001000
[2026-01-31 12:30:31][INFO] physics_basic: pos=(0.000000,-0.000010,0.000000) vel=(0.000000,-0.009800,0.000000) grounded=1
[2026-01-31 12:30:31][INFO] physics_basic: input fwd=0 back=0 left=0 right=0 jump=0 sprint=0 dt=0.001000
[2026-01-31 12:30:31][INFO] physics_basic: pos=(0.000000,-0.000010,0.000000) vel=(0.000000,-0.009800,0.000000) grounded=1
[2026-01-31 12:30:31][INFO] physics_basic: input fwd=0 back=0 left=0 right=0 jump=0 sprint=0 dt=0.001000
[2026-01-31 12:30:31][INFO] physics_basic: pos=(0.000000,-0.000010,0.000000) vel=(0.000000,-0.009800,0.000000) grounded=1
[2026-01-31 12:30:31][INFO] physics_basic: input fwd=0 back=0 left=0 right=0 jump=0 sprint=0 dt=0.001000
[2026-01-31 12:30:31][INFO] physics_basic: pos=(0.000000,-0.000010,0.000000) vel=(0.000000,-0.009800,0.000000) grounded=1
[2026-01-31 12:30:31][INFO] physics_basic: input fwd=0 back=0 left=0 right=0 jump=0 sprint=0 dt=0.001000
[2026-01-31 12:30:31][INFO] physics_basic: pos=(0.000000,-0.000010,0.000000) vel=(0.000000,-0.009800,0.000000) grounded=1
[2026-01-31 12:30:31][INFO] physics_basic: input fwd=0 back=0 left=0 right=0 jump=0 sprint=0 dt=0.001000
[2026-01-31 12:30:31][INFO] physics_basic: pos=(0.000000,-0.000010,0.000000) vel=(0.000000,-0.009800,0.000000) grounded=1
[2026-01-31 12:30:31][INFO] physics_basic: input fwd=0 back=0 left=0 right=0 jump=0 sprint=0 dt=0.001000
[2026-01-31 12:30:31][INFO] platform: key_down scancode=26 code=1
[2026-01-31 12:30:31][INFO] physics_basic: pos=(-0.000064,-0.000010,0.000782) vel=(-0.026011,-0.009800,0.309433) grounded=1
[2026-01-31 12:30:31][INFO] physics_basic: input fwd=1 back=0 left=0 right=0 jump=0 sprint=0 dt=0.001000
[2026-01-31 12:30:31][INFO] input: action=MoveForward key=1 down=1
[2026-01-31 12:30:31][INFO] input: action=MoveForward key=1 down=1
[2026-01-31 12:30:31][INFO] input: action=MoveForward key=1 down=1
[2026-01-31 12:30:31][INFO] physics_basic: pos=(-0.015648,-0.000010,0.112583) vel=(-0.554597,-0.009800,2.841613) grounded=1
[2026-01-31 12:30:31][INFO] physics_basic: input fwd=1 back=0 left=0 right=0 jump=0 sprint=0 dt=0.001000
[2026-01-31 12:30:31][INFO] input: action=MoveForward key=1 down=1
[2026-01-31 12:30:31][INFO] input: action=MoveForward key=1 down=1
[2026-01-31 12:30:31][INFO] input: action=MoveForward key=1 down=1
[2026-01-31 12:30:31][INFO] input: action=MoveForward key=1 down=1
[2026-01-31 12:30:31][INFO] physics_basic: pos=(-0.086369,-0.000010,0.297846) vel=(-1.799680,-0.009800,3.109631) grounded=1
[2026-01-31 12:30:31][INFO] physics_basic: input fwd=1 back=0 left=0 right=0 jump=0 sprint=0 dt=0.001000
[2026-01-31 12:30:31][INFO] input: action=MoveForward key=1 down=1
[2026-01-31 12:30:31][INFO] input: action=MoveForward key=1 down=1
[2026-01-31 12:30:31][INFO] input: action=MoveForward key=1 down=1
[2026-01-31 12:30:31][INFO] input: action=MoveForward key=1 down=1
[2026-01-31 12:30:31][INFO] physics_basic: pos=(-0.220417,-0.000010,0.488038) vel=(-2.426716,-0.009800,3.010163) grounded=1
[2026-01-31 12:30:31][INFO] physics_basic: input fwd=1 back=0 left=0 right=0 jump=0 sprint=0 dt=0.001000
[2026-01-31 12:30:31][INFO] input: action=MoveForward key=1 down=1
[2026-01-31 12:30:31][INFO] input: action=MoveForward key=1 down=1
[2026-01-31 12:30:32][INFO] input: action=MoveForward key=1 down=1
[2026-01-31 12:30:32][INFO] physics_basic: pos=(-0.382393,-0.000010,0.663303) vel=(-2.824228,-0.009800,2.761269) grounded=1
[2026-01-31 12:30:32][INFO] physics_basic: input fwd=1 back=0 left=0 right=0 jump=0 sprint=0 dt=0.001000
[2026-01-31 12:30:32][INFO] input: action=MoveForward key=1 down=1
[2026-01-31 12:30:32][INFO] platform: key_down scancode=225 code=6
[2026-01-31 12:30:32][INFO] input: action=Sprint key=6 down=1
[2026-01-31 12:30:32][INFO] input: action=MoveForward key=1 down=1
[2026-01-31 12:30:32][INFO] input: action=Sprint key=6 down=1
[2026-01-31 12:30:32][INFO] input: action=MoveForward key=1 down=1
[2026-01-31 12:30:32][INFO] input: action=Sprint key=6 down=1
[2026-01-31 12:30:32][INFO] input: action=MoveForward key=1 down=1
[2026-01-31 12:30:32][INFO] physics_basic: pos=(-0.599080,-0.000010,0.863033) vel=(-4.388362,-0.009800,3.930383) grounded=1
[2026-01-31 12:30:32][INFO] physics_basic: input fwd=1 back=0 left=0 right=0 jump=0 sprint=1 dt=0.001000
[2026-01-31 12:30:32][INFO] input: action=Sprint key=6 down=1
[2026-01-31 12:30:32][INFO] input: action=MoveForward key=1 down=1
[2026-01-31 12:30:32][INFO] input: action=Sprint key=6 down=1
[2026-01-31 12:30:32][INFO] input: action=MoveForward key=1 down=1
[2026-01-31 12:30:32][INFO] input: action=Sprint key=6 down=1
[2026-01-31 12:30:32][INFO] input: action=MoveForward key=1 down=1
[2026-01-31 12:30:32][INFO] physics_basic: pos=(-0.889825,-0.000010,1.120743) vel=(-5.009412,-0.009800,4.414105) grounded=1
[2026-01-31 12:30:32][INFO] physics_basic: input fwd=1 back=0 left=0 right=0 jump=0 sprint=1 dt=0.001000
[2026-01-31 12:30:32][INFO] input: action=Sprint key=6 down=1
[2026-01-31 12:30:32][INFO] input: action=MoveForward key=1 down=1
[2026-01-31 12:30:32][INFO] input: action=Sprint key=6 down=1
[2026-01-31 12:30:32][INFO] input: action=MoveForward key=1 down=1
[2026-01-31 12:30:32][INFO] input: action=Sprint key=6 down=1
[2026-01-31 12:30:32][INFO] input: action=MoveForward key=1 down=1
[2026-01-31 12:30:32][INFO] input: action=Sprint key=6 down=1
[2026-01-31 12:30:32][INFO] input: action=MoveForward key=1 down=1
[2026-01-31 12:30:32][INFO] physics_basic: pos=(-1.196926,-0.000010,1.390680) vel=(-5.188884,-0.009800,4.553895) grounded=1
[2026-01-31 12:30:32][INFO] physics_basic: input fwd=1 back=0 left=0 right=0 jump=0 sprint=1 dt=0.001000
[2026-01-31 12:30:32][INFO] input: action=Sprint key=6 down=1
[2026-01-31 12:30:32][INFO] input: action=MoveForward key=1 down=1
[2026-01-31 12:30:32][INFO] input: action=Sprint key=6 down=1
[2026-01-31 12:30:32][INFO] input: action=MoveForward key=1 down=1
[2026-01-31 12:30:32][INFO] input: action=Sprint key=6 down=1
[2026-01-31 12:30:32][INFO] input: action=MoveForward key=1 down=1
[2026-01-31 12:30:32][INFO] physics_basic: pos=(-1.515429,-0.000010,1.670047) vel=(-5.237452,-0.009800,4.601832) grounded=1
[2026-01-31 12:30:32][INFO] physics_basic: input fwd=1 back=0 left=0 right=0 jump=0 sprint=1 dt=0.001000
[2026-01-31 12:30:32][INFO] input: action=Sprint key=6 down=1
[2026-01-31 12:30:32][INFO] input: action=MoveForward key=1 down=1
[2026-01-31 12:30:32][INFO] input: action=Sprint key=6 down=1
[2026-01-31 12:30:32][INFO] input: action=MoveForward key=1 down=1
[2026-01-31 12:30:32][INFO] input: action=Sprint key=6 down=1
[2026-01-31 12:30:32][INFO] input: action=MoveForward key=1 down=1
[2026-01-31 12:30:32][INFO] input: action=Sprint key=6 down=1
[2026-01-31 12:30:32][INFO] input: action=MoveForward key=1 down=1
[2026-01-31 12:30:32][INFO] physics_basic: pos=(-1.826431,-0.000010,1.960262) vel=(-4.728649,-0.009800,5.098534) grounded=1
[2026-01-31 12:30:32][INFO] physics_basic: input fwd=1 back=0 left=0 right=0 jump=0 sprint=1 dt=0.001000
[2026-01-31 12:30:32][INFO] input: action=Sprint key=6 down=1
[2026-01-31 12:30:32][INFO] input: action=MoveForward key=1 down=1
[2026-01-31 12:30:32][INFO] input: action=Sprint key=6 down=1
[2026-01-31 12:30:32][INFO] input: action=MoveForward key=1 down=1
[2026-01-31 12:30:32][INFO] input: action=Sprint key=6 down=1
[2026-01-31 12:30:32][INFO] input: action=MoveForward key=1 down=1
[2026-01-31 12:30:32][INFO] physics_basic: pos=(-2.039264,-0.000010,2.305046) vel=(-2.021761,-0.009800,6.304885) grounded=1
[2026-01-31 12:30:32][INFO] physics_basic: input fwd=1 back=0 left=0 right=0 jump=0 sprint=1 dt=0.001000
[2026-01-31 12:30:32][INFO] input: action=Sprint key=6 down=1
[2026-01-31 12:30:32][INFO] input: action=MoveForward key=1 down=1
[2026-01-31 12:30:32][INFO] platform: key_down scancode=26 code=1
[2026-01-31 12:30:32][INFO] input: action=Sprint key=6 down=1
[2026-01-31 12:30:32][INFO] input: action=MoveForward key=1 down=1
[2026-01-31 12:30:32][INFO] input: action=Sprint key=6 down=1
[2026-01-31 12:30:32][INFO] input: action=MoveForward key=1 down=1
[2026-01-31 12:30:32][INFO] platform: key_down scancode=26 code=1
[2026-01-31 12:30:32][INFO] physics_basic: pos=(-2.062869,-0.000010,2.701528) vel=(0.936548,-0.009800,6.544792) grounded=1
[2026-01-31 12:30:32][INFO] physics_basic: input fwd=1 back=0 left=0 right=0 jump=0 sprint=1 dt=0.001000
[2026-01-31 12:30:32][INFO] input: action=Sprint key=6 down=1
[2026-01-31 12:30:32][INFO] input: action=MoveForward key=1 down=1
[2026-01-31 12:30:32][INFO] input: action=Sprint key=6 down=1
[2026-01-31 12:30:32][INFO] input: action=MoveForward key=1 down=1
[2026-01-31 12:30:32][INFO] platform: key_down scancode=26 code=1
[2026-01-31 12:30:32][INFO] input: action=Sprint key=6 down=1
[2026-01-31 12:30:32][INFO] input: action=MoveForward key=1 down=1
[2026-01-31 12:30:32][INFO] input: action=Sprint key=6 down=1
[2026-01-31 12:30:32][INFO] input: action=MoveForward key=1 down=1
[2026-01-31 12:30:32][INFO] physics_basic: pos=(-1.946275,-0.000010,3.084542) vel=(2.752061,-0.009800,6.191772) grounded=1
[2026-01-31 12:30:32][INFO] physics_basic: input fwd=1 back=0 left=0 right=0 jump=0 sprint=1 dt=0.001000
[2026-01-31 12:30:32][INFO] input: action=Sprint key=6 down=1
[2026-01-31 12:30:32][INFO] input: action=MoveForward key=1 down=1
[2026-01-31 12:30:32][INFO] platform: key_down scancode=26 code=1
[2026-01-31 12:30:32][INFO] input: action=Sprint key=6 down=1
[2026-01-31 12:30:32][INFO] input: action=MoveForward key=1 down=1
[2026-01-31 12:30:32][INFO] input: action=Sprint key=6 down=1
[2026-01-31 12:30:32][INFO] input: action=MoveForward key=1 down=1
[2026-01-31 12:30:32][INFO] platform: key_down scancode=26 code=1
[2026-01-31 12:30:32][INFO] physics_basic: pos=(-1.730508,-0.000010,3.437250) vel=(4.434391,-0.009800,5.109238) grounded=1
[2026-01-31 12:30:32][INFO] physics_basic: input fwd=1 back=0 left=0 right=0 jump=0 sprint=1 dt=0.001000
[2026-01-31 12:30:32][INFO] input: action=Sprint key=6 down=1
[2026-01-31 12:30:32][INFO] input: action=MoveForward key=1 down=1
[2026-01-31 12:30:32][INFO] input: action=Sprint key=6 down=1
[2026-01-31 12:30:32][INFO] input: action=MoveForward key=1 down=1
[2026-01-31 12:30:32][INFO] platform: key_down scancode=26 code=1
[2026-01-31 12:30:32][INFO] input: action=Sprint key=6 down=1
[2026-01-31 12:30:32][INFO] input: action=MoveForward key=1 down=1
[2026-01-31 12:30:32][INFO] physics_basic: pos=(-1.403778,-0.000010,3.674617) vel=(6.081508,-0.009800,2.645817) grounded=1
[2026-01-31 12:30:32][INFO] physics_basic: input fwd=1 back=0 left=0 right=0 jump=0 sprint=1 dt=0.001000
[2026-01-31 12:30:32][INFO] input: action=Sprint key=6 down=1
[2026-01-31 12:30:32][INFO] input: action=MoveForward key=1 down=1
[2026-01-31 12:30:32][INFO] platform: key_down scancode=26 code=1
[2026-01-31 12:30:32][INFO] input: action=Sprint key=6 down=1
[2026-01-31 12:30:32][INFO] input: action=MoveForward key=1 down=1
[2026-01-31 12:30:32][INFO] input: action=Sprint key=6 down=1
[2026-01-31 12:30:32][INFO] input: action=MoveForward key=1 down=1
[2026-01-31 12:30:32][INFO] input: action=Sprint key=6 down=1
[2026-01-31 12:30:32][INFO] input: action=MoveForward key=1 down=1
[2026-01-31 12:30:32][INFO] platform: key_down scancode=26 code=1
[2026-01-31 12:30:32][INFO] physics_basic: pos=(-1.015727,-0.000010,3.773440) vel=(6.714382,-0.009800,0.745615) grounded=1
[2026-01-31 12:30:32][INFO] physics_basic: input fwd=1 back=0 left=0 right=0 jump=0 sprint=1 dt=0.001000
[2026-01-31 12:30:32][INFO] input: action=Sprint key=6 down=1
[2026-01-31 12:30:32][INFO] input: action=MoveForward key=1 down=1
[2026-01-31 12:30:32][INFO] input: action=Sprint key=6 down=1
[2026-01-31 12:30:32][INFO] input: action=MoveForward key=1 down=1
[2026-01-31 12:30:32][INFO] platform: key_down scancode=26 code=1
[2026-01-31 12:30:32][INFO] input: action=Sprint key=6 down=1
[2026-01-31 12:30:32][INFO] input: action=MoveForward key=1 down=1
[2026-01-31 12:30:32][INFO] physics_basic: pos=(-0.619284,-0.000010,3.734824) vel=(6.303238,-0.009800,-2.056014) grounded=1
[2026-01-31 12:30:32][INFO] physics_basic: input fwd=1 back=0 left=0 right=0 jump=0 sprint=1 dt=0.001000
[2026-01-31 12:30:32][INFO] input: action=Sprint key=6 down=1
[2026-01-31 12:30:32][INFO] input: action=MoveForward key=1 down=1
[2026-01-31 12:30:32][INFO] platform: key_down scancode=26 code=1
[2026-01-31 12:30:32][INFO] input: action=Sprint key=6 down=1
[2026-01-31 12:30:32][INFO] input: action=MoveForward key=1 down=1
[2026-01-31 12:30:32][INFO] input: action=Sprint key=6 down=1
[2026-01-31 12:30:32][INFO] input: action=MoveForward key=1 down=1
[2026-01-31 12:30:32][INFO] platform: key_down scancode=44 code=5
[2026-01-31 12:30:32][INFO] input: action=Sprint key=6 down=1
[2026-01-31 12:30:32][INFO] input: action=Jump key=5 down=1
[2026-01-31 12:30:32][INFO] input: action=MoveForward key=1 down=1
[2026-01-31 12:30:32][INFO] physics_basic: pos=(-0.259511,0.083501,3.556050) vel=(5.784839,4.833401,-3.594183) grounded=0
[2026-01-31 12:30:32][INFO] physics_basic: input fwd=1 back=0 left=0 right=0 jump=1 sprint=1 dt=0.001000
[2026-01-31 12:30:32][INFO] input: action=Sprint key=6 down=1
[2026-01-31 12:30:32][INFO] input: action=Jump key=5 down=1
[2026-01-31 12:30:32][INFO] input: action=MoveForward key=1 down=1
[2026-01-31 12:30:32][INFO] platform: key_down scancode=7 code=4
[2026-01-31 12:30:32][INFO] input: action=Sprint key=6 down=1
[2026-01-31 12:30:32][INFO] input: action=Jump key=5 down=1
[2026-01-31 12:30:32][INFO] input: action=MoveRight key=4 down=1
[2026-01-31 12:30:32][INFO] input: action=MoveForward key=1 down=1
[2026-01-31 12:30:32][INFO] input: action=Sprint key=6 down=1
[2026-01-31 12:30:32][INFO] input: action=Jump key=5 down=1
[2026-01-31 12:30:32][INFO] input: action=MoveRight key=4 down=1
[2026-01-31 12:30:32][INFO] input: action=MoveForward key=1 down=1
[2026-01-31 12:30:32][INFO] physics_basic: pos=(0.099752,0.359796,3.366097) vel=(6.293906,4.235603,-1.564477) grounded=0
[2026-01-31 12:30:32][INFO] physics_basic: input fwd=1 back=0 left=0 right=1 jump=1 sprint=1 dt=0.001000
[2026-01-31 12:30:32][INFO] input: action=Sprint key=6 down=1
[2026-01-31 12:30:32][INFO] input: action=Jump key=5 down=1
[2026-01-31 12:30:32][INFO] input: action=MoveRight key=4 down=1
[2026-01-31 12:30:32][INFO] input: action=MoveForward key=1 down=1
[2026-01-31 12:30:32][INFO] input: action=Sprint key=6 down=1
[2026-01-31 12:30:32][INFO] input: action=Jump key=5 down=1
[2026-01-31 12:30:32][INFO] input: action=MoveRight key=4 down=1
[2026-01-31 12:30:32][INFO] input: action=MoveForward key=1 down=1
[2026-01-31 12:30:32][INFO] input: action=Sprint key=6 down=1
[2026-01-31 12:30:32][INFO] input: action=Jump key=5 down=1
[2026-01-31 12:30:32][INFO] input: action=MoveRight key=4 down=1
[2026-01-31 12:30:32][INFO] input: action=MoveForward key=1 down=1
[2026-01-31 12:30:32][INFO] physics_basic: pos=(0.501147,0.599627,3.331604) vel=(6.772107,3.637806,0.002187) grounded=0
[2026-01-31 12:30:32][INFO] physics_basic: input fwd=1 back=0 left=0 right=1 jump=1 sprint=1 dt=0.001000
[2026-01-31 12:30:32][INFO] input: action=Sprint key=6 down=1
[2026-01-31 12:30:32][INFO] input: action=Jump key=5 down=1
[2026-01-31 12:30:32][INFO] input: action=MoveRight key=4 down=1
[2026-01-31 12:30:32][INFO] input: action=MoveForward key=1 down=1
[2026-01-31 12:30:32][INFO] input: action=Sprint key=6 down=1
[2026-01-31 12:30:32][INFO] input: action=Jump key=5 down=1
[2026-01-31 12:30:32][INFO] input: action=MoveRight key=4 down=1
[2026-01-31 12:30:32][INFO] input: action=MoveForward key=1 down=1
[2026-01-31 12:30:32][INFO] input: action=Sprint key=6 down=1
[2026-01-31 12:30:32][INFO] input: action=Jump key=5 down=1
[2026-01-31 12:30:32][INFO] input: action=MoveRight key=4 down=1
[2026-01-31 12:30:32][INFO] input: action=MoveForward key=1 down=1
[2026-01-31 12:30:32][INFO] physics_basic: pos=(0.919705,0.802991,3.345726) vel=(6.920586,3.040009,0.357541) grounded=0
[2026-01-31 12:30:32][INFO] physics_basic: input fwd=1 back=0 left=0 right=1 jump=1 sprint=1 dt=0.001000
[2026-01-31 12:30:32][INFO] input: action=Sprint key=6 down=1
[2026-01-31 12:30:32][INFO] input: action=Jump key=5 down=1
[2026-01-31 12:30:32][INFO] input: action=MoveRight key=4 down=1
[2026-01-31 12:30:32][INFO] input: action=MoveForward key=1 down=1
[2026-01-31 12:30:33][INFO] input: action=Sprint key=6 down=1
[2026-01-31 12:30:33][INFO] input: action=Jump key=5 down=1
[2026-01-31 12:30:33][INFO] input: action=MoveRight key=4 down=1
[2026-01-31 12:30:33][INFO] input: action=MoveForward key=1 down=1
[2026-01-31 12:30:33][INFO] input: action=Sprint key=6 down=1
[2026-01-31 12:30:33][INFO] input: action=Jump key=5 down=1
[2026-01-31 12:30:33][INFO] input: action=MoveRight key=4 down=1
[2026-01-31 12:30:33][INFO] input: action=MoveForward key=1 down=1
[2026-01-31 12:30:33][INFO] input: action=Sprint key=6 down=1
[2026-01-31 12:30:33][INFO] input: action=Jump key=5 down=1
[2026-01-31 12:30:33][INFO] input: action=MoveRight key=4 down=1
[2026-01-31 12:30:33][INFO] input: action=MoveForward key=1 down=1
[2026-01-31 12:30:33][INFO] physics_basic: pos=(1.336823,0.967458,3.364880) vel=(6.974173,2.452011,0.229288) grounded=0
[2026-01-31 12:30:33][INFO] physics_basic: input fwd=1 back=0 left=0 right=1 jump=1 sprint=1 dt=0.001000
[2026-01-31 12:30:33][INFO] input: action=Sprint key=6 down=1
[2026-01-31 12:30:33][INFO] input: action=Jump key=5 down=1
[2026-01-31 12:30:33][INFO] input: action=MoveRight key=4 down=1
[2026-01-31 12:30:33][INFO] input: action=MoveForward key=1 down=1
[2026-01-31 12:30:33][INFO] platform: key_up scancode=44 code=5
[2026-01-31 12:30:33][INFO] input: action=Sprint key=6 down=1
[2026-01-31 12:30:33][INFO] input: action=MoveRight key=4 down=1
[2026-01-31 12:30:33][INFO] input: action=MoveForward key=1 down=1
[2026-01-31 12:30:33][INFO] input: action=Sprint key=6 down=1
[2026-01-31 12:30:33][INFO] input: action=MoveRight key=4 down=1
[2026-01-31 12:30:33][INFO] input: action=MoveForward key=1 down=1
[2026-01-31 12:30:33][INFO] physics_basic: pos=(1.755734,1.096645,3.366088) vel=(6.978979,1.864014,-0.252116) grounded=0
[2026-01-31 12:30:33][INFO] physics_basic: input fwd=1 back=0 left=0 right=1 jump=0 sprint=1 dt=0.001000
[2026-01-31 12:30:33][INFO] input: action=Sprint key=6 down=1
[2026-01-31 12:30:33][INFO] input: action=MoveRight key=4 down=1
[2026-01-31 12:30:33][INFO] input: action=MoveForward key=1 down=1
[2026-01-31 12:30:33][INFO] input: action=Sprint key=6 down=1
[2026-01-31 12:30:33][INFO] input: action=MoveRight key=4 down=1
[2026-01-31 12:30:33][INFO] input: action=MoveForward key=1 down=1
[2026-01-31 12:30:33][INFO] platform: key_up scancode=7 code=4
[2026-01-31 12:30:33][INFO] input: action=Sprint key=6 down=1
[2026-01-31 12:30:33][INFO] input: action=MoveForward key=1 down=1
[2026-01-31 12:30:33][INFO] input: action=Sprint key=6 down=1
[2026-01-31 12:30:33][INFO] input: action=MoveForward key=1 down=1
[2026-01-31 12:30:33][INFO] physics_basic: pos=(2.158306,1.191808,3.294532) vel=(5.492941,1.266216,-2.983965) grounded=0
[2026-01-31 12:30:33][INFO] physics_basic: input fwd=1 back=0 left=0 right=0 jump=0 sprint=1 dt=0.001000
[2026-01-31 12:30:33][INFO] input: action=Sprint key=6 down=1
[2026-01-31 12:30:33][INFO] input: action=MoveForward key=1 down=1
[2026-01-31 12:30:33][INFO] input: action=Sprint key=6 down=1
[2026-01-31 12:30:33][INFO] input: action=MoveForward key=1 down=1
[2026-01-31 12:30:33][INFO] input: action=Sprint key=6 down=1
[2026-01-31 12:30:33][INFO] input: action=MoveForward key=1 down=1
[2026-01-31 12:30:33][INFO] physics_basic: pos=(2.426162,1.249847,3.031185) vel=(3.604105,0.678217,-5.385072) grounded=0
[2026-01-31 12:30:33][INFO] physics_basic: input fwd=1 back=0 left=0 right=0 jump=0 sprint=1 dt=0.002000
[2026-01-31 12:30:33][INFO] input: action=Sprint key=6 down=1
[2026-01-31 12:30:33][INFO] input: action=MoveForward key=1 down=1
[2026-01-31 12:30:33][INFO] input: action=Sprint key=6 down=1
[2026-01-31 12:30:33][INFO] input: action=MoveForward key=1 down=1
[2026-01-31 12:30:33][INFO] input: action=Sprint key=6 down=1
[2026-01-31 12:30:33][INFO] input: action=MoveForward key=1 down=1
[2026-01-31 12:30:33][INFO] input: action=Sprint key=6 down=1
[2026-01-31 12:30:33][INFO] input: action=MoveForward key=1 down=1
[2026-01-31 12:30:33][INFO] physics_basic: pos=(2.586155,1.272677,2.663912) vel=(1.748999,0.080417,-6.471091) grounded=0
[2026-01-31 12:30:33][INFO] physics_basic: input fwd=1 back=0 left=0 right=0 jump=0 sprint=1 dt=0.001000
[2026-01-31 12:30:33][INFO] input: action=Sprint key=6 down=1
[2026-01-31 12:30:33][INFO] input: action=MoveForward key=1 down=1
[2026-01-31 12:30:33][INFO] input: action=Sprint key=6 down=1
[2026-01-31 12:30:33][INFO] input: action=MoveForward key=1 down=1
[2026-01-31 12:30:33][INFO] input: action=Sprint key=6 down=1
[2026-01-31 12:30:33][INFO] input: action=MoveForward key=1 down=1
[2026-01-31 12:30:33][INFO] physics_basic: pos=(2.652079,1.259041,2.255437) vel=(0.485064,-0.517383,-6.841552) grounded=0
[2026-01-31 12:30:33][INFO] physics_basic: input fwd=1 back=0 left=0 right=0 jump=0 sprint=1 dt=0.001000
[2026-01-31 12:30:33][INFO] input: action=Sprint key=6 down=1
[2026-01-31 12:30:33][INFO] input: action=MoveForward key=1 down=1
[2026-01-31 12:30:33][INFO] input: action=Sprint key=6 down=1
[2026-01-31 12:30:33][INFO] input: action=MoveForward key=1 down=1
[2026-01-31 12:30:33][INFO] input: action=Sprint key=6 down=1
[2026-01-31 12:30:33][INFO] input: action=MoveForward key=1 down=1
[2026-01-31 12:30:33][INFO] input: action=Sprint key=6 down=1
[2026-01-31 12:30:33][INFO] input: action=MoveForward key=1 down=1
[2026-01-31 12:30:33][INFO] physics_basic: pos=(2.628204,1.210064,1.847039) vel=(-1.596479,-1.105383,-6.556735) grounded=0
[2026-01-31 12:30:33][INFO] physics_basic: input fwd=1 back=0 left=0 right=0 jump=0 sprint=1 dt=0.001000
[2026-01-31 12:30:33][INFO] input: action=Sprint key=6 down=1
[2026-01-31 12:30:33][INFO] input: action=MoveForward key=1 down=1
[2026-01-31 12:30:33][INFO] input: action=Sprint key=6 down=1
[2026-01-31 12:30:33][INFO] input: action=MoveForward key=1 down=1
[2026-01-31 12:30:33][INFO] input: action=Sprint key=6 down=1
[2026-01-31 12:30:33][INFO] input: action=MoveForward key=1 down=1
[2026-01-31 12:30:33][INFO] physics_basic: pos=(2.429823,1.125807,1.519366) vel=(-4.810489,-1.693381,-4.069799) grounded=0
[2026-01-31 12:30:33][INFO] physics_basic: input fwd=1 back=0 left=0 right=0 jump=0 sprint=1 dt=0.001000
[2026-01-31 12:30:33][INFO] input: action=Sprint key=6 down=1
[2026-01-31 12:30:33][INFO] input: action=MoveForward key=1 down=1
[2026-01-31 12:30:33][INFO] input: action=Sprint key=6 down=1
[2026-01-31 12:30:33][INFO] input: action=MoveForward key=1 down=1
[2026-01-31 12:30:33][INFO] input: action=Sprint key=6 down=1
[2026-01-31 12:30:33][INFO] input: action=MoveForward key=1 down=1
[2026-01-31 12:30:33][INFO] physics_basic: pos=(2.086361,1.006270,1.360826) vel=(-6.332843,-2.281378,-1.535385) grounded=0
[2026-01-31 12:30:33][INFO] physics_basic: input fwd=1 back=0 left=0 right=0 jump=0 sprint=1 dt=0.001000
[2026-01-31 12:30:33][INFO] input: action=Sprint key=6 down=1
[2026-01-31 12:30:33][INFO] input: action=MoveForward key=1 down=1
[2026-01-31 12:30:33][INFO] input: action=Sprint key=6 down=1
[2026-01-31 12:30:33][INFO] input: action=MoveForward key=1 down=1
[2026-01-31 12:30:33][INFO] input: action=Sprint key=6 down=1
[2026-01-31 12:30:33][INFO] input: action=MoveForward key=1 down=1
[2026-01-31 12:30:33][INFO] input: action=Sprint key=6 down=1
[2026-01-31 12:30:33][INFO] input: action=MoveForward key=1 down=1
[2026-01-31 12:30:33][INFO] physics_basic: pos=(1.689430,0.851454,1.311778) vel=(-6.794283,-2.869376,-0.233218) grounded=0
[2026-01-31 12:30:33][INFO] physics_basic: input fwd=1 back=0 left=0 right=0 jump=0 sprint=1 dt=0.001000
[2026-01-31 12:30:33][INFO] input: action=Sprint key=6 down=1
[2026-01-31 12:30:33][INFO] input: action=MoveForward key=1 down=1
[2026-01-31 12:30:33][INFO] input: action=Sprint key=6 down=1
[2026-01-31 12:30:33][INFO] input: action=MoveForward key=1 down=1
[2026-01-31 12:30:33][INFO] input: action=Sprint key=6 down=1
[2026-01-31 12:30:33][INFO] input: action=MoveForward key=1 down=1
[2026-01-31 12:30:33][INFO] physics_basic: pos=(1.277166,0.661357,1.319046) vel=(-6.920454,-3.457373,0.354678) grounded=0
[2026-01-31 12:30:33][INFO] physics_basic: input fwd=1 back=0 left=0 right=0 jump=0 sprint=1 dt=0.001000
[2026-01-31 12:30:33][INFO] input: action=Sprint key=6 down=1
[2026-01-31 12:30:33][INFO] input: action=MoveForward key=1 down=1
[2026-01-31 12:30:33][INFO] input: action=Sprint key=6 down=1
[2026-01-31 12:30:33][INFO] input: action=MoveForward key=1 down=1
[2026-01-31 12:30:33][INFO] input: action=Sprint key=6 down=1
[2026-01-31 12:30:33][INFO] input: action=MoveForward key=1 down=1
[2026-01-31 12:30:33][INFO] input: action=Sprint key=6 down=1
[2026-01-31 12:30:33][INFO] input: action=MoveForward key=1 down=1
[2026-01-31 12:30:33][INFO] physics_basic: pos=(0.861184,0.435981,1.352439) vel=(-6.932632,-4.045371,0.754404) grounded=0
[2026-01-31 12:30:33][INFO] physics_basic: input fwd=1 back=0 left=0 right=0 jump=0 sprint=1 dt=0.001000
[2026-01-31 12:30:33][INFO] input: action=Sprint key=6 down=1
[2026-01-31 12:30:33][INFO] input: action=MoveForward key=1 down=1
[2026-01-31 12:30:33][INFO] input: action=Sprint key=6 down=1
[2026-01-31 12:30:33][INFO] input: action=MoveForward key=1 down=1
[2026-01-31 12:30:33][INFO] input: action=Sprint key=6 down=1
[2026-01-31 12:30:33][INFO] input: action=MoveForward key=1 down=1
[2026-01-31 12:30:33][INFO] physics_basic: pos=(0.438767,0.170672,1.407284) vel=(-6.919881,-4.643168,0.992094) grounded=0
[2026-01-31 12:30:33][INFO] physics_basic: input fwd=1 back=0 left=0 right=0 jump=0 sprint=1 dt=0.001000
[2026-01-31 12:30:33][INFO] input: action=Sprint key=6 down=1
[2026-01-31 12:30:33][INFO] input: action=MoveForward key=1 down=1
[2026-01-31 12:30:33][INFO] input: action=Sprint key=6 down=1
[2026-01-31 12:30:33][INFO] input: action=MoveForward key=1 down=1
[2026-01-31 12:30:33][INFO] input: action=Sprint key=6 down=1
[2026-01-31 12:30:33][INFO] input: action=MoveForward key=1 down=1
[2026-01-31 12:30:33][INFO] physics_basic: pos=(0.016793,-0.000010,1.470373) vel=(-6.916164,-0.009800,1.061376) grounded=1
[2026-01-31 12:30:33][INFO] physics_basic: input fwd=1 back=0 left=0 right=0 jump=0 sprint=1 dt=0.001000
[2026-01-31 12:30:33][INFO] input: action=Sprint key=6 down=1
[2026-01-31 12:30:33][INFO] input: action=MoveForward key=1 down=1
[2026-01-31 12:30:33][INFO] input: action=Sprint key=6 down=1
[2026-01-31 12:30:33][INFO] input: action=MoveForward key=1 down=1
[2026-01-31 12:30:33][INFO] input: action=Sprint key=6 down=1
[2026-01-31 12:30:33][INFO] input: action=MoveForward key=1 down=1
[2026-01-31 12:30:33][INFO] physics_basic: pos=(-0.398176,-0.000010,1.534534) vel=(-6.919797,-0.009800,1.049760) grounded=1
[2026-01-31 12:30:33][INFO] physics_basic: input fwd=1 back=0 left=0 right=0 jump=0 sprint=1 dt=0.001000
[2026-01-31 12:30:33][INFO] input: action=Sprint key=6 down=1
[2026-01-31 12:30:33][INFO] input: action=MoveForward key=1 down=1
[2026-01-31 12:30:33][INFO] input: action=Sprint key=6 down=1
[2026-01-31 12:30:33][INFO] input: action=MoveForward key=1 down=1
[2026-01-31 12:30:33][INFO] input: action=Sprint key=6 down=1
[2026-01-31 12:30:33][INFO] input: action=MoveForward key=1 down=1
[2026-01-31 12:30:33][INFO] input: action=Sprint key=6 down=1
[2026-01-31 12:30:33][INFO] input: action=MoveForward key=1 down=1
[2026-01-31 12:30:33][INFO] physics_basic: pos=(-0.821605,-0.000010,1.587068) vel=(-6.964992,-0.009800,0.592883) grounded=1
[2026-01-31 12:30:33][INFO] physics_basic: input fwd=1 back=0 left=0 right=0 jump=0 sprint=1 dt=0.001000
[2026-01-31 12:30:33][INFO] input: action=Sprint key=6 down=1
[2026-01-31 12:30:33][INFO] input: action=MoveForward key=1 down=1
[2026-01-31 12:30:33][INFO] input: action=Sprint key=6 down=1
[2026-01-31 12:30:33][INFO] input: action=MoveForward key=1 down=1
[2026-01-31 12:30:34][INFO] input: action=Sprint key=6 down=1
[2026-01-31 12:30:34][INFO] input: action=MoveForward key=1 down=1
[2026-01-31 12:30:34][INFO] physics_basic: pos=(-1.239703,-0.000010,1.593573) vel=(-6.951409,-0.009800,-0.391840) grounded=1
[2026-01-31 12:30:34][INFO] physics_basic: input fwd=1 back=0 left=0 right=0 jump=0 sprint=1 dt=0.001000
[2026-01-31 12:30:34][INFO] input: action=Sprint key=6 down=1
[2026-01-31 12:30:34][INFO] input: action=MoveForward key=1 down=1
[2026-01-31 12:30:34][INFO] input: action=Sprint key=6 down=1
[2026-01-31 12:30:34][INFO] input: action=MoveForward key=1 down=1
[2026-01-31 12:30:34][INFO] platform: key_up scancode=225 code=6
[2026-01-31 12:30:34][INFO] input: action=MoveForward key=1 down=1
[2026-01-31 12:30:34][INFO] platform: key_up scancode=26 code=1
[2026-01-31 12:30:34][INFO] physics_basic: pos=(-1.652156,-0.000010,1.537514) vel=(-5.984087,-0.009800,-1.163884) grounded=1
[2026-01-31 12:30:34][INFO] physics_basic: input fwd=0 back=0 left=0 right=0 jump=0 sprint=0 dt=0.001000
[2026-01-31 12:30:34][INFO] physics_basic: pos=(-1.935914,-0.000010,1.482324) vel=(-3.695709,-0.009800,-0.718802) grounded=1
[2026-01-31 12:30:34][INFO] physics_basic: input fwd=0 back=0 left=0 right=0 jump=0 sprint=0 dt=0.001000
[2026-01-31 12:30:34][INFO] physics_basic: pos=(-2.115607,-0.000010,1.447375) vel=(-2.245766,-0.009800,-0.436794) grounded=1
[2026-01-31 12:30:34][INFO] physics_basic: input fwd=0 back=0 left=0 right=0 jump=0 sprint=0 dt=0.001000
[2026-01-31 12:30:34][INFO] physics_basic: pos=(-2.247354,-0.000010,1.421750) vel=(-1.089544,-0.009800,-0.211913) grounded=1
[2026-01-31 12:30:34][INFO] physics_basic: input fwd=0 back=0 left=0 right=0 jump=0 sprint=0 dt=0.001000
[2026-01-31 12:30:34][INFO] physics_basic: pos=(-2.299019,-0.000010,1.411702) vel=(-0.672891,-0.009800,-0.130875) grounded=1
[2026-01-31 12:30:34][INFO] physics_basic: input fwd=0 back=0 left=0 right=0 jump=0 sprint=0 dt=0.001000
[2026-01-31 12:30:34][INFO] physics_basic: pos=(-2.330926,-0.000010,1.405496) vel=(-0.415571,-0.009800,-0.080827) grounded=1
[2026-01-31 12:30:34][INFO] physics_basic: input fwd=0 back=0 left=0 right=0 jump=0 sprint=0 dt=0.001000
[2026-01-31 12:30:34][INFO] physics_basic: pos=(-2.350885,-0.000010,1.401613) vel=(-0.254582,-0.009800,-0.049515) grounded=1
[2026-01-31 12:30:34][INFO] physics_basic: input fwd=0 back=0 left=0 right=0 jump=0 sprint=0 dt=0.001000
[2026-01-31 12:30:34][INFO] physics_basic: pos=(-2.362957,-0.000010,1.399266) vel=(-0.157227,-0.009800,-0.030580) grounded=1
[2026-01-31 12:30:34][INFO] physics_basic: input fwd=0 back=0 left=0 right=0 jump=0 sprint=0 dt=0.001000
[2026-01-31 12:30:34][INFO] physics_basic: pos=(-2.370412,-0.000010,1.397815) vel=(-0.097102,-0.009800,-0.018886) grounded=1
[2026-01-31 12:30:34][INFO] physics_basic: input fwd=0 back=0 left=0 right=0 jump=0 sprint=0 dt=0.001000
[2026-01-31 12:30:34][INFO] physics_basic: pos=(-2.375017,-0.000010,1.396919) vel=(-0.059969,-0.009800,-0.011664) grounded=1
[2026-01-31 12:30:34][INFO] physics_basic: input fwd=0 back=0 left=0 right=0 jump=0 sprint=0 dt=0.001000
[2026-01-31 12:30:34][INFO] physics_basic: pos=(-2.377897,-0.000010,1.396359) vel=(-0.036738,-0.009800,-0.007145) grounded=1
[2026-01-31 12:30:34][INFO] physics_basic: input fwd=0 back=0 left=0 right=0 jump=0 sprint=0 dt=0.001000
[2026-01-31 12:30:34][INFO] physics_basic: pos=(-2.379638,-0.000010,1.396020) vel=(-0.022689,-0.009800,-0.004413) grounded=1
[2026-01-31 12:30:34][INFO] physics_basic: input fwd=0 back=0 left=0 right=0 jump=0 sprint=0 dt=0.001000
[2026-01-31 12:30:34][INFO] physics_basic: pos=(-2.380714,-0.000010,1.395811) vel=(-0.014012,-0.009800,-0.002725) grounded=1
[2026-01-31 12:30:34][INFO] physics_basic: input fwd=0 back=0 left=0 right=0 jump=0 sprint=0 dt=0.001000
[2026-01-31 12:30:34][INFO] physics_basic: pos=(-2.381387,-0.000010,1.395680) vel=(-0.008584,-0.009800,-0.001670) grounded=1
[2026-01-31 12:30:34][INFO] physics_basic: input fwd=0 back=0 left=0 right=0 jump=0 sprint=0 dt=0.001000
[2026-01-31 12:30:34][INFO] physics_basic: pos=(-2.381799,-0.000010,1.395600) vel=(-0.005259,-0.009800,-0.001023) grounded=1
[2026-01-31 12:30:34][INFO] physics_basic: input fwd=0 back=0 left=0 right=0 jump=0 sprint=0 dt=0.001000
[2026-01-31 12:30:35][INFO] physics_basic: pos=(-2.382048,-0.000010,1.395551) vel=(-0.003248,-0.009800,-0.000632) grounded=1
[2026-01-31 12:30:35][INFO] physics_basic: input fwd=0 back=0 left=0 right=0 jump=0 sprint=0 dt=0.001000
[2026-01-31 12:30:35][INFO] physics_basic: pos=(-2.382204,-0.000010,1.395521) vel=(-0.001990,-0.009800,-0.000387) grounded=1
[2026-01-31 12:30:35][INFO] physics_basic: input fwd=0 back=0 left=0 right=0 jump=0 sprint=0 dt=0.001000
[2026-01-31 12:30:35][INFO] physics_basic: pos=(-2.382298,-0.000010,1.395503) vel=(-0.001229,-0.009800,-0.000239) grounded=1
[2026-01-31 12:30:35][INFO] physics_basic: input fwd=0 back=0 left=0 right=0 jump=0 sprint=0 dt=0.002000
[2026-01-31 12:30:35][INFO] physics_basic: pos=(-2.382357,-0.000010,1.395491) vel=(-0.000753,-0.009800,-0.000146) grounded=1
[2026-01-31 12:30:35][INFO] physics_basic: input fwd=0 back=0 left=0 right=0 jump=0 sprint=0 dt=0.001000
[2026-01-31 12:30:35][INFO] physics_basic: pos=(-2.382393,-0.000010,1.395484) vel=(-0.000461,-0.009800,-0.000090) grounded=1
[2026-01-31 12:30:35][INFO] physics_basic: input fwd=0 back=0 left=0 right=0 jump=0 sprint=0 dt=0.001000
[2026-01-31 12:30:35][INFO] physics_basic: pos=(-2.382415,-0.000010,1.395478) vel=(-0.000285,-0.009800,-0.000055) grounded=1
[2026-01-31 12:30:35][INFO] physics_basic: input fwd=0 back=0 left=0 right=0 jump=0 sprint=0 dt=0.001000
[2026-01-31 12:30:35][INFO] physics_basic: pos=(-2.382430,-0.000010,1.395478) vel=(-0.000174,-0.009800,-0.000034) grounded=1
[2026-01-31 12:30:35][INFO] physics_basic: input fwd=0 back=0 left=0 right=0 jump=0 sprint=0 dt=0.001000
[2026-01-31 12:30:35][INFO] physics_basic: pos=(-2.382441,-0.000010,1.395478) vel=(-0.000108,-0.009800,-0.000021) grounded=1
[2026-01-31 12:30:35][INFO] physics_basic: input fwd=0 back=0 left=0 right=0 jump=0 sprint=0 dt=0.001000
[2026-01-31 12:30:35][INFO] physics_basic: pos=(-2.382441,-0.000010,1.395478) vel=(-0.000066,-0.009800,-0.000013) grounded=1
[2026-01-31 12:30:35][INFO] physics_basic: input fwd=0 back=0 left=0 right=0 jump=0 sprint=0 dt=0.001000
[2026-01-31 12:30:35][INFO] physics_basic: pos=(-2.382441,-0.000010,1.395478) vel=(-0.000041,-0.009800,-0.000008) grounded=1
[2026-01-31 12:30:35][INFO] physics_basic: input fwd=0 back=0 left=0 right=0 jump=0 sprint=0 dt=0.001000
[2026-01-31 12:30:35][INFO] physics_basic: pos=(-2.382441,-0.000010,1.395478) vel=(-0.000025,-0.009800,-0.000005) grounded=1
[2026-01-31 12:30:35][INFO] physics_basic: input fwd=0 back=0 left=0 right=0 jump=0 sprint=0 dt=0.001000
[2026-01-31 12:30:35][INFO] platform: key_down scancode=26 code=1
[2026-01-31 12:30:35][INFO] input: action=MoveForward key=1 down=1
[2026-01-31 12:30:35][INFO] input: action=MoveForward key=1 down=1
[2026-01-31 12:30:35][INFO] input: action=MoveForward key=1 down=1
[2026-01-31 12:30:35][INFO] physics_basic: pos=(-2.341568,-0.000010,1.376836) vel=(1.916644,-0.009800,-0.874172) grounded=1
[2026-01-31 12:30:35][INFO] physics_basic: input fwd=1 back=0 left=0 right=0 jump=0 sprint=0 dt=0.001000
[2026-01-31 12:30:35][INFO] input: action=MoveForward key=1 down=1
[2026-01-31 12:30:35][INFO] input: action=MoveForward key=1 down=1
[2026-01-31 12:30:35][INFO] input: action=MoveForward key=1 down=1
[2026-01-31 12:30:35][INFO] physics_basic: pos=(-2.179271,-0.000010,1.302985) vel=(3.144883,-0.009800,-1.413646) grounded=1
[2026-01-31 12:30:35][INFO] physics_basic: input fwd=1 back=0 left=0 right=0 jump=0 sprint=0 dt=0.001000
[2026-01-31 12:30:35][INFO] input: action=MoveForward key=1 down=1
[2026-01-31 12:30:35][INFO] input: action=MoveForward key=1 down=1
[2026-01-31 12:30:35][INFO] input: action=MoveForward key=1 down=1
[2026-01-31 12:30:35][INFO] physics_basic: pos=(-1.972445,-0.000010,1.214971) vel=(3.570176,-0.009800,-1.404827) grounded=1
[2026-01-31 12:30:35][INFO] physics_basic: input fwd=1 back=0 left=0 right=0 jump=0 sprint=0 dt=0.001000
[2026-01-31 12:30:35][INFO] input: action=MoveForward key=1 down=1
[2026-01-31 12:30:35][INFO] input: action=MoveForward key=1 down=1
[2026-01-31 12:30:35][INFO] input: action=MoveForward key=1 down=1
[2026-01-31 12:30:35][INFO] physics_basic: pos=(-1.751767,-0.000010,1.136589) vel=(3.761505,-0.009800,-1.196392) grounded=1
[2026-01-31 12:30:35][INFO] physics_basic: input fwd=1 back=0 left=0 right=0 jump=0 sprint=0 dt=0.001000
[2026-01-31 12:30:35][INFO] input: action=MoveForward key=1 down=1
[2026-01-31 12:30:35][INFO] input: action=MoveForward key=1 down=1
[2026-01-31 12:30:35][INFO] input: action=MoveForward key=1 down=1
[2026-01-31 12:30:35][INFO] physics_basic: pos=(-1.523360,-0.000010,1.069311) vel=(3.836103,-0.009800,-1.072651) grounded=1
[2026-01-31 12:30:35][INFO] physics_basic: input fwd=1 back=0 left=0 right=0 jump=0 sprint=0 dt=0.001000
[2026-01-31 12:30:35][INFO] input: action=MoveForward key=1 down=1
[2026-01-31 12:30:35][INFO] input: action=MoveForward key=1 down=1
[2026-01-31 12:30:35][INFO] input: action=MoveForward key=1 down=1
[2026-01-31 12:30:35][INFO] physics_basic: pos=(-1.292385,-0.000010,1.006293) vel=(3.858301,-0.009800,-1.035831) grounded=1
[2026-01-31 12:30:35][INFO] physics_basic: input fwd=1 back=0 left=0 right=0 jump=0 sprint=0 dt=0.001000
[2026-01-31 12:30:35][INFO] input: action=MoveForward key=1 down=1
[2026-01-31 12:30:35][INFO] input: action=MoveForward key=1 down=1
[2026-01-31 12:30:36][INFO] input: action=MoveForward key=1 down=1
[2026-01-31 12:30:36][INFO] physics_basic: pos=(-1.060647,-0.000010,0.944543) vel=(3.864905,-0.009800,-1.024875) grounded=1
[2026-01-31 12:30:36][INFO] physics_basic: input fwd=1 back=0 left=0 right=0 jump=0 sprint=0 dt=0.001000
[2026-01-31 12:30:36][INFO] input: action=MoveForward key=1 down=1
[2026-01-31 12:30:36][INFO] input: action=MoveForward key=1 down=1
[2026-01-31 12:30:36][INFO] input: action=MoveForward key=1 down=1
[2026-01-31 12:30:36][INFO] input: action=MoveForward key=1 down=1
[2026-01-31 12:30:36][INFO] physics_basic: pos=(-0.824814,-0.000010,0.882147) vel=(3.866887,-0.009800,-1.021587) grounded=1
[2026-01-31 12:30:36][INFO] physics_basic: input fwd=1 back=0 left=0 right=0 jump=0 sprint=0 dt=0.001000
[2026-01-31 12:30:36][INFO] input: action=MoveForward key=1 down=1
[2026-01-31 12:30:36][INFO] input: action=MoveForward key=1 down=1
[2026-01-31 12:30:36][INFO] input: action=MoveForward key=1 down=1
[2026-01-31 12:30:36][INFO] physics_basic: pos=(-0.592855,-0.000010,0.820605) vel=(3.862850,-0.009800,-1.037763) grounded=1
[2026-01-31 12:30:36][INFO] physics_basic: input fwd=1 back=0 left=0 right=0 jump=0 sprint=0 dt=0.001000
[2026-01-31 12:30:36][INFO] input: action=MoveForward key=1 down=1
[2026-01-31 12:30:36][INFO] input: action=MoveForward key=1 down=1
[2026-01-31 12:30:36][INFO] platform: key_down scancode=26 code=1
[2026-01-31 12:30:36][INFO] input: action=MoveForward key=1 down=1
[2026-01-31 12:30:36][INFO] physics_basic: pos=(-0.361877,-0.000010,0.755631) vel=(3.820983,-0.009800,-1.175277) grounded=1
[2026-01-31 12:30:36][INFO] physics_basic: input fwd=1 back=0 left=0 right=0 jump=0 sprint=0 dt=0.001000
[2026-01-31 12:30:36][INFO] input: action=MoveForward key=1 down=1
[2026-01-31 12:30:36][INFO] input: action=MoveForward key=1 down=1
[2026-01-31 12:30:36][INFO] platform: key_down scancode=26 code=1
[2026-01-31 12:30:36][INFO] input: action=MoveForward key=1 down=1
[2026-01-31 12:30:36][INFO] platform: key_up scancode=26 code=1
[2026-01-31 12:30:36][INFO] physics_basic: pos=(-0.141144,-0.000010,0.678443) vel=(3.211267,-0.009800,-1.199218) grounded=1
[2026-01-31 12:30:36][INFO] physics_basic: input fwd=0 back=0 left=0 right=0 jump=0 sprint=0 dt=0.001000
[2026-01-31 12:30:36][INFO] physics_basic: pos=(0.011130,-0.000010,0.621577) vel=(1.983245,-0.009800,-0.740625) grounded=1
[2026-01-31 12:30:36][INFO] physics_basic: input fwd=0 back=0 left=0 right=0 jump=0 sprint=0 dt=0.001000
[2026-01-31 12:30:36][INFO] physics_basic: pos=(0.105173,-0.000010,0.586457) vel=(1.224831,-0.009800,-0.457402) grounded=1
[2026-01-31 12:30:36][INFO] physics_basic: input fwd=0 back=0 left=0 right=0 jump=0 sprint=0 dt=0.001000
[2026-01-31 12:30:36][INFO] physics_basic: pos=(0.163253,-0.000010,0.564768) vel=(0.756443,-0.009800,-0.282487) grounded=1
[2026-01-31 12:30:36][INFO] physics_basic: input fwd=0 back=0 left=0 right=0 jump=0 sprint=0 dt=0.001000
[2026-01-31 12:30:36][INFO] physics_basic: pos=(0.199123,-0.000010,0.551373) vel=(0.467171,-0.009800,-0.174461) grounded=1
[2026-01-31 12:30:36][INFO] physics_basic: input fwd=0 back=0 left=0 right=0 jump=0 sprint=0 dt=0.001000
[2026-01-31 12:30:36][INFO] physics_basic: pos=(0.221276,-0.000010,0.543100) vel=(0.288520,-0.009800,-0.107745) grounded=1
[2026-01-31 12:30:36][INFO] physics_basic: input fwd=0 back=0 left=0 right=0 jump=0 sprint=0 dt=0.001000
[2026-01-31 12:30:36][INFO] physics_basic: pos=(0.234957,-0.000010,0.537991) vel=(0.178187,-0.009800,-0.066542) grounded=1
[2026-01-31 12:30:36][INFO] physics_basic: input fwd=0 back=0 left=0 right=0 jump=0 sprint=0 dt=0.001000
[2026-01-31 12:30:36][INFO] physics_basic: pos=(0.243406,-0.000010,0.534835) vel=(0.110046,-0.009800,-0.041096) grounded=1
[2026-01-31 12:30:36][INFO] physics_basic: input fwd=0 back=0 left=0 right=0 jump=0 sprint=0 dt=0.001000
[2026-01-31 12:30:36][INFO] physics_basic: pos=(0.248625,-0.000010,0.532887) vel=(0.067963,-0.009800,-0.025380) grounded=1
[2026-01-31 12:30:36][INFO] physics_basic: input fwd=0 back=0 left=0 right=0 jump=0 sprint=0 dt=0.001000
[2026-01-31 12:30:36][INFO] platform: key_down scancode=41 code=7
[2026-01-31 12:30:36][INFO] input: action=Quit key=7 down=1
[2026-01-31 12:30:36][INFO] input: action=Quit key=7 down=1
[2026-01-31 12:30:36][INFO] input: action=Quit key=7 down=1
[2026-01-31 12:30:36][INFO] physics_basic: pos=(0.251929,-0.000010,0.531653) vel=(0.041299,-0.009800,-0.015423) grounded=1
[2026-01-31 12:30:36][INFO] physics_basic: input fwd=0 back=0 left=0 right=0 jump=0 sprint=0 dt=0.001000
[2026-01-31 12:30:36][INFO] input: action=Quit key=7 down=1
[2026-01-31 12:30:36][INFO] input: action=Quit key=7 down=1
[2026-01-31 12:30:36][INFO] input: action=Quit key=7 down=1
[2026-01-31 12:30:36][INFO] input: action=Quit key=7 down=1
[2026-01-31 12:30:36][INFO] physics_basic: pos=(0.253888,-0.000010,0.530921) vel=(0.025506,-0.009800,-0.009525) grounded=1
[2026-01-31 12:30:36][INFO] physics_basic: input fwd=0 back=0 left=0 right=0 jump=0 sprint=0 dt=0.001000
[2026-01-31 12:30:36][INFO] input: action=Quit key=7 down=1
[2026-01-31 12:30:36][INFO] input: action=Quit key=7 down=1
[2026-01-31 12:30:36][INFO] platform: key_up scancode=41 code=7
[2026-01-31 12:30:36][INFO] physics_basic: pos=(0.255097,-0.000010,0.530469) vel=(0.015752,-0.009800,-0.005883) grounded=1
[2026-01-31 12:30:36][INFO] physics_basic: input fwd=0 back=0 left=0 right=0 jump=0 sprint=0 dt=0.001000
[2026-01-31 12:30:36][INFO] physics_basic: pos=(0.255854,-0.000010,0.530187) vel=(0.009650,-0.009800,-0.003604) grounded=1
[2026-01-31 12:30:36][INFO] physics_basic: input fwd=0 back=0 left=0 right=0 jump=0 sprint=0 dt=0.001000
[2026-01-31 12:30:37][INFO] physics_basic: pos=(0.256312,-0.000010,0.530016) vel=(0.005960,-0.009800,-0.002226) grounded=1
[2026-01-31 12:30:37][INFO] physics_basic: input fwd=0 back=0 left=0 right=0 jump=0 sprint=0 dt=0.001000
[2026-01-31 12:30:37][INFO] physics_basic: pos=(0.256598,-0.000010,0.529909) vel=(0.003651,-0.009800,-0.001363) grounded=1
[2026-01-31 12:30:37][INFO] physics_basic: input fwd=0 back=0 left=0 right=0 jump=0 sprint=0 dt=0.001000
[2026-01-31 12:30:37][INFO] physics_basic: pos=(0.256773,-0.000010,0.529843) vel=(0.002237,-0.009800,-0.000835) grounded=1
[2026-01-31 12:30:37][INFO] physics_basic: input fwd=0 back=0 left=0 right=0 jump=0 sprint=0 dt=0.001000
[2026-01-31 12:30:37][INFO] physics_basic: pos=(0.256879,-0.000010,0.529804) vel=(0.001381,-0.009800,-0.000516) grounded=1
[2026-01-31 12:30:37][INFO] physics_basic: input fwd=0 back=0 left=0 right=0 jump=0 sprint=0 dt=0.001000
[2026-01-31 12:30:37][INFO] physics_basic: pos=(0.256945,-0.000010,0.529779) vel=(0.000853,-0.009800,-0.000319) grounded=1
[2026-01-31 12:30:37][INFO] physics_basic: input fwd=0 back=0 left=0 right=0 jump=0 sprint=0 dt=0.001000
[2026-01-31 12:30:37][INFO] physics_basic: pos=(0.256985,-0.000010,0.529764) vel=(0.000527,-0.009800,-0.000197) grounded=1
[2026-01-31 12:30:37][INFO] physics_basic: input fwd=0 back=0 left=0 right=0 jump=0 sprint=0 dt=0.001000
[2026-01-31 12:30:37][INFO] physics_basic: pos=(0.257010,-0.000010,0.529755) vel=(0.000323,-0.009800,-0.000121) grounded=1
[2026-01-31 12:30:37][INFO] physics_basic: input fwd=0 back=0 left=0 right=0 jump=0 sprint=0 dt=0.001000
[2026-01-31 12:30:37][INFO] physics_basic: pos=(0.257026,-0.000010,0.529749) vel=(0.000198,-0.009800,-0.000074) grounded=1
[2026-01-31 12:30:37][INFO] physics_basic: input fwd=0 back=0 left=0 right=0 jump=0 sprint=0 dt=0.001000
[2026-01-31 12:30:37][INFO] physics_basic: pos=(0.257035,-0.000010,0.529746) vel=(0.000122,-0.009800,-0.000046) grounded=1
[2026-01-31 12:30:37][INFO] physics_basic: input fwd=0 back=0 left=0 right=0 jump=0 sprint=0 dt=0.001000
[2026-01-31 12:30:37][INFO] physics_basic: pos=(0.257041,-0.000010,0.529743) vel=(0.000075,-0.009800,-0.000028) grounded=1
[2026-01-31 12:30:37][INFO] physics_basic: input fwd=0 back=0 left=0 right=0 jump=0 sprint=0 dt=0.001000
[2026-01-31 12:30:37][INFO] physics_basic: pos=(0.257045,-0.000010,0.529743) vel=(0.000046,-0.009800,-0.000017) grounded=1
[2026-01-31 12:30:37][INFO] physics_basic: input fwd=0 back=0 left=0 right=0 jump=0 sprint=0 dt=0.001000
[2026-01-31 12:30:37][INFO] physics_basic: pos=(0.257047,-0.000010,0.529743) vel=(0.000028,-0.009800,-0.000011) grounded=1
[2026-01-31 12:30:37][INFO] physics_basic: input fwd=0 back=0 left=0 right=0 jump=0 sprint=0 dt=0.001000
[2026-01-31 12:30:37][INFO] viewport: world_grid=1 character_grid=1 skeletons=0 allow_grids=1 play=0
[2026-01-31 12:30:37][INFO] level entity spawned: player_spawn
[2026-01-31 12:30:37][INFO] level entity spawned: ground_plane_1
[2026-01-31 12:30:37][INFO] level entity spawned: demo_quad_1
[2026-01-31 12:30:37][INFO] runtime: player rig scale set to 1.058824 (mesh height=1.700000, mesh scale=0.010000, root scale=1.000000, final scale=0.010588,0.010588,0.010588)
[2026-01-31 12:30:37][INFO] runtime: rig mesh bounds min=(-0.553406,-0.000000,-0.173289) max=(0.553406,1.700000,0.173289)
[2026-01-31 12:30:37][INFO] runtime: rig skeleton min y=0.040637
[2026-01-31 12:30:37][INFO] runtime: player rig offset set to 0.000000 (grounded by mesh bounds)
[2026-01-31 12:30:37][INFO] runtime: controller size set (radius=0.150000, half_height=0.100000, center_offset=0.250000, mesh height=0.018000, mesh bottom=0.000000)
[2026-01-31 12:30:37][INFO] runtime: player rig asset = manny (source=/home/skooze/rkg/NecTr/AI_GUARD_1/AI_GUARD_1_Character_output.glb)
[2026-01-31 12:30:37][INFO] runtime: attached skeleton from asset manny joints=24
[2026-01-31 12:30:37][INFO] content reloaded (raw)
[2026-01-31 12:30:37][INFO] reload reason: stop
[2026-01-31 12:30:39][INFO] debug_ui: shutdown
[2026-01-31 12:30:39][INFO] physics_basic: shutdown
[2026-01-31 12:30:39][INFO] renderer:vulkan shutdown
[2026-01-31 12:30:39][INFO] log shutdown
