[2026-01-31 13:28:57][INFO] log init
[2026-01-31 13:28:57][INFO] log file: /home/skooze/rkg/build_logs/rkg_editor_20260131_132857.log
[2026-01-31 13:28:57][INFO] platform: linux
[2026-01-31 13:28:57][INFO] build: debug
[2026-01-31 13:28:57][INFO] git: 5ffe30b
[2026-01-31 13:28:57][INFO] runtime: input map file=/home/skooze/rkg/projects/demo_game/config/input.yaml loaded=1 bindings=9
[2026-01-31 13:28:57][INFO] asset_cache: manny source -> /home/skooze/rkg/NecTr/AI_GUARD_1/AI_GUARD_1_Character_output.glb
[2026-01-31 13:28:57][INFO] asset_cache: auto-importing manny into build/content_cache/generated_assets/manny
[2026-01-31 13:28:58][INFO] asset_cache: auto-imported manny.glb into build/content_cache/generated_assets/manny
[2026-01-31 13:28:58][INFO] asset_cache: loaded testmanny (verts=69772 idx=418608 mats=0 tex=0 joints=24 scale=1.000000,1.000000,1.000000)
[2026-01-31 13:28:58][INFO] asset_cache: loaded manny (verts=33592 idx=156288 mats=1 tex=2 joints=24 scale=0.010000,0.010000,0.010000)
[2026-01-31 13:28:58][WARN] cooked content missing; using raw content (dev_mode)
[2026-01-31 13:28:58][INFO] RLIMIT_NOFILE: 1024/524288
[2026-01-31 13:28:58][INFO] RLIMIT_NPROC: 127047/127047
[2026-01-31 13:28:58][INFO] Wayland socket: /run/user/1000/wayland-0 mode=srwxr-xr-x uid=1000 gid=1000
[2026-01-31 13:28:58][INFO] Wayland socket connect ok: /run/user/1000/wayland-0
[2026-01-31 13:28:58][INFO] Wayland wl_display_connect ok: wayland-0
[2026-01-31 13:28:58][INFO] X11 socket: /tmp/.X11-unix/X1 mode=srwxr-xr-x uid=1000 gid=1000
[2026-01-31 13:28:58][INFO] X11 socket connect ok: /tmp/.X11-unix/X1
[2026-01-31 13:28:58][INFO] X11 XOpenDisplay ok: :1
[2026-01-31 13:28:58][INFO] SDL system/info: App name: SDL Application
[2026-01-31 13:28:58][INFO] SDL system/info: App version: <unspecified>
[2026-01-31 13:28:58][INFO] SDL system/info: App ID: <unspecified>
[2026-01-31 13:28:58][INFO] SDL system/info: SDL revision: SDL-release-3.4.0-0-ga962f40bb
[2026-01-31 13:28:58][INFO] SDL system/debug: SDL chose video backend 'wayland'
[2026-01-31 13:28:58][INFO] SDL current video driver: wayland
[2026-01-31 13:28:58][INFO] renderer:vulkan skinned demo: joints=24
[2026-01-31 13:28:58][INFO] renderer:vulkan textured demo: using asset manny dir=/home/skooze/rkg/build/content_cache/generated_assets/manny
[2026-01-31 13:28:58][INFO] renderer:vulkan init
[2026-01-31 13:28:58][INFO] renderer:vulkan dynamic rendering: enabled
[2026-01-31 13:28:58][INFO] renderer: renderer_vulkan
[2026-01-31 13:28:58][INFO] renderer caps: DrawPrimitive | DebugUiSupported
[2026-01-31 13:28:58][WARN] script:lua not available (Lua not found)
[2026-01-31 13:28:58][WARN] script:js not available (QuickJS/Duktape not found)
[2026-01-31 13:28:58][INFO] debug_ui: swapchain_format=50
[2026-01-31 13:28:58][INFO] debug_ui: backend caps api=pipeline_info_main render_pass=yes dynamic=yes color_format=no pipeline_rendering=yes msaa=yes
[2026-01-31 13:28:58][INFO] debug_ui: render path render_pass
[2026-01-31 13:28:58][INFO] debug_ui: init
[2026-01-31 13:28:58][INFO] debug_ui enabled
[2026-01-31 13:28:58][INFO] physics_basic: init
[2026-01-31 13:28:58][INFO] level entity spawned: player_spawn
[2026-01-31 13:28:58][INFO] level entity spawned: ground_plane_1
[2026-01-31 13:28:58][INFO] level entity spawned: demo_quad_1
[2026-01-31 13:28:58][INFO] runtime: player rig scale set to 1.058824 (mesh height=1.700000, mesh scale=0.010000, root scale=1.000000, final scale=0.010588,0.010588,0.010588)
[2026-01-31 13:28:58][INFO] runtime: rig mesh bounds min=(-0.553406,-0.000000,-0.173289) max=(0.553406,1.700000,0.173289)
[2026-01-31 13:28:58][INFO] runtime: rig skeleton min y=0.040637
[2026-01-31 13:28:58][INFO] runtime: player rig offset set to 0.000000 (grounded by mesh bounds)
[2026-01-31 13:28:58][INFO] runtime: controller size set (radius=0.150000, half_height=0.100000, center_offset=0.250000, mesh height=0.018000, mesh bottom=0.000000)
[2026-01-31 13:28:58][INFO] runtime: player rig asset = manny (source=/home/skooze/rkg/NecTr/AI_GUARD_1/AI_GUARD_1_Character_output.glb)
[2026-01-31 13:28:58][INFO] runtime: attached skeleton from asset manny joints=24
[2026-01-31 13:28:58][INFO] content watcher: inotify
[2026-01-31 13:28:58][INFO] tick: begin
[2026-01-31 13:28:58][INFO] tick: renderer update
[2026-01-31 13:28:58][INFO] renderer:vulkan update begin
[2026-01-31 13:28:58][WARN] renderer:vulkan swapchain rebuild requested
[2026-01-31 13:28:58][INFO] renderer:vulkan update end
[2026-01-31 13:28:58][INFO] debug_ui: new_frame begin
[2026-01-31 13:28:58][INFO] debug_ui: new_frame end
[2026-01-31 13:28:58][INFO] renderer:vulkan step 0: draw_frame: wait fence
[2026-01-31 13:28:58][INFO] renderer:vulkan swapchain=94662468745968
[2026-01-31 13:28:58][INFO] renderer:vulkan swapchain images=3 views=3 framebuffers=3 cmd_buffers=3
[2026-01-31 13:28:58][INFO] renderer:vulkan extent=1600x900
[2026-01-31 13:28:58][INFO] renderer:vulkan step 1: vkAcquireNextImageKHR
[2026-01-31 13:28:58][INFO] renderer:vulkan step 2: vkResetCommandBuffer
[2026-01-31 13:28:58][INFO] renderer:vulkan step 3: vkBeginCommandBuffer
[2026-01-31 13:28:58][INFO] renderer:vulkan step 4: swapchain: barrier to color attachment
[2026-01-31 13:28:58][INFO] renderer:vulkan step 5: swapchain: begin render pass
[2026-01-31 13:28:58][INFO] renderer:vulkan step 6: swapchain: clear attachments
[2026-01-31 13:28:58][INFO] renderer:vulkan step 7: imgui: render inside pass
[2026-01-31 13:28:58][INFO] debug_ui: draw_data textures=1
[2026-01-31 13:28:58][INFO] debug_ui: texture 0 status=0 tex_empty=false
[2026-01-31 13:28:58][INFO] debug_ui: render draw_data lists=1 vtx=4 idx=6
[2026-01-31 13:28:58][INFO] renderer:vulkan step 8: swapchain: end render pass
[2026-01-31 13:28:58][INFO] renderer:vulkan step 9: vkEndCommandBuffer
[2026-01-31 13:28:58][INFO] renderer:vulkan step 10: vkQueueSubmit
[2026-01-31 13:28:58][INFO] renderer:vulkan step 11: vkQueuePresentKHR
[2026-01-31 13:28:58][INFO] event: mouse type=1024 x=698 y=40
[2026-01-31 13:29:00][INFO] event: mouse type=1024 x=698 y=40
[2026-01-31 13:29:08][INFO] physics_basic: input fwd=0 back=0 left=0 right=0 jump=0 sprint=0 dt=0.001000
[2026-01-31 13:29:08][INFO] renderer:vulkan skinned live rig map: hips=Hips spine=Spine02 chest=none head=Head l_thigh=LeftUpLeg r_thigh=RightUpLeg
[2026-01-31 13:29:08][INFO] physics_basic: pos=(0.000000,-0.000010,0.000000) vel=(0.000000,-0.009800,0.000000) grounded=1
[2026-01-31 13:29:08][INFO] physics_basic: input fwd=0 back=0 left=0 right=0 jump=0 sprint=0 dt=0.001000
[2026-01-31 13:29:08][INFO] physics_basic: pos=(0.000000,-0.000010,0.000000) vel=(0.000000,-0.009800,0.000000) grounded=1
[2026-01-31 13:29:08][INFO] physics_basic: input fwd=0 back=0 left=0 right=0 jump=0 sprint=0 dt=0.001000
[2026-01-31 13:29:08][INFO] physics_basic: pos=(0.000000,-0.000010,0.000000) vel=(0.000000,-0.009800,0.000000) grounded=1
[2026-01-31 13:29:08][INFO] physics_basic: input fwd=0 back=0 left=0 right=0 jump=0 sprint=0 dt=0.001000
[2026-01-31 13:29:08][INFO] physics_basic: pos=(0.000000,-0.000010,0.000000) vel=(0.000000,-0.009800,0.000000) grounded=1
[2026-01-31 13:29:08][INFO] physics_basic: input fwd=0 back=0 left=0 right=0 jump=0 sprint=0 dt=0.001000
[2026-01-31 13:29:08][INFO] physics_basic: pos=(0.000000,-0.000010,0.000000) vel=(0.000000,-0.009800,0.000000) grounded=1
[2026-01-31 13:29:08][INFO] physics_basic: input fwd=0 back=0 left=0 right=0 jump=0 sprint=0 dt=0.001000
[2026-01-31 13:29:08][INFO] physics_basic: pos=(0.000000,-0.000010,0.000000) vel=(0.000000,-0.009800,0.000000) grounded=1
[2026-01-31 13:29:08][INFO] physics_basic: input fwd=0 back=0 left=0 right=0 jump=0 sprint=0 dt=0.001000
[2026-01-31 13:29:09][INFO] physics_basic: pos=(0.000000,-0.000010,0.000000) vel=(0.000000,-0.009800,0.000000) grounded=1
[2026-01-31 13:29:09][INFO] physics_basic: input fwd=0 back=0 left=0 right=0 jump=0 sprint=0 dt=0.001000
[2026-01-31 13:29:09][INFO] physics_basic: pos=(0.000000,-0.000010,0.000000) vel=(0.000000,-0.009800,0.000000) grounded=1
[2026-01-31 13:29:09][INFO] physics_basic: input fwd=0 back=0 left=0 right=0 jump=0 sprint=0 dt=0.001000
[2026-01-31 13:29:09][INFO] platform: key_down scancode=26 code=1
[2026-01-31 13:29:09][INFO] input: action=MoveForward key=1 down=1
[2026-01-31 13:29:09][INFO] input: action=MoveForward key=1 down=1
[2026-01-31 13:29:09][INFO] physics_basic: pos=(0.017057,-0.000010,0.034643) vel=(0.877900,-0.009800,1.783046) grounded=1
[2026-01-31 13:29:09][INFO] physics_basic: input fwd=1 back=0 left=0 right=0 jump=0 sprint=0 dt=0.001000
[2026-01-31 13:29:09][INFO] input: action=MoveForward key=1 down=1
[2026-01-31 13:29:09][INFO] input: action=MoveForward key=1 down=1
[2026-01-31 13:29:09][INFO] input: action=MoveForward key=1 down=1
[2026-01-31 13:29:09][INFO] physics_basic: pos=(0.092471,-0.000010,0.187813) vel=(1.502366,-0.009800,3.051358) grounded=1
[2026-01-31 13:29:09][INFO] physics_basic: input fwd=1 back=0 left=0 right=0 jump=0 sprint=0 dt=0.001000
[2026-01-31 13:29:09][INFO] input: action=MoveForward key=1 down=1
[2026-01-31 13:29:09][INFO] input: action=MoveForward key=1 down=1
[2026-01-31 13:29:09][INFO] input: action=MoveForward key=1 down=1
[2026-01-31 13:29:09][INFO] physics_basic: pos=(0.189380,-0.000010,0.384637) vel=(1.688178,-0.009800,3.428748) grounded=1
[2026-01-31 13:29:09][INFO] physics_basic: input fwd=1 back=0 left=0 right=0 jump=0 sprint=0 dt=0.001000
[2026-01-31 13:29:09][INFO] input: action=MoveForward key=1 down=1
[2026-01-31 13:29:09][INFO] input: action=MoveForward key=1 down=1
[2026-01-31 13:29:09][INFO] input: action=MoveForward key=1 down=1
[2026-01-31 13:29:09][INFO] physics_basic: pos=(0.294429,-0.000010,0.597995) vel=(1.743945,-0.009800,3.542012) grounded=1
[2026-01-31 13:29:09][INFO] physics_basic: input fwd=1 back=0 left=0 right=0 jump=0 sprint=0 dt=0.001000
[2026-01-31 13:29:09][INFO] input: action=MoveForward key=1 down=1
[2026-01-31 13:29:09][INFO] input: action=MoveForward key=1 down=1
[2026-01-31 13:29:09][INFO] input: action=MoveForward key=1 down=1
[2026-01-31 13:29:09][INFO] input: action=MoveForward key=1 down=1
[2026-01-31 13:29:09][INFO] physics_basic: pos=(0.399652,-0.000010,0.811707) vel=(1.760061,-0.009800,3.574744) grounded=1
[2026-01-31 13:29:09][INFO] physics_basic: input fwd=1 back=0 left=0 right=0 jump=0 sprint=0 dt=0.001000
[2026-01-31 13:29:09][INFO] input: action=MoveForward key=1 down=1
[2026-01-31 13:29:09][INFO] input: action=MoveForward key=1 down=1
[2026-01-31 13:29:09][INFO] input: action=MoveForward key=1 down=1
[2026-01-31 13:29:09][INFO] physics_basic: pos=(0.507195,-0.000010,1.030131) vel=(1.764897,-0.009800,3.584568) grounded=1
[2026-01-31 13:29:09][INFO] physics_basic: input fwd=1 back=0 left=0 right=0 jump=0 sprint=0 dt=0.001000
[2026-01-31 13:29:09][INFO] input: action=MoveForward key=1 down=1
[2026-01-31 13:29:09][INFO] input: action=MoveForward key=1 down=1
[2026-01-31 13:29:09][INFO] input: action=MoveForward key=1 down=1
[2026-01-31 13:29:09][INFO] physics_basic: pos=(0.613140,-0.000010,1.245309) vel=(1.766295,-0.009800,3.587406) grounded=1
[2026-01-31 13:29:09][INFO] physics_basic: input fwd=1 back=0 left=0 right=0 jump=0 sprint=0 dt=0.001000
[2026-01-31 13:29:09][INFO] input: action=MoveForward key=1 down=1
[2026-01-31 13:29:09][INFO] input: action=MoveForward key=1 down=1
[2026-01-31 13:29:09][INFO] input: action=MoveForward key=1 down=1
[2026-01-31 13:29:09][INFO] physics_basic: pos=(0.720900,-0.000010,1.464172) vel=(1.766714,-0.009800,3.588259) grounded=1
[2026-01-31 13:29:09][INFO] physics_basic: input fwd=1 back=0 left=0 right=0 jump=0 sprint=0 dt=0.001000
[2026-01-31 13:29:09][INFO] input: action=MoveForward key=1 down=1
[2026-01-31 13:29:09][INFO] input: action=MoveForward key=1 down=1
[2026-01-31 13:29:09][INFO] platform: key_up scancode=26 code=1
[2026-01-31 13:29:09][INFO] physics_basic: pos=(0.817860,-0.000010,1.661102) vel=(1.312544,-0.009800,2.665821) grounded=1
[2026-01-31 13:29:09][INFO] physics_basic: input fwd=0 back=0 left=0 right=0 jump=0 sprint=0 dt=0.001000
[2026-01-31 13:29:09][INFO] physics_basic: pos=(0.880099,-0.000010,1.787512) vel=(0.810613,-0.009800,1.646383) grounded=1
[2026-01-31 13:29:09][INFO] physics_basic: input fwd=0 back=0 left=0 right=0 jump=0 sprint=0 dt=0.001000
[2026-01-31 13:29:09][INFO] physics_basic: pos=(0.919030,-0.000010,1.866581) vel=(0.496589,-0.009800,1.008589) grounded=1
[2026-01-31 13:29:09][INFO] physics_basic: input fwd=0 back=0 left=0 right=0 jump=0 sprint=0 dt=0.001000
[2026-01-31 13:29:09][INFO] physics_basic: pos=(0.942577,-0.000010,1.914407) vel=(0.306688,-0.009800,0.622894) grounded=1
[2026-01-31 13:29:09][INFO] physics_basic: input fwd=0 back=0 left=0 right=0 jump=0 sprint=0 dt=0.001000
[2026-01-31 13:29:09][INFO] physics_basic: pos=(0.957306,-0.000010,1.944321) vel=(0.187880,-0.009800,0.381590) grounded=1
[2026-01-31 13:29:09][INFO] physics_basic: input fwd=0 back=0 left=0 right=0 jump=0 sprint=0 dt=0.001000
[2026-01-31 13:29:09][INFO] platform: key_down scancode=26 code=1
[2026-01-31 13:29:09][INFO] input: action=MoveForward key=1 down=1
[2026-01-31 13:29:09][INFO] input: action=MoveForward key=1 down=1
[2026-01-31 13:29:09][INFO] physics_basic: pos=(0.991640,-0.000010,2.014056) vel=(1.108443,-0.009800,2.251285) grounded=1
[2026-01-31 13:29:09][INFO] physics_basic: input fwd=1 back=0 left=0 right=0 jump=0 sprint=0 dt=0.001000
[2026-01-31 13:29:09][INFO] input: action=MoveForward key=1 down=1
[2026-01-31 13:29:09][INFO] input: action=MoveForward key=1 down=1
[2026-01-31 13:29:09][INFO] input: action=MoveForward key=1 down=1
[2026-01-31 13:29:09][INFO] physics_basic: pos=(1.076581,-0.000010,2.186573) vel=(1.574963,-0.009800,3.198804) grounded=1
[2026-01-31 13:29:09][INFO] physics_basic: input fwd=1 back=0 left=0 right=0 jump=0 sprint=0 dt=0.001000
[2026-01-31 13:29:09][INFO] input: action=MoveForward key=1 down=1
[2026-01-31 13:29:09][INFO] input: action=MoveForward key=1 down=1
[2026-01-31 13:29:10][INFO] input: action=MoveForward key=1 down=1
[2026-01-31 13:29:10][INFO] physics_basic: pos=(1.175988,-0.000010,2.388473) vel=(1.709779,-0.009800,3.472621) grounded=1
[2026-01-31 13:29:10][INFO] physics_basic: input fwd=1 back=0 left=0 right=0 jump=0 sprint=0 dt=0.001000
[2026-01-31 13:29:10][INFO] input: action=MoveForward key=1 down=1
[2026-01-31 13:29:10][INFO] input: action=MoveForward key=1 down=1
[2026-01-31 13:29:10][INFO] input: action=MoveForward key=1 down=1
[2026-01-31 13:29:10][INFO] input: action=MoveForward key=1 down=1
[2026-01-31 13:29:10][INFO] physics_basic: pos=(1.281788,-0.000010,2.603355) vel=(1.750241,-0.009800,3.554801) grounded=1
[2026-01-31 13:29:10][INFO] physics_basic: input fwd=1 back=0 left=0 right=0 jump=0 sprint=0 dt=0.001000
[2026-01-31 13:29:10][INFO] input: action=MoveForward key=1 down=1
[2026-01-31 13:29:10][INFO] input: action=MoveForward key=1 down=1
[2026-01-31 13:29:10][INFO] physics_basic: pos=(1.388990,-0.000010,2.821088) vel=(1.762035,-0.009800,3.578754) grounded=1
[2026-01-31 13:29:10][INFO] input: action=MoveForward key=1 down=1
[2026-01-31 13:29:10][INFO] physics_basic: input fwd=1 back=0 left=0 right=0 jump=0 sprint=0 dt=0.001000
[2026-01-31 13:29:10][INFO] input: action=MoveForward key=1 down=1
[2026-01-31 13:29:10][INFO] input: action=MoveForward key=1 down=1
[2026-01-31 13:29:10][INFO] physics_basic: pos=(1.494837,-0.000010,3.036065) vel=(1.765443,-0.009800,3.585676) grounded=1
[2026-01-31 13:29:10][INFO] input: action=MoveForward key=1 down=1
[2026-01-31 13:29:10][INFO] physics_basic: input fwd=1 back=0 left=0 right=0 jump=0 sprint=0 dt=0.001000
[2026-01-31 13:29:10][INFO] input: action=MoveForward key=1 down=1
[2026-01-31 13:29:10][INFO] input: action=MoveForward key=1 down=1
[2026-01-31 13:29:10][INFO] input: action=MoveForward key=1 down=1
[2026-01-31 13:29:10][INFO] physics_basic: pos=(1.602567,-0.000010,3.254869) vel=(1.766466,-0.009800,3.587754) grounded=1
[2026-01-31 13:29:10][INFO] physics_basic: input fwd=1 back=0 left=0 right=0 jump=0 sprint=0 dt=0.001000
[2026-01-31 13:29:10][INFO] input: action=MoveForward key=1 down=1
[2026-01-31 13:29:10][INFO] input: action=MoveForward key=1 down=1
[2026-01-31 13:29:10][INFO] input: action=MoveForward key=1 down=1
[2026-01-31 13:29:10][INFO] physics_basic: pos=(1.708565,-0.000010,3.470156) vel=(1.766762,-0.009800,3.588355) grounded=1
[2026-01-31 13:29:10][INFO] physics_basic: input fwd=1 back=0 left=0 right=0 jump=0 sprint=0 dt=0.001000
[2026-01-31 13:29:10][INFO] input: action=MoveForward key=1 down=1
[2026-01-31 13:29:10][INFO] input: action=MoveForward key=1 down=1
[2026-01-31 13:29:10][INFO] input: action=MoveForward key=1 down=1
[2026-01-31 13:29:10][INFO] physics_basic: pos=(1.814574,-0.000010,3.685462) vel=(1.766850,-0.009800,3.588533) grounded=1
[2026-01-31 13:29:10][INFO] physics_basic: input fwd=1 back=0 left=0 right=0 jump=0 sprint=0 dt=0.001000
[2026-01-31 13:29:10][INFO] input: action=MoveForward key=1 down=1
[2026-01-31 13:29:10][INFO] input: action=MoveForward key=1 down=1
[2026-01-31 13:29:10][INFO] platform: key_down scancode=26 code=1
[2026-01-31 13:29:10][INFO] input: action=MoveForward key=1 down=1
[2026-01-31 13:29:10][INFO] physics_basic: pos=(1.922354,-0.000010,3.904367) vel=(1.766876,-0.009800,3.588586) grounded=1
[2026-01-31 13:29:10][INFO] physics_basic: input fwd=1 back=0 left=0 right=0 jump=0 sprint=0 dt=0.001000
[2026-01-31 13:29:10][INFO] input: action=MoveForward key=1 down=1
[2026-01-31 13:29:10][INFO] platform: key_down scancode=26 code=1
[2026-01-31 13:29:10][INFO] input: action=MoveForward key=1 down=1
[2026-01-31 13:29:10][INFO] input: action=MoveForward key=1 down=1
[2026-01-31 13:29:10][INFO] physics_basic: pos=(2.030656,-0.000010,4.123011) vel=(1.787671,-0.009800,3.578238) grounded=1
[2026-01-31 13:29:10][INFO] input: action=MoveForward key=1 down=1
[2026-01-31 13:29:10][INFO] physics_basic: input fwd=1 back=0 left=0 right=0 jump=0 sprint=0 dt=0.001000
[2026-01-31 13:29:10][INFO] platform: key_down scancode=26 code=1
[2026-01-31 13:29:10][INFO] input: action=MoveForward key=1 down=1
[2026-01-31 13:29:10][INFO] input: action=MoveForward key=1 down=1
[2026-01-31 13:29:10][INFO] platform: key_down scancode=26 code=1
[2026-01-31 13:29:10][INFO] input: action=MoveForward key=1 down=1
[2026-01-31 13:29:10][INFO] physics_basic: pos=(2.143975,-0.000010,4.334337) vel=(2.034301,-0.009800,3.436425) grounded=1
[2026-01-31 13:29:10][INFO] physics_basic: input fwd=1 back=0 left=0 right=0 jump=0 sprint=0 dt=0.001000
[2026-01-31 13:29:10][INFO] input: action=MoveForward key=1 down=1
[2026-01-31 13:29:10][INFO] platform: key_down scancode=26 code=1
[2026-01-31 13:29:10][INFO] input: action=MoveForward key=1 down=1
[2026-01-31 13:29:10][INFO] input: action=MoveForward key=1 down=1
[2026-01-31 13:29:10][INFO] physics_basic: pos=(2.279533,-0.000010,4.536244) vel=(2.416630,-0.009800,3.167970) grounded=1
[2026-01-31 13:29:10][INFO] physics_basic: input fwd=1 back=0 left=0 right=0 jump=0 sprint=0 dt=0.001000
[2026-01-31 13:29:10][INFO] platform: key_down scancode=26 code=1
[2026-01-31 13:29:10][INFO] input: action=MoveForward key=1 down=1
[2026-01-31 13:29:10][INFO] input: action=MoveForward key=1 down=1
[2026-01-31 13:29:10][INFO] platform: key_down scancode=26 code=1
[2026-01-31 13:29:10][INFO] input: action=MoveForward key=1 down=1
[2026-01-31 13:29:10][INFO] physics_basic: pos=(2.441021,-0.000010,4.716979) vel=(2.880275,-0.009800,2.732713) grounded=1
[2026-01-31 13:29:10][INFO] physics_basic: input fwd=1 back=0 left=0 right=0 jump=0 sprint=0 dt=0.001000
[2026-01-31 13:29:10][INFO] input: action=MoveForward key=1 down=1
[2026-01-31 13:29:10][INFO] platform: key_down scancode=26 code=1
[2026-01-31 13:29:10][INFO] input: action=MoveForward key=1 down=1
[2026-01-31 13:29:10][INFO] input: action=MoveForward key=1 down=1
[2026-01-31 13:29:10][INFO] platform: key_down scancode=26 code=1
[2026-01-31 13:29:10][INFO] physics_basic: pos=(2.631469,-0.000010,4.855460) vel=(3.481880,-0.009800,1.742153) grounded=1
[2026-01-31 13:29:10][INFO] physics_basic: input fwd=1 back=0 left=0 right=0 jump=0 sprint=0 dt=0.001000
[2026-01-31 13:29:10][INFO] input: action=MoveForward key=1 down=1
[2026-01-31 13:29:10][INFO] input: action=MoveForward key=1 down=1
[2026-01-31 13:29:10][INFO] platform: key_down scancode=26 code=1
[2026-01-31 13:29:10][INFO] input: action=MoveForward key=1 down=1
[2026-01-31 13:29:10][INFO] physics_basic: pos=(2.857063,-0.000010,4.917216) vel=(3.831879,-0.009800,0.328563) grounded=1
[2026-01-31 13:29:10][INFO] physics_basic: input fwd=1 back=0 left=0 right=0 jump=0 sprint=0 dt=0.001000
[2026-01-31 13:29:10][INFO] input: action=MoveForward key=1 down=1
[2026-01-31 13:29:10][INFO] platform: key_down scancode=26 code=1
[2026-01-31 13:29:10][INFO] input: action=MoveForward key=1 down=1
[2026-01-31 13:29:10][INFO] input: action=MoveForward key=1 down=1
[2026-01-31 13:29:10][INFO] platform: key_down scancode=26 code=1
[2026-01-31 13:29:10][INFO] physics_basic: pos=(3.088808,-0.000010,4.906398) vel=(3.864043,-0.009800,-0.585322) grounded=1
[2026-01-31 13:29:10][INFO] physics_basic: input fwd=1 back=0 left=0 right=0 jump=0 sprint=0 dt=0.001000
[2026-01-31 13:29:10][INFO] input: action=MoveForward key=1 down=1
[2026-01-31 13:29:10][INFO] input: action=MoveForward key=1 down=1
[2026-01-31 13:29:10][INFO] platform: key_down scancode=26 code=1
[2026-01-31 13:29:10][INFO] input: action=MoveForward key=1 down=1
[2026-01-31 13:29:10][INFO] physics_basic: pos=(3.319713,-0.000010,4.845681) vel=(3.646447,-0.009800,-1.443235) grounded=1
[2026-01-31 13:29:10][INFO] physics_basic: input fwd=1 back=0 left=0 right=0 jump=0 sprint=0 dt=0.001000
[2026-01-31 13:29:10][INFO] input: action=MoveForward key=1 down=1
[2026-01-31 13:29:10][INFO] platform: key_down scancode=26 code=1
[2026-01-31 13:29:10][INFO] input: action=MoveForward key=1 down=1
[2026-01-31 13:29:10][INFO] input: action=MoveForward key=1 down=1
[2026-01-31 13:29:10][INFO] input: action=MoveForward key=1 down=1
[2026-01-31 13:29:10][INFO] platform: key_down scancode=26 code=1
[2026-01-31 13:29:10][INFO] physics_basic: pos=(3.523764,-0.000010,4.730691) vel=(3.141230,-0.009800,-2.335656) grounded=1
[2026-01-31 13:29:10][INFO] physics_basic: input fwd=1 back=0 left=0 right=0 jump=0 sprint=0 dt=0.001000
[2026-01-31 13:29:11][INFO] input: action=MoveForward key=1 down=1
[2026-01-31 13:29:11][INFO] input: action=MoveForward key=1 down=1
[2026-01-31 13:29:11][INFO] platform: key_down scancode=26 code=1
[2026-01-31 13:29:11][INFO] input: action=MoveForward key=1 down=1
[2026-01-31 13:29:11][INFO] physics_basic: pos=(3.697007,-0.000010,4.566445) vel=(2.567956,-0.009800,-2.980407) grounded=1
[2026-01-31 13:29:11][INFO] physics_basic: input fwd=1 back=0 left=0 right=0 jump=0 sprint=0 dt=0.001000
[2026-01-31 13:29:11][INFO] input: action=MoveForward key=1 down=1
[2026-01-31 13:29:11][INFO] platform: key_down scancode=26 code=1
[2026-01-31 13:29:11][INFO] input: action=MoveForward key=1 down=1
[2026-01-31 13:29:11][INFO] input: action=MoveForward key=1 down=1
[2026-01-31 13:29:11][INFO] platform: key_down scancode=26 code=1
[2026-01-31 13:29:11][INFO] physics_basic: pos=(3.837538,-0.000010,4.375863) vel=(2.124414,-0.009800,-3.343029) grounded=1
[2026-01-31 13:29:11][INFO] physics_basic: input fwd=1 back=0 left=0 right=0 jump=0 sprint=0 dt=0.001000
[2026-01-31 13:29:11][INFO] input: action=MoveForward key=1 down=1
[2026-01-31 13:29:11][INFO] input: action=MoveForward key=1 down=1
[2026-01-31 13:29:11][INFO] platform: key_down scancode=26 code=1
[2026-01-31 13:29:11][INFO] input: action=MoveForward key=1 down=1
[2026-01-31 13:29:11][INFO] physics_basic: pos=(3.940182,-0.000010,4.159291) vel=(1.137877,-0.009800,-3.742287) grounded=1
[2026-01-31 13:29:11][INFO] physics_basic: input fwd=1 back=0 left=0 right=0 jump=0 sprint=0 dt=0.001000
[2026-01-31 13:29:11][INFO] input: action=MoveForward key=1 down=1
[2026-01-31 13:29:11][INFO] platform: key_down scancode=26 code=1
[2026-01-31 13:29:11][INFO] input: action=MoveForward key=1 down=1
[2026-01-31 13:29:11][INFO] input: action=MoveForward key=1 down=1
[2026-01-31 13:29:11][INFO] platform: key_down scancode=26 code=1
[2026-01-31 13:29:11][INFO] input: action=MoveForward key=1 down=1
[2026-01-31 13:29:11][INFO] physics_basic: pos=(3.977057,-0.000010,3.924346) vel=(0.153664,-0.009800,-3.916252) grounded=1
[2026-01-31 13:29:11][INFO] physics_basic: input fwd=1 back=0 left=0 right=0 jump=0 sprint=0 dt=0.001000
[2026-01-31 13:29:11][INFO] input: action=MoveForward key=1 down=1
[2026-01-31 13:29:11][INFO] input: action=MoveForward key=1 down=1
[2026-01-31 13:29:11][INFO] platform: key_down scancode=26 code=1
[2026-01-31 13:29:11][INFO] input: action=MoveForward key=1 down=1
[2026-01-31 13:29:11][INFO] physics_basic: pos=(3.958165,-0.000010,3.690311) vel=(-0.748978,-0.009800,-3.855523) grounded=1
[2026-01-31 13:29:11][INFO] physics_basic: input fwd=1 back=0 left=0 right=0 jump=0 sprint=0 dt=0.001000
[2026-01-31 13:29:11][INFO] input: action=MoveForward key=1 down=1
[2026-01-31 13:29:11][INFO] platform: key_down scancode=26 code=1
[2026-01-31 13:29:11][INFO] input: action=MoveForward key=1 down=1
[2026-01-31 13:29:11][INFO] input: action=MoveForward key=1 down=1
[2026-01-31 13:29:11][INFO] platform: key_down scancode=26 code=1
[2026-01-31 13:29:11][INFO] input: action=MoveForward key=1 down=1
[2026-01-31 13:29:11][INFO] physics_basic: pos=(3.894153,-0.000010,3.458455) vel=(-1.291407,-0.009800,-3.746061) grounded=1
[2026-01-31 13:29:11][INFO] physics_basic: input fwd=1 back=0 left=0 right=0 jump=0 sprint=0 dt=0.001000
[2026-01-31 13:29:11][INFO] input: action=MoveForward key=1 down=1
[2026-01-31 13:29:11][INFO] platform: key_down scancode=26 code=1
[2026-01-31 13:29:11][INFO] input: action=MoveForward key=1 down=1
[2026-01-31 13:29:11][INFO] input: action=MoveForward key=1 down=1
[2026-01-31 13:29:11][INFO] physics_basic: pos=(3.806826,-0.000010,3.236613) vel=(-1.567334,-0.009800,-3.663211) grounded=1
[2026-01-31 13:29:11][INFO] physics_basic: input fwd=1 back=0 left=0 right=0 jump=0 sprint=0 dt=0.001000
[2026-01-31 13:29:11][INFO] input: action=MoveForward key=1 down=1
[2026-01-31 13:29:11][INFO] platform: key_down scancode=26 code=1
[2026-01-31 13:29:11][INFO] input: action=MoveForward key=1 down=1
[2026-01-31 13:29:11][INFO] input: action=MoveForward key=1 down=1
[2026-01-31 13:29:11][INFO] platform: key_down scancode=26 code=1
[2026-01-31 13:29:11][INFO] physics_basic: pos=(3.708012,-0.000010,3.014142) vel=(-1.653712,-0.009800,-3.636706) grounded=1
[2026-01-31 13:29:11][INFO] physics_basic: input fwd=1 back=0 left=0 right=0 jump=0 sprint=0 dt=0.001000
[2026-01-31 13:29:11][INFO] input: action=MoveForward key=1 down=1
[2026-01-31 13:29:11][INFO] input: action=MoveForward key=1 down=1
[2026-01-31 13:29:11][INFO] platform: key_down scancode=26 code=1
[2026-01-31 13:29:11][INFO] input: action=MoveForward key=1 down=1
[2026-01-31 13:29:11][INFO] physics_basic: pos=(3.606201,-0.000010,2.792590) vel=(-1.678889,-0.009800,-3.628981) grounded=1
[2026-01-31 13:29:11][INFO] physics_basic: input fwd=1 back=0 left=0 right=0 jump=0 sprint=0 dt=0.001000
[2026-01-31 13:29:11][INFO] input: action=MoveForward key=1 down=1
[2026-01-31 13:29:11][INFO] platform: key_down scancode=26 code=1
[2026-01-31 13:29:11][INFO] input: action=MoveForward key=1 down=1
[2026-01-31 13:29:11][INFO] input: action=MoveForward key=1 down=1
[2026-01-31 13:29:11][INFO] platform: key_down scancode=26 code=1
[2026-01-31 13:29:11][INFO] input: action=MoveForward key=1 down=1
[2026-01-31 13:29:11][INFO] physics_basic: pos=(3.505203,-0.000010,2.574932) vel=(-1.686165,-0.009800,-3.626749) grounded=1
[2026-01-31 13:29:11][INFO] physics_basic: input fwd=1 back=0 left=0 right=0 jump=0 sprint=0 dt=0.001000
[2026-01-31 13:29:11][INFO] input: action=MoveForward key=1 down=1
[2026-01-31 13:29:11][INFO] input: action=MoveForward key=1 down=1
[2026-01-31 13:29:11][INFO] platform: key_down scancode=26 code=1
[2026-01-31 13:29:11][INFO] input: action=MoveForward key=1 down=1
[2026-01-31 13:29:11][INFO] physics_basic: pos=(3.402266,-0.000010,2.353726) vel=(-1.688349,-0.009800,-3.626078) grounded=1
[2026-01-31 13:29:11][INFO] physics_basic: input fwd=1 back=0 left=0 right=0 jump=0 sprint=0 dt=0.001000
[2026-01-31 13:29:11][INFO] input: action=MoveForward key=1 down=1
[2026-01-31 13:29:11][INFO] platform: key_down scancode=26 code=1
[2026-01-31 13:29:11][INFO] input: action=MoveForward key=1 down=1
[2026-01-31 13:29:11][INFO] input: action=MoveForward key=1 down=1
[2026-01-31 13:29:11][INFO] platform: key_down scancode=26 code=1
[2026-01-31 13:29:11][INFO] input: action=MoveForward key=1 down=1
[2026-01-31 13:29:11][INFO] physics_basic: pos=(3.300941,-0.000010,2.136169) vel=(-1.688980,-0.009800,-3.625885) grounded=1
[2026-01-31 13:29:11][INFO] physics_basic: input fwd=1 back=0 left=0 right=0 jump=0 sprint=0 dt=0.001000
[2026-01-31 13:29:11][INFO] input: action=MoveForward key=1 down=1
[2026-01-31 13:29:11][INFO] platform: key_down scancode=26 code=1
[2026-01-31 13:29:11][INFO] input: action=MoveForward key=1 down=1
[2026-01-31 13:29:11][INFO] input: action=MoveForward key=1 down=1
[2026-01-31 13:29:11][INFO] physics_basic: pos=(3.197860,-0.000010,1.915013) vel=(-1.699298,-0.009800,-3.620994) grounded=1
[2026-01-31 13:29:11][INFO] physics_basic: input fwd=1 back=0 left=0 right=0 jump=0 sprint=0 dt=0.001000
[2026-01-31 13:29:11][INFO] input: action=MoveForward key=1 down=1
[2026-01-31 13:29:11][INFO] platform: key_down scancode=26 code=1
[2026-01-31 13:29:11][INFO] input: action=MoveForward key=1 down=1
[2026-01-31 13:29:11][INFO] platform: key_down scancode=26 code=1
[2026-01-31 13:29:11][INFO] input: action=MoveForward key=1 down=1
[2026-01-31 13:29:11][INFO] physics_basic: pos=(3.089154,-0.000010,1.696687) vel=(-1.880218,-0.009800,-3.527315) grounded=1
[2026-01-31 13:29:11][INFO] physics_basic: input fwd=1 back=0 left=0 right=0 jump=0 sprint=0 dt=0.001000
[2026-01-31 13:29:11][INFO] input: action=MoveForward key=1 down=1
[2026-01-31 13:29:11][INFO] platform: key_down scancode=26 code=1
[2026-01-31 13:29:11][INFO] input: action=MoveForward key=1 down=1
[2026-01-31 13:29:11][INFO] input: action=MoveForward key=1 down=1
[2026-01-31 13:29:11][INFO] physics_basic: pos=(2.966964,-0.000010,1.485868) vel=(-2.138008,-0.009800,-3.372719) grounded=1
[2026-01-31 13:29:11][INFO] physics_basic: input fwd=1 back=0 left=0 right=0 jump=0 sprint=0 dt=0.001000
[2026-01-31 13:29:11][INFO] input: action=MoveForward key=1 down=1
[2026-01-31 13:29:11][INFO] platform: key_down scancode=26 code=1
[2026-01-31 13:29:11][INFO] input: action=MoveForward key=1 down=1
[2026-01-31 13:29:11][INFO] input: action=MoveForward key=1 down=1
[2026-01-31 13:29:11][INFO] platform: key_down scancode=26 code=1
[2026-01-31 13:29:11][INFO] physics_basic: pos=(2.821996,-0.000010,1.291318) vel=(-2.655491,-0.009800,-2.946957) grounded=1
[2026-01-31 13:29:11][INFO] input: action=MoveForward key=1 down=1
[2026-01-31 13:29:11][INFO] physics_basic: input fwd=1 back=0 left=0 right=0 jump=0 sprint=0 dt=0.001000
[2026-01-31 13:29:11][INFO] input: action=MoveForward key=1 down=1
[2026-01-31 13:29:11][INFO] platform: key_down scancode=26 code=1
[2026-01-31 13:29:12][INFO] input: action=MoveForward key=1 down=1
[2026-01-31 13:29:12][INFO] input: action=MoveForward key=1 down=1
[2026-01-31 13:29:12][INFO] physics_basic: pos=(2.646856,-0.000010,1.131154) vel=(-3.120891,-0.009800,-2.444691) grounded=1
[2026-01-31 13:29:12][INFO] physics_basic: input fwd=1 back=0 left=0 right=0 jump=0 sprint=0 dt=0.001000
[2026-01-31 13:29:12][INFO] platform: key_down scancode=26 code=1
[2026-01-31 13:29:12][INFO] input: action=MoveForward key=1 down=1
[2026-01-31 13:29:12][INFO] input: action=MoveForward key=1 down=1
[2026-01-31 13:29:12][INFO] platform: key_down scancode=26 code=1
[2026-01-31 13:29:12][INFO] input: action=MoveForward key=1 down=1
[2026-01-31 13:29:12][INFO] physics_basic: pos=(2.450265,-0.000010,0.989132) vel=(-3.288340,-0.009800,-2.253348) grounded=1
[2026-01-31 13:29:12][INFO] physics_basic: input fwd=1 back=0 left=0 right=0 jump=0 sprint=0 dt=0.001000
[2026-01-31 13:29:12][INFO] input: action=MoveForward key=1 down=1
[2026-01-31 13:29:12][INFO] input: action=MoveForward key=1 down=1
[2026-01-31 13:29:12][INFO] platform: key_down scancode=26 code=1
[2026-01-31 13:29:12][INFO] input: action=MoveForward key=1 down=1
[2026-01-31 13:29:12][INFO] input: action=MoveForward key=1 down=1
[2026-01-31 13:29:12][INFO] physics_basic: pos=(2.249468,-0.000010,0.858778) vel=(-3.417582,-0.009800,-2.062942) grounded=1
[2026-01-31 13:29:12][INFO] physics_basic: input fwd=1 back=0 left=0 right=0 jump=0 sprint=0 dt=0.001000
[2026-01-31 13:29:12][INFO] platform: key_down scancode=26 code=1
[2026-01-31 13:29:12][INFO] input: action=MoveForward key=1 down=1
[2026-01-31 13:29:12][INFO] input: action=MoveForward key=1 down=1
[2026-01-31 13:29:12][INFO] platform: key_down scancode=26 code=1
[2026-01-31 13:29:12][INFO] input: action=MoveForward key=1 down=1
[2026-01-31 13:29:12][INFO] physics_basic: pos=(2.040459,-0.000010,0.741733) vel=(-3.532191,-0.009800,-1.866013) grounded=1
[2026-01-31 13:29:12][INFO] physics_basic: input fwd=1 back=0 left=0 right=0 jump=0 sprint=0 dt=0.001000
[2026-01-31 13:29:12][INFO] input: action=MoveForward key=1 down=1
[2026-01-31 13:29:12][INFO] platform: key_down scancode=26 code=1
[2026-01-31 13:29:12][INFO] input: action=MoveForward key=1 down=1
[2026-01-31 13:29:12][INFO] input: action=MoveForward key=1 down=1
[2026-01-31 13:29:12][INFO] physics_basic: pos=(1.826050,-0.000010,0.634493) vel=(-3.611998,-0.009800,-1.710689) grounded=1
[2026-01-31 13:29:12][INFO] physics_basic: input fwd=1 back=0 left=0 right=0 jump=0 sprint=0 dt=0.001000
[2026-01-31 13:29:12][INFO] platform: key_down scancode=26 code=1
[2026-01-31 13:29:12][INFO] input: action=MoveForward key=1 down=1
[2026-01-31 13:29:12][INFO] input: action=MoveForward key=1 down=1
[2026-01-31 13:29:12][INFO] input: action=MoveForward key=1 down=1
[2026-01-31 13:29:12][INFO] platform: key_down scancode=26 code=1
[2026-01-31 13:29:12][INFO] input: action=MoveForward key=1 down=1
[2026-01-31 13:29:12][INFO] physics_basic: pos=(1.606894,-0.000010,0.537231) vel=(-3.696340,-0.009800,-1.518350) grounded=1
[2026-01-31 13:29:12][INFO] physics_basic: input fwd=1 back=0 left=0 right=0 jump=0 sprint=0 dt=0.001000
[2026-01-31 13:29:12][INFO] input: action=MoveForward key=1 down=1
[2026-01-31 13:29:12][INFO] platform: key_down scancode=26 code=1
[2026-01-31 13:29:12][INFO] input: action=MoveForward key=1 down=1
[2026-01-31 13:29:12][INFO] input: action=MoveForward key=1 down=1
[2026-01-31 13:29:12][INFO] physics_basic: pos=(1.382876,-0.000010,0.451794) vel=(-3.760856,-0.009800,-1.353893) grounded=1
[2026-01-31 13:29:12][INFO] physics_basic: input fwd=1 back=0 left=0 right=0 jump=0 sprint=0 dt=0.001000
[2026-01-31 13:29:12][INFO] platform: key_down scancode=26 code=1
[2026-01-31 13:29:12][INFO] input: action=MoveForward key=1 down=1
[2026-01-31 13:29:12][INFO] input: action=MoveForward key=1 down=1
[2026-01-31 13:29:12][INFO] platform: key_down scancode=26 code=1
[2026-01-31 13:29:12][INFO] input: action=MoveForward key=1 down=1
[2026-01-31 13:29:12][INFO] physics_basic: pos=(1.156456,-0.000010,0.372542) vel=(-3.781945,-0.009800,-1.299469) grounded=1
[2026-01-31 13:29:12][INFO] physics_basic: input fwd=1 back=0 left=0 right=0 jump=0 sprint=0 dt=0.001000
[2026-01-31 13:29:12][INFO] input: action=MoveForward key=1 down=1
[2026-01-31 13:29:12][INFO] platform: key_down scancode=26 code=1
[2026-01-31 13:29:12][INFO] input: action=MoveForward key=1 down=1
[2026-01-31 13:29:12][INFO] input: action=MoveForward key=1 down=1
[2026-01-31 13:29:12][INFO] physics_basic: pos=(0.925523,-0.000010,0.293881) vel=(-3.788275,-0.009800,-1.283135) grounded=1
[2026-01-31 13:29:12][INFO] physics_basic: input fwd=1 back=0 left=0 right=0 jump=0 sprint=0 dt=0.001000
[2026-01-31 13:29:12][INFO] input: action=MoveForward key=1 down=1
[2026-01-31 13:29:12][INFO] platform: key_down scancode=26 code=1
[2026-01-31 13:29:12][INFO] input: action=MoveForward key=1 down=1
[2026-01-31 13:29:12][INFO] input: action=MoveForward key=1 down=1
[2026-01-31 13:29:12][INFO] platform: key_down scancode=26 code=1
[2026-01-31 13:29:12][INFO] physics_basic: pos=(0.698159,-0.000010,0.217065) vel=(-3.790105,-0.009800,-1.278414) grounded=1
[2026-01-31 13:29:12][INFO] input: action=MoveForward key=1 down=1
[2026-01-31 13:29:12][INFO] physics_basic: input fwd=1 back=0 left=0 right=0 jump=0 sprint=0 dt=0.001000
[2026-01-31 13:29:12][INFO] input: action=MoveForward key=1 down=1
[2026-01-31 13:29:12][INFO] platform: key_down scancode=26 code=1
[2026-01-31 13:29:12][INFO] input: action=MoveForward key=1 down=1
[2026-01-31 13:29:12][INFO] input: action=MoveForward key=1 down=1
[2026-01-31 13:29:12][INFO] physics_basic: pos=(0.466943,-0.000010,0.139135) vel=(-3.790653,-0.009800,-1.276998) grounded=1
[2026-01-31 13:29:12][INFO] physics_basic: input fwd=1 back=0 left=0 right=0 jump=0 sprint=0 dt=0.001000
[2026-01-31 13:29:12][INFO] platform: key_down scancode=26 code=1
[2026-01-31 13:29:12][INFO] input: action=MoveForward key=1 down=1
[2026-01-31 13:29:12][INFO] platform: key_up scancode=26 code=1
[2026-01-31 13:29:12][INFO] physics_basic: pos=(0.246441,-0.000010,0.064866) vel=(-3.051502,-0.009800,-1.027728) grounded=1
[2026-01-31 13:29:12][INFO] physics_basic: input fwd=0 back=0 left=0 right=0 jump=0 sprint=0 dt=0.001000
[2026-01-31 13:29:12][INFO] physics_basic: pos=(0.101742,-0.000010,0.016132) vel=(-1.884576,-0.009800,-0.634714) grounded=1
[2026-01-31 13:29:12][INFO] physics_basic: input fwd=0 back=0 left=0 right=0 jump=0 sprint=0 dt=0.001000
[2026-01-31 13:29:12][INFO] physics_basic: pos=(0.011236,-0.000010,-0.014350) vel=(-1.154508,-0.009800,-0.388832) grounded=1
[2026-01-31 13:29:12][INFO] physics_basic: input fwd=0 back=0 left=0 right=0 jump=0 sprint=0 dt=0.001000
[2026-01-31 13:29:12][INFO] physics_basic: pos=(-0.043510,-0.000010,-0.032788) vel=(-0.713012,-0.009800,-0.240138) grounded=1
[2026-01-31 13:29:12][INFO] physics_basic: input fwd=0 back=0 left=0 right=0 jump=0 sprint=0 dt=0.001000
[2026-01-31 13:29:12][INFO] physics_basic: pos=(-0.077320,-0.000010,-0.044175) vel=(-0.440349,-0.009800,-0.148307) grounded=1
[2026-01-31 13:29:12][INFO] physics_basic: input fwd=0 back=0 left=0 right=0 jump=0 sprint=0 dt=0.001000
[2026-01-31 13:29:12][INFO] physics_basic: pos=(-0.098201,-0.000010,-0.051207) vel=(-0.271955,-0.009800,-0.091593) grounded=1
[2026-01-31 13:29:12][INFO] physics_basic: input fwd=0 back=0 left=0 right=0 jump=0 sprint=0 dt=0.001000
[2026-01-31 13:29:13][INFO] physics_basic: pos=(-0.111261,-0.000010,-0.055606) vel=(-0.166602,-0.009800,-0.056111) grounded=1
[2026-01-31 13:29:13][INFO] physics_basic: input fwd=0 back=0 left=0 right=0 jump=0 sprint=0 dt=0.001000
[2026-01-31 13:29:13][INFO] physics_basic: pos=(-0.119262,-0.000039,-0.058301) vel=(-0.102062,-0.019600,-0.034374) grounded=1
[2026-01-31 13:29:13][INFO] physics_basic: input fwd=0 back=0 left=0 right=0 jump=0 sprint=0 dt=0.001000
[2026-01-31 13:29:13][INFO] physics_basic: pos=(-0.124164,-0.000010,-0.059951) vel=(-0.062524,-0.009800,-0.021058) grounded=1
[2026-01-31 13:29:13][INFO] physics_basic: input fwd=0 back=0 left=0 right=0 jump=0 sprint=0 dt=0.001000
[2026-01-31 13:29:13][INFO] physics_basic: pos=(-0.127166,-0.000010,-0.060963) vel=(-0.038303,-0.009800,-0.012900) grounded=1
[2026-01-31 13:29:13][INFO] physics_basic: input fwd=0 back=0 left=0 right=0 jump=0 sprint=0 dt=0.001000
[2026-01-31 13:29:13][INFO] physics_basic: pos=(-0.128982,-0.000010,-0.061574) vel=(-0.023655,-0.009800,-0.007967) grounded=1
[2026-01-31 13:29:13][INFO] physics_basic: input fwd=0 back=0 left=0 right=0 jump=0 sprint=0 dt=0.001000
[2026-01-31 13:29:13][INFO] physics_basic: pos=(-0.130119,-0.000010,-0.061957) vel=(-0.014491,-0.009800,-0.004881) grounded=1
[2026-01-31 13:29:13][INFO] physics_basic: input fwd=0 back=0 left=0 right=0 jump=0 sprint=0 dt=0.001000
[2026-01-31 13:29:13][INFO] physics_basic: pos=(-0.130806,-0.000010,-0.062189) vel=(-0.008950,-0.009800,-0.003014) grounded=1
[2026-01-31 13:29:13][INFO] physics_basic: input fwd=0 back=0 left=0 right=0 jump=0 sprint=0 dt=0.001000
[2026-01-31 13:29:13][INFO] physics_basic: pos=(-0.131230,-0.000010,-0.062331) vel=(-0.005527,-0.009800,-0.001862) grounded=1
[2026-01-31 13:29:13][INFO] physics_basic: input fwd=0 back=0 left=0 right=0 jump=0 sprint=0 dt=0.001000
[2026-01-31 13:29:13][INFO] physics_basic: pos=(-0.131492,-0.000010,-0.062420) vel=(-0.003414,-0.009800,-0.001150) grounded=1
[2026-01-31 13:29:13][INFO] physics_basic: input fwd=0 back=0 left=0 right=0 jump=0 sprint=0 dt=0.001000
[2026-01-31 13:29:13][INFO] physics_basic: pos=(-0.131654,-0.000010,-0.062474) vel=(-0.002108,-0.009800,-0.000710) grounded=1
[2026-01-31 13:29:13][INFO] physics_basic: input fwd=0 back=0 left=0 right=0 jump=0 sprint=0 dt=0.001000
[2026-01-31 13:29:13][INFO] physics_basic: pos=(-0.131755,-0.000010,-0.062508) vel=(-0.001292,-0.009800,-0.000435) grounded=1
[2026-01-31 13:29:13][INFO] physics_basic: input fwd=0 back=0 left=0 right=0 jump=0 sprint=0 dt=0.001000
[2026-01-31 13:29:13][INFO] physics_basic: pos=(-0.131816,-0.000010,-0.062529) vel=(-0.000798,-0.009800,-0.000269) grounded=1
[2026-01-31 13:29:13][INFO] physics_basic: input fwd=0 back=0 left=0 right=0 jump=0 sprint=0 dt=0.001000
[2026-01-31 13:29:13][INFO] physics_basic: pos=(-0.131855,-0.000010,-0.062542) vel=(-0.000489,-0.009800,-0.000165) grounded=1
[2026-01-31 13:29:13][INFO] physics_basic: input fwd=0 back=0 left=0 right=0 jump=0 sprint=0 dt=0.001000
[2026-01-31 13:29:13][INFO] physics_basic: pos=(-0.131878,-0.000010,-0.062550) vel=(-0.000299,-0.009800,-0.000101) grounded=1
[2026-01-31 13:29:13][INFO] physics_basic: input fwd=0 back=0 left=0 right=0 jump=0 sprint=0 dt=0.001000
[2026-01-31 13:29:13][INFO] physics_basic: pos=(-0.131892,-0.000010,-0.062555) vel=(-0.000185,-0.009800,-0.000062) grounded=1
[2026-01-31 13:29:13][INFO] physics_basic: input fwd=0 back=0 left=0 right=0 jump=0 sprint=0 dt=0.001000
[2026-01-31 13:29:13][INFO] physics_basic: pos=(-0.131901,-0.000010,-0.062558) vel=(-0.000114,-0.009800,-0.000038) grounded=1
[2026-01-31 13:29:13][INFO] physics_basic: input fwd=0 back=0 left=0 right=0 jump=0 sprint=0 dt=0.001000
[2026-01-31 13:29:14][INFO] physics_basic: pos=(-0.131907,-0.000010,-0.062559) vel=(-0.000071,-0.009800,-0.000024) grounded=1
[2026-01-31 13:29:14][INFO] physics_basic: input fwd=0 back=0 left=0 right=0 jump=0 sprint=0 dt=0.001000
[2026-01-31 13:29:14][INFO] physics_basic: pos=(-0.131910,-0.000010,-0.062560) vel=(-0.000043,-0.009800,-0.000015) grounded=1
[2026-01-31 13:29:14][INFO] physics_basic: input fwd=0 back=0 left=0 right=0 jump=0 sprint=0 dt=0.001000
[2026-01-31 13:29:14][INFO] physics_basic: pos=(-0.131912,-0.000010,-0.062561) vel=(-0.000026,-0.009800,-0.000009) grounded=1
[2026-01-31 13:29:14][INFO] physics_basic: input fwd=0 back=0 left=0 right=0 jump=0 sprint=0 dt=0.001000
[2026-01-31 13:29:14][INFO] physics_basic: pos=(-0.131913,-0.000010,-0.062562) vel=(-0.000016,-0.009800,-0.000006) grounded=1
[2026-01-31 13:29:14][INFO] physics_basic: input fwd=0 back=0 left=0 right=0 jump=0 sprint=0 dt=0.001000
[2026-01-31 13:29:14][INFO] physics_basic: pos=(-0.131914,-0.000010,-0.062562) vel=(-0.000010,-0.009800,-0.000003) grounded=1
[2026-01-31 13:29:14][INFO] physics_basic: input fwd=0 back=0 left=0 right=0 jump=0 sprint=0 dt=0.001000
[2026-01-31 13:29:14][INFO] physics_basic: pos=(-0.131915,-0.000010,-0.062562) vel=(-0.000006,-0.009800,-0.000002) grounded=1
[2026-01-31 13:29:14][INFO] physics_basic: input fwd=0 back=0 left=0 right=0 jump=0 sprint=0 dt=0.001000
[2026-01-31 13:29:14][INFO] physics_basic: pos=(-0.131915,-0.000010,-0.062562) vel=(-0.000004,-0.009800,-0.000001) grounded=1
[2026-01-31 13:29:14][INFO] physics_basic: input fwd=0 back=0 left=0 right=0 jump=0 sprint=0 dt=0.001000
[2026-01-31 13:29:14][INFO] physics_basic: pos=(-0.131915,-0.000010,-0.062562) vel=(-0.000002,-0.009800,-0.000001) grounded=1
[2026-01-31 13:29:14][INFO] physics_basic: input fwd=0 back=0 left=0 right=0 jump=0 sprint=0 dt=0.001000
[2026-01-31 13:29:14][INFO] physics_basic: pos=(-0.131915,-0.000010,-0.062562) vel=(-0.000001,-0.009800,-0.000000) grounded=1
[2026-01-31 13:29:14][INFO] physics_basic: input fwd=0 back=0 left=0 right=0 jump=0 sprint=0 dt=0.001000
[2026-01-31 13:29:14][INFO] physics_basic: pos=(-0.131915,-0.000010,-0.062562) vel=(-0.000001,-0.009800,-0.000000) grounded=1
[2026-01-31 13:29:14][INFO] physics_basic: input fwd=0 back=0 left=0 right=0 jump=0 sprint=0 dt=0.001000
[2026-01-31 13:29:14][INFO] platform: key_down scancode=26 code=1
[2026-01-31 13:29:14][INFO] input: action=MoveForward key=1 down=1
[2026-01-31 13:29:14][INFO] input: action=MoveForward key=1 down=1
[2026-01-31 13:29:14][INFO] input: action=MoveForward key=1 down=1
[2026-01-31 13:29:14][INFO] physics_basic: pos=(-0.203351,-0.000010,-0.086615) vel=(-2.410357,-0.009800,-0.811583) grounded=1
[2026-01-31 13:29:14][INFO] physics_basic: input fwd=1 back=0 left=0 right=0 jump=0 sprint=0 dt=0.001000
[2026-01-31 13:29:14][INFO] input: action=MoveForward key=1 down=1
[2026-01-31 13:29:14][INFO] input: action=MoveForward key=1 down=1
[2026-01-31 13:29:14][INFO] input: action=MoveForward key=1 down=1
[2026-01-31 13:29:14][INFO] physics_basic: pos=(-0.386694,-0.000010,-0.148348) vel=(-3.388484,-0.009800,-1.140926) grounded=1
[2026-01-31 13:29:14][INFO] physics_basic: input fwd=1 back=0 left=0 right=0 jump=0 sprint=0 dt=0.001000
[2026-01-31 13:29:14][INFO] input: action=MoveForward key=1 down=1
[2026-01-31 13:29:14][INFO] input: action=MoveForward key=1 down=1
[2026-01-31 13:29:14][INFO] input: action=MoveForward key=1 down=1
[2026-01-31 13:29:14][INFO] physics_basic: pos=(-0.600296,-0.000010,-0.220269) vel=(-3.671146,-0.009800,-1.236100) grounded=1
[2026-01-31 13:29:14][INFO] input: action=MoveForward key=1 down=1
[2026-01-31 13:29:14][INFO] physics_basic: input fwd=1 back=0 left=0 right=0 jump=0 sprint=0 dt=0.001000
[2026-01-31 13:29:14][INFO] input: action=MoveForward key=1 down=1
[2026-01-31 13:29:14][INFO] input: action=MoveForward key=1 down=1
[2026-01-31 13:29:14][INFO] physics_basic: pos=(-0.827387,-0.000010,-0.296732) vel=(-3.755979,-0.009800,-1.264664) grounded=1
[2026-01-31 13:29:14][INFO] input: action=MoveForward key=1 down=1
[2026-01-31 13:29:14][INFO] physics_basic: input fwd=1 back=0 left=0 right=0 jump=0 sprint=0 dt=0.001000
[2026-01-31 13:29:14][INFO] input: action=MoveForward key=1 down=1
[2026-01-31 13:29:14][INFO] input: action=MoveForward key=1 down=1
[2026-01-31 13:29:14][INFO] input: action=MoveForward key=1 down=1
[2026-01-31 13:29:14][INFO] physics_basic: pos=(-1.053638,-0.000010,-0.372913) vel=(-3.780494,-0.009800,-1.272919) grounded=1
[2026-01-31 13:29:14][INFO] physics_basic: input fwd=1 back=0 left=0 right=0 jump=0 sprint=0 dt=0.001000
[2026-01-31 13:29:14][INFO] platform: key_up scancode=26 code=1
[2026-01-31 13:29:14][INFO] physics_basic: pos=(-1.258742,-0.000010,-0.441972) vel=(-2.678638,-0.009800,-0.901916) grounded=1
[2026-01-31 13:29:14][INFO] physics_basic: input fwd=0 back=0 left=0 right=0 jump=0 sprint=0 dt=0.001000
[2026-01-31 13:29:14][INFO] physics_basic: pos=(-1.387385,-0.000010,-0.485287) vel=(-1.640958,-0.009800,-0.552522) grounded=1
[2026-01-31 13:29:14][INFO] physics_basic: input fwd=0 back=0 left=0 right=0 jump=0 sprint=0 dt=0.001000
[2026-01-31 13:29:15][INFO] physics_basic: pos=(-1.465197,-0.000010,-0.511488) vel=(-1.013439,-0.009800,-0.341232) grounded=1
[2026-01-31 13:29:15][INFO] physics_basic: input fwd=0 back=0 left=0 right=0 jump=0 sprint=0 dt=0.001000
[2026-01-31 13:29:15][INFO] physics_basic: pos=(-1.513866,-0.000010,-0.527875) vel=(-0.620841,-0.009800,-0.209042) grounded=1
[2026-01-31 13:29:15][INFO] physics_basic: input fwd=0 back=0 left=0 right=0 jump=0 sprint=0 dt=0.001000
[2026-01-31 13:29:15][INFO] physics_basic: pos=(-1.543305,-0.000010,-0.537787) vel=(-0.383425,-0.009800,-0.129102) grounded=1
[2026-01-31 13:29:15][INFO] physics_basic: input fwd=0 back=0 left=0 right=0 jump=0 sprint=0 dt=0.001000
[2026-01-31 13:29:15][INFO] physics_basic: pos=(-1.561718,-0.000010,-0.543987) vel=(-0.234890,-0.009800,-0.079089) grounded=1
[2026-01-31 13:29:15][INFO] physics_basic: input fwd=0 back=0 left=0 right=0 jump=0 sprint=0 dt=0.001000
[2026-01-31 13:29:15][INFO] physics_basic: pos=(-1.573000,-0.000039,-0.547785) vel=(-0.143896,-0.019600,-0.048451) grounded=1
[2026-01-31 13:29:15][INFO] physics_basic: input fwd=0 back=0 left=0 right=0 jump=0 sprint=0 dt=0.001000
[2026-01-31 13:29:15][INFO] physics_basic: pos=(-1.579823,-0.000010,-0.550083) vel=(-0.088868,-0.009800,-0.029923) grounded=1
[2026-01-31 13:29:15][INFO] physics_basic: input fwd=0 back=0 left=0 right=0 jump=0 sprint=0 dt=0.001000
[2026-01-31 13:29:15][INFO] physics_basic: pos=(-1.584091,-0.000010,-0.551520) vel=(-0.054442,-0.009800,-0.018331) grounded=1
[2026-01-31 13:29:15][INFO] physics_basic: input fwd=0 back=0 left=0 right=0 jump=0 sprint=0 dt=0.001000
[2026-01-31 13:29:15][INFO] physics_basic: pos=(-1.586706,-0.000010,-0.552400) vel=(-0.033351,-0.009800,-0.011230) grounded=1
[2026-01-31 13:29:15][INFO] physics_basic: input fwd=0 back=0 left=0 right=0 jump=0 sprint=0 dt=0.001000
[2026-01-31 13:29:15][INFO] physics_basic: pos=(-1.588637,-0.000010,-0.553051) vel=(-0.016279,-0.009800,-0.005481) grounded=1
[2026-01-31 13:29:15][INFO] physics_basic: input fwd=0 back=0 left=0 right=0 jump=0 sprint=0 dt=0.001000
[2026-01-31 13:29:15][INFO] physics_basic: pos=(-1.589409,-0.000010,-0.553311) vel=(-0.010054,-0.009800,-0.003385) grounded=1
[2026-01-31 13:29:15][INFO] physics_basic: input fwd=0 back=0 left=0 right=0 jump=0 sprint=0 dt=0.001000
[2026-01-31 13:29:15][INFO] physics_basic: pos=(-1.589892,-0.000010,-0.553473) vel=(-0.006159,-0.009800,-0.002074) grounded=1
[2026-01-31 13:29:15][INFO] physics_basic: input fwd=0 back=0 left=0 right=0 jump=0 sprint=0 dt=0.001000
[2026-01-31 13:29:15][INFO] physics_basic: pos=(-1.590183,-0.000010,-0.553572) vel=(-0.003804,-0.009800,-0.001281) grounded=1
[2026-01-31 13:29:15][INFO] physics_basic: input fwd=0 back=0 left=0 right=0 jump=0 sprint=0 dt=0.001000
[2026-01-31 13:29:15][INFO] physics_basic: pos=(-1.590366,-0.000010,-0.553633) vel=(-0.002330,-0.009800,-0.000785) grounded=1
[2026-01-31 13:29:15][INFO] physics_basic: input fwd=0 back=0 left=0 right=0 jump=0 sprint=0 dt=0.001000
[2026-01-31 13:29:15][INFO] platform: key_down scancode=26 code=1
[2026-01-31 13:29:15][INFO] input: action=MoveForward key=1 down=1
[2026-01-31 13:29:15][INFO] input: action=MoveForward key=1 down=1
[2026-01-31 13:29:15][INFO] physics_basic: pos=(-1.579406,-0.000010,-0.503425) vel=(0.555106,-0.009800,2.144673) grounded=1
[2026-01-31 13:29:15][INFO] physics_basic: input fwd=1 back=0 left=0 right=0 jump=0 sprint=0 dt=0.001000
[2026-01-31 13:29:15][INFO] input: action=MoveForward key=1 down=1
[2026-01-31 13:29:15][INFO] input: action=MoveForward key=1 down=1
[2026-01-31 13:29:15][INFO] physics_basic: pos=(-1.518803,-0.000010,-0.336345) vel=(1.477293,-0.009800,3.111383) grounded=1
[2026-01-31 13:29:15][INFO] physics_basic: input fwd=1 back=0 left=0 right=0 jump=0 sprint=0 dt=0.001000
[2026-01-31 13:29:15][INFO] input: action=MoveForward key=1 down=1
[2026-01-31 13:29:15][INFO] input: action=MoveForward key=1 down=1
[2026-01-31 13:29:15][INFO] input: action=MoveForward key=1 down=1
[2026-01-31 13:29:15][INFO] physics_basic: pos=(-1.403314,-0.000010,-0.150005) vel=(2.265263,-0.009800,3.060133) grounded=1
[2026-01-31 13:29:15][INFO] physics_basic: input fwd=1 back=0 left=0 right=0 jump=0 sprint=0 dt=0.001000
[2026-01-31 13:29:15][INFO] input: action=MoveForward key=1 down=1
[2026-01-31 13:29:16][INFO] input: action=MoveForward key=1 down=1
[2026-01-31 13:29:16][INFO] input: action=MoveForward key=1 down=1
[2026-01-31 13:29:16][INFO] physics_basic: pos=(-1.256768,-0.000010,0.031265) vel=(2.557159,-0.009800,2.995920) grounded=1
[2026-01-31 13:29:16][INFO] physics_basic: input fwd=1 back=0 left=0 right=0 jump=0 sprint=0 dt=0.001000
[2026-01-31 13:29:16][INFO] input: action=MoveForward key=1 down=1
[2026-01-31 13:29:16][INFO] input: action=MoveForward key=1 down=1
[2026-01-31 13:29:16][INFO] input: action=MoveForward key=1 down=1
[2026-01-31 13:29:16][INFO] physics_basic: pos=(-1.100176,-0.000010,0.210324) vel=(2.644012,-0.009800,2.976813) grounded=1
[2026-01-31 13:29:16][INFO] physics_basic: input fwd=1 back=0 left=0 right=0 jump=0 sprint=0 dt=0.001000
[2026-01-31 13:29:16][INFO] input: action=MoveForward key=1 down=1
[2026-01-31 13:29:16][INFO] input: action=MoveForward key=1 down=1
[2026-01-31 13:29:16][INFO] input: action=MoveForward key=1 down=1
[2026-01-31 13:29:16][INFO] input: action=MoveForward key=1 down=1
[2026-01-31 13:29:16][INFO] physics_basic: pos=(-0.940594,-0.000010,0.388726) vel=(2.669856,-0.009800,2.971128) grounded=1
[2026-01-31 13:29:16][INFO] physics_basic: input fwd=1 back=0 left=0 right=0 jump=0 sprint=0 dt=0.001000
[2026-01-31 13:29:16][INFO] input: action=MoveForward key=1 down=1
[2026-01-31 13:29:16][INFO] input: action=MoveForward key=1 down=1
[2026-01-31 13:29:16][INFO] input: action=MoveForward key=1 down=1
[2026-01-31 13:29:16][INFO] physics_basic: pos=(-0.777445,-0.000010,0.569901) vel=(2.677612,-0.009800,2.969421) grounded=1
[2026-01-31 13:29:16][INFO] physics_basic: input fwd=1 back=0 left=0 right=0 jump=0 sprint=0 dt=0.001000
[2026-01-31 13:29:16][INFO] input: action=MoveForward key=1 down=1
[2026-01-31 13:29:16][INFO] input: action=MoveForward key=1 down=1
[2026-01-31 13:29:16][INFO] input: action=MoveForward key=1 down=1
[2026-01-31 13:29:16][INFO] physics_basic: pos=(-0.614027,-0.000010,0.751018) vel=(2.679873,-0.009800,2.968924) grounded=1
[2026-01-31 13:29:16][INFO] physics_basic: input fwd=1 back=0 left=0 right=0 jump=0 sprint=0 dt=0.001000
[2026-01-31 13:29:16][INFO] input: action=MoveForward key=1 down=1
[2026-01-31 13:29:16][INFO] input: action=MoveForward key=1 down=1
[2026-01-31 13:29:16][INFO] input: action=MoveForward key=1 down=1
[2026-01-31 13:29:16][INFO] physics_basic: pos=(-0.453210,-0.000010,0.929148) vel=(2.680526,-0.009800,2.968780) grounded=1
[2026-01-31 13:29:16][INFO] physics_basic: input fwd=1 back=0 left=0 right=0 jump=0 sprint=0 dt=0.001000
[2026-01-31 13:29:16][INFO] input: action=MoveForward key=1 down=1
[2026-01-31 13:29:16][INFO] input: action=MoveForward key=1 down=1
[2026-01-31 13:29:16][INFO] input: action=MoveForward key=1 down=1
[2026-01-31 13:29:16][INFO] platform: key_down scancode=26 code=1
[2026-01-31 13:29:16][INFO] input: action=MoveForward key=1 down=1
[2026-01-31 13:29:16][INFO] physics_basic: pos=(-0.289513,-0.000010,1.110080) vel=(2.692806,-0.009800,2.957715) grounded=1
[2026-01-31 13:29:16][INFO] physics_basic: input fwd=1 back=0 left=0 right=0 jump=0 sprint=0 dt=0.001000
[2026-01-31 13:29:16][INFO] input: action=MoveForward key=1 down=1
[2026-01-31 13:29:16][INFO] platform: key_down scancode=26 code=1
[2026-01-31 13:29:16][INFO] input: action=MoveForward key=1 down=1
[2026-01-31 13:29:16][INFO] input: action=MoveForward key=1 down=1
[2026-01-31 13:29:16][INFO] physics_basic: pos=(-0.127496,-0.000010,1.287135) vel=(2.705134,-0.009800,2.946509) grounded=1
[2026-01-31 13:29:16][INFO] physics_basic: input fwd=1 back=0 left=0 right=0 jump=0 sprint=0 dt=0.001000
[2026-01-31 13:29:16][INFO] input: action=MoveForward key=1 down=1
[2026-01-31 13:29:16][INFO] platform: key_down scancode=26 code=1
[2026-01-31 13:29:16][INFO] input: action=MoveForward key=1 down=1
[2026-01-31 13:29:16][INFO] input: action=MoveForward key=1 down=1
[2026-01-31 13:29:16][INFO] platform: key_down scancode=26 code=1
[2026-01-31 13:29:16][INFO] physics_basic: pos=(0.037654,-0.000010,1.466747) vel=(2.708834,-0.009800,2.943147) grounded=1
[2026-01-31 13:29:16][INFO] input: action=MoveForward key=1 down=1
[2026-01-31 13:29:16][INFO] physics_basic: input fwd=1 back=0 left=0 right=0 jump=0 sprint=0 dt=0.001000
[2026-01-31 13:29:16][INFO] platform: key_up scancode=26 code=1
[2026-01-31 13:29:16][INFO] physics_basic: pos=(0.172123,-0.000010,1.612831) vel=(1.755659,-0.009800,1.907298) grounded=1
[2026-01-31 13:29:16][INFO] physics_basic: input fwd=0 back=0 left=0 right=0 jump=0 sprint=0 dt=0.001000
[2026-01-31 13:29:16][INFO] physics_basic: pos=(0.256432,-0.000010,1.704421) vel=(1.075532,-0.009800,1.168428) grounded=1
[2026-01-31 13:29:16][INFO] physics_basic: input fwd=0 back=0 left=0 right=0 jump=0 sprint=0 dt=0.001000
[2026-01-31 13:29:16][INFO] physics_basic: pos=(0.308085,-0.000010,1.760536) vel=(0.658881,-0.009800,0.715790) grounded=1
[2026-01-31 13:29:16][INFO] physics_basic: input fwd=0 back=0 left=0 right=0 jump=0 sprint=0 dt=0.001000
[2026-01-31 13:29:16][INFO] physics_basic: pos=(0.339328,-0.000010,1.794478) vel=(0.406918,-0.009800,0.442064) grounded=1
[2026-01-31 13:29:16][INFO] physics_basic: input fwd=0 back=0 left=0 right=0 jump=0 sprint=0 dt=0.001000
[2026-01-31 13:29:16][INFO] physics_basic: pos=(0.358624,-0.000010,1.815440) vel=(0.251308,-0.009800,0.273014) grounded=1
[2026-01-31 13:29:16][INFO] physics_basic: input fwd=0 back=0 left=0 right=0 jump=0 sprint=0 dt=0.001000
[2026-01-31 13:29:16][INFO] physics_basic: pos=(0.370540,-0.000010,1.828386) vel=(0.155205,-0.009800,0.168611) grounded=1
[2026-01-31 13:29:16][INFO] physics_basic: input fwd=0 back=0 left=0 right=0 jump=0 sprint=0 dt=0.001000
[2026-01-31 13:29:16][INFO] physics_basic: pos=(0.377994,-0.000010,1.836483) vel=(0.095080,-0.009800,0.103292) grounded=1
[2026-01-31 13:29:16][INFO] physics_basic: input fwd=0 back=0 left=0 right=0 jump=0 sprint=0 dt=0.001000
[2026-01-31 13:29:17][INFO] physics_basic: pos=(0.382560,-0.000039,1.841444) vel=(0.058247,-0.019600,0.063278) grounded=1
[2026-01-31 13:29:17][INFO] physics_basic: input fwd=0 back=0 left=0 right=0 jump=0 sprint=0 dt=0.001000
[2026-01-31 13:29:17][INFO] physics_basic: pos=(0.385322,-0.000010,1.844445) vel=(0.035973,-0.009800,0.039080) grounded=1
[2026-01-31 13:29:17][INFO] physics_basic: input fwd=0 back=0 left=0 right=0 jump=0 sprint=0 dt=0.001000
[2026-01-31 13:29:17][INFO] physics_basic: pos=(0.387050,-0.000010,1.846322) vel=(0.022037,-0.009800,0.023941) grounded=1
[2026-01-31 13:29:17][INFO] physics_basic: input fwd=0 back=0 left=0 right=0 jump=0 sprint=0 dt=0.001000
[2026-01-31 13:29:17][INFO] physics_basic: pos=(0.388095,-0.000010,1.847457) vel=(0.013610,-0.009800,0.014785) grounded=1
[2026-01-31 13:29:17][INFO] physics_basic: input fwd=0 back=0 left=0 right=0 jump=0 sprint=0 dt=0.001000
[2026-01-31 13:29:17][INFO] platform: key_down scancode=41 code=7
[2026-01-31 13:29:17][INFO] input: action=Quit key=7 down=1
[2026-01-31 13:29:17][INFO] input: action=Quit key=7 down=1
[2026-01-31 13:29:17][INFO] physics_basic: pos=(0.388757,-0.000010,1.848176) vel=(0.008270,-0.009800,0.008985) grounded=1
[2026-01-31 13:29:17][INFO] physics_basic: input fwd=0 back=0 left=0 right=0 jump=0 sprint=0 dt=0.001000
[2026-01-31 13:29:17][INFO] input: action=Quit key=7 down=1
[2026-01-31 13:29:17][INFO] input: action=Quit key=7 down=1
[2026-01-31 13:29:17][INFO] input: action=Quit key=7 down=1
[2026-01-31 13:29:17][INFO] physics_basic: pos=(0.389149,-0.000010,1.848602) vel=(0.005108,-0.009800,0.005549) grounded=1
[2026-01-31 13:29:17][INFO] physics_basic: input fwd=0 back=0 left=0 right=0 jump=0 sprint=0 dt=0.001000
[2026-01-31 13:29:17][INFO] input: action=Quit key=7 down=1
[2026-01-31 13:29:17][INFO] platform: key_up scancode=41 code=7
[2026-01-31 13:29:17][INFO] physics_basic: pos=(0.389391,-0.000010,1.848865) vel=(0.003154,-0.009800,0.003427) grounded=1
[2026-01-31 13:29:17][INFO] physics_basic: input fwd=0 back=0 left=0 right=0 jump=0 sprint=0 dt=0.001000
[2026-01-31 13:29:17][INFO] physics_basic: pos=(0.389543,-0.000010,1.849030) vel=(0.001932,-0.009800,0.002099) grounded=1
[2026-01-31 13:29:17][INFO] physics_basic: input fwd=0 back=0 left=0 right=0 jump=0 sprint=0 dt=0.001000
[2026-01-31 13:29:17][INFO] physics_basic: pos=(0.389634,-0.000010,1.849129) vel=(0.001193,-0.009800,0.001297) grounded=1
[2026-01-31 13:29:17][INFO] physics_basic: input fwd=0 back=0 left=0 right=0 jump=0 sprint=0 dt=0.001000
[2026-01-31 13:29:17][INFO] physics_basic: pos=(0.389691,-0.000010,1.849192) vel=(0.000731,-0.009800,0.000794) grounded=1
[2026-01-31 13:29:17][INFO] physics_basic: input fwd=0 back=0 left=0 right=0 jump=0 sprint=0 dt=0.001000
[2026-01-31 13:29:17][INFO] physics_basic: pos=(0.389726,-0.000010,1.849229) vel=(0.000452,-0.009800,0.000491) grounded=1
[2026-01-31 13:29:17][INFO] physics_basic: input fwd=0 back=0 left=0 right=0 jump=0 sprint=0 dt=0.001000
[2026-01-31 13:29:17][INFO] physics_basic: pos=(0.389748,-0.000010,1.849253) vel=(0.000277,-0.009800,0.000301) grounded=1
[2026-01-31 13:29:17][INFO] physics_basic: input fwd=0 back=0 left=0 right=0 jump=0 sprint=0 dt=0.001000
[2026-01-31 13:29:17][INFO] physics_basic: pos=(0.389761,-0.000010,1.849268) vel=(0.000169,-0.009800,0.000184) grounded=1
[2026-01-31 13:29:17][INFO] physics_basic: input fwd=0 back=0 left=0 right=0 jump=0 sprint=0 dt=0.001000
[2026-01-31 13:29:17][INFO] physics_basic: pos=(0.389769,-0.000010,1.849276) vel=(0.000104,-0.009800,0.000113) grounded=1
[2026-01-31 13:29:17][INFO] physics_basic: input fwd=0 back=0 left=0 right=0 jump=0 sprint=0 dt=0.001000
[2026-01-31 13:29:17][INFO] physics_basic: pos=(0.389774,-0.000010,1.849283) vel=(0.000064,-0.009800,0.000070) grounded=1
[2026-01-31 13:29:17][INFO] physics_basic: input fwd=0 back=0 left=0 right=0 jump=0 sprint=0 dt=0.001000
[2026-01-31 13:29:17][INFO] physics_basic: pos=(0.389777,-0.000010,1.849285) vel=(0.000040,-0.009800,0.000043) grounded=1
[2026-01-31 13:29:17][INFO] physics_basic: input fwd=0 back=0 left=0 right=0 jump=0 sprint=0 dt=0.001000
[2026-01-31 13:29:17][INFO] physics_basic: pos=(0.389779,-0.000010,1.849285) vel=(0.000024,-0.009800,0.000027) grounded=1
[2026-01-31 13:29:17][INFO] physics_basic: input fwd=0 back=0 left=0 right=0 jump=0 sprint=0 dt=0.001000
[2026-01-31 13:29:18][INFO] physics_basic: pos=(0.389781,-0.000010,1.849285) vel=(0.000015,-0.009800,0.000016) grounded=1
[2026-01-31 13:29:18][INFO] physics_basic: input fwd=0 back=0 left=0 right=0 jump=0 sprint=0 dt=0.001000
[2026-01-31 13:29:18][INFO] physics_basic: pos=(0.389781,-0.000010,1.849285) vel=(0.000009,-0.009800,0.000010) grounded=1
[2026-01-31 13:29:18][INFO] physics_basic: input fwd=0 back=0 left=0 right=0 jump=0 sprint=0 dt=0.001000
[2026-01-31 13:29:18][INFO] physics_basic: pos=(0.389781,-0.000010,1.849285) vel=(0.000006,-0.009800,0.000006) grounded=1
[2026-01-31 13:29:18][INFO] physics_basic: input fwd=0 back=0 left=0 right=0 jump=0 sprint=0 dt=0.001000
[2026-01-31 13:29:18][INFO] physics_basic: pos=(0.389781,-0.000010,1.849285) vel=(0.000004,-0.009800,0.000004) grounded=1
[2026-01-31 13:29:18][INFO] physics_basic: input fwd=0 back=0 left=0 right=0 jump=0 sprint=0 dt=0.001000
[2026-01-31 13:29:18][INFO] physics_basic: pos=(0.389781,-0.000010,1.849285) vel=(0.000002,-0.009800,0.000002) grounded=1
[2026-01-31 13:29:18][INFO] physics_basic: input fwd=0 back=0 left=0 right=0 jump=0 sprint=0 dt=0.001000
[2026-01-31 13:29:18][INFO] physics_basic: pos=(0.389781,-0.000010,1.849285) vel=(0.000001,-0.009800,0.000001) grounded=1
[2026-01-31 13:29:18][INFO] physics_basic: input fwd=0 back=0 left=0 right=0 jump=0 sprint=0 dt=0.001000
[2026-01-31 13:29:18][INFO] physics_basic: pos=(0.389781,-0.000010,1.849285) vel=(0.000001,-0.009800,0.000001) grounded=1
[2026-01-31 13:29:18][INFO] physics_basic: input fwd=0 back=0 left=0 right=0 jump=0 sprint=0 dt=0.001000
[2026-01-31 13:29:18][INFO] physics_basic: pos=(0.389781,-0.000010,1.849285) vel=(0.000001,-0.009800,0.000001) grounded=1
[2026-01-31 13:29:18][INFO] physics_basic: input fwd=0 back=0 left=0 right=0 jump=0 sprint=0 dt=0.001000
[2026-01-31 13:29:18][INFO] physics_basic: pos=(0.389781,-0.000010,1.849285) vel=(0.000000,-0.009800,0.000000) grounded=1
[2026-01-31 13:29:18][INFO] physics_basic: input fwd=0 back=0 left=0 right=0 jump=0 sprint=0 dt=0.001000
[2026-01-31 13:29:18][INFO] physics_basic: pos=(0.389781,-0.000010,1.849285) vel=(0.000000,-0.009800,0.000000) grounded=1
[2026-01-31 13:29:18][INFO] physics_basic: input fwd=0 back=0 left=0 right=0 jump=0 sprint=0 dt=0.001000
[2026-01-31 13:29:18][INFO] physics_basic: pos=(0.389781,-0.000010,1.849285) vel=(0.000000,-0.009800,0.000000) grounded=1
[2026-01-31 13:29:18][INFO] physics_basic: input fwd=0 back=0 left=0 right=0 jump=0 sprint=0 dt=0.001000
[2026-01-31 13:29:18][INFO] physics_basic: pos=(0.389781,-0.000010,1.849285) vel=(0.000000,-0.009800,0.000000) grounded=1
[2026-01-31 13:29:18][INFO] physics_basic: input fwd=0 back=0 left=0 right=0 jump=0 sprint=0 dt=0.001000
[2026-01-31 13:29:18][INFO] physics_basic: pos=(0.389781,-0.000010,1.849285) vel=(0.000000,-0.009800,0.000000) grounded=1
[2026-01-31 13:29:18][INFO] physics_basic: input fwd=0 back=0 left=0 right=0 jump=0 sprint=0 dt=0.001000
[2026-01-31 13:29:18][INFO] physics_basic: pos=(0.389781,-0.000010,1.849285) vel=(0.000000,-0.009800,0.000000) grounded=1
[2026-01-31 13:29:18][INFO] physics_basic: input fwd=0 back=0 left=0 right=0 jump=0 sprint=0 dt=0.001000
[2026-01-31 13:29:18][INFO] physics_basic: pos=(0.389781,-0.000010,1.849285) vel=(0.000000,-0.009800,0.000000) grounded=1
[2026-01-31 13:29:18][INFO] physics_basic: input fwd=0 back=0 left=0 right=0 jump=0 sprint=0 dt=0.001000
[2026-01-31 13:29:18][INFO] physics_basic: pos=(0.389781,-0.000010,1.849285) vel=(0.000000,-0.009800,0.000000) grounded=1
[2026-01-31 13:29:18][INFO] physics_basic: input fwd=0 back=0 left=0 right=0 jump=0 sprint=0 dt=0.001000
[2026-01-31 13:29:19][INFO] physics_basic: pos=(0.389781,-0.000010,1.849285) vel=(0.000000,-0.009800,0.000000) grounded=1
[2026-01-31 13:29:19][INFO] physics_basic: input fwd=0 back=0 left=0 right=0 jump=0 sprint=0 dt=0.001000
[2026-01-31 13:29:19][INFO] physics_basic: pos=(0.389781,-0.000010,1.849285) vel=(0.000000,-0.009800,0.000000) grounded=1
[2026-01-31 13:29:19][INFO] physics_basic: input fwd=0 back=0 left=0 right=0 jump=0 sprint=0 dt=0.001000
[2026-01-31 13:29:19][INFO] debug_ui: shutdown
[2026-01-31 13:29:19][INFO] physics_basic: shutdown
[2026-01-31 13:29:19][INFO] renderer:vulkan shutdown
[2026-01-31 13:29:19][INFO] log shutdown
