[2026-01-31 12:23:21][INFO] log init
[2026-01-31 12:23:21][INFO] log file: /home/skooze/rkg/build_logs/rkg_editor_20260131_122321.log
[2026-01-31 12:23:21][INFO] platform: linux
[2026-01-31 12:23:21][INFO] build: debug
[2026-01-31 12:23:21][INFO] git: 7b8e8f6
[2026-01-31 12:23:21][INFO] runtime: input map file=/home/skooze/rkg/projects/demo_game/config/input.yaml loaded=1 bindings=9
[2026-01-31 12:23:21][INFO] asset_cache: manny source -> /home/skooze/rkg/NecTr/AI_GUARD_1/AI_GUARD_1_Character_output.glb
[2026-01-31 12:23:21][INFO] asset_cache: auto-importing manny into build/content_cache/generated_assets/manny
[2026-01-31 12:23:22][INFO] asset_cache: auto-imported manny.glb into build/content_cache/generated_assets/manny
[2026-01-31 12:23:22][INFO] asset_cache: loaded testmanny (verts=69772 idx=418608 mats=0 tex=0 joints=24 scale=1.000000,1.000000,1.000000)
[2026-01-31 12:23:22][INFO] asset_cache: loaded manny (verts=33592 idx=156288 mats=1 tex=2 joints=24 scale=0.010000,0.010000,0.010000)
[2026-01-31 12:23:22][WARN] cooked content missing; using raw content (dev_mode)
[2026-01-31 12:23:22][INFO] RLIMIT_NOFILE: 1024/524288
[2026-01-31 12:23:22][INFO] RLIMIT_NPROC: 127047/127047
[2026-01-31 12:23:22][INFO] Wayland socket: /run/user/1000/wayland-0 mode=srwxr-xr-x uid=1000 gid=1000
[2026-01-31 12:23:22][INFO] Wayland socket connect ok: /run/user/1000/wayland-0
[2026-01-31 12:23:22][INFO] Wayland wl_display_connect ok: wayland-0
[2026-01-31 12:23:22][INFO] X11 socket: /tmp/.X11-unix/X1 mode=srwxr-xr-x uid=1000 gid=1000
[2026-01-31 12:23:22][INFO] X11 socket connect ok: /tmp/.X11-unix/X1
[2026-01-31 12:23:22][INFO] X11 XOpenDisplay ok: :1
[2026-01-31 12:23:22][INFO] SDL system/info: App name: SDL Application
[2026-01-31 12:23:22][INFO] SDL system/info: App version: <unspecified>
[2026-01-31 12:23:22][INFO] SDL system/info: App ID: <unspecified>
[2026-01-31 12:23:22][INFO] SDL system/info: SDL revision: SDL-release-3.4.0-0-ga962f40bb
[2026-01-31 12:23:22][INFO] SDL system/debug: SDL chose video backend 'wayland'
[2026-01-31 12:23:22][INFO] SDL current video driver: wayland
[2026-01-31 12:23:22][INFO] renderer:vulkan skinned demo: joints=24
[2026-01-31 12:23:22][INFO] renderer:vulkan textured demo: using asset manny dir=/home/skooze/rkg/build/content_cache/generated_assets/manny
[2026-01-31 12:23:22][INFO] renderer:vulkan init
[2026-01-31 12:23:22][INFO] renderer:vulkan dynamic rendering: enabled
[2026-01-31 12:23:22][INFO] renderer: renderer_vulkan
[2026-01-31 12:23:22][INFO] renderer caps: DrawPrimitive | DebugUiSupported
[2026-01-31 12:23:22][WARN] script:lua not available (Lua not found)
[2026-01-31 12:23:22][WARN] script:js not available (QuickJS/Duktape not found)
[2026-01-31 12:23:22][INFO] debug_ui: swapchain_format=50
[2026-01-31 12:23:22][INFO] debug_ui: backend caps api=pipeline_info_main render_pass=yes dynamic=yes color_format=no pipeline_rendering=yes msaa=yes
[2026-01-31 12:23:22][INFO] debug_ui: render path render_pass
[2026-01-31 12:23:22][INFO] debug_ui: init
[2026-01-31 12:23:22][INFO] debug_ui enabled
[2026-01-31 12:23:22][INFO] physics_basic: init
[2026-01-31 12:23:22][INFO] level entity spawned: player_spawn
[2026-01-31 12:23:22][INFO] level entity spawned: ground_plane_1
[2026-01-31 12:23:22][INFO] level entity spawned: demo_quad_1
[2026-01-31 12:23:22][INFO] runtime: player rig scale set to 1.058824 (mesh height=1.700000, mesh scale=0.010000, root scale=1.000000, final scale=0.010588,0.010588,0.010588)
[2026-01-31 12:23:22][INFO] runtime: rig mesh bounds min=(-0.553406,-0.000000,-0.173289) max=(0.553406,1.700000,0.173289)
[2026-01-31 12:23:22][INFO] runtime: rig skeleton min y=0.040637
[2026-01-31 12:23:22][INFO] runtime: player rig offset set to 0.000000 (grounded by mesh bounds)
[2026-01-31 12:23:22][INFO] runtime: controller size set (radius=0.150000, half_height=0.100000, center_offset=0.250000, mesh height=0.018000, mesh bottom=0.000000)
[2026-01-31 12:23:22][INFO] runtime: player rig asset = manny (source=/home/skooze/rkg/NecTr/AI_GUARD_1/AI_GUARD_1_Character_output.glb)
[2026-01-31 12:23:22][INFO] runtime: attached skeleton from asset manny joints=24
[2026-01-31 12:23:22][INFO] content watcher: inotify
[2026-01-31 12:23:22][INFO] tick: begin
[2026-01-31 12:23:22][INFO] tick: renderer update
[2026-01-31 12:23:22][INFO] renderer:vulkan update begin
[2026-01-31 12:23:22][WARN] renderer:vulkan swapchain rebuild requested
[2026-01-31 12:23:22][INFO] renderer:vulkan update end
[2026-01-31 12:23:22][INFO] debug_ui: new_frame begin
[2026-01-31 12:23:22][INFO] debug_ui: new_frame end
[2026-01-31 12:23:22][INFO] renderer:vulkan step 0: draw_frame: wait fence
[2026-01-31 12:23:22][INFO] renderer:vulkan swapchain=93927755757584
[2026-01-31 12:23:22][INFO] renderer:vulkan swapchain images=3 views=3 framebuffers=3 cmd_buffers=3
[2026-01-31 12:23:22][INFO] renderer:vulkan extent=1600x900
[2026-01-31 12:23:22][INFO] renderer:vulkan step 1: vkAcquireNextImageKHR
[2026-01-31 12:23:22][INFO] renderer:vulkan step 2: vkResetCommandBuffer
[2026-01-31 12:23:22][INFO] renderer:vulkan step 3: vkBeginCommandBuffer
[2026-01-31 12:23:22][INFO] renderer:vulkan step 4: swapchain: barrier to color attachment
[2026-01-31 12:23:22][INFO] renderer:vulkan step 5: swapchain: begin render pass
[2026-01-31 12:23:22][INFO] renderer:vulkan step 6: swapchain: clear attachments
[2026-01-31 12:23:22][INFO] renderer:vulkan step 7: imgui: render inside pass
[2026-01-31 12:23:22][INFO] debug_ui: draw_data textures=1
[2026-01-31 12:23:22][INFO] debug_ui: texture 0 status=0 tex_empty=false
[2026-01-31 12:23:22][INFO] debug_ui: render draw_data lists=1 vtx=4 idx=6
[2026-01-31 12:23:22][INFO] renderer:vulkan step 8: swapchain: end render pass
[2026-01-31 12:23:22][INFO] renderer:vulkan step 9: vkEndCommandBuffer
[2026-01-31 12:23:22][INFO] renderer:vulkan step 10: vkQueueSubmit
[2026-01-31 12:23:22][INFO] renderer:vulkan step 11: vkQueuePresentKHR
[2026-01-31 12:23:22][INFO] event: mouse type=1024 x=982 y=530
[2026-01-31 12:23:22][INFO] event: mouse type=1024 x=982 y=530
[2026-01-31 12:23:24][INFO] physics_basic: input fwd=0 back=0 left=0 right=0 jump=0 sprint=0 dt=0.001000
[2026-01-31 12:23:24][INFO] physics_basic: pos=(0.000000,-0.000010,0.000000) vel=(0.000000,-0.009800,0.000000) grounded=1
[2026-01-31 12:23:24][INFO] physics_basic: input fwd=0 back=0 left=0 right=0 jump=0 sprint=0 dt=0.001000
[2026-01-31 12:23:24][INFO] physics_basic: pos=(0.000000,-0.000010,0.000000) vel=(0.000000,-0.009800,0.000000) grounded=1
[2026-01-31 12:23:24][INFO] physics_basic: input fwd=0 back=0 left=0 right=0 jump=0 sprint=0 dt=0.001000
[2026-01-31 12:23:24][INFO] physics_basic: pos=(0.000000,-0.000010,0.000000) vel=(0.000000,-0.009800,0.000000) grounded=1
[2026-01-31 12:23:24][INFO] physics_basic: input fwd=0 back=0 left=0 right=0 jump=0 sprint=0 dt=0.001000
[2026-01-31 12:23:24][INFO] physics_basic: pos=(0.000000,-0.000010,0.000000) vel=(0.000000,-0.009800,0.000000) grounded=1
[2026-01-31 12:23:24][INFO] physics_basic: input fwd=0 back=0 left=0 right=0 jump=0 sprint=0 dt=0.001000
[2026-01-31 12:23:24][INFO] physics_basic: pos=(0.000000,-0.000010,0.000000) vel=(0.000000,-0.009800,0.000000) grounded=1
[2026-01-31 12:23:24][INFO] physics_basic: input fwd=0 back=0 left=0 right=0 jump=0 sprint=0 dt=0.001000
[2026-01-31 12:23:24][INFO] physics_basic: pos=(0.000000,-0.000010,0.000000) vel=(0.000000,-0.009800,0.000000) grounded=1
[2026-01-31 12:23:24][INFO] physics_basic: input fwd=0 back=0 left=0 right=0 jump=0 sprint=0 dt=0.001000
[2026-01-31 12:23:24][INFO] physics_basic: pos=(0.000000,-0.000010,0.000000) vel=(0.000000,-0.009800,0.000000) grounded=1
[2026-01-31 12:23:24][INFO] physics_basic: input fwd=0 back=0 left=0 right=0 jump=0 sprint=0 dt=0.001000
[2026-01-31 12:23:24][INFO] physics_basic: pos=(0.000000,-0.000010,0.000000) vel=(0.000000,-0.009800,0.000000) grounded=1
[2026-01-31 12:23:24][INFO] physics_basic: input fwd=0 back=0 left=0 right=0 jump=0 sprint=0 dt=0.001000
[2026-01-31 12:23:24][INFO] physics_basic: pos=(0.000000,-0.000010,0.000000) vel=(0.000000,-0.009800,0.000000) grounded=1
[2026-01-31 12:23:24][INFO] physics_basic: input fwd=0 back=0 left=0 right=0 jump=0 sprint=0 dt=0.001000
[2026-01-31 12:23:24][INFO] physics_basic: pos=(0.000000,-0.000010,0.000000) vel=(0.000000,-0.009800,0.000000) grounded=1
[2026-01-31 12:23:24][INFO] physics_basic: input fwd=0 back=0 left=0 right=0 jump=0 sprint=0 dt=0.001000
[2026-01-31 12:23:25][INFO] physics_basic: pos=(0.000000,-0.000010,0.000000) vel=(0.000000,-0.009800,0.000000) grounded=1
[2026-01-31 12:23:25][INFO] physics_basic: input fwd=0 back=0 left=0 right=0 jump=0 sprint=0 dt=0.001000
[2026-01-31 12:23:25][INFO] physics_basic: pos=(0.000000,-0.000010,0.000000) vel=(0.000000,-0.009800,0.000000) grounded=1
[2026-01-31 12:23:25][INFO] physics_basic: input fwd=0 back=0 left=0 right=0 jump=0 sprint=0 dt=0.001000
[2026-01-31 12:23:25][INFO] physics_basic: pos=(0.000000,-0.000010,0.000000) vel=(0.000000,-0.009800,0.000000) grounded=1
[2026-01-31 12:23:25][INFO] physics_basic: input fwd=0 back=0 left=0 right=0 jump=0 sprint=0 dt=0.001000
[2026-01-31 12:23:25][INFO] physics_basic: pos=(0.000000,-0.000010,0.000000) vel=(0.000000,-0.009800,0.000000) grounded=1
[2026-01-31 12:23:25][INFO] physics_basic: input fwd=0 back=0 left=0 right=0 jump=0 sprint=0 dt=0.001000
[2026-01-31 12:23:25][INFO] platform: key_down scancode=26 code=1
[2026-01-31 12:23:25][INFO] physics_basic: pos=(0.000238,-0.000010,0.000019) vel=(0.157884,-0.009800,0.012776) grounded=1
[2026-01-31 12:23:25][INFO] physics_basic: input fwd=1 back=0 left=0 right=0 jump=0 sprint=0 dt=0.001000
[2026-01-31 12:23:25][INFO] input: action=MoveForward key=1 down=1
[2026-01-31 12:23:25][INFO] input: action=MoveForward key=1 down=1
[2026-01-31 12:23:25][INFO] input: action=MoveForward key=1 down=1
[2026-01-31 12:23:25][INFO] physics_basic: pos=(0.107554,-0.000010,0.009843) vel=(2.841896,-0.009800,0.290248) grounded=1
[2026-01-31 12:23:25][INFO] physics_basic: input fwd=1 back=0 left=0 right=0 jump=0 sprint=0 dt=0.001000
[2026-01-31 12:23:25][INFO] input: action=MoveForward key=1 down=1
[2026-01-31 12:23:25][INFO] input: action=MoveForward key=1 down=1
[2026-01-31 12:23:25][INFO] input: action=MoveForward key=1 down=1
[2026-01-31 12:23:25][INFO] physics_basic: pos=(0.310390,-0.000010,0.034325) vel=(3.634864,-0.009800,0.478819) grounded=1
[2026-01-31 12:23:25][INFO] physics_basic: input fwd=1 back=0 left=0 right=0 jump=0 sprint=0 dt=0.001000
[2026-01-31 12:23:25][INFO] input: action=MoveForward key=1 down=1
[2026-01-31 12:23:25][INFO] input: action=MoveForward key=1 down=1
[2026-01-31 12:23:25][INFO] input: action=MoveForward key=1 down=1
[2026-01-31 12:23:25][INFO] physics_basic: pos=(0.540678,-0.000010,0.065697) vel=(3.865545,-0.009800,0.537135) grounded=1
[2026-01-31 12:23:25][INFO] physics_basic: input fwd=1 back=0 left=0 right=0 jump=0 sprint=0 dt=0.001000
[2026-01-31 12:23:25][INFO] input: action=MoveForward key=1 down=1
[2026-01-31 12:23:25][INFO] input: action=MoveForward key=1 down=1
[2026-01-31 12:23:25][INFO] input: action=MoveForward key=1 down=1
[2026-01-31 12:23:25][INFO] platform: key_down scancode=225 code=6
[2026-01-31 12:23:25][INFO] physics_basic: pos=(0.775906,-0.000010,0.098662) vel=(4.217597,-0.009800,0.594422) grounded=1
[2026-01-31 12:23:25][INFO] physics_basic: input fwd=1 back=0 left=0 right=0 jump=0 sprint=1 dt=0.001000
[2026-01-31 12:23:25][INFO] input: action=Sprint key=6 down=1
[2026-01-31 12:23:25][INFO] input: action=MoveForward key=1 down=1
[2026-01-31 12:23:25][INFO] input: action=Sprint key=6 down=1
[2026-01-31 12:23:25][INFO] input: action=MoveForward key=1 down=1
[2026-01-31 12:23:25][INFO] input: action=Sprint key=6 down=1
[2026-01-31 12:23:25][INFO] input: action=MoveForward key=1 down=1
[2026-01-31 12:23:25][INFO] physics_basic: pos=(1.104526,-0.000010,0.145113) vel=(6.139940,-0.009800,0.869008) grounded=1
[2026-01-31 12:23:25][INFO] physics_basic: input fwd=1 back=0 left=0 right=0 jump=0 sprint=1 dt=0.001000
[2026-01-31 12:23:25][INFO] input: action=Sprint key=6 down=1
[2026-01-31 12:23:25][INFO] input: action=MoveForward key=1 down=1
[2026-01-31 12:23:25][INFO] input: action=Sprint key=6 down=1
[2026-01-31 12:23:25][INFO] input: action=MoveForward key=1 down=1
[2026-01-31 12:23:25][INFO] input: action=Sprint key=6 down=1
[2026-01-31 12:23:25][INFO] input: action=MoveForward key=1 down=1
[2026-01-31 12:23:25][INFO] physics_basic: pos=(1.500322,-0.000010,0.197182) vel=(6.724615,-0.009800,0.724856) grounded=1
[2026-01-31 12:23:25][INFO] physics_basic: input fwd=1 back=0 left=0 right=0 jump=0 sprint=1 dt=0.001000
[2026-01-31 12:23:25][INFO] input: action=Sprint key=6 down=1
[2026-01-31 12:23:25][INFO] input: action=MoveForward key=1 down=1
[2026-01-31 12:23:25][INFO] input: action=Sprint key=6 down=1
[2026-01-31 12:23:25][INFO] input: action=MoveForward key=1 down=1
[2026-01-31 12:23:25][INFO] input: action=Sprint key=6 down=1
[2026-01-31 12:23:25][INFO] input: action=MoveForward key=1 down=1
[2026-01-31 12:23:25][INFO] physics_basic: pos=(1.917641,-0.000010,0.220176) vel=(6.912394,-0.009800,0.006079) grounded=1
[2026-01-31 12:23:25][INFO] physics_basic: input fwd=1 back=0 left=0 right=0 jump=0 sprint=1 dt=0.001000
[2026-01-31 12:23:25][INFO] input: action=Sprint key=6 down=1
[2026-01-31 12:23:25][INFO] input: action=MoveForward key=1 down=1
[2026-01-31 12:23:25][INFO] input: action=Sprint key=6 down=1
[2026-01-31 12:23:25][INFO] input: action=MoveForward key=1 down=1
[2026-01-31 12:23:25][INFO] input: action=Sprint key=6 down=1
[2026-01-31 12:23:25][INFO] input: action=MoveForward key=1 down=1
[2026-01-31 12:23:25][INFO] physics_basic: pos=(2.332237,-0.000010,0.192402) vel=(6.869719,-0.009800,-0.972822) grounded=1
[2026-01-31 12:23:25][INFO] physics_basic: input fwd=1 back=0 left=0 right=0 jump=0 sprint=1 dt=0.001000
[2026-01-31 12:23:25][INFO] input: action=Sprint key=6 down=1
[2026-01-31 12:23:25][INFO] input: action=MoveForward key=1 down=1
[2026-01-31 12:23:25][INFO] input: action=Sprint key=6 down=1
[2026-01-31 12:23:25][INFO] input: action=MoveForward key=1 down=1
[2026-01-31 12:23:25][INFO] input: action=Sprint key=6 down=1
[2026-01-31 12:23:25][INFO] input: action=MoveForward key=1 down=1
[2026-01-31 12:23:25][INFO] physics_basic: pos=(2.743226,-0.000010,0.095564) vel=(6.548472,-0.009800,-2.238395) grounded=1
[2026-01-31 12:23:25][INFO] physics_basic: input fwd=1 back=0 left=0 right=0 jump=0 sprint=1 dt=0.001000
[2026-01-31 12:23:25][INFO] input: action=Sprint key=6 down=1
[2026-01-31 12:23:25][INFO] input: action=MoveForward key=1 down=1
[2026-01-31 12:23:25][INFO] platform: key_down scancode=26 code=1
[2026-01-31 12:23:25][INFO] input: action=Sprint key=6 down=1
[2026-01-31 12:23:25][INFO] input: action=MoveForward key=1 down=1
[2026-01-31 12:23:25][INFO] input: action=Sprint key=6 down=1
[2026-01-31 12:23:25][INFO] input: action=MoveForward key=1 down=1
[2026-01-31 12:23:25][INFO] physics_basic: pos=(3.123303,-0.000010,-0.071532) vel=(6.115637,-0.009800,-3.269172) grounded=1
[2026-01-31 12:23:25][INFO] physics_basic: input fwd=1 back=0 left=0 right=0 jump=0 sprint=1 dt=0.001000
[2026-01-31 12:23:25][INFO] platform: key_down scancode=26 code=1
[2026-01-31 12:23:25][INFO] input: action=Sprint key=6 down=1
[2026-01-31 12:23:25][INFO] input: action=MoveForward key=1 down=1
[2026-01-31 12:23:25][INFO] input: action=Sprint key=6 down=1
[2026-01-31 12:23:25][INFO] input: action=MoveForward key=1 down=1
[2026-01-31 12:23:25][INFO] platform: key_down scancode=26 code=1
[2026-01-31 12:23:25][INFO] input: action=Sprint key=6 down=1
[2026-01-31 12:23:25][INFO] input: action=MoveForward key=1 down=1
[2026-01-31 12:23:25][INFO] physics_basic: pos=(3.476239,-0.000010,-0.303454) vel=(5.470923,-0.009800,-4.263379) grounded=1
[2026-01-31 12:23:25][INFO] physics_basic: input fwd=1 back=0 left=0 right=0 jump=0 sprint=1 dt=0.001000
[2026-01-31 12:23:25][INFO] input: action=Sprint key=6 down=1
[2026-01-31 12:23:25][INFO] input: action=MoveForward key=1 down=1
[2026-01-31 12:23:25][INFO] platform: key_down scancode=26 code=1
[2026-01-31 12:23:25][INFO] input: action=Sprint key=6 down=1
[2026-01-31 12:23:25][INFO] input: action=MoveForward key=1 down=1
[2026-01-31 12:23:26][INFO] input: action=Sprint key=6 down=1
[2026-01-31 12:23:26][INFO] input: action=MoveForward key=1 down=1
[2026-01-31 12:23:26][INFO] physics_basic: pos=(3.781653,-0.000010,-0.585252) vel=(4.641243,-0.009800,-5.141429) grounded=1
[2026-01-31 12:23:26][INFO] input: action=Sprint key=6 down=1
[2026-01-31 12:23:26][INFO] input: action=MoveForward key=1 down=1
[2026-01-31 12:23:26][INFO] physics_basic: input fwd=1 back=0 left=0 right=0 jump=0 sprint=1 dt=0.001000
[2026-01-31 12:23:26][INFO] platform: key_down scancode=26 code=1
[2026-01-31 12:23:26][INFO] input: action=Sprint key=6 down=1
[2026-01-31 12:23:26][INFO] input: action=MoveForward key=1 down=1
[2026-01-31 12:23:26][INFO] platform: key_down scancode=26 code=1
[2026-01-31 12:23:26][INFO] input: action=Sprint key=6 down=1
[2026-01-31 12:23:26][INFO] input: action=MoveForward key=1 down=1
[2026-01-31 12:23:26][INFO] physics_basic: pos=(4.042693,-0.000010,-0.926256) vel=(3.736040,-0.009800,-5.840468) grounded=1
[2026-01-31 12:23:26][INFO] physics_basic: input fwd=1 back=0 left=0 right=0 jump=0 sprint=1 dt=0.001000
[2026-01-31 12:23:26][INFO] input: action=Sprint key=6 down=1
[2026-01-31 12:23:26][INFO] input: action=MoveForward key=1 down=1
[2026-01-31 12:23:26][INFO] platform: key_down scancode=26 code=1
[2026-01-31 12:23:26][INFO] input: action=Sprint key=6 down=1
[2026-01-31 12:23:26][INFO] input: action=MoveForward key=1 down=1
[2026-01-31 12:23:26][INFO] input: action=Sprint key=6 down=1
[2026-01-31 12:23:26][INFO] input: action=MoveForward key=1 down=1
[2026-01-31 12:23:26][INFO] platform: key_down scancode=26 code=1
[2026-01-31 12:23:26][INFO] physics_basic: pos=(4.231211,-0.000010,-1.295774) vel=(2.519133,-0.009800,-6.439238) grounded=1
[2026-01-31 12:23:26][INFO] physics_basic: input fwd=1 back=0 left=0 right=0 jump=0 sprint=1 dt=0.001000
[2026-01-31 12:23:26][INFO] input: action=Sprint key=6 down=1
[2026-01-31 12:23:26][INFO] input: action=MoveForward key=1 down=1
[2026-01-31 12:23:26][INFO] input: action=Sprint key=6 down=1
[2026-01-31 12:23:26][INFO] input: action=MoveForward key=1 down=1
[2026-01-31 12:23:26][INFO] platform: key_down scancode=26 code=1
[2026-01-31 12:23:26][INFO] input: action=Sprint key=6 down=1
[2026-01-31 12:23:26][INFO] input: action=MoveForward key=1 down=1
[2026-01-31 12:23:26][INFO] physics_basic: pos=(4.327264,-0.000010,-1.702266) vel=(0.505933,-0.009800,-6.799812) grounded=1
[2026-01-31 12:23:26][INFO] physics_basic: input fwd=1 back=0 left=0 right=0 jump=0 sprint=1 dt=0.001000
[2026-01-31 12:23:26][INFO] input: action=Sprint key=6 down=1
[2026-01-31 12:23:26][INFO] input: action=MoveForward key=1 down=1
[2026-01-31 12:23:26][INFO] platform: key_down scancode=26 code=1
[2026-01-31 12:23:26][INFO] input: action=Sprint key=6 down=1
[2026-01-31 12:23:26][INFO] input: action=MoveForward key=1 down=1
[2026-01-31 12:23:26][INFO] input: action=Sprint key=6 down=1
[2026-01-31 12:23:26][INFO] input: action=MoveForward key=1 down=1
[2026-01-31 12:23:26][INFO] platform: key_down scancode=26 code=1
[2026-01-31 12:23:26][INFO] physics_basic: pos=(4.276476,-0.000010,-2.100577) vel=(-2.186061,-0.009800,-6.304918) grounded=1
[2026-01-31 12:23:26][INFO] input: action=Sprint key=6 down=1
[2026-01-31 12:23:26][INFO] input: action=MoveForward key=1 down=1
[2026-01-31 12:23:26][INFO] physics_basic: input fwd=1 back=0 left=0 right=0 jump=0 sprint=1 dt=0.001000
[2026-01-31 12:23:26][INFO] input: action=Sprint key=6 down=1
[2026-01-31 12:23:26][INFO] input: action=MoveForward key=1 down=1
[2026-01-31 12:23:26][INFO] platform: key_down scancode=26 code=1
[2026-01-31 12:23:26][INFO] input: action=Sprint key=6 down=1
[2026-01-31 12:23:26][INFO] input: action=MoveForward key=1 down=1
[2026-01-31 12:23:26][INFO] input: action=Sprint key=6 down=1
[2026-01-31 12:23:26][INFO] input: action=MoveForward key=1 down=1
[2026-01-31 12:23:26][INFO] physics_basic: pos=(4.066652,-0.000010,-2.444672) vel=(-4.480245,-0.009800,-4.944037) grounded=1
[2026-01-31 12:23:26][INFO] physics_basic: input fwd=1 back=0 left=0 right=0 jump=0 sprint=1 dt=0.001000
[2026-01-31 12:23:26][INFO] platform: key_down scancode=26 code=1
[2026-01-31 12:23:26][INFO] input: action=Sprint key=6 down=1
[2026-01-31 12:23:26][INFO] input: action=MoveForward key=1 down=1
[2026-01-31 12:23:26][INFO] input: action=Sprint key=6 down=1
[2026-01-31 12:23:26][INFO] input: action=MoveForward key=1 down=1
[2026-01-31 12:23:26][INFO] input: action=Sprint key=6 down=1
[2026-01-31 12:23:26][INFO] input: action=MoveForward key=1 down=1
[2026-01-31 12:23:26][INFO] platform: key_down scancode=26 code=1
[2026-01-31 12:23:26][INFO] physics_basic: pos=(3.747993,-0.000010,-2.715235) vel=(-5.628767,-0.009800,-3.874336) grounded=1
[2026-01-31 12:23:26][INFO] physics_basic: input fwd=1 back=0 left=0 right=0 jump=0 sprint=1 dt=0.001000
[2026-01-31 12:23:26][INFO] input: action=Sprint key=6 down=1
[2026-01-31 12:23:26][INFO] input: action=MoveForward key=1 down=1
[2026-01-31 12:23:26][INFO] input: action=Sprint key=6 down=1
[2026-01-31 12:23:26][INFO] input: action=MoveForward key=1 down=1
[2026-01-31 12:23:26][INFO] platform: key_down scancode=26 code=1
[2026-01-31 12:23:26][INFO] input: action=Sprint key=6 down=1
[2026-01-31 12:23:26][INFO] input: action=MoveForward key=1 down=1
[2026-01-31 12:23:26][INFO] physics_basic: pos=(3.386368,-0.000010,-2.910095) vel=(-6.346367,-0.009800,-2.671043) grounded=1
[2026-01-31 12:23:26][INFO] physics_basic: input fwd=1 back=0 left=0 right=0 jump=0 sprint=1 dt=0.001000
[2026-01-31 12:23:26][INFO] input: action=Sprint key=6 down=1
[2026-01-31 12:23:26][INFO] input: action=MoveForward key=1 down=1
[2026-01-31 12:23:26][INFO] platform: key_down scancode=26 code=1
[2026-01-31 12:23:26][INFO] input: action=Sprint key=6 down=1
[2026-01-31 12:23:26][INFO] input: action=MoveForward key=1 down=1
[2026-01-31 12:23:26][INFO] input: action=Sprint key=6 down=1
[2026-01-31 12:23:26][INFO] input: action=MoveForward key=1 down=1
[2026-01-31 12:23:26][INFO] platform: key_down scancode=26 code=1
[2026-01-31 12:23:26][INFO] physics_basic: pos=(2.987527,-0.000010,-3.047096) vel=(-6.690043,-0.009800,-1.849424) grounded=1
[2026-01-31 12:23:26][INFO] physics_basic: input fwd=1 back=0 left=0 right=0 jump=0 sprint=1 dt=0.001000
[2026-01-31 12:23:26][INFO] input: action=Sprint key=6 down=1
[2026-01-31 12:23:26][INFO] input: action=MoveForward key=1 down=1
[2026-01-31 12:23:26][INFO] input: action=Sprint key=6 down=1
[2026-01-31 12:23:26][INFO] input: action=MoveForward key=1 down=1
[2026-01-31 12:23:26][INFO] platform: key_down scancode=26 code=1
[2026-01-31 12:23:26][INFO] input: action=Sprint key=6 down=1
[2026-01-31 12:23:26][INFO] input: action=MoveForward key=1 down=1
[2026-01-31 12:23:26][INFO] physics_basic: pos=(2.579952,-0.000010,-3.135231) vel=(-6.874866,-0.009800,-1.097489) grounded=1
[2026-01-31 12:23:26][INFO] physics_basic: input fwd=1 back=0 left=0 right=0 jump=0 sprint=1 dt=0.001000
[2026-01-31 12:23:26][INFO] input: action=Sprint key=6 down=1
[2026-01-31 12:23:26][INFO] input: action=MoveForward key=1 down=1
[2026-01-31 12:23:26][INFO] platform: key_down scancode=26 code=1
[2026-01-31 12:23:26][INFO] input: action=Sprint key=6 down=1
[2026-01-31 12:23:26][INFO] input: action=MoveForward key=1 down=1
[2026-01-31 12:23:26][INFO] input: action=Sprint key=6 down=1
[2026-01-31 12:23:26][INFO] input: action=MoveForward key=1 down=1
[2026-01-31 12:23:26][INFO] platform: key_down scancode=26 code=1
[2026-01-31 12:23:26][INFO] physics_basic: pos=(2.157693,-0.000010,-3.185262) vel=(-6.955983,-0.009800,-0.580355) grounded=1
[2026-01-31 12:23:26][INFO] physics_basic: input fwd=1 back=0 left=0 right=0 jump=0 sprint=1 dt=0.001000
[2026-01-31 12:23:26][INFO] input: action=Sprint key=6 down=1
[2026-01-31 12:23:26][INFO] input: action=MoveForward key=1 down=1
[2026-01-31 12:23:26][INFO] input: action=Sprint key=6 down=1
[2026-01-31 12:23:26][INFO] input: action=MoveForward key=1 down=1
[2026-01-31 12:23:26][INFO] platform: key_down scancode=26 code=1
[2026-01-31 12:23:26][INFO] input: action=Sprint key=6 down=1
[2026-01-31 12:23:26][INFO] input: action=MoveForward key=1 down=1
[2026-01-31 12:23:26][INFO] input: action=Sprint key=6 down=1
[2026-01-31 12:23:26][INFO] input: action=MoveForward key=1 down=1
[2026-01-31 12:23:26][INFO] physics_basic: pos=(1.740758,-0.000010,-3.189637) vel=(-6.851545,-0.009800,0.766164) grounded=1
[2026-01-31 12:23:26][INFO] physics_basic: input fwd=1 back=0 left=0 right=0 jump=0 sprint=1 dt=0.001000
[2026-01-31 12:23:26][INFO] platform: key_down scancode=26 code=1
[2026-01-31 12:23:26][INFO] input: action=Sprint key=6 down=1
[2026-01-31 12:23:26][INFO] input: action=MoveForward key=1 down=1
[2026-01-31 12:23:26][INFO] input: action=Sprint key=6 down=1
[2026-01-31 12:23:26][INFO] input: action=MoveForward key=1 down=1
[2026-01-31 12:23:26][INFO] platform: key_down scancode=26 code=1
[2026-01-31 12:23:26][INFO] input: action=Sprint key=6 down=1
[2026-01-31 12:23:26][INFO] input: action=MoveForward key=1 down=1
[2026-01-31 12:23:26][INFO] physics_basic: pos=(1.348224,-0.000010,-3.054505) vel=(-5.557878,-0.009800,3.592172) grounded=1
[2026-01-31 12:23:26][INFO] physics_basic: input fwd=1 back=0 left=0 right=0 jump=0 sprint=1 dt=0.001000
[2026-01-31 12:23:26][INFO] input: action=Sprint key=6 down=1
[2026-01-31 12:23:26][INFO] input: action=MoveForward key=1 down=1
[2026-01-31 12:23:26][INFO] platform: key_down scancode=26 code=1
[2026-01-31 12:23:26][INFO] input: action=Sprint key=6 down=1
[2026-01-31 12:23:26][INFO] input: action=MoveForward key=1 down=1
[2026-01-31 12:23:26][INFO] platform: key_down scancode=44 code=5
[2026-01-31 12:23:26][INFO] physics_basic: pos=(1.101926,0.044559,-2.763591) vel=(-2.349169,4.911800,5.831346) grounded=0
[2026-01-31 12:23:26][INFO] input: action=Sprint key=6 down=1
[2026-01-31 12:23:26][INFO] input: action=Jump key=5 down=1
[2026-01-31 12:23:26][INFO] input: action=MoveForward key=1 down=1
[2026-01-31 12:23:26][INFO] physics_basic: input fwd=1 back=0 left=0 right=0 jump=1 sprint=1 dt=0.001000
[2026-01-31 12:23:26][INFO] input: action=Sprint key=6 down=1
[2026-01-31 12:23:26][INFO] input: action=Jump key=5 down=1
[2026-01-31 12:23:26][INFO] input: action=MoveForward key=1 down=1
[2026-01-31 12:23:26][INFO] input: action=Sprint key=6 down=1
[2026-01-31 12:23:26][INFO] input: action=Jump key=5 down=1
[2026-01-31 12:23:26][INFO] input: action=MoveForward key=1 down=1
[2026-01-31 12:23:26][INFO] physics_basic: pos=(1.063908,0.325637,-2.382548) vel=(0.638324,4.314003,6.475749) grounded=0
[2026-01-31 12:23:26][INFO] physics_basic: input fwd=1 back=0 left=0 right=0 jump=1 sprint=1 dt=0.001000
[2026-01-31 12:23:26][INFO] input: action=Sprint key=6 down=1
[2026-01-31 12:23:26][INFO] input: action=Jump key=5 down=1
[2026-01-31 12:23:26][INFO] input: action=MoveForward key=1 down=1
[2026-01-31 12:23:26][INFO] input: action=Sprint key=6 down=1
[2026-01-31 12:23:26][INFO] input: action=Jump key=5 down=1
[2026-01-31 12:23:26][INFO] input: action=MoveForward key=1 down=1
[2026-01-31 12:23:26][INFO] input: action=Sprint key=6 down=1
[2026-01-31 12:23:26][INFO] input: action=Jump key=5 down=1
[2026-01-31 12:23:26][INFO] input: action=MoveForward key=1 down=1
[2026-01-31 12:23:26][INFO] physics_basic: pos=(1.139569,0.566543,-1.988833) vel=(1.671513,3.726006,6.615471) grounded=0
[2026-01-31 12:23:26][INFO] physics_basic: input fwd=1 back=0 left=0 right=0 jump=1 sprint=1 dt=0.001000
[2026-01-31 12:23:26][INFO] input: action=Sprint key=6 down=1
[2026-01-31 12:23:26][INFO] input: action=Jump key=5 down=1
[2026-01-31 12:23:26][INFO] input: action=MoveForward key=1 down=1
[2026-01-31 12:23:26][INFO] input: action=Sprint key=6 down=1
[2026-01-31 12:23:26][INFO] input: action=Jump key=5 down=1
[2026-01-31 12:23:26][INFO] input: action=MoveForward key=1 down=1
[2026-01-31 12:23:26][INFO] input: action=Sprint key=6 down=1
[2026-01-31 12:23:26][INFO] input: action=Jump key=5 down=1
[2026-01-31 12:23:26][INFO] input: action=MoveForward key=1 down=1
[2026-01-31 12:23:26][INFO] physics_basic: pos=(1.253194,0.775288,-1.583778) vel=(1.985600,3.128208,6.656159) grounded=0
[2026-01-31 12:23:26][INFO] physics_basic: input fwd=1 back=0 left=0 right=0 jump=1 sprint=1 dt=0.001000
[2026-01-31 12:23:27][INFO] input: action=Sprint key=6 down=1
[2026-01-31 12:23:27][INFO] input: action=Jump key=5 down=1
[2026-01-31 12:23:27][INFO] input: action=MoveForward key=1 down=1
[2026-01-31 12:23:27][INFO] input: action=Sprint key=6 down=1
[2026-01-31 12:23:27][INFO] input: action=Jump key=5 down=1
[2026-01-31 12:23:27][INFO] input: action=MoveForward key=1 down=1
[2026-01-31 12:23:27][INFO] input: action=Sprint key=6 down=1
[2026-01-31 12:23:27][INFO] input: action=Jump key=5 down=1
[2026-01-31 12:23:27][INFO] input: action=MoveForward key=1 down=1
[2026-01-31 12:23:27][INFO] physics_basic: pos=(1.375636,0.945047,-1.183981) vel=(2.076365,2.540211,6.667918) grounded=0
[2026-01-31 12:23:27][INFO] physics_basic: input fwd=1 back=0 left=0 right=0 jump=1 sprint=1 dt=0.001000
[2026-01-31 12:23:27][INFO] input: action=Sprint key=6 down=1
[2026-01-31 12:23:27][INFO] input: action=Jump key=5 down=1
[2026-01-31 12:23:27][INFO] input: action=MoveForward key=1 down=1
[2026-01-31 12:23:27][INFO] input: action=Sprint key=6 down=1
[2026-01-31 12:23:27][INFO] input: action=Jump key=5 down=1
[2026-01-31 12:23:27][INFO] input: action=MoveForward key=1 down=1
[2026-01-31 12:23:27][INFO] input: action=Sprint key=6 down=1
[2026-01-31 12:23:27][INFO] input: action=Jump key=5 down=1
[2026-01-31 12:23:27][INFO] input: action=MoveForward key=1 down=1
[2026-01-31 12:23:27][INFO] physics_basic: pos=(1.503305,1.081458,-0.777107) vel=(2.103606,1.942413,6.671447) grounded=0
[2026-01-31 12:23:27][INFO] physics_basic: input fwd=1 back=0 left=0 right=0 jump=1 sprint=1 dt=0.001000
[2026-01-31 12:23:27][INFO] input: action=Sprint key=6 down=1
[2026-01-31 12:23:27][INFO] input: action=Jump key=5 down=1
[2026-01-31 12:23:27][INFO] input: action=MoveForward key=1 down=1
[2026-01-31 12:23:27][INFO] input: action=Sprint key=6 down=1
[2026-01-31 12:23:27][INFO] input: action=Jump key=5 down=1
[2026-01-31 12:23:27][INFO] input: action=MoveForward key=1 down=1
[2026-01-31 12:23:27][INFO] input: action=Sprint key=6 down=1
[2026-01-31 12:23:27][INFO] input: action=Jump key=5 down=1
[2026-01-31 12:23:27][INFO] input: action=MoveForward key=1 down=1
[2026-01-31 12:23:27][INFO] physics_basic: pos=(1.631920,1.181404,-0.370110) vel=(2.111545,1.344616,6.672476) grounded=0
[2026-01-31 12:23:27][INFO] physics_basic: input fwd=1 back=0 left=0 right=0 jump=1 sprint=1 dt=0.001000
[2026-01-31 12:23:27][INFO] input: action=Sprint key=6 down=1
[2026-01-31 12:23:27][INFO] input: action=Jump key=5 down=1
[2026-01-31 12:23:27][INFO] input: action=MoveForward key=1 down=1
[2026-01-31 12:23:27][INFO] input: action=Sprint key=6 down=1
[2026-01-31 12:23:27][INFO] input: action=Jump key=5 down=1
[2026-01-31 12:23:27][INFO] input: action=MoveForward key=1 down=1
[2026-01-31 12:23:27][INFO] input: action=Sprint key=6 down=1
[2026-01-31 12:23:27][INFO] input: action=Jump key=5 down=1
[2026-01-31 12:23:27][INFO] input: action=MoveForward key=1 down=1
[2026-01-31 12:23:27][INFO] physics_basic: pos=(1.760810,1.244884,0.036922) vel=(2.113860,0.746817,6.672775) grounded=0
[2026-01-31 12:23:27][INFO] platform: key_down scancode=7 code=4
[2026-01-31 12:23:27][INFO] physics_basic: input fwd=1 back=0 left=0 right=1 jump=1 sprint=1 dt=0.001000
[2026-01-31 12:23:27][INFO] input: action=Sprint key=6 down=1
[2026-01-31 12:23:27][INFO] input: action=Jump key=5 down=1
[2026-01-31 12:23:27][INFO] input: action=MoveRight key=4 down=1
[2026-01-31 12:23:27][INFO] input: action=MoveForward key=1 down=1
[2026-01-31 12:23:27][INFO] input: action=Sprint key=6 down=1
[2026-01-31 12:23:27][INFO] input: action=Jump key=5 down=1
[2026-01-31 12:23:27][INFO] input: action=MoveRight key=4 down=1
[2026-01-31 12:23:27][INFO] input: action=MoveForward key=1 down=1
[2026-01-31 12:23:27][INFO] input: action=Sprint key=6 down=1
[2026-01-31 12:23:27][INFO] input: action=Jump key=5 down=1
[2026-01-31 12:23:27][INFO] input: action=MoveRight key=4 down=1
[2026-01-31 12:23:27][INFO] input: action=MoveForward key=1 down=1
[2026-01-31 12:23:27][INFO] platform: key_down scancode=4 code=2
[2026-01-31 12:23:27][INFO] physics_basic: pos=(1.752682,1.271759,0.425683) vel=(-1.122180,0.158817,6.394507) grounded=0
[2026-01-31 12:23:27][INFO] physics_basic: input fwd=1 back=0 left=1 right=1 jump=1 sprint=1 dt=0.001000
[2026-01-31 12:23:27][INFO] platform: key_up scancode=44 code=5
[2026-01-31 12:23:27][INFO] input: action=Sprint key=6 down=1
[2026-01-31 12:23:27][INFO] input: action=MoveRight key=4 down=1
[2026-01-31 12:23:27][INFO] input: action=MoveLeft key=2 down=1
[2026-01-31 12:23:27][INFO] input: action=MoveForward key=1 down=1
[2026-01-31 12:23:27][INFO] input: action=Sprint key=6 down=1
[2026-01-31 12:23:27][INFO] input: action=MoveRight key=4 down=1
[2026-01-31 12:23:27][INFO] input: action=MoveLeft key=2 down=1
[2026-01-31 12:23:27][INFO] input: action=MoveForward key=1 down=1
[2026-01-31 12:23:27][INFO] input: action=Sprint key=6 down=1
[2026-01-31 12:23:27][INFO] input: action=MoveRight key=4 down=1
[2026-01-31 12:23:27][INFO] input: action=MoveLeft key=2 down=1
[2026-01-31 12:23:27][INFO] input: action=MoveForward key=1 down=1
[2026-01-31 12:23:27][INFO] physics_basic: pos=(1.769423,1.262905,0.823075) vel=(1.171292,-0.438983,6.591753) grounded=0
[2026-01-31 12:23:27][INFO] physics_basic: input fwd=1 back=0 left=1 right=1 jump=0 sprint=1 dt=0.001000
[2026-01-31 12:23:27][INFO] input: action=Sprint key=6 down=1
[2026-01-31 12:23:27][INFO] input: action=MoveRight key=4 down=1
[2026-01-31 12:23:27][INFO] input: action=MoveLeft key=2 down=1
[2026-01-31 12:23:27][INFO] input: action=MoveForward key=1 down=1
[2026-01-31 12:23:27][INFO] platform: key_up scancode=7 code=4
[2026-01-31 12:23:27][INFO] input: action=Sprint key=6 down=1
[2026-01-31 12:23:27][INFO] input: action=MoveLeft key=2 down=1
[2026-01-31 12:23:27][INFO] input: action=MoveForward key=1 down=1
[2026-01-31 12:23:27][INFO] input: action=Sprint key=6 down=1
[2026-01-31 12:23:27][INFO] input: action=MoveLeft key=2 down=1
[2026-01-31 12:23:27][INFO] input: action=MoveForward key=1 down=1
[2026-01-31 12:23:27][INFO] physics_basic: pos=(1.897413,1.217586,1.200599) vel=(3.703802,-1.036784,5.080454) grounded=0
[2026-01-31 12:23:27][INFO] physics_basic: input fwd=1 back=0 left=1 right=0 jump=0 sprint=1 dt=0.001000
[2026-01-31 12:23:27][INFO] input: action=Sprint key=6 down=1
[2026-01-31 12:23:27][INFO] input: action=MoveLeft key=2 down=1
[2026-01-31 12:23:27][INFO] input: action=MoveForward key=1 down=1
[2026-01-31 12:23:27][INFO] input: action=Sprint key=6 down=1
[2026-01-31 12:23:27][INFO] input: action=MoveLeft key=2 down=1
[2026-01-31 12:23:27][INFO] input: action=MoveForward key=1 down=1
[2026-01-31 12:23:27][INFO] input: action=Sprint key=6 down=1
[2026-01-31 12:23:27][INFO] input: action=MoveLeft key=2 down=1
[2026-01-31 12:23:27][INFO] input: action=MoveForward key=1 down=1
[2026-01-31 12:23:27][INFO] physics_basic: pos=(2.183848,1.137445,1.457914) vel=(5.466977,-1.624781,3.775729) grounded=0
[2026-01-31 12:23:27][INFO] physics_basic: input fwd=1 back=0 left=1 right=0 jump=0 sprint=1 dt=0.001000
[2026-01-31 12:23:27][INFO] input: action=Sprint key=6 down=1
[2026-01-31 12:23:27][INFO] input: action=MoveLeft key=2 down=1
[2026-01-31 12:23:27][INFO] input: action=MoveForward key=1 down=1
[2026-01-31 12:23:27][INFO] input: action=Sprint key=6 down=1
[2026-01-31 12:23:27][INFO] input: action=MoveLeft key=2 down=1
[2026-01-31 12:23:27][INFO] input: action=MoveForward key=1 down=1
[2026-01-31 12:23:27][INFO] input: action=Sprint key=6 down=1
[2026-01-31 12:23:27][INFO] input: action=MoveLeft key=2 down=1
[2026-01-31 12:23:27][INFO] input: action=MoveForward key=1 down=1
[2026-01-31 12:23:27][INFO] physics_basic: pos=(2.536975,1.019791,1.673700) vel=(5.996150,-2.222579,3.384148) grounded=0
[2026-01-31 12:23:27][INFO] physics_basic: input fwd=1 back=0 left=1 right=0 jump=0 sprint=1 dt=0.001000
[2026-01-31 12:23:27][INFO] input: action=Sprint key=6 down=1
[2026-01-31 12:23:27][INFO] input: action=MoveLeft key=2 down=1
[2026-01-31 12:23:27][INFO] input: action=MoveForward key=1 down=1
[2026-01-31 12:23:27][INFO] platform: key_up scancode=26 code=1
[2026-01-31 12:23:27][INFO] input: action=Sprint key=6 down=1
[2026-01-31 12:23:27][INFO] input: action=MoveLeft key=2 down=1
[2026-01-31 12:23:27][INFO] input: action=Sprint key=6 down=1
[2026-01-31 12:23:27][INFO] input: action=MoveLeft key=2 down=1
[2026-01-31 12:23:27][INFO] physics_basic: pos=(2.910098,0.868503,1.782101) vel=(6.430503,-2.810576,-0.001531) grounded=0
[2026-01-31 12:23:27][INFO] physics_basic: input fwd=0 back=0 left=1 right=0 jump=0 sprint=1 dt=0.001000
[2026-01-31 12:23:27][INFO] input: action=Sprint key=6 down=1
[2026-01-31 12:23:27][INFO] input: action=MoveLeft key=2 down=1
[2026-01-31 12:23:27][INFO] input: action=Sprint key=6 down=1
[2026-01-31 12:23:27][INFO] input: action=MoveLeft key=2 down=1
[2026-01-31 12:23:27][INFO] input: action=Sprint key=6 down=1
[2026-01-31 12:23:27][INFO] input: action=MoveLeft key=2 down=1
[2026-01-31 12:23:27][INFO] physics_basic: pos=(3.308734,0.678516,1.726433) vel=(6.602245,-3.408374,-1.498832) grounded=0
[2026-01-31 12:23:27][INFO] physics_basic: input fwd=0 back=0 left=1 right=0 jump=0 sprint=1 dt=0.001000
[2026-01-31 12:23:27][INFO] platform: key_down scancode=22 code=3
[2026-01-31 12:23:27][INFO] input: action=Sprint key=6 down=1
[2026-01-31 12:23:27][INFO] input: action=MoveBack key=3 down=1
[2026-01-31 12:23:27][INFO] input: action=MoveLeft key=2 down=1
[2026-01-31 12:23:27][INFO] input: action=Sprint key=6 down=1
[2026-01-31 12:23:27][INFO] input: action=MoveBack key=3 down=1
[2026-01-31 12:23:27][INFO] input: action=MoveLeft key=2 down=1
[2026-01-31 12:23:27][INFO] physics_basic: pos=(3.637204,0.456080,1.538201) vel=(4.408608,-3.996371,-4.596931) grounded=0
[2026-01-31 12:23:27][INFO] input: action=Sprint key=6 down=1
[2026-01-31 12:23:27][INFO] input: action=MoveBack key=3 down=1
[2026-01-31 12:23:27][INFO] input: action=MoveLeft key=2 down=1
[2026-01-31 12:23:27][INFO] physics_basic: input fwd=0 back=1 left=1 right=0 jump=0 sprint=1 dt=0.001000
[2026-01-31 12:23:27][INFO] input: action=Sprint key=6 down=1
[2026-01-31 12:23:27][INFO] input: action=MoveBack key=3 down=1
[2026-01-31 12:23:27][INFO] input: action=MoveLeft key=2 down=1
[2026-01-31 12:23:27][INFO] input: action=Sprint key=6 down=1
[2026-01-31 12:23:27][INFO] input: action=MoveBack key=3 down=1
[2026-01-31 12:23:27][INFO] input: action=MoveLeft key=2 down=1
[2026-01-31 12:23:27][INFO] physics_basic: pos=(3.874952,0.193760,1.215268) vel=(3.568620,-4.594169,-5.742549) grounded=0
[2026-01-31 12:23:27][INFO] physics_basic: input fwd=0 back=1 left=1 right=0 jump=0 sprint=1 dt=0.001000
[2026-01-31 12:23:27][INFO] input: action=Sprint key=6 down=1
[2026-01-31 12:23:27][INFO] input: action=MoveBack key=3 down=1
[2026-01-31 12:23:27][INFO] input: action=MoveLeft key=2 down=1
[2026-01-31 12:23:27][INFO] input: action=Sprint key=6 down=1
[2026-01-31 12:23:27][INFO] input: action=MoveBack key=3 down=1
[2026-01-31 12:23:27][INFO] input: action=MoveLeft key=2 down=1
[2026-01-31 12:23:27][INFO] input: action=Sprint key=6 down=1
[2026-01-31 12:23:27][INFO] input: action=MoveBack key=3 down=1
[2026-01-31 12:23:27][INFO] input: action=MoveLeft key=2 down=1
[2026-01-31 12:23:27][INFO] platform: key_up scancode=4 code=2
[2026-01-31 12:23:27][INFO] input: action=Sprint key=6 down=1
[2026-01-31 12:23:27][INFO] input: action=MoveBack key=3 down=1
[2026-01-31 12:23:27][INFO] physics_basic: pos=(4.081239,-0.000010,0.859613) vel=(3.004971,-0.009800,-6.076587) grounded=1
[2026-01-31 12:23:27][INFO] platform: key_down scancode=7 code=4
[2026-01-31 12:23:27][INFO] physics_basic: input fwd=0 back=1 left=0 right=1 jump=0 sprint=1 dt=0.001000
[2026-01-31 12:23:27][INFO] input: action=Sprint key=6 down=1
[2026-01-31 12:23:27][INFO] input: action=MoveRight key=4 down=1
[2026-01-31 12:23:27][INFO] input: action=MoveBack key=3 down=1
[2026-01-31 12:23:27][INFO] input: action=Sprint key=6 down=1
[2026-01-31 12:23:27][INFO] input: action=MoveRight key=4 down=1
[2026-01-31 12:23:27][INFO] input: action=MoveBack key=3 down=1
[2026-01-31 12:23:27][INFO] input: action=Sprint key=6 down=1
[2026-01-31 12:23:27][INFO] input: action=MoveRight key=4 down=1
[2026-01-31 12:23:27][INFO] input: action=MoveBack key=3 down=1
[2026-01-31 12:23:27][INFO] physics_basic: pos=(4.026836,-0.000010,0.555402) vel=(-3.377649,-0.009800,-4.321283) grounded=1
[2026-01-31 12:23:27][INFO] physics_basic: input fwd=0 back=1 left=0 right=1 jump=0 sprint=1 dt=0.001000
[2026-01-31 12:23:27][INFO] input: action=Sprint key=6 down=1
[2026-01-31 12:23:27][INFO] input: action=MoveRight key=4 down=1
[2026-01-31 12:23:27][INFO] input: action=MoveBack key=3 down=1
[2026-01-31 12:23:27][INFO] input: action=Sprint key=6 down=1
[2026-01-31 12:23:27][INFO] input: action=MoveRight key=4 down=1
[2026-01-31 12:23:27][INFO] input: action=MoveBack key=3 down=1
[2026-01-31 12:23:27][INFO] input: action=Sprint key=6 down=1
[2026-01-31 12:23:27][INFO] input: action=MoveRight key=4 down=1
[2026-01-31 12:23:27][INFO] input: action=MoveBack key=3 down=1
[2026-01-31 12:23:27][INFO] physics_basic: pos=(3.759153,-0.000010,0.311102) vel=(-5.154762,-0.009800,-3.923493) grounded=1
[2026-01-31 12:23:27][INFO] physics_basic: input fwd=0 back=1 left=0 right=1 jump=0 sprint=1 dt=0.001000
[2026-01-31 12:23:27][INFO] input: action=Sprint key=6 down=1
[2026-01-31 12:23:27][INFO] input: action=MoveRight key=4 down=1
[2026-01-31 12:23:27][INFO] input: action=MoveBack key=3 down=1
[2026-01-31 12:23:28][INFO] input: action=Sprint key=6 down=1
[2026-01-31 12:23:28][INFO] input: action=MoveRight key=4 down=1
[2026-01-31 12:23:28][INFO] input: action=MoveBack key=3 down=1
[2026-01-31 12:23:28][INFO] input: action=Sprint key=6 down=1
[2026-01-31 12:23:28][INFO] input: action=MoveRight key=4 down=1
[2026-01-31 12:23:28][INFO] input: action=MoveBack key=3 down=1
[2026-01-31 12:23:28][INFO] physics_basic: pos=(3.425135,-0.000010,0.075846) vel=(-5.682076,-0.009800,-3.813686) grounded=1
[2026-01-31 12:23:28][INFO] physics_basic: input fwd=0 back=1 left=0 right=1 jump=0 sprint=1 dt=0.001000
[2026-01-31 12:23:28][INFO] input: action=Sprint key=6 down=1
[2026-01-31 12:23:28][INFO] input: action=MoveRight key=4 down=1
[2026-01-31 12:23:28][INFO] input: action=MoveBack key=3 down=1
[2026-01-31 12:23:28][INFO] input: action=Sprint key=6 down=1
[2026-01-31 12:23:28][INFO] input: action=MoveRight key=4 down=1
[2026-01-31 12:23:28][INFO] input: action=MoveBack key=3 down=1
[2026-01-31 12:23:28][INFO] input: action=Sprint key=6 down=1
[2026-01-31 12:23:28][INFO] input: action=MoveRight key=4 down=1
[2026-01-31 12:23:28][INFO] input: action=MoveBack key=3 down=1
[2026-01-31 12:23:28][INFO] physics_basic: pos=(3.078660,-0.000010,-0.151820) vel=(-5.834460,-0.009800,-3.781954) grounded=1
[2026-01-31 12:23:28][INFO] physics_basic: input fwd=0 back=1 left=0 right=1 jump=0 sprint=1 dt=0.001000
[2026-01-31 12:23:28][INFO] input: action=Sprint key=6 down=1
[2026-01-31 12:23:28][INFO] input: action=MoveRight key=4 down=1
[2026-01-31 12:23:28][INFO] input: action=MoveBack key=3 down=1
[2026-01-31 12:23:28][INFO] platform: key_up scancode=22 code=3
[2026-01-31 12:23:28][INFO] input: action=Sprint key=6 down=1
[2026-01-31 12:23:28][INFO] input: action=MoveRight key=4 down=1
[2026-01-31 12:23:28][INFO] input: action=Sprint key=6 down=1
[2026-01-31 12:23:28][INFO] input: action=MoveRight key=4 down=1
[2026-01-31 12:23:28][INFO] physics_basic: pos=(2.707868,-0.000010,-0.309460) vel=(-6.422824,-0.009800,-0.796483) grounded=1
[2026-01-31 12:23:28][INFO] physics_basic: input fwd=0 back=0 left=0 right=1 jump=0 sprint=1 dt=0.001000
[2026-01-31 12:23:28][INFO] input: action=Sprint key=6 down=1
[2026-01-31 12:23:28][INFO] input: action=MoveRight key=4 down=1
[2026-01-31 12:23:28][INFO] input: action=Sprint key=6 down=1
[2026-01-31 12:23:28][INFO] input: action=MoveRight key=4 down=1
[2026-01-31 12:23:28][INFO] input: action=Sprint key=6 down=1
[2026-01-31 12:23:28][INFO] input: action=MoveRight key=4 down=1
[2026-01-31 12:23:28][INFO] physics_basic: pos=(2.311553,-0.000010,-0.300089) vel=(-6.723381,-0.009800,0.773160) grounded=1
[2026-01-31 12:23:28][INFO] physics_basic: input fwd=0 back=0 left=0 right=1 jump=0 sprint=1 dt=0.001000
[2026-01-31 12:23:28][INFO] input: action=Sprint key=6 down=1
[2026-01-31 12:23:28][INFO] input: action=MoveRight key=4 down=1
[2026-01-31 12:23:28][INFO] platform: key_down scancode=26 code=1
[2026-01-31 12:23:28][INFO] input: action=Sprint key=6 down=1
[2026-01-31 12:23:28][INFO] input: action=MoveRight key=4 down=1
[2026-01-31 12:23:28][INFO] input: action=MoveForward key=1 down=1
[2026-01-31 12:23:28][INFO] input: action=Sprint key=6 down=1
[2026-01-31 12:23:28][INFO] input: action=MoveRight key=4 down=1
[2026-01-31 12:23:28][INFO] input: action=MoveForward key=1 down=1
[2026-01-31 12:23:28][INFO] physics_basic: pos=(1.922851,-0.000010,-0.199189) vel=(-5.406427,-0.009800,3.302815) grounded=1
[2026-01-31 12:23:28][INFO] physics_basic: input fwd=1 back=0 left=0 right=1 jump=0 sprint=1 dt=0.001000
[2026-01-31 12:23:28][INFO] input: action=Sprint key=6 down=1
[2026-01-31 12:23:28][INFO] input: action=MoveRight key=4 down=1
[2026-01-31 12:23:28][INFO] input: action=MoveForward key=1 down=1
[2026-01-31 12:23:28][INFO] input: action=Sprint key=6 down=1
[2026-01-31 12:23:28][INFO] input: action=MoveRight key=4 down=1
[2026-01-31 12:23:28][INFO] input: action=MoveForward key=1 down=1
[2026-01-31 12:23:28][INFO] input: action=Sprint key=6 down=1
[2026-01-31 12:23:28][INFO] input: action=MoveRight key=4 down=1
[2026-01-31 12:23:28][INFO] input: action=MoveForward key=1 down=1
[2026-01-31 12:23:28][INFO] physics_basic: pos=(1.638859,-0.000010,0.064419) vel=(-4.297185,-0.009800,5.099825) grounded=1
[2026-01-31 12:23:28][INFO] physics_basic: input fwd=1 back=0 left=0 right=1 jump=0 sprint=1 dt=0.001000
[2026-01-31 12:23:28][INFO] input: action=Sprint key=6 down=1
[2026-01-31 12:23:28][INFO] input: action=MoveRight key=4 down=1
[2026-01-31 12:23:28][INFO] input: action=MoveForward key=1 down=1
[2026-01-31 12:23:28][INFO] platform: key_down scancode=44 code=5
[2026-01-31 12:23:28][INFO] input: action=Sprint key=6 down=1
[2026-01-31 12:23:28][INFO] input: action=Jump key=5 down=1
[2026-01-31 12:23:28][INFO] input: action=MoveRight key=4 down=1
[2026-01-31 12:23:28][INFO] input: action=MoveForward key=1 down=1
[2026-01-31 12:23:28][INFO] input: action=Sprint key=6 down=1
[2026-01-31 12:23:28][INFO] input: action=Jump key=5 down=1
[2026-01-31 12:23:28][INFO] input: action=MoveRight key=4 down=1
[2026-01-31 12:23:28][INFO] input: action=MoveForward key=1 down=1
[2026-01-31 12:23:28][INFO] physics_basic: pos=(1.389098,0.210298,0.395545) vel=(-3.964272,4.568802,5.639153) grounded=0
[2026-01-31 12:23:28][INFO] physics_basic: input fwd=1 back=0 left=0 right=1 jump=1 sprint=1 dt=0.001000
[2026-01-31 12:23:28][INFO] input: action=Sprint key=6 down=1
[2026-01-31 12:23:28][INFO] input: action=Jump key=5 down=1
[2026-01-31 12:23:28][INFO] input: action=MoveRight key=4 down=1
[2026-01-31 12:23:28][INFO] input: action=MoveForward key=1 down=1
[2026-01-31 12:23:28][INFO] input: action=Sprint key=6 down=1
[2026-01-31 12:23:28][INFO] input: action=Jump key=5 down=1
[2026-01-31 12:23:28][INFO] input: action=MoveRight key=4 down=1
[2026-01-31 12:23:28][INFO] input: action=MoveForward key=1 down=1
[2026-01-31 12:23:28][INFO] input: action=Sprint key=6 down=1
[2026-01-31 12:23:28][INFO] input: action=Jump key=5 down=1
[2026-01-31 12:23:28][INFO] input: action=MoveRight key=4 down=1
[2026-01-31 12:23:28][INFO] input: action=MoveForward key=1 down=1
[2026-01-31 12:23:28][INFO] physics_basic: pos=(1.154745,0.466492,0.739570) vel=(-3.868067,3.980804,5.795011) grounded=0
[2026-01-31 12:23:28][INFO] physics_basic: input fwd=1 back=0 left=0 right=1 jump=1 sprint=1 dt=0.002000
[2026-01-31 12:23:28][INFO] input: action=Sprint key=6 down=1
[2026-01-31 12:23:28][INFO] input: action=Jump key=5 down=1
[2026-01-31 12:23:28][INFO] input: action=MoveRight key=4 down=1
[2026-01-31 12:23:28][INFO] input: action=MoveForward key=1 down=1
[2026-01-31 12:23:28][INFO] input: action=Sprint key=6 down=1
[2026-01-31 12:23:28][INFO] input: action=Jump key=5 down=1
[2026-01-31 12:23:28][INFO] input: action=MoveRight key=4 down=1
[2026-01-31 12:23:28][INFO] input: action=MoveForward key=1 down=1
[2026-01-31 12:23:28][INFO] platform: key_up scancode=26 code=1
[2026-01-31 12:23:28][INFO] input: action=Sprint key=6 down=1
[2026-01-31 12:23:28][INFO] input: action=Jump key=5 down=1
[2026-01-31 12:23:28][INFO] input: action=MoveRight key=4 down=1
[2026-01-31 12:23:28][INFO] physics_basic: pos=(0.911531,0.690780,1.082610) vel=(-4.718024,3.383007,4.556124) grounded=0
[2026-01-31 12:23:28][INFO] physics_basic: input fwd=0 back=0 left=0 right=1 jump=1 sprint=1 dt=0.001000
[2026-01-31 12:23:28][INFO] input: action=Sprint key=6 down=1
[2026-01-31 12:23:28][INFO] input: action=Jump key=5 down=1
[2026-01-31 12:23:28][INFO] input: action=MoveRight key=4 down=1
[2026-01-31 12:23:28][INFO] input: action=Sprint key=6 down=1
[2026-01-31 12:23:28][INFO] input: action=Jump key=5 down=1
[2026-01-31 12:23:28][INFO] input: action=MoveRight key=4 down=1
[2026-01-31 12:23:28][INFO] input: action=Sprint key=6 down=1
[2026-01-31 12:23:28][INFO] input: action=Jump key=5 down=1
[2026-01-31 12:23:28][INFO] input: action=MoveRight key=4 down=1
[2026-01-31 12:23:28][INFO] physics_basic: pos=(0.573896,0.875826,1.276216) vel=(-6.216111,2.795010,2.365845) grounded=0
[2026-01-31 12:23:28][INFO] physics_basic: input fwd=0 back=0 left=0 right=1 jump=1 sprint=1 dt=0.001000
[2026-01-31 12:23:28][INFO] input: action=Sprint key=6 down=1
[2026-01-31 12:23:28][INFO] input: action=Jump key=5 down=1
[2026-01-31 12:23:28][INFO] input: action=MoveRight key=4 down=1
[2026-01-31 12:23:28][INFO] platform: key_down scancode=22 code=3
[2026-01-31 12:23:28][INFO] input: action=Sprint key=6 down=1
[2026-01-31 12:23:28][INFO] input: action=Jump key=5 down=1
[2026-01-31 12:23:28][INFO] input: action=MoveRight key=4 down=1
[2026-01-31 12:23:28][INFO] input: action=MoveBack key=3 down=1
[2026-01-31 12:23:28][INFO] input: action=Sprint key=6 down=1
[2026-01-31 12:23:28][INFO] input: action=Jump key=5 down=1
[2026-01-31 12:23:28][INFO] input: action=MoveRight key=4 down=1
[2026-01-31 12:23:28][INFO] input: action=MoveBack key=3 down=1
[2026-01-31 12:23:28][INFO] physics_basic: pos=(0.192806,1.025593,1.351289) vel=(-6.201257,2.207012,-0.736516) grounded=0
[2026-01-31 12:23:28][INFO] physics_basic: input fwd=0 back=1 left=0 right=1 jump=1 sprint=1 dt=0.001000
[2026-01-31 12:23:28][INFO] input: action=Sprint key=6 down=1
[2026-01-31 12:23:28][INFO] input: action=Jump key=5 down=1
[2026-01-31 12:23:28][INFO] input: action=MoveRight key=4 down=1
[2026-01-31 12:23:28][INFO] input: action=MoveBack key=3 down=1
[2026-01-31 12:23:28][INFO] input: action=Sprint key=6 down=1
[2026-01-31 12:23:28][INFO] input: action=Jump key=5 down=1
[2026-01-31 12:23:28][INFO] input: action=MoveRight key=4 down=1
[2026-01-31 12:23:28][INFO] input: action=MoveBack key=3 down=1
[2026-01-31 12:23:28][INFO] input: action=Sprint key=6 down=1
[2026-01-31 12:23:28][INFO] input: action=Jump key=5 down=1
[2026-01-31 12:23:28][INFO] input: action=MoveRight key=4 down=1
[2026-01-31 12:23:28][INFO] input: action=MoveBack key=3 down=1
[2026-01-31 12:23:28][INFO] physics_basic: pos=(-0.176524,1.141679,1.225084) vel=(-5.960199,1.609215,-2.926407) grounded=0
[2026-01-31 12:23:28][INFO] physics_basic: input fwd=0 back=1 left=0 right=1 jump=1 sprint=1 dt=0.001000
[2026-01-31 12:23:28][INFO] input: action=Sprint key=6 down=1
[2026-01-31 12:23:28][INFO] input: action=Jump key=5 down=1
[2026-01-31 12:23:28][INFO] input: action=MoveRight key=4 down=1
[2026-01-31 12:23:28][INFO] input: action=MoveBack key=3 down=1
[2026-01-31 12:23:28][INFO] platform: key_up scancode=44 code=5
[2026-01-31 12:23:28][INFO] input: action=Sprint key=6 down=1
[2026-01-31 12:23:28][INFO] input: action=MoveRight key=4 down=1
[2026-01-31 12:23:28][INFO] input: action=MoveBack key=3 down=1
[2026-01-31 12:23:28][INFO] input: action=Sprint key=6 down=1
[2026-01-31 12:23:28][INFO] input: action=MoveRight key=4 down=1
[2026-01-31 12:23:28][INFO] input: action=MoveBack key=3 down=1
[2026-01-31 12:23:28][INFO] physics_basic: pos=(-0.531599,1.220298,1.026454) vel=(-5.890537,1.021217,-3.559247) grounded=0
[2026-01-31 12:23:28][INFO] physics_basic: input fwd=0 back=1 left=0 right=1 jump=0 sprint=1 dt=0.001000
[2026-01-31 12:23:28][INFO] platform: key_down scancode=4 code=2
[2026-01-31 12:23:28][INFO] input: action=Sprint key=6 down=1
[2026-01-31 12:23:28][INFO] input: action=MoveRight key=4 down=1
[2026-01-31 12:23:28][INFO] input: action=MoveBack key=3 down=1
[2026-01-31 12:23:28][INFO] input: action=MoveLeft key=2 down=1
[2026-01-31 12:23:28][INFO] platform: key_up scancode=7 code=4
[2026-01-31 12:23:28][INFO] input: action=Sprint key=6 down=1
[2026-01-31 12:23:28][INFO] input: action=MoveBack key=3 down=1
[2026-01-31 12:23:28][INFO] input: action=MoveLeft key=2 down=1
[2026-01-31 12:23:28][INFO] physics_basic: pos=(-0.756907,1.264051,0.760258) vel=(-0.343242,0.423417,-5.053494) grounded=0
[2026-01-31 12:23:28][INFO] physics_basic: input fwd=0 back=1 left=1 right=0 jump=0 sprint=1 dt=0.001000
[2026-01-31 12:23:28][INFO] input: action=Sprint key=6 down=1
[2026-01-31 12:23:28][INFO] input: action=MoveBack key=3 down=1
[2026-01-31 12:23:28][INFO] input: action=MoveLeft key=2 down=1
[2026-01-31 12:23:28][INFO] input: action=Sprint key=6 down=1
[2026-01-31 12:23:28][INFO] input: action=MoveBack key=3 down=1
[2026-01-31 12:23:28][INFO] input: action=MoveLeft key=2 down=1
[2026-01-31 12:23:28][INFO] input: action=Sprint key=6 down=1
[2026-01-31 12:23:28][INFO] input: action=MoveBack key=3 down=1
[2026-01-31 12:23:28][INFO] input: action=MoveLeft key=2 down=1
[2026-01-31 12:23:28][INFO] physics_basic: pos=(-0.663447,1.271522,0.441472) vel=(2.788764,-0.164583,-5.481228) grounded=0
[2026-01-31 12:23:28][INFO] physics_basic: input fwd=0 back=1 left=1 right=0 jump=0 sprint=1 dt=0.001000
[2026-01-31 12:23:28][INFO] input: action=Sprint key=6 down=1
[2026-01-31 12:23:28][INFO] input: action=MoveBack key=3 down=1
[2026-01-31 12:23:28][INFO] input: action=MoveLeft key=2 down=1
[2026-01-31 12:23:28][INFO] input: action=Sprint key=6 down=1
[2026-01-31 12:23:28][INFO] input: action=MoveBack key=3 down=1
[2026-01-31 12:23:28][INFO] input: action=MoveLeft key=2 down=1
[2026-01-31 12:23:28][INFO] input: action=Sprint key=6 down=1
[2026-01-31 12:23:28][INFO] input: action=MoveBack key=3 down=1
[2026-01-31 12:23:28][INFO] input: action=MoveLeft key=2 down=1
[2026-01-31 12:23:28][INFO] physics_basic: pos=(-0.458442,1.242941,0.102352) vel=(3.728759,-0.762383,-5.609601) grounded=0
[2026-01-31 12:23:28][INFO] physics_basic: input fwd=0 back=1 left=1 right=0 jump=0 sprint=1 dt=0.001000
[2026-01-31 12:23:28][INFO] input: action=Sprint key=6 down=1
[2026-01-31 12:23:28][INFO] input: action=MoveBack key=3 down=1
[2026-01-31 12:23:28][INFO] input: action=MoveLeft key=2 down=1
[2026-01-31 12:23:28][INFO] input: action=Sprint key=6 down=1
[2026-01-31 12:23:28][INFO] input: action=MoveBack key=3 down=1
[2026-01-31 12:23:28][INFO] input: action=MoveLeft key=2 down=1
[2026-01-31 12:23:28][INFO] input: action=Sprint key=6 down=1
[2026-01-31 12:23:28][INFO] input: action=MoveBack key=3 down=1
[2026-01-31 12:23:28][INFO] input: action=MoveLeft key=2 down=1
[2026-01-31 12:23:28][INFO] physics_basic: pos=(-0.224824,1.179263,-0.235575) vel=(4.000401,-1.350382,-5.646698) grounded=0
[2026-01-31 12:23:28][INFO] physics_basic: input fwd=0 back=1 left=1 right=0 jump=0 sprint=1 dt=0.001000
[2026-01-31 12:23:28][INFO] input: action=Sprint key=6 down=1
[2026-01-31 12:23:28][INFO] input: action=MoveBack key=3 down=1
[2026-01-31 12:23:28][INFO] input: action=MoveLeft key=2 down=1
[2026-01-31 12:23:29][INFO] input: action=Sprint key=6 down=1
[2026-01-31 12:23:29][INFO] input: action=MoveBack key=3 down=1
[2026-01-31 12:23:29][INFO] input: action=MoveLeft key=2 down=1
[2026-01-31 12:23:29][INFO] input: action=Sprint key=6 down=1
[2026-01-31 12:23:29][INFO] input: action=MoveBack key=3 down=1
[2026-01-31 12:23:29][INFO] input: action=MoveLeft key=2 down=1
[2026-01-31 12:23:29][INFO] platform: key_up scancode=22 code=3
[2026-01-31 12:23:29][INFO] physics_basic: pos=(0.027624,1.078349,-0.571626) vel=(4.771371,-1.948180,-4.532332) grounded=0
[2026-01-31 12:23:29][INFO] input: action=Sprint key=6 down=1
[2026-01-31 12:23:29][INFO] input: action=MoveLeft key=2 down=1
[2026-01-31 12:23:29][INFO] physics_basic: input fwd=0 back=0 left=1 right=0 jump=0 sprint=1 dt=0.001000
[2026-01-31 12:23:29][INFO] input: action=Sprint key=6 down=1
[2026-01-31 12:23:29][INFO] input: action=MoveLeft key=2 down=1
[2026-01-31 12:23:29][INFO] input: action=Sprint key=6 down=1
[2026-01-31 12:23:29][INFO] input: action=MoveLeft key=2 down=1
[2026-01-31 12:23:29][INFO] platform: key_up scancode=225 code=6
[2026-01-31 12:23:29][INFO] physics_basic: pos=(0.367120,0.943524,-0.755357) vel=(5.885694,-2.536177,-2.055163) grounded=0
[2026-01-31 12:23:29][INFO] physics_basic: input fwd=0 back=0 left=1 right=0 jump=0 sprint=0 dt=0.001000
[2026-01-31 12:23:29][INFO] input: action=MoveLeft key=2 down=1
[2026-01-31 12:23:29][INFO] input: action=MoveLeft key=2 down=1
[2026-01-31 12:23:29][INFO] input: action=MoveLeft key=2 down=1
[2026-01-31 12:23:29][INFO] platform: key_down scancode=225 code=6
[2026-01-31 12:23:29][INFO] physics_basic: pos=(0.675432,0.770276,-0.843134) vel=(4.632166,-3.133975,-1.060472) grounded=0
[2026-01-31 12:23:29][INFO] physics_basic: input fwd=0 back=0 left=1 right=0 jump=0 sprint=1 dt=0.001000
[2026-01-31 12:23:29][INFO] input: action=Sprint key=6 down=1
[2026-01-31 12:23:29][INFO] input: action=MoveLeft key=2 down=1
[2026-01-31 12:23:29][INFO] input: action=Sprint key=6 down=1
[2026-01-31 12:23:29][INFO] input: action=MoveLeft key=2 down=1
[2026-01-31 12:23:29][INFO] input: action=Sprint key=6 down=1
[2026-01-31 12:23:29][INFO] input: action=MoveLeft key=2 down=1
[2026-01-31 12:23:29][INFO] physics_basic: pos=(1.011732,0.564303,-0.907616) vel=(6.235037,-3.721972,-1.083922) grounded=0
[2026-01-31 12:23:29][INFO] physics_basic: input fwd=0 back=0 left=1 right=0 jump=0 sprint=1 dt=0.001000
[2026-01-31 12:23:29][INFO] input: action=Sprint key=6 down=1
[2026-01-31 12:23:29][INFO] input: action=MoveLeft key=2 down=1
[2026-01-31 12:23:29][INFO] platform: key_down scancode=26 code=1
[2026-01-31 12:23:29][INFO] input: action=Sprint key=6 down=1
[2026-01-31 12:23:29][INFO] input: action=MoveLeft key=2 down=1
[2026-01-31 12:23:29][INFO] input: action=MoveForward key=1 down=1
[2026-01-31 12:23:29][INFO] input: action=Sprint key=6 down=1
[2026-01-31 12:23:29][INFO] input: action=MoveLeft key=2 down=1
[2026-01-31 12:23:29][INFO] input: action=MoveForward key=1 down=1
[2026-01-31 12:23:29][INFO] physics_basic: pos=(1.408696,0.310033,-0.914965) vel=(6.053097,-4.339370,1.701721) grounded=0
[2026-01-31 12:23:29][INFO] physics_basic: input fwd=1 back=0 left=1 right=0 jump=0 sprint=1 dt=0.001000
[2026-01-31 12:23:29][INFO] input: action=Sprint key=6 down=1
[2026-01-31 12:23:29][INFO] input: action=MoveLeft key=2 down=1
[2026-01-31 12:23:29][INFO] input: action=MoveForward key=1 down=1
[2026-01-31 12:23:29][INFO] input: action=Sprint key=6 down=1
[2026-01-31 12:23:29][INFO] input: action=MoveLeft key=2 down=1
[2026-01-31 12:23:29][INFO] input: action=MoveForward key=1 down=1
[2026-01-31 12:23:29][INFO] input: action=Sprint key=6 down=1
[2026-01-31 12:23:29][INFO] input: action=MoveLeft key=2 down=1
[2026-01-31 12:23:29][INFO] input: action=MoveForward key=1 down=1
[2026-01-31 12:23:29][INFO] physics_basic: pos=(1.761888,0.031737,-0.751118) vel=(5.778663,-4.927367,3.397249) grounded=0
[2026-01-31 12:23:29][INFO] physics_basic: input fwd=1 back=0 left=1 right=0 jump=0 sprint=1 dt=0.001000
[2026-01-31 12:23:29][INFO] input: action=Sprint key=6 down=1
[2026-01-31 12:23:29][INFO] input: action=MoveLeft key=2 down=1
[2026-01-31 12:23:29][INFO] input: action=MoveForward key=1 down=1
[2026-01-31 12:23:29][INFO] input: action=Sprint key=6 down=1
[2026-01-31 12:23:29][INFO] input: action=MoveLeft key=2 down=1
[2026-01-31 12:23:29][INFO] input: action=MoveForward key=1 down=1
[2026-01-31 12:23:29][INFO] input: action=Sprint key=6 down=1
[2026-01-31 12:23:29][INFO] input: action=MoveLeft key=2 down=1
[2026-01-31 12:23:29][INFO] input: action=MoveForward key=1 down=1
[2026-01-31 12:23:29][INFO] physics_basic: pos=(2.111328,-0.000010,-0.524993) vel=(5.696298,-0.009800,3.906121) grounded=1
[2026-01-31 12:23:29][INFO] physics_basic: input fwd=1 back=0 left=1 right=0 jump=0 sprint=1 dt=0.001000
[2026-01-31 12:23:29][INFO] input: action=Sprint key=6 down=1
[2026-01-31 12:23:29][INFO] input: action=MoveLeft key=2 down=1
[2026-01-31 12:23:29][INFO] input: action=MoveForward key=1 down=1
[2026-01-31 12:23:29][INFO] input: action=Sprint key=6 down=1
[2026-01-31 12:23:29][INFO] input: action=MoveLeft key=2 down=1
[2026-01-31 12:23:29][INFO] input: action=MoveForward key=1 down=1
[2026-01-31 12:23:29][INFO] input: action=Sprint key=6 down=1
[2026-01-31 12:23:29][INFO] input: action=MoveLeft key=2 down=1
[2026-01-31 12:23:29][INFO] input: action=MoveForward key=1 down=1
[2026-01-31 12:23:29][INFO] physics_basic: pos=(2.452240,-0.000010,-0.285270) vel=(5.672496,-0.009800,4.053176) grounded=1
[2026-01-31 12:23:29][INFO] physics_basic: input fwd=1 back=0 left=1 right=0 jump=0 sprint=1 dt=0.001000
[2026-01-31 12:23:29][INFO] input: action=Sprint key=6 down=1
[2026-01-31 12:23:29][INFO] input: action=MoveLeft key=2 down=1
[2026-01-31 12:23:29][INFO] input: action=MoveForward key=1 down=1
[2026-01-31 12:23:29][INFO] platform: key_up scancode=4 code=2
[2026-01-31 12:23:29][INFO] input: action=Sprint key=6 down=1
[2026-01-31 12:23:29][INFO] input: action=MoveForward key=1 down=1
[2026-01-31 12:23:29][INFO] input: action=Sprint key=6 down=1
[2026-01-31 12:23:29][INFO] input: action=MoveForward key=1 down=1
[2026-01-31 12:23:29][INFO] physics_basic: pos=(2.758386,-0.000010,-0.012124) vel=(3.490185,-0.009800,5.429741) grounded=1
[2026-01-31 12:23:29][INFO] physics_basic: input fwd=1 back=0 left=0 right=0 jump=0 sprint=1 dt=0.001000
[2026-01-31 12:23:29][INFO] input: action=Sprint key=6 down=1
[2026-01-31 12:23:29][INFO] input: action=MoveForward key=1 down=1
[2026-01-31 12:23:29][INFO] input: action=Sprint key=6 down=1
[2026-01-31 12:23:29][INFO] input: action=MoveForward key=1 down=1
[2026-01-31 12:23:29][INFO] platform: key_down scancode=7 code=4
[2026-01-31 12:23:29][INFO] input: action=Sprint key=6 down=1
[2026-01-31 12:23:29][INFO] input: action=MoveRight key=4 down=1
[2026-01-31 12:23:29][INFO] input: action=MoveForward key=1 down=1
[2026-01-31 12:23:29][INFO] physics_basic: pos=(2.893652,-0.000010,0.348542) vel=(0.368064,-0.009800,6.126665) grounded=1
[2026-01-31 12:23:29][INFO] physics_basic: input fwd=1 back=0 left=0 right=1 jump=0 sprint=1 dt=0.001000
[2026-01-31 12:23:29][INFO] input: action=Sprint key=6 down=1
[2026-01-31 12:23:29][INFO] input: action=MoveRight key=4 down=1
[2026-01-31 12:23:29][INFO] input: action=MoveForward key=1 down=1
[2026-01-31 12:23:29][INFO] input: action=Sprint key=6 down=1
[2026-01-31 12:23:29][INFO] input: action=MoveRight key=4 down=1
[2026-01-31 12:23:29][INFO] input: action=MoveForward key=1 down=1
[2026-01-31 12:23:29][INFO] input: action=Sprint key=6 down=1
[2026-01-31 12:23:29][INFO] input: action=MoveRight key=4 down=1
[2026-01-31 12:23:29][INFO] input: action=MoveForward key=1 down=1
[2026-01-31 12:23:29][INFO] physics_basic: pos=(2.798168,-0.000010,0.710063) vel=(-2.804193,-0.009800,5.800907) grounded=1
[2026-01-31 12:23:29][INFO] physics_basic: input fwd=1 back=0 left=0 right=1 jump=0 sprint=1 dt=0.001000
[2026-01-31 12:23:29][INFO] input: action=Sprint key=6 down=1
[2026-01-31 12:23:29][INFO] input: action=MoveRight key=4 down=1
[2026-01-31 12:23:29][INFO] input: action=MoveForward key=1 down=1
[2026-01-31 12:23:29][INFO] input: action=Sprint key=6 down=1
[2026-01-31 12:23:29][INFO] input: action=MoveRight key=4 down=1
[2026-01-31 12:23:29][INFO] input: action=MoveForward key=1 down=1
[2026-01-31 12:23:29][INFO] input: action=Sprint key=6 down=1
[2026-01-31 12:23:29][INFO] input: action=MoveRight key=4 down=1
[2026-01-31 12:23:29][INFO] input: action=MoveForward key=1 down=1
[2026-01-31 12:23:29][INFO] physics_basic: pos=(2.607691,-0.000010,1.062029) vel=(-3.283418,-0.009800,5.985891) grounded=1
[2026-01-31 12:23:29][INFO] physics_basic: input fwd=1 back=0 left=0 right=1 jump=0 sprint=1 dt=0.001000
[2026-01-31 12:23:29][INFO] input: action=Sprint key=6 down=1
[2026-01-31 12:23:29][INFO] input: action=MoveRight key=4 down=1
[2026-01-31 12:23:29][INFO] input: action=MoveForward key=1 down=1
[2026-01-31 12:23:29][INFO] input: action=Sprint key=6 down=1
[2026-01-31 12:23:29][INFO] input: action=MoveRight key=4 down=1
[2026-01-31 12:23:29][INFO] input: action=MoveForward key=1 down=1
[2026-01-31 12:23:29][INFO] physics_basic: pos=(2.445727,-0.000010,1.445402) vel=(-1.514280,-0.009800,6.586698) grounded=1
[2026-01-31 12:23:29][INFO] physics_basic: input fwd=1 back=0 left=0 right=1 jump=0 sprint=1 dt=0.001000
[2026-01-31 12:23:29][INFO] input: action=Sprint key=6 down=1
[2026-01-31 12:23:29][INFO] input: action=MoveRight key=4 down=1
[2026-01-31 12:23:29][INFO] input: action=MoveForward key=1 down=1
[2026-01-31 12:23:29][INFO] input: action=Sprint key=6 down=1
[2026-01-31 12:23:29][INFO] input: action=MoveRight key=4 down=1
[2026-01-31 12:23:29][INFO] input: action=MoveForward key=1 down=1
[2026-01-31 12:23:29][INFO] input: action=Sprint key=6 down=1
[2026-01-31 12:23:29][INFO] input: action=MoveRight key=4 down=1
[2026-01-31 12:23:29][INFO] input: action=MoveForward key=1 down=1
[2026-01-31 12:23:29][INFO] physics_basic: pos=(2.447919,-0.000010,1.842543) vel=(1.138259,-0.009800,6.610744) grounded=1
[2026-01-31 12:23:29][INFO] physics_basic: input fwd=1 back=0 left=0 right=1 jump=0 sprint=1 dt=0.001000
[2026-01-31 12:23:29][INFO] input: action=Sprint key=6 down=1
[2026-01-31 12:23:29][INFO] input: action=MoveRight key=4 down=1
[2026-01-31 12:23:29][INFO] input: action=MoveForward key=1 down=1
[2026-01-31 12:23:29][INFO] input: action=Sprint key=6 down=1
[2026-01-31 12:23:29][INFO] input: action=MoveRight key=4 down=1
[2026-01-31 12:23:29][INFO] input: action=MoveForward key=1 down=1
[2026-01-31 12:23:29][INFO] input: action=Sprint key=6 down=1
[2026-01-31 12:23:29][INFO] input: action=MoveRight key=4 down=1
[2026-01-31 12:23:29][INFO] input: action=MoveForward key=1 down=1
[2026-01-31 12:23:29][INFO] physics_basic: pos=(2.549119,-0.000010,2.245391) vel=(2.004265,-0.009800,6.595942) grounded=1
[2026-01-31 12:23:29][INFO] physics_basic: input fwd=1 back=0 left=0 right=1 jump=0 sprint=1 dt=0.001000
[2026-01-31 12:23:29][INFO] platform: key_up scancode=26 code=1
[2026-01-31 12:23:29][INFO] input: action=Sprint key=6 down=1
[2026-01-31 12:23:29][INFO] input: action=MoveRight key=4 down=1
[2026-01-31 12:23:29][INFO] input: action=Sprint key=6 down=1
[2026-01-31 12:23:29][INFO] input: action=MoveRight key=4 down=1
[2026-01-31 12:23:29][INFO] physics_basic: pos=(2.580724,-0.000010,2.639152) vel=(-0.791265,-0.009800,6.588847) grounded=1
[2026-01-31 12:23:29][INFO] input: action=Sprint key=6 down=1
[2026-01-31 12:23:29][INFO] input: action=MoveRight key=4 down=1
[2026-01-31 12:23:29][INFO] physics_basic: input fwd=0 back=0 left=0 right=1 jump=0 sprint=1 dt=0.001000
[2026-01-31 12:23:29][INFO] platform: key_down scancode=26 code=1
[2026-01-31 12:23:29][INFO] input: action=Sprint key=6 down=1
[2026-01-31 12:23:29][INFO] input: action=MoveRight key=4 down=1
[2026-01-31 12:23:29][INFO] input: action=MoveForward key=1 down=1
[2026-01-31 12:23:30][INFO] input: action=Sprint key=6 down=1
[2026-01-31 12:23:30][INFO] input: action=MoveRight key=4 down=1
[2026-01-31 12:23:30][INFO] input: action=MoveForward key=1 down=1
[2026-01-31 12:23:30][INFO] physics_basic: pos=(2.635697,-0.000010,3.012072) vel=(3.102216,-0.009800,5.186736) grounded=1
[2026-01-31 12:23:30][INFO] physics_basic: input fwd=1 back=0 left=0 right=1 jump=0 sprint=1 dt=0.001000
[2026-01-31 12:23:30][INFO] input: action=Sprint key=6 down=1
[2026-01-31 12:23:30][INFO] input: action=MoveRight key=4 down=1
[2026-01-31 12:23:30][INFO] input: action=MoveForward key=1 down=1
[2026-01-31 12:23:30][INFO] input: action=Sprint key=6 down=1
[2026-01-31 12:23:30][INFO] input: action=MoveRight key=4 down=1
[2026-01-31 12:23:30][INFO] input: action=MoveForward key=1 down=1
[2026-01-31 12:23:30][INFO] input: action=Sprint key=6 down=1
[2026-01-31 12:23:30][INFO] input: action=MoveRight key=4 down=1
[2026-01-31 12:23:30][INFO] input: action=MoveForward key=1 down=1
[2026-01-31 12:23:30][INFO] physics_basic: pos=(2.917157,-0.000010,3.216336) vel=(5.773376,-0.009800,1.575935) grounded=1
[2026-01-31 12:23:30][INFO] physics_basic: input fwd=1 back=0 left=0 right=1 jump=0 sprint=1 dt=0.001000
[2026-01-31 12:23:30][INFO] input: action=Sprint key=6 down=1
[2026-01-31 12:23:30][INFO] input: action=MoveRight key=4 down=1
[2026-01-31 12:23:30][INFO] input: action=MoveForward key=1 down=1
[2026-01-31 12:23:30][INFO] input: action=Sprint key=6 down=1
[2026-01-31 12:23:30][INFO] input: action=MoveRight key=4 down=1
[2026-01-31 12:23:30][INFO] input: action=MoveForward key=1 down=1
[2026-01-31 12:23:30][INFO] input: action=Sprint key=6 down=1
[2026-01-31 12:23:30][INFO] input: action=MoveRight key=4 down=1
[2026-01-31 12:23:30][INFO] input: action=MoveForward key=1 down=1
[2026-01-31 12:23:30][INFO] physics_basic: pos=(3.289049,-0.000010,3.208315) vel=(6.056226,-0.009800,-1.767947) grounded=1
[2026-01-31 12:23:30][INFO] physics_basic: input fwd=1 back=0 left=0 right=1 jump=0 sprint=1 dt=0.001000
[2026-01-31 12:23:30][INFO] input: action=Sprint key=6 down=1
[2026-01-31 12:23:30][INFO] input: action=MoveRight key=4 down=1
[2026-01-31 12:23:30][INFO] input: action=MoveForward key=1 down=1
[2026-01-31 12:23:30][INFO] input: action=Sprint key=6 down=1
[2026-01-31 12:23:30][INFO] input: action=MoveRight key=4 down=1
[2026-01-31 12:23:30][INFO] input: action=MoveForward key=1 down=1
[2026-01-31 12:23:30][INFO] input: action=Sprint key=6 down=1
[2026-01-31 12:23:30][INFO] input: action=MoveRight key=4 down=1
[2026-01-31 12:23:30][INFO] input: action=MoveForward key=1 down=1
[2026-01-31 12:23:30][INFO] physics_basic: pos=(3.626689,-0.000010,3.023741) vel=(5.244462,-0.009800,-4.032206) grounded=1
[2026-01-31 12:23:30][INFO] physics_basic: input fwd=1 back=0 left=0 right=1 jump=0 sprint=1 dt=0.001000
[2026-01-31 12:23:30][INFO] input: action=Sprint key=6 down=1
[2026-01-31 12:23:30][INFO] input: action=MoveRight key=4 down=1
[2026-01-31 12:23:30][INFO] input: action=MoveForward key=1 down=1
[2026-01-31 12:23:30][INFO] platform: key_up scancode=7 code=4
[2026-01-31 12:23:30][INFO] input: action=Sprint key=6 down=1
[2026-01-31 12:23:30][INFO] input: action=MoveForward key=1 down=1
[2026-01-31 12:23:30][INFO] input: action=Sprint key=6 down=1
[2026-01-31 12:23:30][INFO] input: action=MoveForward key=1 down=1
[2026-01-31 12:23:30][INFO] physics_basic: pos=(3.892560,-0.000010,2.733779) vel=(2.523072,-0.009800,-5.673944) grounded=1
[2026-01-31 12:23:30][INFO] physics_basic: input fwd=1 back=0 left=0 right=0 jump=0 sprint=1 dt=0.001000
[2026-01-31 12:23:30][INFO] input: action=Sprint key=6 down=1
[2026-01-31 12:23:30][INFO] input: action=MoveForward key=1 down=1
[2026-01-31 12:23:30][INFO] input: action=Sprint key=6 down=1
[2026-01-31 12:23:30][INFO] input: action=MoveForward key=1 down=1
[2026-01-31 12:23:30][INFO] input: action=Sprint key=6 down=1
[2026-01-31 12:23:30][INFO] input: action=MoveForward key=1 down=1
[2026-01-31 12:23:30][INFO] platform: key_down scancode=4 code=2
[2026-01-31 12:23:30][INFO] physics_basic: pos=(3.956542,-0.000010,2.362712) vel=(-0.595854,-0.009800,-6.130377) grounded=1
[2026-01-31 12:23:30][INFO] physics_basic: input fwd=1 back=0 left=1 right=0 jump=0 sprint=1 dt=0.001000
[2026-01-31 12:23:30][INFO] input: action=Sprint key=6 down=1
[2026-01-31 12:23:30][INFO] input: action=MoveLeft key=2 down=1
[2026-01-31 12:23:30][INFO] input: action=MoveForward key=1 down=1
[2026-01-31 12:23:30][INFO] input: action=Sprint key=6 down=1
[2026-01-31 12:23:30][INFO] input: action=MoveLeft key=2 down=1
[2026-01-31 12:23:30][INFO] input: action=MoveForward key=1 down=1
[2026-01-31 12:23:30][INFO] input: action=Sprint key=6 down=1
[2026-01-31 12:23:30][INFO] input: action=MoveLeft key=2 down=1
[2026-01-31 12:23:30][INFO] input: action=MoveForward key=1 down=1
[2026-01-31 12:23:30][INFO] physics_basic: pos=(3.793449,-0.000010,2.043410) vel=(-4.130442,-0.009800,-4.747166) grounded=1
[2026-01-31 12:23:30][INFO] physics_basic: input fwd=1 back=0 left=1 right=0 jump=0 sprint=1 dt=0.001000
[2026-01-31 12:23:30][INFO] input: action=Sprint key=6 down=1
[2026-01-31 12:23:30][INFO] input: action=MoveLeft key=2 down=1
[2026-01-31 12:23:30][INFO] input: action=MoveForward key=1 down=1
[2026-01-31 12:23:30][INFO] input: action=Sprint key=6 down=1
[2026-01-31 12:23:30][INFO] input: action=MoveLeft key=2 down=1
[2026-01-31 12:23:30][INFO] input: action=MoveForward key=1 down=1
[2026-01-31 12:23:30][INFO] input: action=Sprint key=6 down=1
[2026-01-31 12:23:30][INFO] input: action=MoveLeft key=2 down=1
[2026-01-31 12:23:30][INFO] input: action=MoveForward key=1 down=1
[2026-01-31 12:23:30][INFO] physics_basic: pos=(3.503097,-0.000010,1.779508) vel=(-5.323456,-0.009800,-4.134760) grounded=1
[2026-01-31 12:23:30][INFO] physics_basic: input fwd=1 back=0 left=1 right=0 jump=0 sprint=1 dt=0.001000
[2026-01-31 12:23:30][INFO] input: action=Sprint key=6 down=1
[2026-01-31 12:23:30][INFO] input: action=MoveLeft key=2 down=1
[2026-01-31 12:23:30][INFO] input: action=MoveForward key=1 down=1
[2026-01-31 12:23:30][INFO] input: action=Sprint key=6 down=1
[2026-01-31 12:23:30][INFO] input: action=MoveLeft key=2 down=1
[2026-01-31 12:23:30][INFO] input: action=MoveForward key=1 down=1
[2026-01-31 12:23:30][INFO] platform: key_up scancode=225 code=6
[2026-01-31 12:23:30][INFO] input: action=MoveLeft key=2 down=1
[2026-01-31 12:23:30][INFO] input: action=MoveForward key=1 down=1
[2026-01-31 12:23:30][INFO] physics_basic: pos=(3.171311,-0.000010,1.547009) vel=(-4.932671,-0.009800,-3.192412) grounded=1
[2026-01-31 12:23:30][INFO] physics_basic: input fwd=1 back=0 left=1 right=0 jump=0 sprint=0 dt=0.001000
[2026-01-31 12:23:30][INFO] input: action=MoveLeft key=2 down=1
[2026-01-31 12:23:30][INFO] input: action=MoveForward key=1 down=1
[2026-01-31 12:23:30][INFO] input: action=MoveLeft key=2 down=1
[2026-01-31 12:23:30][INFO] input: action=MoveForward key=1 down=1
[2026-01-31 12:23:30][INFO] input: action=MoveLeft key=2 down=1
[2026-01-31 12:23:30][INFO] input: action=MoveForward key=1 down=1
[2026-01-31 12:23:30][INFO] physics_basic: pos=(2.909041,-0.000010,1.393609) vel=(-4.061775,-0.009800,-2.014294) grounded=1
[2026-01-31 12:23:30][INFO] physics_basic: input fwd=1 back=0 left=1 right=0 jump=0 sprint=0 dt=0.001000
[2026-01-31 12:23:30][INFO] input: action=MoveLeft key=2 down=1
[2026-01-31 12:23:30][INFO] input: action=MoveForward key=1 down=1
[2026-01-31 12:23:30][INFO] input: action=MoveLeft key=2 down=1
[2026-01-31 12:23:30][INFO] input: action=MoveForward key=1 down=1
[2026-01-31 12:23:30][INFO] input: action=MoveLeft key=2 down=1
[2026-01-31 12:23:30][INFO] input: action=MoveForward key=1 down=1
[2026-01-31 12:23:30][INFO] physics_basic: pos=(2.664057,-0.000010,1.312663) vel=(-4.001893,-0.009800,-0.634323) grounded=1
[2026-01-31 12:23:30][INFO] physics_basic: input fwd=1 back=0 left=1 right=0 jump=0 sprint=0 dt=0.001000
[2026-01-31 12:23:30][INFO] input: action=MoveLeft key=2 down=1
[2026-01-31 12:23:30][INFO] input: action=MoveForward key=1 down=1
[2026-01-31 12:23:30][INFO] input: action=MoveLeft key=2 down=1
[2026-01-31 12:23:30][INFO] input: action=MoveForward key=1 down=1
[2026-01-31 12:23:30][INFO] input: action=MoveLeft key=2 down=1
[2026-01-31 12:23:30][INFO] input: action=MoveForward key=1 down=1
[2026-01-31 12:23:30][INFO] physics_basic: pos=(2.425353,-0.000010,1.307055) vel=(-3.943075,-0.009800,0.360826) grounded=1
[2026-01-31 12:23:30][INFO] physics_basic: input fwd=1 back=0 left=1 right=0 jump=0 sprint=0 dt=0.001000
[2026-01-31 12:23:30][INFO] input: action=MoveLeft key=2 down=1
[2026-01-31 12:23:30][INFO] input: action=MoveForward key=1 down=1
[2026-01-31 12:23:30][INFO] input: action=MoveLeft key=2 down=1
[2026-01-31 12:23:30][INFO] input: action=MoveForward key=1 down=1
[2026-01-31 12:23:30][INFO] input: action=MoveLeft key=2 down=1
[2026-01-31 12:23:30][INFO] input: action=MoveForward key=1 down=1
[2026-01-31 12:23:30][INFO] physics_basic: pos=(2.189554,-0.000010,1.355025) vel=(-3.788721,-0.009800,1.133172) grounded=1
[2026-01-31 12:23:30][INFO] physics_basic: input fwd=1 back=0 left=1 right=0 jump=0 sprint=0 dt=0.001000
[2026-01-31 12:23:30][INFO] platform: key_down scancode=225 code=6
[2026-01-31 12:23:30][INFO] input: action=Sprint key=6 down=1
[2026-01-31 12:23:30][INFO] input: action=MoveLeft key=2 down=1
[2026-01-31 12:23:30][INFO] input: action=MoveForward key=1 down=1
[2026-01-31 12:23:30][INFO] input: action=Sprint key=6 down=1
[2026-01-31 12:23:30][INFO] input: action=MoveLeft key=2 down=1
[2026-01-31 12:23:30][INFO] input: action=MoveForward key=1 down=1
[2026-01-31 12:23:30][INFO] physics_basic: pos=(1.913017,-0.000010,1.469665) vel=(-5.276670,-0.009800,2.701694) grounded=1
[2026-01-31 12:23:30][INFO] physics_basic: input fwd=1 back=0 left=1 right=0 jump=0 sprint=1 dt=0.001000
[2026-01-31 12:23:30][INFO] input: action=Sprint key=6 down=1
[2026-01-31 12:23:30][INFO] input: action=MoveLeft key=2 down=1
[2026-01-31 12:23:30][INFO] input: action=MoveForward key=1 down=1
[2026-01-31 12:23:30][INFO] input: action=Sprint key=6 down=1
[2026-01-31 12:23:30][INFO] input: action=MoveLeft key=2 down=1
[2026-01-31 12:23:30][INFO] input: action=MoveForward key=1 down=1
[2026-01-31 12:23:30][INFO] input: action=Sprint key=6 down=1
[2026-01-31 12:23:30][INFO] input: action=MoveLeft key=2 down=1
[2026-01-31 12:23:30][INFO] input: action=MoveForward key=1 down=1
[2026-01-31 12:23:30][INFO] input: action=Sprint key=6 down=1
[2026-01-31 12:23:30][INFO] input: action=MoveLeft key=2 down=1
[2026-01-31 12:23:30][INFO] input: action=MoveForward key=1 down=1
[2026-01-31 12:23:30][INFO] physics_basic: pos=(1.577173,-0.000010,1.666222) vel=(-5.632654,-0.009800,3.585567) grounded=1
[2026-01-31 12:23:30][INFO] physics_basic: input fwd=1 back=0 left=1 right=0 jump=0 sprint=1 dt=0.001000
[2026-01-31 12:23:30][INFO] platform: key_down scancode=7 code=4
[2026-01-31 12:23:30][INFO] input: action=Sprint key=6 down=1
[2026-01-31 12:23:30][INFO] input: action=MoveRight key=4 down=1
[2026-01-31 12:23:30][INFO] input: action=MoveLeft key=2 down=1
[2026-01-31 12:23:30][INFO] input: action=MoveForward key=1 down=1
[2026-01-31 12:23:30][INFO] input: action=Sprint key=6 down=1
[2026-01-31 12:23:30][INFO] input: action=MoveRight key=4 down=1
[2026-01-31 12:23:30][INFO] input: action=MoveLeft key=2 down=1
[2026-01-31 12:23:30][INFO] input: action=MoveForward key=1 down=1
[2026-01-31 12:23:30][INFO] input: action=Sprint key=6 down=1
[2026-01-31 12:23:30][INFO] input: action=MoveRight key=4 down=1
[2026-01-31 12:23:30][INFO] input: action=MoveLeft key=2 down=1
[2026-01-31 12:23:30][INFO] input: action=MoveForward key=1 down=1
[2026-01-31 12:23:30][INFO] physics_basic: pos=(1.203193,-0.000010,1.776957) vel=(-6.517345,-0.009800,0.441272) grounded=1
[2026-01-31 12:23:30][INFO] physics_basic: input fwd=1 back=0 left=1 right=1 jump=0 sprint=1 dt=0.001000
[2026-01-31 12:23:30][INFO] input: action=Sprint key=6 down=1
[2026-01-31 12:23:30][INFO] input: action=MoveRight key=4 down=1
[2026-01-31 12:23:30][INFO] input: action=MoveLeft key=2 down=1
[2026-01-31 12:23:30][INFO] input: action=MoveForward key=1 down=1
[2026-01-31 12:23:30][INFO] input: action=Sprint key=6 down=1
[2026-01-31 12:23:30][INFO] input: action=MoveRight key=4 down=1
[2026-01-31 12:23:30][INFO] input: action=MoveLeft key=2 down=1
[2026-01-31 12:23:30][INFO] input: action=MoveForward key=1 down=1
[2026-01-31 12:23:30][INFO] platform: key_down scancode=44 code=5
[2026-01-31 12:23:30][INFO] input: action=Sprint key=6 down=1
[2026-01-31 12:23:30][INFO] input: action=Jump key=5 down=1
[2026-01-31 12:23:30][INFO] input: action=MoveRight key=4 down=1
[2026-01-31 12:23:30][INFO] input: action=MoveLeft key=2 down=1
[2026-01-31 12:23:30][INFO] input: action=MoveForward key=1 down=1
[2026-01-31 12:23:30][INFO] physics_basic: pos=(0.801224,0.078667,1.769655) vel=(-6.817670,4.843201,-0.484482) grounded=0
[2026-01-31 12:23:30][INFO] physics_basic: input fwd=1 back=0 left=1 right=1 jump=1 sprint=1 dt=0.001000
[2026-01-31 12:23:31][INFO] input: action=Sprint key=6 down=1
[2026-01-31 12:23:31][INFO] input: action=Jump key=5 down=1
[2026-01-31 12:23:31][INFO] input: action=MoveRight key=4 down=1
[2026-01-31 12:23:31][INFO] input: action=MoveLeft key=2 down=1
[2026-01-31 12:23:31][INFO] input: action=MoveForward key=1 down=1
[2026-01-31 12:23:31][INFO] input: action=Sprint key=6 down=1
[2026-01-31 12:23:31][INFO] input: action=Jump key=5 down=1
[2026-01-31 12:23:31][INFO] input: action=MoveRight key=4 down=1
[2026-01-31 12:23:31][INFO] input: action=MoveLeft key=2 down=1
[2026-01-31 12:23:31][INFO] input: action=MoveForward key=1 down=1
[2026-01-31 12:23:31][INFO] input: action=Sprint key=6 down=1
[2026-01-31 12:23:31][INFO] input: action=Jump key=5 down=1
[2026-01-31 12:23:31][INFO] input: action=MoveRight key=4 down=1
[2026-01-31 12:23:31][INFO] input: action=MoveLeft key=2 down=1
[2026-01-31 12:23:31][INFO] input: action=MoveForward key=1 down=1
[2026-01-31 12:23:31][INFO] physics_basic: pos=(0.381997,0.355561,1.729820) vel=(-6.907917,4.245403,-0.761465) grounded=0
[2026-01-31 12:23:31][INFO] platform: key_up scancode=4 code=2
[2026-01-31 12:23:31][INFO] physics_basic: input fwd=1 back=0 left=0 right=1 jump=1 sprint=1 dt=0.001000
[2026-01-31 12:23:31][INFO] input: action=Sprint key=6 down=1
[2026-01-31 12:23:31][INFO] input: action=Jump key=5 down=1
[2026-01-31 12:23:31][INFO] input: action=MoveRight key=4 down=1
[2026-01-31 12:23:31][INFO] input: action=MoveForward key=1 down=1
[2026-01-31 12:23:31][INFO] platform: key_up scancode=26 code=1
[2026-01-31 12:23:31][INFO] input: action=Sprint key=6 down=1
[2026-01-31 12:23:31][INFO] input: action=Jump key=5 down=1
[2026-01-31 12:23:31][INFO] input: action=MoveRight key=4 down=1
[2026-01-31 12:23:31][INFO] physics_basic: pos=(0.089614,0.592351,1.547045) vel=(-2.399900,3.657406,-4.842365) grounded=0
[2026-01-31 12:23:31][INFO] input: action=Sprint key=6 down=1
[2026-01-31 12:23:31][INFO] input: action=Jump key=5 down=1
[2026-01-31 12:23:31][INFO] input: action=MoveRight key=4 down=1
[2026-01-31 12:23:31][INFO] physics_basic: input fwd=0 back=0 left=0 right=1 jump=1 sprint=1 dt=0.001000
[2026-01-31 12:23:31][INFO] input: action=Sprint key=6 down=1
[2026-01-31 12:23:31][INFO] input: action=Jump key=5 down=1
[2026-01-31 12:23:31][INFO] input: action=MoveRight key=4 down=1
[2026-01-31 12:23:31][INFO] input: action=Sprint key=6 down=1
[2026-01-31 12:23:31][INFO] input: action=Jump key=5 down=1
[2026-01-31 12:23:31][INFO] input: action=MoveRight key=4 down=1
[2026-01-31 12:23:31][INFO] physics_basic: pos=(0.029355,0.796911,1.196364) vel=(-0.079276,3.059608,-6.332155) grounded=0
[2026-01-31 12:23:31][INFO] physics_basic: input fwd=0 back=0 left=0 right=1 jump=1 sprint=1 dt=0.001000
[2026-01-31 12:23:31][INFO] input: action=Sprint key=6 down=1
[2026-01-31 12:23:31][INFO] input: action=Jump key=5 down=1
[2026-01-31 12:23:31][INFO] input: action=MoveRight key=4 down=1
[2026-01-31 12:23:31][INFO] input: action=Sprint key=6 down=1
[2026-01-31 12:23:31][INFO] input: action=Jump key=5 down=1
[2026-01-31 12:23:31][INFO] input: action=MoveRight key=4 down=1
[2026-01-31 12:23:31][INFO] platform: key_down scancode=22 code=3
[2026-01-31 12:23:31][INFO] input: action=Sprint key=6 down=1
[2026-01-31 12:23:31][INFO] input: action=Jump key=5 down=1
[2026-01-31 12:23:31][INFO] input: action=MoveRight key=4 down=1
[2026-01-31 12:23:31][INFO] input: action=MoveBack key=3 down=1
[2026-01-31 12:23:31][INFO] input: action=Sprint key=6 down=1
[2026-01-31 12:23:31][INFO] input: action=Jump key=5 down=1
[2026-01-31 12:23:31][INFO] input: action=MoveRight key=4 down=1
[2026-01-31 12:23:31][INFO] input: action=MoveBack key=3 down=1
[2026-01-31 12:23:31][INFO] physics_basic: pos=(0.071310,0.962554,0.813462) vel=(2.321195,2.471611,-5.776620) grounded=0
[2026-01-31 12:23:31][INFO] physics_basic: input fwd=0 back=1 left=0 right=1 jump=1 sprint=1 dt=0.001000
[2026-01-31 12:23:31][INFO] input: action=Sprint key=6 down=1
[2026-01-31 12:23:31][INFO] input: action=Jump key=5 down=1
[2026-01-31 12:23:31][INFO] input: action=MoveRight key=4 down=1
[2026-01-31 12:23:31][INFO] input: action=MoveBack key=3 down=1
[2026-01-31 12:23:31][INFO] input: action=Sprint key=6 down=1
[2026-01-31 12:23:31][INFO] input: action=Jump key=5 down=1
[2026-01-31 12:23:31][INFO] input: action=MoveRight key=4 down=1
[2026-01-31 12:23:31][INFO] input: action=MoveBack key=3 down=1
[2026-01-31 12:23:31][INFO] physics_basic: pos=(0.297298,1.094781,0.500140) vel=(4.594625,1.873814,-4.724651) grounded=0
[2026-01-31 12:23:31][INFO] input: action=Sprint key=6 down=1
[2026-01-31 12:23:31][INFO] input: action=Jump key=5 down=1
[2026-01-31 12:23:31][INFO] input: action=MoveRight key=4 down=1
[2026-01-31 12:23:31][INFO] input: action=MoveBack key=3 down=1
[2026-01-31 12:23:31][INFO] physics_basic: input fwd=0 back=1 left=0 right=1 jump=1 sprint=1 dt=0.001000
[2026-01-31 12:23:31][INFO] input: action=Sprint key=6 down=1
[2026-01-31 12:23:31][INFO] input: action=Jump key=5 down=1
[2026-01-31 12:23:31][INFO] input: action=MoveRight key=4 down=1
[2026-01-31 12:23:31][INFO] input: action=MoveBack key=3 down=1
[2026-01-31 12:23:31][INFO] platform: key_up scancode=44 code=5
[2026-01-31 12:23:31][INFO] platform: key_up scancode=7 code=4
[2026-01-31 12:23:31][INFO] input: action=Sprint key=6 down=1
[2026-01-31 12:23:31][INFO] input: action=MoveBack key=3 down=1
[2026-01-31 12:23:31][INFO] platform: key_down scancode=4 code=2
[2026-01-31 12:23:31][INFO] input: action=Sprint key=6 down=1
[2026-01-31 12:23:31][INFO] input: action=MoveBack key=3 down=1
[2026-01-31 12:23:31][INFO] input: action=MoveLeft key=2 down=1
[2026-01-31 12:23:31][INFO] physics_basic: pos=(0.597598,1.189276,0.278762) vel=(5.017238,1.285816,-0.704559) grounded=0
[2026-01-31 12:23:31][INFO] physics_basic: input fwd=0 back=1 left=1 right=0 jump=0 sprint=1 dt=0.001000
[2026-01-31 12:23:31][INFO] input: action=Sprint key=6 down=1
[2026-01-31 12:23:31][INFO] input: action=MoveBack key=3 down=1
[2026-01-31 12:23:31][INFO] input: action=MoveLeft key=2 down=1
[2026-01-31 12:23:31][INFO] input: action=Sprint key=6 down=1
[2026-01-31 12:23:31][INFO] input: action=MoveBack key=3 down=1
[2026-01-31 12:23:31][INFO] input: action=MoveLeft key=2 down=1
[2026-01-31 12:23:31][INFO] input: action=Sprint key=6 down=1
[2026-01-31 12:23:31][INFO] input: action=MoveBack key=3 down=1
[2026-01-31 12:23:31][INFO] input: action=MoveLeft key=2 down=1
[2026-01-31 12:23:31][INFO] physics_basic: pos=(0.889060,1.249838,0.403599) vel=(4.498991,0.678217,3.749762) grounded=0
[2026-01-31 12:23:31][INFO] physics_basic: input fwd=0 back=1 left=1 right=0 jump=0 sprint=1 dt=0.001000
[2026-01-31 12:23:31][INFO] input: action=Sprint key=6 down=1
[2026-01-31 12:23:31][INFO] input: action=MoveBack key=3 down=1
[2026-01-31 12:23:31][INFO] input: action=MoveLeft key=2 down=1
[2026-01-31 12:23:31][INFO] input: action=Sprint key=6 down=1
[2026-01-31 12:23:31][INFO] input: action=MoveBack key=3 down=1
[2026-01-31 12:23:31][INFO] input: action=MoveLeft key=2 down=1
[2026-01-31 12:23:31][INFO] input: action=Sprint key=6 down=1
[2026-01-31 12:23:31][INFO] input: action=MoveBack key=3 down=1
[2026-01-31 12:23:31][INFO] input: action=MoveLeft key=2 down=1
[2026-01-31 12:23:31][INFO] physics_basic: pos=(1.153701,1.272597,0.674121) vel=(4.353505,0.090217,5.000215) grounded=0
[2026-01-31 12:23:31][INFO] physics_basic: input fwd=0 back=1 left=1 right=0 jump=0 sprint=1 dt=0.001000
[2026-01-31 12:23:31][INFO] input: action=Sprint key=6 down=1
[2026-01-31 12:23:31][INFO] input: action=MoveBack key=3 down=1
[2026-01-31 12:23:31][INFO] input: action=MoveLeft key=2 down=1
[2026-01-31 12:23:31][INFO] platform: key_up scancode=4 code=2
[2026-01-31 12:23:31][INFO] input: action=Sprint key=6 down=1
[2026-01-31 12:23:31][INFO] input: action=MoveBack key=3 down=1
[2026-01-31 12:23:31][INFO] input: action=Sprint key=6 down=1
[2026-01-31 12:23:31][INFO] input: action=MoveBack key=3 down=1
[2026-01-31 12:23:31][INFO] platform: key_up scancode=22 code=3
[2026-01-31 12:23:31][INFO] physics_basic: pos=(1.436095,1.259558,0.957777) vel=(5.008931,-0.507583,3.424160) grounded=0
[2026-01-31 12:23:31][INFO] physics_basic: input fwd=0 back=0 left=0 right=0 jump=0 sprint=1 dt=0.001000
[2026-01-31 12:23:31][INFO] platform: key_up scancode=225 code=6
[2026-01-31 12:23:31][INFO] physics_basic: pos=(1.673613,1.211169,1.120147) vel=(3.093463,-1.095583,2.114727) grounded=0
[2026-01-31 12:23:31][INFO] physics_basic: input fwd=0 back=0 left=0 right=0 jump=0 sprint=0 dt=0.001000
[2026-01-31 12:23:31][INFO] physics_basic: pos=(1.822166,1.125797,1.221699) vel=(1.895082,-1.693381,1.295500) grounded=0
[2026-01-31 12:23:31][INFO] physics_basic: input fwd=0 back=0 left=0 right=0 jump=0 sprint=0 dt=0.001000
[2026-01-31 12:23:31][INFO] physics_basic: pos=(1.912029,1.006261,1.283131) vel=(1.170383,-2.281378,0.800087) grounded=0
[2026-01-31 12:23:31][INFO] physics_basic: input fwd=0 back=0 left=0 right=0 jump=0 sprint=0 dt=0.001000
[2026-01-31 12:23:31][INFO] physics_basic: pos=(1.967527,0.851444,1.321070) vel=(0.722816,-2.869376,0.494125) grounded=0
[2026-01-31 12:23:31][INFO] physics_basic: input fwd=0 back=0 left=0 right=0 jump=0 sprint=0 dt=0.001000
[2026-01-31 12:23:31][INFO] physics_basic: pos=(2.002241,0.657870,1.344800) vel=(0.442804,-3.467173,0.302706) grounded=0
[2026-01-31 12:23:31][INFO] physics_basic: input fwd=0 back=0 left=0 right=0 jump=0 sprint=0 dt=0.001000
[2026-01-31 12:23:31][INFO] physics_basic: pos=(2.023238,0.431906,1.359154) vel=(0.273471,-4.055171,0.186948) grounded=0
[2026-01-31 12:23:31][INFO] physics_basic: input fwd=0 back=0 left=0 right=0 jump=0 sprint=0 dt=0.001000
[2026-01-31 12:23:31][INFO] physics_basic: pos=(2.036371,0.165999,1.368131) vel=(0.167531,-4.652968,0.114526) grounded=0
[2026-01-31 12:23:31][INFO] physics_basic: input fwd=0 back=0 left=0 right=0 jump=0 sprint=0 dt=0.001000
[2026-01-31 12:23:32][INFO] physics_basic: pos=(2.044315,-0.000010,1.373562) vel=(0.103465,-0.009800,0.070730) grounded=1
[2026-01-31 12:23:32][INFO] physics_basic: input fwd=0 back=0 left=0 right=0 jump=0 sprint=0 dt=0.001000
[2026-01-31 12:23:32][INFO] physics_basic: pos=(2.049284,-0.000010,1.376958) vel=(0.063384,-0.009800,0.043330) grounded=1
[2026-01-31 12:23:32][INFO] physics_basic: input fwd=0 back=0 left=0 right=0 jump=0 sprint=0 dt=0.001000
[2026-01-31 12:23:32][INFO] physics_basic: pos=(2.052289,-0.000010,1.379013) vel=(0.039145,-0.009800,0.026760) grounded=1
[2026-01-31 12:23:32][INFO] physics_basic: input fwd=0 back=0 left=0 right=0 jump=0 sprint=0 dt=0.001000
[2026-01-31 12:23:32][INFO] physics_basic: pos=(2.054145,-0.000010,1.380282) vel=(0.024176,-0.009800,0.016527) grounded=1
[2026-01-31 12:23:32][INFO] physics_basic: input fwd=0 back=0 left=0 right=0 jump=0 sprint=0 dt=0.001000
[2026-01-31 12:23:32][INFO] physics_basic: pos=(2.055292,-0.000010,1.381066) vel=(0.014931,-0.009800,0.010207) grounded=1
[2026-01-31 12:23:32][INFO] physics_basic: input fwd=0 back=0 left=0 right=0 jump=0 sprint=0 dt=0.001000
[2026-01-31 12:23:32][INFO] platform: key_down scancode=41 code=7
[2026-01-31 12:23:32][INFO] input: action=Quit key=7 down=1
[2026-01-31 12:23:32][INFO] physics_basic: pos=(2.056010,-0.000010,1.381556) vel=(0.009147,-0.009800,0.006253) grounded=1
[2026-01-31 12:23:32][INFO] physics_basic: input fwd=0 back=0 left=0 right=0 jump=0 sprint=0 dt=0.001000
[2026-01-31 12:23:32][INFO] input: action=Quit key=7 down=1
[2026-01-31 12:23:32][INFO] input: action=Quit key=7 down=1
[2026-01-31 12:23:32][INFO] input: action=Quit key=7 down=1
[2026-01-31 12:23:32][INFO] physics_basic: pos=(2.056443,-0.000010,1.381853) vel=(0.005649,-0.009800,0.003862) grounded=1
[2026-01-31 12:23:32][INFO] physics_basic: input fwd=0 back=0 left=0 right=0 jump=0 sprint=0 dt=0.001000
[2026-01-31 12:23:32][INFO] input: action=Quit key=7 down=1
[2026-01-31 12:23:32][INFO] input: action=Quit key=7 down=1
[2026-01-31 12:23:32][INFO] platform: key_up scancode=41 code=7
[2026-01-31 12:23:32][INFO] physics_basic: pos=(2.056711,-0.000010,1.382035) vel=(0.003489,-0.009800,0.002385) grounded=1
[2026-01-31 12:23:32][INFO] physics_basic: input fwd=0 back=0 left=0 right=0 jump=0 sprint=0 dt=0.001000
[2026-01-31 12:23:32][INFO] physics_basic: pos=(2.056883,-0.000010,1.382153) vel=(0.002103,-0.009800,0.001437) grounded=1
[2026-01-31 12:23:32][INFO] physics_basic: input fwd=0 back=0 left=0 right=0 jump=0 sprint=0 dt=0.001000
[2026-01-31 12:23:32][INFO] physics_basic: pos=(2.056983,-0.000010,1.382221) vel=(0.001299,-0.009800,0.000888) grounded=1
[2026-01-31 12:23:32][INFO] physics_basic: input fwd=0 back=0 left=0 right=0 jump=0 sprint=0 dt=0.001000
[2026-01-31 12:23:32][INFO] physics_basic: pos=(2.057045,-0.000010,1.382264) vel=(0.000796,-0.009800,0.000544) grounded=1
[2026-01-31 12:23:32][INFO] physics_basic: input fwd=0 back=0 left=0 right=0 jump=0 sprint=0 dt=0.001000
[2026-01-31 12:23:32][INFO] physics_basic: pos=(2.057082,-0.000010,1.382289) vel=(0.000491,-0.009800,0.000336) grounded=1
[2026-01-31 12:23:32][INFO] physics_basic: input fwd=0 back=0 left=0 right=0 jump=0 sprint=0 dt=0.001000
[2026-01-31 12:23:32][INFO] physics_basic: pos=(2.057106,-0.000010,1.382305) vel=(0.000301,-0.009800,0.000206) grounded=1
[2026-01-31 12:23:32][INFO] physics_basic: input fwd=0 back=0 left=0 right=0 jump=0 sprint=0 dt=0.001000
[2026-01-31 12:23:32][INFO] physics_basic: pos=(2.057120,-0.000010,1.382315) vel=(0.000186,-0.009800,0.000127) grounded=1
[2026-01-31 12:23:32][INFO] physics_basic: input fwd=0 back=0 left=0 right=0 jump=0 sprint=0 dt=0.001000
[2026-01-31 12:23:32][INFO] physics_basic: pos=(2.057133,-0.000010,1.382322) vel=(0.000114,-0.009800,0.000078) grounded=1
[2026-01-31 12:23:32][INFO] physics_basic: input fwd=0 back=0 left=0 right=0 jump=0 sprint=0 dt=0.001000
[2026-01-31 12:23:32][INFO] physics_basic: pos=(2.057133,-0.000010,1.382326) vel=(0.000070,-0.009800,0.000048) grounded=1
[2026-01-31 12:23:32][INFO] physics_basic: input fwd=0 back=0 left=0 right=0 jump=0 sprint=0 dt=0.001000
[2026-01-31 12:23:32][INFO] physics_basic: pos=(2.057133,-0.000010,1.382326) vel=(0.000043,-0.009800,0.000030) grounded=1
[2026-01-31 12:23:32][INFO] physics_basic: input fwd=0 back=0 left=0 right=0 jump=0 sprint=0 dt=0.001000
[2026-01-31 12:23:33][INFO] physics_basic: pos=(2.057133,-0.000010,1.382326) vel=(0.000027,-0.009800,0.000018) grounded=1
[2026-01-31 12:23:33][INFO] physics_basic: input fwd=0 back=0 left=0 right=0 jump=0 sprint=0 dt=0.001000
[2026-01-31 12:23:33][INFO] physics_basic: pos=(2.057133,-0.000010,1.382326) vel=(0.000016,-0.009800,0.000011) grounded=1
[2026-01-31 12:23:33][INFO] physics_basic: input fwd=0 back=0 left=0 right=0 jump=0 sprint=0 dt=0.001000
[2026-01-31 12:23:33][INFO] physics_basic: pos=(2.057133,-0.000010,1.382326) vel=(0.000010,-0.009800,0.000007) grounded=1
[2026-01-31 12:23:33][INFO] physics_basic: input fwd=0 back=0 left=0 right=0 jump=0 sprint=0 dt=0.001000
[2026-01-31 12:23:33][INFO] physics_basic: pos=(2.057133,-0.000010,1.382326) vel=(0.000006,-0.009800,0.000004) grounded=1
[2026-01-31 12:23:33][INFO] physics_basic: input fwd=0 back=0 left=0 right=0 jump=0 sprint=0 dt=0.001000
[2026-01-31 12:23:33][INFO] physics_basic: pos=(2.057133,-0.000010,1.382326) vel=(0.000004,-0.009800,0.000003) grounded=1
[2026-01-31 12:23:33][INFO] physics_basic: input fwd=0 back=0 left=0 right=0 jump=0 sprint=0 dt=0.001000
[2026-01-31 12:23:33][INFO] physics_basic: pos=(2.057133,-0.000010,1.382326) vel=(0.000002,-0.009800,0.000002) grounded=1
[2026-01-31 12:23:33][INFO] physics_basic: input fwd=0 back=0 left=0 right=0 jump=0 sprint=0 dt=0.001000
[2026-01-31 12:23:33][INFO] physics_basic: pos=(2.057133,-0.000010,1.382326) vel=(0.000001,-0.009800,0.000001) grounded=1
[2026-01-31 12:23:33][INFO] physics_basic: input fwd=0 back=0 left=0 right=0 jump=0 sprint=0 dt=0.001000
[2026-01-31 12:23:33][INFO] level entity spawned: player_spawn
[2026-01-31 12:23:33][INFO] level entity spawned: ground_plane_1
[2026-01-31 12:23:33][INFO] level entity spawned: demo_quad_1
[2026-01-31 12:23:33][INFO] runtime: player rig scale set to 1.058824 (mesh height=1.700000, mesh scale=0.010000, root scale=1.000000, final scale=0.010588,0.010588,0.010588)
[2026-01-31 12:23:33][INFO] runtime: rig mesh bounds min=(-0.553406,-0.000000,-0.173289) max=(0.553406,1.700000,0.173289)
[2026-01-31 12:23:33][INFO] runtime: rig skeleton min y=0.040637
[2026-01-31 12:23:33][INFO] runtime: player rig offset set to 0.000000 (grounded by mesh bounds)
[2026-01-31 12:23:33][INFO] runtime: controller size set (radius=0.150000, half_height=0.100000, center_offset=0.250000, mesh height=0.018000, mesh bottom=0.000000)
[2026-01-31 12:23:33][INFO] runtime: player rig asset = manny (source=/home/skooze/rkg/NecTr/AI_GUARD_1/AI_GUARD_1_Character_output.glb)
[2026-01-31 12:23:33][INFO] runtime: attached skeleton from asset manny joints=24
[2026-01-31 12:23:33][INFO] content reloaded (raw)
[2026-01-31 12:23:33][INFO] reload reason: stop
[2026-01-31 12:23:55][INFO] debug_ui: shutdown
[2026-01-31 12:23:55][INFO] physics_basic: shutdown
[2026-01-31 12:23:55][INFO] renderer:vulkan shutdown
[2026-01-31 12:23:55][INFO] log shutdown
