[2026-01-31 14:20:41][INFO] log init
[2026-01-31 14:20:41][INFO] log file: /home/skooze/rkg/build_logs/rkg_editor_20260131_142041.log
[2026-01-31 14:20:41][INFO] platform: linux
[2026-01-31 14:20:41][INFO] build: debug
[2026-01-31 14:20:41][INFO] git: dcfdd26
[2026-01-31 14:20:41][INFO] runtime: input map file=/home/skooze/rkg/projects/demo_game/config/input.yaml loaded=1 bindings=9
[2026-01-31 14:20:41][INFO] asset_cache: manny source -> /home/skooze/rkg/NecTr/AI_GUARD_1/AI_GUARD_1_Character_output.glb
[2026-01-31 14:20:41][INFO] asset_cache: auto-importing manny into build/content_cache/generated_assets/manny
[2026-01-31 14:20:41][INFO] asset_cache: auto-imported manny.glb into build/content_cache/generated_assets/manny
[2026-01-31 14:20:41][INFO] asset_cache: loaded testmanny (verts=69772 idx=418608 mats=0 tex=0 joints=24 scale=1.000000,1.000000,1.000000)
[2026-01-31 14:20:41][INFO] asset_cache: loaded manny (verts=33592 idx=156288 mats=1 tex=2 joints=24 scale=0.010000,0.010000,0.010000)
[2026-01-31 14:20:41][WARN] cooked content missing; using raw content (dev_mode)
[2026-01-31 14:20:41][INFO] RLIMIT_NOFILE: 1024/524288
[2026-01-31 14:20:41][INFO] RLIMIT_NPROC: 127047/127047
[2026-01-31 14:20:41][INFO] Wayland socket: /run/user/1000/wayland-0 mode=srwxr-xr-x uid=1000 gid=1000
[2026-01-31 14:20:41][INFO] Wayland socket connect ok: /run/user/1000/wayland-0
[2026-01-31 14:20:41][INFO] Wayland wl_display_connect ok: wayland-0
[2026-01-31 14:20:41][INFO] X11 socket: /tmp/.X11-unix/X1 mode=srwxr-xr-x uid=1000 gid=1000
[2026-01-31 14:20:41][INFO] X11 socket connect ok: /tmp/.X11-unix/X1
[2026-01-31 14:20:41][INFO] X11 XOpenDisplay ok: :1
[2026-01-31 14:20:41][INFO] SDL system/info: App name: SDL Application
[2026-01-31 14:20:41][INFO] SDL system/info: App version: <unspecified>
[2026-01-31 14:20:41][INFO] SDL system/info: App ID: <unspecified>
[2026-01-31 14:20:41][INFO] SDL system/info: SDL revision: SDL-release-3.4.0-0-ga962f40bb
[2026-01-31 14:20:41][INFO] SDL system/debug: SDL chose video backend 'wayland'
[2026-01-31 14:20:41][INFO] SDL current video driver: wayland
[2026-01-31 14:20:41][INFO] renderer:vulkan skinned demo: joints=24
[2026-01-31 14:20:41][INFO] renderer:vulkan textured demo: using asset manny dir=/home/skooze/rkg/build/content_cache/generated_assets/manny
[2026-01-31 14:20:41][INFO] renderer:vulkan init
[2026-01-31 14:20:41][INFO] renderer:vulkan dynamic rendering: enabled
[2026-01-31 14:20:41][INFO] renderer: renderer_vulkan
[2026-01-31 14:20:41][INFO] renderer caps: DrawPrimitive | DebugUiSupported
[2026-01-31 14:20:41][WARN] script:lua not available (Lua not found)
[2026-01-31 14:20:41][WARN] script:js not available (QuickJS/Duktape not found)
[2026-01-31 14:20:41][INFO] debug_ui: swapchain_format=50
[2026-01-31 14:20:41][INFO] debug_ui: backend caps api=pipeline_info_main render_pass=yes dynamic=yes color_format=no pipeline_rendering=yes msaa=yes
[2026-01-31 14:20:41][INFO] debug_ui: render path render_pass
[2026-01-31 14:20:41][INFO] debug_ui: init
[2026-01-31 14:20:41][INFO] debug_ui enabled
[2026-01-31 14:20:41][INFO] physics_basic: init
[2026-01-31 14:20:41][INFO] level entity spawned: player_spawn
[2026-01-31 14:20:41][INFO] level entity spawned: ground_plane_1
[2026-01-31 14:20:41][INFO] level entity spawned: demo_quad_1
[2026-01-31 14:20:41][INFO] runtime: player rig scale set to 1.058824 (mesh height=1.700000, mesh scale=0.010000, root scale=1.000000, final scale=0.010588,0.010588,0.010588)
[2026-01-31 14:20:41][INFO] runtime: rig mesh bounds min=(-0.553406,-0.000000,-0.173289) max=(0.553406,1.700000,0.173289)
[2026-01-31 14:20:41][INFO] runtime: rig skeleton min y=0.040637
[2026-01-31 14:20:41][INFO] runtime: player rig offset set to 0.000000 (grounded by mesh bounds)
[2026-01-31 14:20:41][INFO] runtime: controller size set (radius=0.150000, half_height=0.100000, center_offset=0.250000, mesh height=0.018000, mesh bottom=0.000000)
[2026-01-31 14:20:41][INFO] runtime: player rig asset = manny (source=/home/skooze/rkg/NecTr/AI_GUARD_1/AI_GUARD_1_Character_output.glb)
[2026-01-31 14:20:41][INFO] runtime: attached skeleton from asset manny joints=24
[2026-01-31 14:20:41][INFO] content watcher: inotify
[2026-01-31 14:20:41][INFO] tick: begin
[2026-01-31 14:20:41][INFO] tick: renderer update
[2026-01-31 14:20:41][INFO] renderer:vulkan update begin
[2026-01-31 14:20:41][WARN] renderer:vulkan swapchain rebuild requested
[2026-01-31 14:20:41][INFO] renderer:vulkan update end
[2026-01-31 14:20:41][INFO] debug_ui: new_frame begin
[2026-01-31 14:20:41][INFO] debug_ui: new_frame end
[2026-01-31 14:20:41][INFO] renderer:vulkan step 0: draw_frame: wait fence
[2026-01-31 14:20:41][INFO] renderer:vulkan swapchain=94546567004768
[2026-01-31 14:20:41][INFO] renderer:vulkan swapchain images=3 views=3 framebuffers=3 cmd_buffers=3
[2026-01-31 14:20:41][INFO] renderer:vulkan extent=1600x900
[2026-01-31 14:20:41][INFO] renderer:vulkan step 1: vkAcquireNextImageKHR
[2026-01-31 14:20:41][INFO] renderer:vulkan step 2: vkResetCommandBuffer
[2026-01-31 14:20:41][INFO] renderer:vulkan step 3: vkBeginCommandBuffer
[2026-01-31 14:20:41][INFO] renderer:vulkan step 4: swapchain: barrier to color attachment
[2026-01-31 14:20:41][INFO] renderer:vulkan step 5: swapchain: begin render pass
[2026-01-31 14:20:41][INFO] renderer:vulkan step 6: swapchain: clear attachments
[2026-01-31 14:20:41][INFO] renderer:vulkan step 7: imgui: render inside pass
[2026-01-31 14:20:41][INFO] debug_ui: draw_data textures=1
[2026-01-31 14:20:41][INFO] debug_ui: texture 0 status=0 tex_empty=false
[2026-01-31 14:20:41][INFO] debug_ui: render draw_data lists=1 vtx=4 idx=6
[2026-01-31 14:20:41][INFO] renderer:vulkan step 8: swapchain: end render pass
[2026-01-31 14:20:41][INFO] renderer:vulkan step 9: vkEndCommandBuffer
[2026-01-31 14:20:41][INFO] renderer:vulkan step 10: vkQueueSubmit
[2026-01-31 14:20:41][INFO] renderer:vulkan step 11: vkQueuePresentKHR
[2026-01-31 14:20:41][INFO] event: mouse type=1024 x=1211 y=570
[2026-01-31 14:20:41][INFO] event: mouse type=1024 x=1211 y=571
[2026-01-31 14:20:44][INFO] renderer:vulkan skinned live rig map: hips=Hips spine=Spine02 chest=none head=Head l_thigh=LeftUpLeg r_thigh=RightUpLeg
[2026-01-31 14:20:44][INFO] physics_basic: input fwd=0 back=0 left=0 right=0 jump=0 sprint=0 dt=0.001000
[2026-01-31 14:20:44][INFO] physics_basic: pos=(0.000000,-0.000010,0.000000) vel=(0.000000,-0.009800,0.000000) grounded=1
[2026-01-31 14:20:44][INFO] physics_basic: input fwd=0 back=0 left=0 right=0 jump=0 sprint=0 dt=0.001000
[2026-01-31 14:20:45][INFO] physics_basic: pos=(0.000000,-0.000010,0.000000) vel=(0.000000,-0.009800,0.000000) grounded=1
[2026-01-31 14:20:45][INFO] physics_basic: input fwd=0 back=0 left=0 right=0 jump=0 sprint=0 dt=0.001000
[2026-01-31 14:20:45][INFO] physics_basic: pos=(0.000000,-0.000010,0.000000) vel=(0.000000,-0.009800,0.000000) grounded=1
[2026-01-31 14:20:45][INFO] physics_basic: input fwd=0 back=0 left=0 right=0 jump=0 sprint=0 dt=0.001000
[2026-01-31 14:20:45][INFO] physics_basic: pos=(0.000000,-0.000010,0.000000) vel=(0.000000,-0.009800,0.000000) grounded=1
[2026-01-31 14:20:45][INFO] physics_basic: input fwd=0 back=0 left=0 right=0 jump=0 sprint=0 dt=0.001000
[2026-01-31 14:20:45][INFO] physics_basic: pos=(0.000000,-0.000010,0.000000) vel=(0.000000,-0.009800,0.000000) grounded=1
[2026-01-31 14:20:45][INFO] physics_basic: input fwd=0 back=0 left=0 right=0 jump=0 sprint=0 dt=0.001000
[2026-01-31 14:20:45][INFO] physics_basic: pos=(0.000000,-0.000010,0.000000) vel=(0.000000,-0.009800,0.000000) grounded=1
[2026-01-31 14:20:45][INFO] physics_basic: input fwd=0 back=0 left=0 right=0 jump=0 sprint=0 dt=0.001000
[2026-01-31 14:20:45][INFO] physics_basic: pos=(0.000000,-0.000010,0.000000) vel=(0.000000,-0.009800,0.000000) grounded=1
[2026-01-31 14:20:45][INFO] physics_basic: input fwd=0 back=0 left=0 right=0 jump=0 sprint=0 dt=0.001000
[2026-01-31 14:20:45][INFO] physics_basic: pos=(0.000000,-0.000010,0.000000) vel=(0.000000,-0.009800,0.000000) grounded=1
[2026-01-31 14:20:45][INFO] physics_basic: input fwd=0 back=0 left=0 right=0 jump=0 sprint=0 dt=0.001000
[2026-01-31 14:20:45][INFO] runtime: live_rig fwd=0.000000 strafe=0.000000 grounded=1
[2026-01-31 14:20:45][INFO] physics_basic: pos=(0.000000,-0.000010,0.000000) vel=(0.000000,-0.009800,0.000000) grounded=1
[2026-01-31 14:20:45][INFO] physics_basic: input fwd=0 back=0 left=0 right=0 jump=0 sprint=0 dt=0.001000
[2026-01-31 14:20:45][INFO] physics_basic: pos=(0.000000,-0.000010,0.000000) vel=(0.000000,-0.009800,0.000000) grounded=1
[2026-01-31 14:20:45][INFO] physics_basic: input fwd=0 back=0 left=0 right=0 jump=0 sprint=0 dt=0.001000
[2026-01-31 14:20:45][INFO] physics_basic: pos=(0.000000,-0.000010,0.000000) vel=(0.000000,-0.009800,0.000000) grounded=1
[2026-01-31 14:20:45][INFO] physics_basic: input fwd=0 back=0 left=0 right=0 jump=0 sprint=0 dt=0.001000
[2026-01-31 14:20:45][INFO] physics_basic: pos=(0.000000,-0.000010,0.000000) vel=(0.000000,-0.009800,0.000000) grounded=1
[2026-01-31 14:20:45][INFO] physics_basic: input fwd=0 back=0 left=0 right=0 jump=0 sprint=0 dt=0.001000
[2026-01-31 14:20:45][INFO] physics_basic: pos=(0.000000,-0.000010,0.000000) vel=(0.000000,-0.009800,0.000000) grounded=1
[2026-01-31 14:20:45][INFO] physics_basic: input fwd=0 back=0 left=0 right=0 jump=0 sprint=0 dt=0.001000
[2026-01-31 14:20:45][INFO] physics_basic: pos=(0.000000,-0.000010,0.000000) vel=(0.000000,-0.009800,0.000000) grounded=1
[2026-01-31 14:20:45][INFO] physics_basic: input fwd=0 back=0 left=0 right=0 jump=0 sprint=0 dt=0.001000
[2026-01-31 14:20:45][INFO] physics_basic: pos=(0.000000,-0.000010,0.000000) vel=(0.000000,-0.009800,0.000000) grounded=1
[2026-01-31 14:20:45][INFO] physics_basic: input fwd=0 back=0 left=0 right=0 jump=0 sprint=0 dt=0.001000
[2026-01-31 14:20:45][INFO] physics_basic: pos=(0.000000,-0.000010,0.000000) vel=(0.000000,-0.009800,0.000000) grounded=1
[2026-01-31 14:20:45][INFO] physics_basic: input fwd=0 back=0 left=0 right=0 jump=0 sprint=0 dt=0.001000
[2026-01-31 14:20:45][INFO] runtime: live_rig fwd=0.000000 strafe=0.000000 grounded=1
[2026-01-31 14:20:45][INFO] physics_basic: pos=(0.000000,-0.000010,0.000000) vel=(0.000000,-0.009800,0.000000) grounded=1
[2026-01-31 14:20:45][INFO] physics_basic: input fwd=0 back=0 left=0 right=0 jump=0 sprint=0 dt=0.001000
[2026-01-31 14:20:45][INFO] platform: key_down scancode=26 code=1
[2026-01-31 14:20:45][INFO] input: action=MoveForward key=1 down=1
[2026-01-31 14:20:45][INFO] physics_basic: pos=(0.005246,-0.000010,0.008354) vel=(0.588547,-0.009800,0.934989) grounded=1
[2026-01-31 14:20:45][INFO] physics_basic: input fwd=1 back=0 left=0 right=0 jump=0 sprint=0 dt=0.001000
[2026-01-31 14:20:45][INFO] input: action=MoveForward key=1 down=1
[2026-01-31 14:20:46][INFO] input: action=MoveForward key=1 down=1
[2026-01-31 14:20:46][INFO] physics_basic: pos=(0.082716,-0.000010,0.125332) vel=(1.804201,-0.009800,2.565756) grounded=1
[2026-01-31 14:20:46][INFO] input: action=MoveForward key=1 down=1
[2026-01-31 14:20:46][INFO] physics_basic: input fwd=1 back=0 left=0 right=0 jump=0 sprint=0 dt=0.001000
[2026-01-31 14:20:46][INFO] input: action=MoveForward key=1 down=1
[2026-01-31 14:20:46][INFO] input: action=MoveForward key=1 down=1
[2026-01-31 14:20:46][INFO] input: action=MoveForward key=1 down=1
[2026-01-31 14:20:46][INFO] physics_basic: pos=(0.214657,-0.000010,0.293444) vel=(2.438464,-0.009800,2.838028) grounded=1
[2026-01-31 14:20:46][INFO] physics_basic: input fwd=1 back=0 left=0 right=0 jump=0 sprint=0 dt=0.001000
[2026-01-31 14:20:46][INFO] input: action=MoveForward key=1 down=1
[2026-01-31 14:20:46][INFO] input: action=MoveForward key=1 down=1
[2026-01-31 14:20:46][INFO] physics_basic: pos=(0.370641,-0.000010,0.463769) vel=(2.723387,-0.009800,2.819948) grounded=1
[2026-01-31 14:20:46][INFO] physics_basic: input fwd=1 back=0 left=0 right=0 jump=0 sprint=0 dt=0.001000
[2026-01-31 14:20:46][INFO] input: action=MoveForward key=1 down=1
[2026-01-31 14:20:46][INFO] input: action=MoveForward key=1 down=1
[2026-01-31 14:20:46][INFO] input: action=MoveForward key=1 down=1
[2026-01-31 14:20:46][INFO] physics_basic: pos=(0.542220,-0.000010,0.633208) vel=(2.893125,-0.009800,2.725383) grounded=1
[2026-01-31 14:20:46][INFO] physics_basic: input fwd=1 back=0 left=0 right=0 jump=0 sprint=0 dt=0.001000
[2026-01-31 14:20:46][INFO] input: action=MoveForward key=1 down=1
[2026-01-31 14:20:46][INFO] input: action=MoveForward key=1 down=1
[2026-01-31 14:20:46][INFO] input: action=MoveForward key=1 down=1
[2026-01-31 14:20:46][INFO] physics_basic: pos=(0.721239,-0.000010,0.791482) vel=(3.071159,-0.009800,2.544794) grounded=1
[2026-01-31 14:20:46][INFO] physics_basic: input fwd=1 back=0 left=0 right=0 jump=0 sprint=0 dt=0.001000
[2026-01-31 14:20:46][INFO] input: action=MoveForward key=1 down=1
[2026-01-31 14:20:46][INFO] input: action=MoveForward key=1 down=1
[2026-01-31 14:20:46][INFO] input: action=MoveForward key=1 down=1
[2026-01-31 14:20:46][INFO] physics_basic: pos=(0.912155,-0.000010,0.935610) vel=(3.302392,-0.009800,2.232883) grounded=1
[2026-01-31 14:20:46][INFO] physics_basic: input fwd=1 back=0 left=0 right=0 jump=0 sprint=0 dt=0.001000
[2026-01-31 14:20:46][INFO] input: action=MoveForward key=1 down=1
[2026-01-31 14:20:46][INFO] input: action=MoveForward key=1 down=1
[2026-01-31 14:20:46][INFO] input: action=MoveForward key=1 down=1
[2026-01-31 14:20:46][INFO] runtime: live_rig fwd=3.557245 strafe=-0.239596 grounded=1
[2026-01-31 14:20:46][INFO] physics_basic: pos=(1.120698,-0.000010,1.060363) vel=(3.519837,-0.009800,1.870314) grounded=1
[2026-01-31 14:20:46][INFO] physics_basic: input fwd=1 back=0 left=0 right=0 jump=0 sprint=0 dt=0.001000
[2026-01-31 14:20:46][INFO] input: action=MoveForward key=1 down=1
[2026-01-31 14:20:46][INFO] input: action=MoveForward key=1 down=1
[2026-01-31 14:20:46][INFO] input: action=MoveForward key=1 down=1
[2026-01-31 14:20:46][INFO] physics_basic: pos=(1.335916,-0.000010,1.164997) vel=(3.636785,-0.009800,1.647010) grounded=1
[2026-01-31 14:20:46][INFO] physics_basic: input fwd=1 back=0 left=0 right=0 jump=0 sprint=0 dt=0.001000
[2026-01-31 14:20:46][INFO] input: action=MoveForward key=1 down=1
[2026-01-31 14:20:46][INFO] input: action=MoveForward key=1 down=1
[2026-01-31 14:20:46][INFO] input: action=MoveForward key=1 down=1
[2026-01-31 14:20:46][INFO] physics_basic: pos=(1.560611,-0.000010,1.259003) vel=(3.738974,-0.009800,1.399693) grounded=1
[2026-01-31 14:20:46][INFO] physics_basic: input fwd=1 back=0 left=0 right=0 jump=0 sprint=0 dt=0.001000
[2026-01-31 14:20:46][INFO] input: action=MoveForward key=1 down=1
[2026-01-31 14:20:46][INFO] input: action=MoveForward key=1 down=1
[2026-01-31 14:20:46][INFO] input: action=MoveForward key=1 down=1
[2026-01-31 14:20:46][INFO] physics_basic: pos=(1.793776,-0.000010,1.326199) vel=(3.891646,-0.009800,0.819673) grounded=1
[2026-01-31 14:20:46][INFO] platform: key_down scancode=225 code=6
[2026-01-31 14:20:46][INFO] physics_basic: input fwd=1 back=0 left=0 right=0 jump=0 sprint=1 dt=0.001000
[2026-01-31 14:20:46][INFO] input: action=Sprint key=6 down=1
[2026-01-31 14:20:46][INFO] input: action=MoveForward key=1 down=1
[2026-01-31 14:20:46][INFO] platform: key_down scancode=26 code=1
[2026-01-31 14:20:46][INFO] input: action=Sprint key=6 down=1
[2026-01-31 14:20:46][INFO] input: action=MoveForward key=1 down=1
[2026-01-31 14:20:46][INFO] input: action=Sprint key=6 down=1
[2026-01-31 14:20:46][INFO] input: action=MoveForward key=1 down=1
[2026-01-31 14:20:46][INFO] platform: key_down scancode=26 code=1
[2026-01-31 14:20:46][INFO] physics_basic: pos=(2.105832,-0.000010,1.372786) vel=(6.054508,-0.009800,0.682329) grounded=1
[2026-01-31 14:20:46][INFO] physics_basic: input fwd=1 back=0 left=0 right=0 jump=0 sprint=1 dt=0.001000
[2026-01-31 14:20:46][INFO] input: action=Sprint key=6 down=1
[2026-01-31 14:20:46][INFO] input: action=MoveForward key=1 down=1
[2026-01-31 14:20:46][INFO] input: action=Sprint key=6 down=1
[2026-01-31 14:20:46][INFO] input: action=MoveForward key=1 down=1
[2026-01-31 14:20:46][INFO] platform: key_down scancode=26 code=1
[2026-01-31 14:20:46][INFO] input: action=Sprint key=6 down=1
[2026-01-31 14:20:46][INFO] input: action=MoveForward key=1 down=1
[2026-01-31 14:20:46][INFO] input: action=Sprint key=6 down=1
[2026-01-31 14:20:46][INFO] input: action=MoveForward key=1 down=1
[2026-01-31 14:20:46][INFO] physics_basic: pos=(2.492972,-0.000010,1.390407) vel=(6.695269,-0.009800,-0.187098) grounded=1
[2026-01-31 14:20:46][INFO] physics_basic: input fwd=1 back=0 left=0 right=0 jump=0 sprint=1 dt=0.001000
[2026-01-31 14:20:46][INFO] platform: key_down scancode=26 code=1
[2026-01-31 14:20:46][INFO] input: action=Sprint key=6 down=1
[2026-01-31 14:20:46][INFO] input: action=MoveForward key=1 down=1
[2026-01-31 14:20:46][INFO] input: action=Sprint key=6 down=1
[2026-01-31 14:20:46][INFO] input: action=MoveForward key=1 down=1
[2026-01-31 14:20:46][INFO] platform: key_down scancode=26 code=1
[2026-01-31 14:20:46][INFO] input: action=Sprint key=6 down=1
[2026-01-31 14:20:46][INFO] input: action=MoveForward key=1 down=1
[2026-01-31 14:20:46][INFO] physics_basic: pos=(2.904994,-0.000010,1.322616) vel=(6.436545,-0.009800,-2.109420) grounded=1
[2026-01-31 14:20:46][INFO] physics_basic: input fwd=1 back=0 left=0 right=0 jump=0 sprint=1 dt=0.001000
[2026-01-31 14:20:46][INFO] input: action=Sprint key=6 down=1
[2026-01-31 14:20:46][INFO] input: action=MoveForward key=1 down=1
[2026-01-31 14:20:46][INFO] platform: key_down scancode=26 code=1
[2026-01-31 14:20:46][INFO] input: action=Sprint key=6 down=1
[2026-01-31 14:20:46][INFO] input: action=MoveForward key=1 down=1
[2026-01-31 14:20:46][INFO] input: action=Sprint key=6 down=1
[2026-01-31 14:20:46][INFO] input: action=MoveForward key=1 down=1
[2026-01-31 14:20:46][INFO] physics_basic: pos=(3.272893,-0.000010,1.146946) vel=(5.873680,-0.009800,-3.541898) grounded=1
[2026-01-31 14:20:46][INFO] physics_basic: input fwd=1 back=0 left=0 right=0 jump=0 sprint=1 dt=0.001000
[2026-01-31 14:20:46][INFO] platform: key_down scancode=26 code=1
[2026-01-31 14:20:46][INFO] input: action=Sprint key=6 down=1
[2026-01-31 14:20:46][INFO] input: action=MoveForward key=1 down=1
[2026-01-31 14:20:46][INFO] input: action=Sprint key=6 down=1
[2026-01-31 14:20:46][INFO] input: action=MoveForward key=1 down=1
[2026-01-31 14:20:46][INFO] platform: key_down scancode=26 code=1
[2026-01-31 14:20:46][INFO] input: action=Sprint key=6 down=1
[2026-01-31 14:20:46][INFO] input: action=MoveForward key=1 down=1
[2026-01-31 14:20:46][INFO] physics_basic: pos=(3.615984,-0.000010,0.903712) vel=(5.398158,-0.009800,-4.348466) grounded=1
[2026-01-31 14:20:46][INFO] physics_basic: input fwd=1 back=0 left=0 right=0 jump=0 sprint=1 dt=0.001000
[2026-01-31 14:20:46][INFO] runtime: live_rig fwd=6.179357 strafe=-0.832576 grounded=1
[2026-01-31 14:20:46][INFO] input: action=Sprint key=6 down=1
[2026-01-31 14:20:46][INFO] input: action=MoveForward key=1 down=1
[2026-01-31 14:20:46][INFO] platform: key_down scancode=26 code=1
[2026-01-31 14:20:46][INFO] input: action=Sprint key=6 down=1
[2026-01-31 14:20:46][INFO] input: action=MoveForward key=1 down=1
[2026-01-31 14:20:46][INFO] input: action=Sprint key=6 down=1
[2026-01-31 14:20:46][INFO] input: action=MoveForward key=1 down=1
[2026-01-31 14:20:46][INFO] physics_basic: pos=(3.928781,-0.000010,0.627806) vel=(5.077966,-0.009800,-4.775909) grounded=1
[2026-01-31 14:20:46][INFO] physics_basic: input fwd=1 back=0 left=0 right=0 jump=0 sprint=1 dt=0.001000
[2026-01-31 14:20:46][INFO] platform: key_down scancode=26 code=1
[2026-01-31 14:20:46][INFO] input: action=Sprint key=6 down=1
[2026-01-31 14:20:46][INFO] input: action=MoveForward key=1 down=1
[2026-01-31 14:20:46][INFO] input: action=Sprint key=6 down=1
[2026-01-31 14:20:46][INFO] input: action=MoveForward key=1 down=1
[2026-01-31 14:20:46][INFO] platform: key_down scancode=26 code=1
[2026-01-31 14:20:46][INFO] input: action=Sprint key=6 down=1
[2026-01-31 14:20:46][INFO] input: action=MoveForward key=1 down=1
[2026-01-31 14:20:47][INFO] physics_basic: pos=(4.228363,-0.000010,0.325592) vel=(4.660523,-0.009800,-5.190355) grounded=1
[2026-01-31 14:20:47][INFO] physics_basic: input fwd=1 back=0 left=0 right=0 jump=0 sprint=1 dt=0.001000
[2026-01-31 14:20:47][INFO] input: action=Sprint key=6 down=1
[2026-01-31 14:20:47][INFO] input: action=MoveForward key=1 down=1
[2026-01-31 14:20:47][INFO] input: action=Sprint key=6 down=1
[2026-01-31 14:20:47][INFO] input: action=MoveForward key=1 down=1
[2026-01-31 14:20:47][INFO] platform: key_down scancode=26 code=1
[2026-01-31 14:20:47][INFO] input: action=Sprint key=6 down=1
[2026-01-31 14:20:47][INFO] input: action=MoveForward key=1 down=1
[2026-01-31 14:20:47][INFO] physics_basic: pos=(4.469398,-0.000010,-0.011994) vel=(3.200084,-0.009800,-6.084662) grounded=1
[2026-01-31 14:20:47][INFO] physics_basic: input fwd=1 back=0 left=0 right=0 jump=0 sprint=1 dt=0.001000
[2026-01-31 14:20:47][INFO] input: action=Sprint key=6 down=1
[2026-01-31 14:20:47][INFO] input: action=MoveForward key=1 down=1
[2026-01-31 14:20:47][INFO] platform: key_down scancode=26 code=1
[2026-01-31 14:20:47][INFO] input: action=Sprint key=6 down=1
[2026-01-31 14:20:47][INFO] input: action=MoveForward key=1 down=1
[2026-01-31 14:20:47][INFO] input: action=Sprint key=6 down=1
[2026-01-31 14:20:47][INFO] input: action=MoveForward key=1 down=1
[2026-01-31 14:20:47][INFO] platform: key_down scancode=26 code=1
[2026-01-31 14:20:47][INFO] physics_basic: pos=(4.610575,-0.000010,-0.397649) vel=(1.638026,-0.009800,-6.675381) grounded=1
[2026-01-31 14:20:47][INFO] physics_basic: input fwd=1 back=0 left=0 right=0 jump=0 sprint=1 dt=0.001000
[2026-01-31 14:20:47][INFO] input: action=Sprint key=6 down=1
[2026-01-31 14:20:47][INFO] input: action=MoveForward key=1 down=1
[2026-01-31 14:20:47][INFO] input: action=Sprint key=6 down=1
[2026-01-31 14:20:47][INFO] input: action=MoveForward key=1 down=1
[2026-01-31 14:20:47][INFO] platform: key_down scancode=26 code=1
[2026-01-31 14:20:47][INFO] input: action=Sprint key=6 down=1
[2026-01-31 14:20:47][INFO] input: action=MoveForward key=1 down=1
[2026-01-31 14:20:47][INFO] platform: key_up scancode=26 code=1
[2026-01-31 14:20:47][INFO] physics_basic: pos=(4.677511,-0.000010,-0.807260) vel=(0.720362,-0.009800,-6.138777) grounded=1
[2026-01-31 14:20:47][INFO] platform: key_up scancode=225 code=6
[2026-01-31 14:20:47][INFO] physics_basic: input fwd=0 back=0 left=0 right=0 jump=0 sprint=0 dt=0.001000
[2026-01-31 14:20:47][INFO] physics_basic: pos=(4.711670,-0.000010,-1.098353) vel=(0.444888,-0.009800,-3.791244) grounded=1
[2026-01-31 14:20:47][INFO] physics_basic: input fwd=0 back=0 left=0 right=0 jump=0 sprint=0 dt=0.001000
[2026-01-31 14:20:47][INFO] physics_basic: pos=(4.733034,-0.000010,-1.280424) vel=(0.272543,-0.009800,-2.322549) grounded=1
[2026-01-31 14:20:47][INFO] physics_basic: input fwd=0 back=0 left=0 right=0 jump=0 sprint=0 dt=0.001000
[2026-01-31 14:20:47][INFO] physics_basic: pos=(4.746121,-0.000010,-1.391958) vel=(0.166962,-0.009800,-1.422814) grounded=1
[2026-01-31 14:20:47][INFO] physics_basic: input fwd=0 back=0 left=0 right=0 jump=0 sprint=0 dt=0.001000
[2026-01-31 14:20:47][INFO] runtime: live_rig fwd=3.698711 strafe=-0.662617 grounded=1
[2026-01-31 14:20:47][INFO] physics_basic: pos=(4.754139,-0.000010,-1.460287) vel=(0.102282,-0.009800,-0.871629) grounded=1
[2026-01-31 14:20:47][INFO] physics_basic: input fwd=0 back=0 left=0 right=0 jump=0 sprint=0 dt=0.001000
[2026-01-31 14:20:47][INFO] physics_basic: pos=(4.758990,-0.000010,-1.501619) vel=(0.063169,-0.009800,-0.538309) grounded=1
[2026-01-31 14:20:47][INFO] physics_basic: input fwd=0 back=0 left=0 right=0 jump=0 sprint=0 dt=0.001000
[2026-01-31 14:20:47][INFO] physics_basic: pos=(4.762022,-0.000010,-1.527471) vel=(0.038698,-0.009800,-0.329773) grounded=1
[2026-01-31 14:20:47][INFO] physics_basic: input fwd=0 back=0 left=0 right=0 jump=0 sprint=0 dt=0.001000
[2026-01-31 14:20:47][INFO] physics_basic: pos=(4.763856,-0.000010,-1.543107) vel=(0.023899,-0.009800,-0.203664) grounded=1
[2026-01-31 14:20:47][INFO] physics_basic: input fwd=0 back=0 left=0 right=0 jump=0 sprint=0 dt=0.001000
[2026-01-31 14:20:47][INFO] physics_basic: pos=(4.765004,-0.000010,-1.552888) vel=(0.014641,-0.009800,-0.124766) grounded=1
[2026-01-31 14:20:47][INFO] physics_basic: input fwd=0 back=0 left=0 right=0 jump=0 sprint=0 dt=0.001000
[2026-01-31 14:20:47][INFO] physics_basic: pos=(4.765698,-0.000010,-1.558803) vel=(0.009042,-0.009800,-0.077054) grounded=1
[2026-01-31 14:20:47][INFO] physics_basic: input fwd=0 back=0 left=0 right=0 jump=0 sprint=0 dt=0.001000
[2026-01-31 14:20:47][INFO] platform: key_down scancode=41 code=7
[2026-01-31 14:20:47][INFO] physics_basic: pos=(4.766133,-0.000010,-1.562504) vel=(0.005539,-0.009800,-0.047204) grounded=1
[2026-01-31 14:20:47][INFO] physics_basic: input fwd=0 back=0 left=0 right=0 jump=0 sprint=0 dt=0.001000
[2026-01-31 14:20:47][INFO] input: action=Quit key=7 down=1
[2026-01-31 14:20:47][INFO] input: action=Quit key=7 down=1
[2026-01-31 14:20:47][INFO] input: action=Quit key=7 down=1
[2026-01-31 14:20:47][INFO] physics_basic: pos=(4.766395,-0.000010,-1.564742) vel=(0.003421,-0.009800,-0.029153) grounded=1
[2026-01-31 14:20:47][INFO] physics_basic: input fwd=0 back=0 left=0 right=0 jump=0 sprint=0 dt=0.001000
[2026-01-31 14:20:47][INFO] input: action=Quit key=7 down=1
[2026-01-31 14:20:47][INFO] input: action=Quit key=7 down=1
[2026-01-31 14:20:47][INFO] runtime: live_rig fwd=0.282179 strafe=-0.075345 grounded=1
[2026-01-31 14:20:47][INFO] input: action=Quit key=7 down=1
[2026-01-31 14:20:47][INFO] platform: key_up scancode=41 code=7
[2026-01-31 14:20:47][INFO] physics_basic: pos=(4.766559,-0.000010,-1.566125) vel=(0.002113,-0.009800,-0.018004) grounded=1
[2026-01-31 14:20:47][INFO] physics_basic: input fwd=0 back=0 left=0 right=0 jump=0 sprint=0 dt=0.001000
[2026-01-31 14:20:47][INFO] physics_basic: pos=(4.766658,-0.000010,-1.566979) vel=(0.001305,-0.009800,-0.011119) grounded=1
[2026-01-31 14:20:47][INFO] physics_basic: input fwd=0 back=0 left=0 right=0 jump=0 sprint=0 dt=0.001000
[2026-01-31 14:20:48][INFO] physics_basic: pos=(4.766721,-0.000010,-1.567513) vel=(0.000799,-0.009800,-0.006812) grounded=1
[2026-01-31 14:20:48][INFO] physics_basic: input fwd=0 back=0 left=0 right=0 jump=0 sprint=0 dt=0.001000
[2026-01-31 14:20:48][INFO] physics_basic: pos=(4.766757,-0.000010,-1.567840) vel=(0.000490,-0.009800,-0.004173) grounded=1
[2026-01-31 14:20:48][INFO] physics_basic: input fwd=0 back=0 left=0 right=0 jump=0 sprint=0 dt=0.001000
[2026-01-31 14:20:48][INFO] physics_basic: pos=(4.766785,-0.000010,-1.568038) vel=(0.000302,-0.009800,-0.002577) grounded=1
[2026-01-31 14:20:48][INFO] physics_basic: input fwd=0 back=0 left=0 right=0 jump=0 sprint=0 dt=0.001000
[2026-01-31 14:20:48][INFO] physics_basic: pos=(4.766799,-0.000010,-1.568162) vel=(0.000185,-0.009800,-0.001579) grounded=1
[2026-01-31 14:20:48][INFO] physics_basic: input fwd=0 back=0 left=0 right=0 jump=0 sprint=0 dt=0.001000
[2026-01-31 14:20:48][INFO] physics_basic: pos=(4.766799,-0.000010,-1.568237) vel=(0.000114,-0.009800,-0.000975) grounded=1
[2026-01-31 14:20:48][INFO] physics_basic: input fwd=0 back=0 left=0 right=0 jump=0 sprint=0 dt=0.001000
[2026-01-31 14:20:48][INFO] physics_basic: pos=(4.766799,-0.000010,-1.568283) vel=(0.000070,-0.009800,-0.000597) grounded=1
[2026-01-31 14:20:48][INFO] physics_basic: input fwd=0 back=0 left=0 right=0 jump=0 sprint=0 dt=0.001000
[2026-01-31 14:20:48][INFO] runtime: live_rig fwd=0.014918 strafe=-0.003125 grounded=1
[2026-01-31 14:20:48][INFO] physics_basic: pos=(4.766799,-0.000010,-1.568312) vel=(0.000043,-0.009800,-0.000369) grounded=1
[2026-01-31 14:20:48][INFO] physics_basic: input fwd=0 back=0 left=0 right=0 jump=0 sprint=0 dt=0.001000
[2026-01-31 14:20:48][INFO] physics_basic: pos=(4.766799,-0.000010,-1.568329) vel=(0.000027,-0.009800,-0.000226) grounded=1
[2026-01-31 14:20:48][INFO] physics_basic: input fwd=0 back=0 left=0 right=0 jump=0 sprint=0 dt=0.001000
[2026-01-31 14:20:48][INFO] physics_basic: pos=(4.766799,-0.000010,-1.568340) vel=(0.000016,-0.009800,-0.000140) grounded=1
[2026-01-31 14:20:48][INFO] physics_basic: input fwd=0 back=0 left=0 right=0 jump=0 sprint=0 dt=0.001000
[2026-01-31 14:20:48][INFO] physics_basic: pos=(4.766799,-0.000010,-1.568347) vel=(0.000010,-0.009800,-0.000086) grounded=1
[2026-01-31 14:20:48][INFO] physics_basic: input fwd=0 back=0 left=0 right=0 jump=0 sprint=0 dt=0.001000
[2026-01-31 14:20:48][INFO] physics_basic: pos=(4.766799,-0.000010,-1.568352) vel=(0.000006,-0.009800,-0.000053) grounded=1
[2026-01-31 14:20:48][INFO] physics_basic: input fwd=0 back=0 left=0 right=0 jump=0 sprint=0 dt=0.001000
[2026-01-31 14:20:48][INFO] physics_basic: pos=(4.766799,-0.000010,-1.568352) vel=(0.000004,-0.009800,-0.000033) grounded=1
[2026-01-31 14:20:48][INFO] physics_basic: input fwd=0 back=0 left=0 right=0 jump=0 sprint=0 dt=0.001000
[2026-01-31 14:20:48][INFO] physics_basic: pos=(4.766799,-0.000010,-1.568352) vel=(0.000002,-0.009800,-0.000020) grounded=1
[2026-01-31 14:20:48][INFO] physics_basic: input fwd=0 back=0 left=0 right=0 jump=0 sprint=0 dt=0.001000
[2026-01-31 14:20:48][INFO] physics_basic: pos=(4.766799,-0.000010,-1.568352) vel=(0.000001,-0.009800,-0.000012) grounded=1
[2026-01-31 14:20:48][INFO] physics_basic: input fwd=0 back=0 left=0 right=0 jump=0 sprint=0 dt=0.001000
[2026-01-31 14:20:48][INFO] physics_basic: pos=(4.766799,-0.000010,-1.568352) vel=(0.000001,-0.009800,-0.000008) grounded=1
[2026-01-31 14:20:48][INFO] physics_basic: input fwd=0 back=0 left=0 right=0 jump=0 sprint=0 dt=0.001000
[2026-01-31 14:20:48][INFO] runtime: live_rig fwd=0.000698 strafe=-0.000158 grounded=1
[2026-01-31 14:20:48][INFO] physics_basic: pos=(4.766799,-0.000010,-1.568352) vel=(0.000001,-0.009800,-0.000005) grounded=1
[2026-01-31 14:20:48][INFO] physics_basic: input fwd=0 back=0 left=0 right=0 jump=0 sprint=0 dt=0.001000
[2026-01-31 14:20:48][INFO] physics_basic: pos=(4.766799,-0.000010,-1.568352) vel=(0.000000,-0.009800,-0.000003) grounded=1
[2026-01-31 14:20:49][INFO] physics_basic: input fwd=0 back=0 left=0 right=0 jump=0 sprint=0 dt=0.001000
[2026-01-31 14:20:49][INFO] level entity spawned: player_spawn
[2026-01-31 14:20:49][INFO] level entity spawned: ground_plane_1
[2026-01-31 14:20:49][INFO] level entity spawned: demo_quad_1
[2026-01-31 14:20:49][INFO] runtime: player rig scale set to 1.058824 (mesh height=1.700000, mesh scale=0.010000, root scale=1.000000, final scale=0.010588,0.010588,0.010588)
[2026-01-31 14:20:49][INFO] runtime: rig mesh bounds min=(-0.553406,-0.000000,-0.173289) max=(0.553406,1.700000,0.173289)
[2026-01-31 14:20:49][INFO] runtime: rig skeleton min y=0.040637
[2026-01-31 14:20:49][INFO] runtime: player rig offset set to 0.000000 (grounded by mesh bounds)
[2026-01-31 14:20:49][INFO] runtime: controller size set (radius=0.150000, half_height=0.100000, center_offset=0.250000, mesh height=0.018000, mesh bottom=0.000000)
[2026-01-31 14:20:49][INFO] runtime: player rig asset = manny (source=/home/skooze/rkg/NecTr/AI_GUARD_1/AI_GUARD_1_Character_output.glb)
[2026-01-31 14:20:49][INFO] runtime: attached skeleton from asset manny joints=24
[2026-01-31 14:20:49][INFO] content reloaded (raw)
[2026-01-31 14:20:49][INFO] reload reason: stop
[2026-01-31 14:20:50][INFO] debug_ui: shutdown
[2026-01-31 14:20:50][INFO] physics_basic: shutdown
[2026-01-31 14:20:50][INFO] renderer:vulkan shutdown
[2026-01-31 14:20:50][INFO] log shutdown
