[2026-01-31 14:33:09][INFO] log init
[2026-01-31 14:33:09][INFO] log file: /home/skooze/rkg/build_logs/rkg_editor_20260131_143309.log
[2026-01-31 14:33:09][INFO] platform: linux
[2026-01-31 14:33:09][INFO] build: debug
[2026-01-31 14:33:09][INFO] git: d76086b
[2026-01-31 14:33:09][INFO] runtime: input map file=/home/skooze/rkg/projects/demo_game/config/input.yaml loaded=1 bindings=9
[2026-01-31 14:33:09][INFO] asset_cache: manny source -> /home/skooze/rkg/NecTr/AI_GUARD_1/AI_GUARD_1_Character_output.glb
[2026-01-31 14:33:09][INFO] asset_cache: auto-importing manny into build/content_cache/generated_assets/manny
[2026-01-31 14:33:09][INFO] asset_cache: auto-imported manny.glb into build/content_cache/generated_assets/manny
[2026-01-31 14:33:09][INFO] asset_cache: loaded testmanny (verts=69772 idx=418608 mats=0 tex=0 joints=24 scale=1.000000,1.000000,1.000000)
[2026-01-31 14:33:09][INFO] asset_cache: loaded manny (verts=33592 idx=156288 mats=1 tex=2 joints=24 scale=0.010000,0.010000,0.010000)
[2026-01-31 14:33:09][WARN] cooked content missing; using raw content (dev_mode)
[2026-01-31 14:33:09][INFO] RLIMIT_NOFILE: 1024/524288
[2026-01-31 14:33:09][INFO] RLIMIT_NPROC: 127047/127047
[2026-01-31 14:33:09][INFO] Wayland socket: /run/user/1000/wayland-0 mode=srwxr-xr-x uid=1000 gid=1000
[2026-01-31 14:33:09][INFO] Wayland socket connect ok: /run/user/1000/wayland-0
[2026-01-31 14:33:09][INFO] Wayland wl_display_connect ok: wayland-0
[2026-01-31 14:33:09][INFO] X11 socket: /tmp/.X11-unix/X1 mode=srwxr-xr-x uid=1000 gid=1000
[2026-01-31 14:33:09][INFO] X11 socket connect ok: /tmp/.X11-unix/X1
[2026-01-31 14:33:09][INFO] X11 XOpenDisplay ok: :1
[2026-01-31 14:33:09][INFO] SDL system/info: App name: SDL Application
[2026-01-31 14:33:09][INFO] SDL system/info: App version: <unspecified>
[2026-01-31 14:33:09][INFO] SDL system/info: App ID: <unspecified>
[2026-01-31 14:33:09][INFO] SDL system/info: SDL revision: SDL-release-3.4.0-0-ga962f40bb
[2026-01-31 14:33:09][INFO] SDL system/debug: SDL chose video backend 'wayland'
[2026-01-31 14:33:09][INFO] SDL current video driver: wayland
[2026-01-31 14:33:10][INFO] renderer:vulkan skinned demo: joints=24
[2026-01-31 14:33:10][INFO] renderer:vulkan textured demo: using asset manny dir=/home/skooze/rkg/build/content_cache/generated_assets/manny
[2026-01-31 14:33:10][INFO] renderer:vulkan init
[2026-01-31 14:33:10][INFO] renderer:vulkan dynamic rendering: enabled
[2026-01-31 14:33:10][INFO] renderer: renderer_vulkan
[2026-01-31 14:33:10][INFO] renderer caps: DrawPrimitive | DebugUiSupported
[2026-01-31 14:33:10][WARN] script:lua not available (Lua not found)
[2026-01-31 14:33:10][WARN] script:js not available (QuickJS/Duktape not found)
[2026-01-31 14:33:10][INFO] debug_ui: swapchain_format=50
[2026-01-31 14:33:10][INFO] debug_ui: backend caps api=pipeline_info_main render_pass=yes dynamic=yes color_format=no pipeline_rendering=yes msaa=yes
[2026-01-31 14:33:10][INFO] debug_ui: render path render_pass
[2026-01-31 14:33:10][INFO] debug_ui: init
[2026-01-31 14:33:10][INFO] debug_ui enabled
[2026-01-31 14:33:10][INFO] physics_basic: init
[2026-01-31 14:33:10][INFO] level entity spawned: player_spawn
[2026-01-31 14:33:10][INFO] level entity spawned: ground_plane_1
[2026-01-31 14:33:10][INFO] level entity spawned: demo_quad_1
[2026-01-31 14:33:10][INFO] runtime: player rig scale set to 1.058824 (mesh height=1.700000, mesh scale=0.010000, root scale=1.000000, final scale=0.010588,0.010588,0.010588)
[2026-01-31 14:33:10][INFO] runtime: rig mesh bounds min=(-0.553406,-0.000000,-0.173289) max=(0.553406,1.700000,0.173289)
[2026-01-31 14:33:10][INFO] runtime: rig skeleton min y=0.040637
[2026-01-31 14:33:10][INFO] runtime: player rig offset set to 0.000000 (grounded by mesh bounds)
[2026-01-31 14:33:10][INFO] runtime: controller size set (radius=0.150000, half_height=0.100000, center_offset=0.250000, mesh height=0.018000, mesh bottom=0.000000)
[2026-01-31 14:33:10][INFO] runtime: player rig asset = manny (source=/home/skooze/rkg/NecTr/AI_GUARD_1/AI_GUARD_1_Character_output.glb)
[2026-01-31 14:33:10][INFO] runtime: attached skeleton from asset manny joints=24
[2026-01-31 14:33:10][INFO] content watcher: inotify
[2026-01-31 14:33:10][INFO] tick: begin
[2026-01-31 14:33:10][INFO] tick: renderer update
[2026-01-31 14:33:10][INFO] renderer:vulkan update begin
[2026-01-31 14:33:10][WARN] renderer:vulkan swapchain rebuild requested
[2026-01-31 14:33:10][INFO] renderer:vulkan update end
[2026-01-31 14:33:10][INFO] debug_ui: new_frame begin
[2026-01-31 14:33:10][INFO] debug_ui: new_frame end
[2026-01-31 14:33:10][INFO] renderer:vulkan step 0: draw_frame: wait fence
[2026-01-31 14:33:10][INFO] renderer:vulkan swapchain=94799208968736
[2026-01-31 14:33:10][INFO] renderer:vulkan swapchain images=3 views=3 framebuffers=3 cmd_buffers=3
[2026-01-31 14:33:10][INFO] renderer:vulkan extent=1600x900
[2026-01-31 14:33:10][INFO] renderer:vulkan step 1: vkAcquireNextImageKHR
[2026-01-31 14:33:10][INFO] renderer:vulkan step 2: vkResetCommandBuffer
[2026-01-31 14:33:10][INFO] renderer:vulkan step 3: vkBeginCommandBuffer
[2026-01-31 14:33:10][INFO] renderer:vulkan step 4: swapchain: barrier to color attachment
[2026-01-31 14:33:10][INFO] renderer:vulkan step 5: swapchain: begin render pass
[2026-01-31 14:33:10][INFO] renderer:vulkan step 6: swapchain: clear attachments
[2026-01-31 14:33:10][INFO] renderer:vulkan step 7: imgui: render inside pass
[2026-01-31 14:33:10][INFO] debug_ui: draw_data textures=1
[2026-01-31 14:33:10][INFO] debug_ui: texture 0 status=0 tex_empty=false
[2026-01-31 14:33:10][INFO] debug_ui: render draw_data lists=1 vtx=4 idx=6
[2026-01-31 14:33:10][INFO] renderer:vulkan step 8: swapchain: end render pass
[2026-01-31 14:33:10][INFO] renderer:vulkan step 9: vkEndCommandBuffer
[2026-01-31 14:33:10][INFO] renderer:vulkan step 10: vkQueueSubmit
[2026-01-31 14:33:10][INFO] renderer:vulkan step 11: vkQueuePresentKHR
[2026-01-31 14:33:10][INFO] event: mouse type=1024 x=841 y=416
[2026-01-31 14:33:10][INFO] event: mouse type=1024 x=842 y=416
[2026-01-31 14:33:11][INFO] renderer:vulkan skinned live rig map: hips=Hips spine=Spine chest=Spine02 neck=neck head=Head l_thigh=LeftUpLeg r_thigh=RightUpLeg l_calf=LeftLeg r_calf=RightLeg l_foot=LeftFoot r_foot=RightFoot l_arm=LeftShoulder r_arm=RightShoulder l_fore=LeftForeArm r_fore=RightForeArm
[2026-01-31 14:33:11][INFO] renderer:vulkan skeleton names (first 64): 0:Hips 1:LeftUpLeg 2:LeftLeg 3:LeftFoot 4:LeftToeBase 5:RightUpLeg 6:RightLeg 7:RightFoot 8:RightToeBase 9:Spine02 10:Spine01 11:Spine 12:LeftShoulder 13:LeftArm 14:LeftForeArm 15:LeftHand 16:RightShoulder 17:RightArm 18:RightForeArm 19:RightHand 20:neck 21:Head 22:head_end 23:headfront 
[2026-01-31 14:33:11][INFO] physics_basic: input fwd=0 back=0 left=0 right=0 jump=0 sprint=0 dt=0.001000
[2026-01-31 14:33:11][INFO] physics_basic: pos=(0.000000,-0.000010,0.000000) vel=(0.000000,-0.009800,0.000000) grounded=1
[2026-01-31 14:33:11][INFO] physics_basic: input fwd=0 back=0 left=0 right=0 jump=0 sprint=0 dt=0.001000
[2026-01-31 14:33:12][INFO] physics_basic: pos=(0.000000,-0.000010,0.000000) vel=(0.000000,-0.009800,0.000000) grounded=1
[2026-01-31 14:33:12][INFO] physics_basic: input fwd=0 back=0 left=0 right=0 jump=0 sprint=0 dt=0.001000
[2026-01-31 14:33:12][INFO] physics_basic: pos=(0.000000,-0.000010,0.000000) vel=(0.000000,-0.009800,0.000000) grounded=1
[2026-01-31 14:33:12][INFO] physics_basic: input fwd=0 back=0 left=0 right=0 jump=0 sprint=0 dt=0.001000
[2026-01-31 14:33:12][INFO] physics_basic: pos=(0.000000,-0.000010,0.000000) vel=(0.000000,-0.009800,0.000000) grounded=1
[2026-01-31 14:33:12][INFO] physics_basic: input fwd=0 back=0 left=0 right=0 jump=0 sprint=0 dt=0.001000
[2026-01-31 14:33:12][INFO] physics_basic: pos=(0.000000,-0.000010,0.000000) vel=(0.000000,-0.009800,0.000000) grounded=1
[2026-01-31 14:33:12][INFO] physics_basic: input fwd=0 back=0 left=0 right=0 jump=0 sprint=0 dt=0.001000
[2026-01-31 14:33:12][INFO] platform: key_down scancode=26 code=1
[2026-01-31 14:33:12][INFO] input: action=MoveForward key=1 down=1
[2026-01-31 14:33:12][INFO] input: action=MoveForward key=1 down=1
[2026-01-31 14:33:12][INFO] physics_basic: pos=(-0.033680,-0.000010,-0.008501) vel=(-1.860367,-0.009800,-0.399601) grounded=1
[2026-01-31 14:33:12][INFO] physics_basic: input fwd=1 back=0 left=0 right=0 jump=0 sprint=0 dt=0.001000
[2026-01-31 14:33:12][INFO] input: action=MoveForward key=1 down=1
[2026-01-31 14:33:12][INFO] input: action=MoveForward key=1 down=1
[2026-01-31 14:33:12][INFO] input: action=MoveForward key=1 down=1
[2026-01-31 14:33:12][INFO] physics_basic: pos=(-0.199724,-0.000010,-0.027900) vel=(-3.359057,-0.009800,-0.146268) grounded=1
[2026-01-31 14:33:12][INFO] physics_basic: input fwd=1 back=0 left=0 right=0 jump=0 sprint=0 dt=0.001000
[2026-01-31 14:33:12][INFO] input: action=MoveForward key=1 down=1
[2026-01-31 14:33:12][INFO] input: action=MoveForward key=1 down=1
[2026-01-31 14:33:12][INFO] input: action=MoveForward key=1 down=1
[2026-01-31 14:33:12][INFO] physics_basic: pos=(-0.421347,-0.000010,-0.027583) vel=(-3.808353,-0.009800,0.119355) grounded=1
[2026-01-31 14:33:12][INFO] physics_basic: input fwd=1 back=0 left=0 right=0 jump=0 sprint=0 dt=0.001000
[2026-01-31 14:33:12][INFO] input: action=MoveForward key=1 down=1
[2026-01-31 14:33:12][INFO] runtime: live_rig fwd=2.001654 strafe=-0.137514 grounded=1
[2026-01-31 14:33:12][INFO] input: action=MoveForward key=1 down=1
[2026-01-31 14:33:12][INFO] input: action=MoveForward key=1 down=1
[2026-01-31 14:33:12][INFO] physics_basic: pos=(-0.652938,-0.000010,-0.005360) vel=(-3.862244,-0.009800,0.679748) grounded=1
[2026-01-31 14:33:12][INFO] physics_basic: input fwd=1 back=0 left=0 right=0 jump=0 sprint=0 dt=0.001000
[2026-01-31 14:33:12][INFO] input: action=MoveForward key=1 down=1
[2026-01-31 14:33:12][INFO] input: action=MoveForward key=1 down=1
[2026-01-31 14:33:12][INFO] input: action=MoveForward key=1 down=1
[2026-01-31 14:33:12][INFO] physics_basic: pos=(-0.886143,-0.000010,0.053227) vel=(-3.778534,-0.009800,1.193235) grounded=1
[2026-01-31 14:33:12][INFO] physics_basic: input fwd=1 back=0 left=0 right=0 jump=0 sprint=0 dt=0.001000
[2026-01-31 14:33:12][INFO] input: action=MoveForward key=1 down=1
[2026-01-31 14:33:12][INFO] input: action=MoveForward key=1 down=1
[2026-01-31 14:33:12][INFO] input: action=MoveForward key=1 down=1
[2026-01-31 14:33:12][INFO] physics_basic: pos=(-1.108059,-0.000010,0.139254) vel=(-3.614413,-0.009800,1.653855) grounded=1
[2026-01-31 14:33:12][INFO] physics_basic: input fwd=1 back=0 left=0 right=0 jump=0 sprint=0 dt=0.001000
[2026-01-31 14:33:12][INFO] input: action=MoveForward key=1 down=1
[2026-01-31 14:33:12][INFO] input: action=MoveForward key=1 down=1
[2026-01-31 14:33:12][INFO] input: action=MoveForward key=1 down=1
[2026-01-31 14:33:12][INFO] physics_basic: pos=(-1.321100,-0.000010,0.247298) vel=(-3.501954,-0.009800,1.908713) grounded=1
[2026-01-31 14:33:12][INFO] physics_basic: input fwd=1 back=0 left=0 right=0 jump=0 sprint=0 dt=0.001000
[2026-01-31 14:33:12][INFO] input: action=MoveForward key=1 down=1
[2026-01-31 14:33:12][INFO] input: action=MoveForward key=1 down=1
[2026-01-31 14:33:12][INFO] input: action=MoveForward key=1 down=1
[2026-01-31 14:33:12][INFO] physics_basic: pos=(-1.529755,-0.000010,0.365002) vel=(-3.461802,-0.009800,1.996070) grounded=1
[2026-01-31 14:33:12][INFO] physics_basic: input fwd=1 back=0 left=0 right=0 jump=0 sprint=0 dt=0.001000
[2026-01-31 14:33:12][INFO] input: action=MoveForward key=1 down=1
[2026-01-31 14:33:12][INFO] input: action=MoveForward key=1 down=1
[2026-01-31 14:33:12][INFO] input: action=MoveForward key=1 down=1
[2026-01-31 14:33:12][INFO] physics_basic: pos=(-1.737028,-0.000010,0.485712) vel=(-3.449855,-0.009800,2.022063) grounded=1
[2026-01-31 14:33:12][INFO] physics_basic: input fwd=1 back=0 left=0 right=0 jump=0 sprint=0 dt=0.001000
[2026-01-31 14:33:12][INFO] input: action=MoveForward key=1 down=1
[2026-01-31 14:33:12][INFO] input: action=MoveForward key=1 down=1
[2026-01-31 14:33:12][INFO] input: action=MoveForward key=1 down=1
[2026-01-31 14:33:12][INFO] physics_basic: pos=(-1.947336,-0.000039,0.609348) vel=(-3.446269,-0.019600,2.029864) grounded=1
[2026-01-31 14:33:12][INFO] physics_basic: input fwd=1 back=0 left=0 right=0 jump=0 sprint=0 dt=0.001000
[2026-01-31 14:33:12][INFO] platform: key_down scancode=26 code=1
[2026-01-31 14:33:12][INFO] input: action=MoveForward key=1 down=1
[2026-01-31 14:33:12][INFO] platform: key_down scancode=225 code=6
[2026-01-31 14:33:12][INFO] platform: key_down scancode=4 code=2
[2026-01-31 14:33:12][INFO] input: action=Sprint key=6 down=1
[2026-01-31 14:33:12][INFO] input: action=MoveLeft key=2 down=1
[2026-01-31 14:33:12][INFO] input: action=MoveForward key=1 down=1
[2026-01-31 14:33:12][INFO] input: action=Sprint key=6 down=1
[2026-01-31 14:33:12][INFO] input: action=MoveLeft key=2 down=1
[2026-01-31 14:33:12][INFO] input: action=MoveForward key=1 down=1
[2026-01-31 14:33:12][INFO] physics_basic: pos=(-2.159501,-0.000010,0.792188) vel=(-2.863329,-0.009800,4.634534) grounded=1
[2026-01-31 14:33:12][INFO] physics_basic: input fwd=1 back=0 left=1 right=0 jump=0 sprint=1 dt=0.001000
[2026-01-31 14:33:12][INFO] input: action=Sprint key=6 down=1
[2026-01-31 14:33:12][INFO] input: action=MoveLeft key=2 down=1
[2026-01-31 14:33:12][INFO] input: action=MoveForward key=1 down=1
[2026-01-31 14:33:12][INFO] input: action=Sprint key=6 down=1
[2026-01-31 14:33:12][INFO] input: action=MoveLeft key=2 down=1
[2026-01-31 14:33:12][INFO] input: action=MoveForward key=1 down=1
[2026-01-31 14:33:12][INFO] runtime: live_rig fwd=4.232627 strafe=0.748257 grounded=1
[2026-01-31 14:33:12][INFO] input: action=Sprint key=6 down=1
[2026-01-31 14:33:12][INFO] input: action=MoveLeft key=2 down=1
[2026-01-31 14:33:12][INFO] input: action=MoveForward key=1 down=1
[2026-01-31 14:33:12][INFO] physics_basic: pos=(-2.297642,-0.000010,1.132967) vel=(-1.879277,-0.009800,6.199242) grounded=1
[2026-01-31 14:33:12][INFO] physics_basic: input fwd=1 back=0 left=1 right=0 jump=0 sprint=1 dt=0.001000
[2026-01-31 14:33:12][INFO] input: action=Sprint key=6 down=1
[2026-01-31 14:33:12][INFO] input: action=MoveLeft key=2 down=1
[2026-01-31 14:33:12][INFO] input: action=MoveForward key=1 down=1
[2026-01-31 14:33:12][INFO] input: action=Sprint key=6 down=1
[2026-01-31 14:33:12][INFO] input: action=MoveLeft key=2 down=1
[2026-01-31 14:33:12][INFO] input: action=MoveForward key=1 down=1
[2026-01-31 14:33:12][INFO] input: action=Sprint key=6 down=1
[2026-01-31 14:33:12][INFO] input: action=MoveLeft key=2 down=1
[2026-01-31 14:33:12][INFO] input: action=MoveForward key=1 down=1
[2026-01-31 14:33:12][INFO] physics_basic: pos=(-2.398260,-0.000010,1.528723) vel=(-1.415629,-0.009800,6.688749) grounded=1
[2026-01-31 14:33:12][INFO] physics_basic: input fwd=1 back=0 left=1 right=0 jump=0 sprint=1 dt=0.001000
[2026-01-31 14:33:12][INFO] input: action=Sprint key=6 down=1
[2026-01-31 14:33:12][INFO] input: action=MoveLeft key=2 down=1
[2026-01-31 14:33:12][INFO] input: action=MoveForward key=1 down=1
[2026-01-31 14:33:13][INFO] input: action=Sprint key=6 down=1
[2026-01-31 14:33:13][INFO] input: action=MoveLeft key=2 down=1
[2026-01-31 14:33:13][INFO] input: action=MoveForward key=1 down=1
[2026-01-31 14:33:13][INFO] input: action=Sprint key=6 down=1
[2026-01-31 14:33:13][INFO] input: action=MoveLeft key=2 down=1
[2026-01-31 14:33:13][INFO] input: action=MoveForward key=1 down=1
[2026-01-31 14:33:13][INFO] physics_basic: pos=(-2.466748,-0.000010,1.943861) vel=(-0.853990,-0.009800,6.888633) grounded=1
[2026-01-31 14:33:13][INFO] physics_basic: input fwd=1 back=0 left=1 right=0 jump=0 sprint=1 dt=0.001000
[2026-01-31 14:33:13][INFO] input: action=Sprint key=6 down=1
[2026-01-31 14:33:13][INFO] input: action=MoveLeft key=2 down=1
[2026-01-31 14:33:13][INFO] input: action=MoveForward key=1 down=1
[2026-01-31 14:33:13][INFO] input: action=Sprint key=6 down=1
[2026-01-31 14:33:13][INFO] input: action=MoveLeft key=2 down=1
[2026-01-31 14:33:13][INFO] input: action=MoveForward key=1 down=1
[2026-01-31 14:33:13][INFO] input: action=Sprint key=6 down=1
[2026-01-31 14:33:13][INFO] input: action=MoveLeft key=2 down=1
[2026-01-31 14:33:13][INFO] input: action=MoveForward key=1 down=1
[2026-01-31 14:33:13][INFO] physics_basic: pos=(-2.506191,-0.000010,2.359735) vel=(-0.480715,-0.009800,6.961249) grounded=1
[2026-01-31 14:33:13][INFO] physics_basic: input fwd=1 back=0 left=1 right=0 jump=0 sprint=1 dt=0.001000
[2026-01-31 14:33:13][INFO] input: action=Sprint key=6 down=1
[2026-01-31 14:33:13][INFO] input: action=MoveLeft key=2 down=1
[2026-01-31 14:33:13][INFO] input: action=MoveForward key=1 down=1
[2026-01-31 14:33:13][INFO] input: action=Sprint key=6 down=1
[2026-01-31 14:33:13][INFO] input: action=MoveLeft key=2 down=1
[2026-01-31 14:33:13][INFO] input: action=MoveForward key=1 down=1
[2026-01-31 14:33:13][INFO] input: action=Sprint key=6 down=1
[2026-01-31 14:33:13][INFO] input: action=MoveLeft key=2 down=1
[2026-01-31 14:33:13][INFO] input: action=MoveForward key=1 down=1
[2026-01-31 14:33:13][INFO] physics_basic: pos=(-2.528449,-0.000010,2.785304) vel=(-0.254259,-0.009800,6.987038) grounded=1
[2026-01-31 14:33:13][INFO] physics_basic: input fwd=1 back=0 left=1 right=0 jump=0 sprint=1 dt=0.001000
[2026-01-31 14:33:13][INFO] input: action=Sprint key=6 down=1
[2026-01-31 14:33:13][INFO] input: action=MoveLeft key=2 down=1
[2026-01-31 14:33:13][INFO] input: action=MoveForward key=1 down=1
[2026-01-31 14:33:13][INFO] platform: key_down scancode=7 code=4
[2026-01-31 14:33:13][INFO] input: action=Sprint key=6 down=1
[2026-01-31 14:33:13][INFO] input: action=MoveRight key=4 down=1
[2026-01-31 14:33:13][INFO] input: action=MoveLeft key=2 down=1
[2026-01-31 14:33:13][INFO] input: action=MoveForward key=1 down=1
[2026-01-31 14:33:13][INFO] input: action=Sprint key=6 down=1
[2026-01-31 14:33:13][INFO] input: action=MoveRight key=4 down=1
[2026-01-31 14:33:13][INFO] input: action=MoveLeft key=2 down=1
[2026-01-31 14:33:13][INFO] input: action=MoveForward key=1 down=1
[2026-01-31 14:33:13][INFO] physics_basic: pos=(-2.609041,-0.000010,3.176109) vel=(-2.860302,-0.009800,5.904973) grounded=1
[2026-01-31 14:33:13][INFO] physics_basic: input fwd=1 back=0 left=1 right=1 jump=0 sprint=1 dt=0.001000
[2026-01-31 14:33:13][INFO] input: action=Sprint key=6 down=1
[2026-01-31 14:33:13][INFO] input: action=MoveRight key=4 down=1
[2026-01-31 14:33:13][INFO] input: action=MoveLeft key=2 down=1
[2026-01-31 14:33:13][INFO] input: action=MoveForward key=1 down=1
[2026-01-31 14:33:13][INFO] input: action=Sprint key=6 down=1
[2026-01-31 14:33:13][INFO] input: action=MoveRight key=4 down=1
[2026-01-31 14:33:13][INFO] input: action=MoveLeft key=2 down=1
[2026-01-31 14:33:13][INFO] input: action=MoveForward key=1 down=1
[2026-01-31 14:33:13][INFO] input: action=Sprint key=6 down=1
[2026-01-31 14:33:13][INFO] input: action=MoveRight key=4 down=1
[2026-01-31 14:33:13][INFO] input: action=MoveLeft key=2 down=1
[2026-01-31 14:33:13][INFO] input: action=MoveForward key=1 down=1
[2026-01-31 14:33:13][INFO] physics_basic: pos=(-2.820110,-0.000010,3.518492) vel=(-3.844435,-0.009800,5.655000) grounded=1
[2026-01-31 14:33:13][INFO] physics_basic: input fwd=1 back=0 left=1 right=1 jump=0 sprint=1 dt=0.001000
[2026-01-31 14:33:13][INFO] input: action=Sprint key=6 down=1
[2026-01-31 14:33:13][INFO] input: action=MoveRight key=4 down=1
[2026-01-31 14:33:13][INFO] input: action=MoveLeft key=2 down=1
[2026-01-31 14:33:13][INFO] input: action=MoveForward key=1 down=1
[2026-01-31 14:33:13][INFO] input: action=Sprint key=6 down=1
[2026-01-31 14:33:13][INFO] input: action=MoveRight key=4 down=1
[2026-01-31 14:33:13][INFO] input: action=MoveLeft key=2 down=1
[2026-01-31 14:33:13][INFO] input: action=MoveForward key=1 down=1
[2026-01-31 14:33:13][INFO] input: action=Sprint key=6 down=1
[2026-01-31 14:33:13][INFO] input: action=MoveRight key=4 down=1
[2026-01-31 14:33:13][INFO] input: action=MoveLeft key=2 down=1
[2026-01-31 14:33:13][INFO] input: action=MoveForward key=1 down=1
[2026-01-31 14:33:13][INFO] physics_basic: pos=(-3.026531,-0.000010,3.873631) vel=(-2.468801,-0.009800,6.328938) grounded=1
[2026-01-31 14:33:13][INFO] input: action=Sprint key=6 down=1
[2026-01-31 14:33:13][INFO] input: action=MoveRight key=4 down=1
[2026-01-31 14:33:13][INFO] input: action=MoveLeft key=2 down=1
[2026-01-31 14:33:13][INFO] input: action=MoveForward key=1 down=1
[2026-01-31 14:33:13][INFO] physics_basic: input fwd=1 back=0 left=1 right=1 jump=0 sprint=1 dt=0.001000
[2026-01-31 14:33:13][INFO] platform: key_down scancode=44 code=5
[2026-01-31 14:33:13][INFO] input: action=Sprint key=6 down=1
[2026-01-31 14:33:13][INFO] input: action=Jump key=5 down=1
[2026-01-31 14:33:13][INFO] input: action=MoveRight key=4 down=1
[2026-01-31 14:33:13][INFO] input: action=MoveLeft key=2 down=1
[2026-01-31 14:33:13][INFO] input: action=MoveForward key=1 down=1
[2026-01-31 14:33:13][INFO] input: action=Sprint key=6 down=1
[2026-01-31 14:33:13][INFO] input: action=Jump key=5 down=1
[2026-01-31 14:33:13][INFO] input: action=MoveRight key=4 down=1
[2026-01-31 14:33:13][INFO] input: action=MoveLeft key=2 down=1
[2026-01-31 14:33:13][INFO] input: action=MoveForward key=1 down=1
[2026-01-31 14:33:13][INFO] runtime: live_rig fwd=6.063793 strafe=0.570661 grounded=0
[2026-01-31 14:33:13][INFO] physics_basic: pos=(-3.092401,0.268791,4.275801) vel=(0.111891,4.441402,6.721100) grounded=0
[2026-01-31 14:33:13][INFO] physics_basic: input fwd=1 back=0 left=1 right=1 jump=1 sprint=1 dt=0.001000
[2026-01-31 14:33:13][INFO] input: action=Sprint key=6 down=1
[2026-01-31 14:33:13][INFO] input: action=Jump key=5 down=1
[2026-01-31 14:33:13][INFO] input: action=MoveRight key=4 down=1
[2026-01-31 14:33:13][INFO] input: action=MoveLeft key=2 down=1
[2026-01-31 14:33:13][INFO] input: action=MoveForward key=1 down=1
[2026-01-31 14:33:13][INFO] input: action=Sprint key=6 down=1
[2026-01-31 14:33:13][INFO] input: action=Jump key=5 down=1
[2026-01-31 14:33:13][INFO] input: action=MoveRight key=4 down=1
[2026-01-31 14:33:13][INFO] input: action=MoveLeft key=2 down=1
[2026-01-31 14:33:13][INFO] input: action=MoveForward key=1 down=1
[2026-01-31 14:33:13][INFO] input: action=Sprint key=6 down=1
[2026-01-31 14:33:13][INFO] input: action=Jump key=5 down=1
[2026-01-31 14:33:13][INFO] input: action=MoveRight key=4 down=1
[2026-01-31 14:33:13][INFO] input: action=MoveLeft key=2 down=1
[2026-01-31 14:33:13][INFO] input: action=MoveForward key=1 down=1
[2026-01-31 14:33:13][INFO] input: action=Sprint key=6 down=1
[2026-01-31 14:33:13][INFO] input: action=Jump key=5 down=1
[2026-01-31 14:33:13][INFO] input: action=MoveRight key=4 down=1
[2026-01-31 14:33:13][INFO] input: action=MoveLeft key=2 down=1
[2026-01-31 14:33:13][INFO] input: action=MoveForward key=1 down=1
[2026-01-31 14:33:13][INFO] physics_basic: pos=(-3.019039,0.517341,4.671546) vel=(2.231534,3.853405,6.381825) grounded=0
[2026-01-31 14:33:13][INFO] physics_basic: input fwd=1 back=0 left=1 right=1 jump=1 sprint=1 dt=0.001000
[2026-01-31 14:33:13][INFO] input: action=Sprint key=6 down=1
[2026-01-31 14:33:13][INFO] input: action=Jump key=5 down=1
[2026-01-31 14:33:13][INFO] input: action=MoveRight key=4 down=1
[2026-01-31 14:33:13][INFO] input: action=MoveLeft key=2 down=1
[2026-01-31 14:33:13][INFO] input: action=MoveForward key=1 down=1
[2026-01-31 14:33:13][INFO] input: action=Sprint key=6 down=1
[2026-01-31 14:33:13][INFO] input: action=Jump key=5 down=1
[2026-01-31 14:33:13][INFO] input: action=MoveRight key=4 down=1
[2026-01-31 14:33:13][INFO] input: action=MoveLeft key=2 down=1
[2026-01-31 14:33:13][INFO] input: action=MoveForward key=1 down=1
[2026-01-31 14:33:13][INFO] platform: key_up scancode=44 code=5
[2026-01-31 14:33:13][INFO] input: action=Sprint key=6 down=1
[2026-01-31 14:33:13][INFO] input: action=MoveRight key=4 down=1
[2026-01-31 14:33:13][INFO] input: action=MoveLeft key=2 down=1
[2026-01-31 14:33:13][INFO] input: action=MoveForward key=1 down=1
[2026-01-31 14:33:13][INFO] physics_basic: pos=(-2.849221,0.730611,5.044216) vel=(3.231914,3.265408,6.092197) grounded=0
[2026-01-31 14:33:13][INFO] physics_basic: input fwd=1 back=0 left=1 right=1 jump=0 sprint=1 dt=0.001000
[2026-01-31 14:33:13][INFO] input: action=Sprint key=6 down=1
[2026-01-31 14:33:13][INFO] input: action=MoveRight key=4 down=1
[2026-01-31 14:33:13][INFO] input: action=MoveLeft key=2 down=1
[2026-01-31 14:33:13][INFO] input: action=MoveForward key=1 down=1
[2026-01-31 14:33:13][INFO] platform: key_up scancode=225 code=6
[2026-01-31 14:33:13][INFO] input: action=MoveRight key=4 down=1
[2026-01-31 14:33:13][INFO] input: action=MoveLeft key=2 down=1
[2026-01-31 14:33:13][INFO] input: action=MoveForward key=1 down=1
[2026-01-31 14:33:13][INFO] platform: key_up scancode=4 code=2
[2026-01-31 14:33:13][INFO] input: action=MoveRight key=4 down=1
[2026-01-31 14:33:13][INFO] input: action=MoveForward key=1 down=1
[2026-01-31 14:33:13][INFO] physics_basic: pos=(-2.660179,0.908602,5.393946) vel=(2.047559,2.677410,5.155958) grounded=0
[2026-01-31 14:33:13][INFO] physics_basic: input fwd=1 back=0 left=0 right=1 jump=0 sprint=0 dt=0.001000
[2026-01-31 14:33:13][INFO] input: action=MoveRight key=4 down=1
[2026-01-31 14:33:13][INFO] input: action=MoveForward key=1 down=1
[2026-01-31 14:33:13][INFO] input: action=MoveRight key=4 down=1
[2026-01-31 14:33:13][INFO] input: action=MoveForward key=1 down=1
[2026-01-31 14:33:13][INFO] platform: key_up scancode=26 code=1
[2026-01-31 14:33:13][INFO] platform: key_up scancode=7 code=4
[2026-01-31 14:33:13][INFO] physics_basic: pos=(-2.613845,1.053383,5.668627) vel=(0.077922,2.079613,3.712333) grounded=0
[2026-01-31 14:33:13][INFO] physics_basic: input fwd=0 back=0 left=0 right=0 jump=0 sprint=0 dt=0.001000
[2026-01-31 14:33:13][INFO] physics_basic: pos=(-2.610102,1.161697,5.846914) vel=(0.047736,1.481815,2.274209) grounded=0
[2026-01-31 14:33:13][INFO] physics_basic: input fwd=0 back=0 left=0 right=0 jump=0 sprint=0 dt=0.001000
[2026-01-31 14:33:13][INFO] physics_basic: pos=(-2.607839,1.232672,5.954755) vel=(0.029481,0.893817,1.404527) grounded=0
[2026-01-31 14:33:13][INFO] physics_basic: input fwd=0 back=0 left=0 right=0 jump=0 sprint=0 dt=0.001000
[2026-01-31 14:33:13][INFO] physics_basic: pos=(-2.606423,1.268654,6.022205) vel=(0.018060,0.296017,0.860426) grounded=0
[2026-01-31 14:33:13][INFO] physics_basic: input fwd=0 back=0 left=0 right=0 jump=0 sprint=0 dt=0.001000
[2026-01-31 14:33:13][INFO] physics_basic: pos=(-2.605566,1.268481,6.063005) vel=(0.011154,-0.291983,0.531390) grounded=0
[2026-01-31 14:33:13][INFO] physics_basic: input fwd=0 back=0 left=0 right=0 jump=0 sprint=0 dt=0.001000
[2026-01-31 14:33:13][INFO] runtime: live_rig fwd=1.067177 strafe=-0.605260 grounded=0
[2026-01-31 14:33:13][INFO] physics_basic: pos=(-2.605031,1.232128,6.088525) vel=(0.006833,-0.889784,0.325534) grounded=0
[2026-01-31 14:33:13][INFO] physics_basic: input fwd=0 back=0 left=0 right=0 jump=0 sprint=0 dt=0.001000
[2026-01-31 14:33:14][INFO] physics_basic: pos=(-2.604707,1.160807,6.103961) vel=(0.004220,-1.477782,0.201047) grounded=0
[2026-01-31 14:33:14][INFO] physics_basic: input fwd=0 back=0 left=0 right=0 jump=0 sprint=0 dt=0.001000
[2026-01-31 14:33:14][INFO] physics_basic: pos=(-2.604505,1.052121,6.113616) vel=(0.002585,-2.075579,0.123163) grounded=0
[2026-01-31 14:33:14][INFO] physics_basic: input fwd=0 back=0 left=0 right=0 jump=0 sprint=0 dt=0.001000
[2026-01-31 14:33:14][INFO] physics_basic: pos=(-2.604382,0.909652,6.119455) vel=(0.001597,-2.663577,0.076064) grounded=0
[2026-01-31 14:33:14][INFO] physics_basic: input fwd=0 back=0 left=0 right=0 jump=0 sprint=0 dt=0.001000
[2026-01-31 14:33:14][INFO] physics_basic: pos=(-2.604307,0.731904,6.123061) vel=(0.000986,-3.251574,0.046976) grounded=0
[2026-01-31 14:33:14][INFO] physics_basic: input fwd=0 back=0 left=0 right=0 jump=0 sprint=0 dt=0.001000
[2026-01-31 14:33:14][INFO] platform: key_down scancode=26 code=1
[2026-01-31 14:33:14][INFO] input: action=MoveForward key=1 down=1
[2026-01-31 14:33:14][INFO] input: action=MoveForward key=1 down=1
[2026-01-31 14:33:14][INFO] physics_basic: pos=(-2.630744,0.511147,6.088809) vel=(-1.237770,-3.859171,-1.687088) grounded=0
[2026-01-31 14:33:14][INFO] physics_basic: input fwd=1 back=0 left=0 right=0 jump=0 sprint=0 dt=0.001000
[2026-01-31 14:33:14][INFO] input: action=MoveForward key=1 down=1
[2026-01-31 14:33:14][INFO] input: action=MoveForward key=1 down=1
[2026-01-31 14:33:14][INFO] input: action=MoveForward key=1 down=1
[2026-01-31 14:33:14][INFO] physics_basic: pos=(-2.731729,0.261663,5.946726) vel=(-1.929000,-4.447169,-2.837513) grounded=0
[2026-01-31 14:33:14][INFO] physics_basic: input fwd=1 back=0 left=0 right=0 jump=0 sprint=0 dt=0.001000
[2026-01-31 14:33:14][INFO] input: action=MoveForward key=1 down=1
[2026-01-31 14:33:14][INFO] input: action=MoveForward key=1 down=1
[2026-01-31 14:33:14][INFO] input: action=MoveForward key=1 down=1
[2026-01-31 14:33:14][INFO] physics_basic: pos=(-2.831148,-0.000010,5.753879) vel=(-0.992765,-0.009800,-3.553523) grounded=1
[2026-01-31 14:33:14][INFO] physics_basic: input fwd=1 back=0 left=0 right=0 jump=0 sprint=0 dt=0.001000
[2026-01-31 14:33:14][INFO] input: action=MoveForward key=1 down=1
[2026-01-31 14:33:14][INFO] runtime: live_rig fwd=2.023047 strafe=0.512206 grounded=1
[2026-01-31 14:33:14][INFO] input: action=MoveForward key=1 down=1
[2026-01-31 14:33:14][INFO] input: action=MoveForward key=1 down=1
[2026-01-31 14:33:14][INFO] physics_basic: pos=(-2.815266,-0.000010,5.545078) vel=(1.512428,-0.009800,-3.107068) grounded=1
[2026-01-31 14:33:14][INFO] physics_basic: input fwd=1 back=0 left=0 right=0 jump=0 sprint=0 dt=0.001000
[2026-01-31 14:33:14][INFO] input: action=MoveForward key=1 down=1
[2026-01-31 14:33:14][INFO] input: action=MoveForward key=1 down=1
[2026-01-31 14:33:14][INFO] input: action=MoveForward key=1 down=1
[2026-01-31 14:33:14][INFO] physics_basic: pos=(-2.667781,-0.000010,5.392379) vel=(3.039275,-0.009800,-2.031218) grounded=1
[2026-01-31 14:33:14][INFO] physics_basic: input fwd=1 back=0 left=0 right=0 jump=0 sprint=0 dt=0.001000
[2026-01-31 14:33:14][INFO] input: action=MoveForward key=1 down=1
[2026-01-31 14:33:14][INFO] input: action=MoveForward key=1 down=1
[2026-01-31 14:33:14][INFO] input: action=MoveForward key=1 down=1
[2026-01-31 14:33:14][INFO] physics_basic: pos=(-2.467695,-0.000010,5.285685) vel=(3.534464,-0.009800,-1.592599) grounded=1
[2026-01-31 14:33:14][INFO] physics_basic: input fwd=1 back=0 left=0 right=0 jump=0 sprint=0 dt=0.001000
[2026-01-31 14:33:14][INFO] input: action=MoveForward key=1 down=1
[2026-01-31 14:33:14][INFO] input: action=MoveForward key=1 down=1
[2026-01-31 14:33:14][INFO] input: action=MoveForward key=1 down=1
[2026-01-31 14:33:14][INFO] physics_basic: pos=(-2.246283,-0.000010,5.194193) vel=(3.690919,-0.009800,-1.440284) grounded=1
[2026-01-31 14:33:14][INFO] physics_basic: input fwd=1 back=0 left=0 right=0 jump=0 sprint=0 dt=0.001000
[2026-01-31 14:33:14][INFO] input: action=MoveForward key=1 down=1
[2026-01-31 14:33:14][INFO] input: action=MoveForward key=1 down=1
[2026-01-31 14:33:14][INFO] input: action=MoveForward key=1 down=1
[2026-01-31 14:33:14][INFO] physics_basic: pos=(-2.023205,-0.000010,5.109319) vel=(3.732013,-0.009800,-1.407237) grounded=1
[2026-01-31 14:33:14][INFO] physics_basic: input fwd=1 back=0 left=0 right=0 jump=0 sprint=0 dt=0.001000
[2026-01-31 14:33:14][INFO] input: action=MoveForward key=1 down=1
[2026-01-31 14:33:14][INFO] input: action=MoveForward key=1 down=1
[2026-01-31 14:33:14][INFO] input: action=MoveForward key=1 down=1
[2026-01-31 14:33:14][INFO] physics_basic: pos=(-1.797492,-0.000010,5.018151) vel=(3.622409,-0.009800,-1.666997) grounded=1
[2026-01-31 14:33:14][INFO] input: action=MoveForward key=1 down=1
[2026-01-31 14:33:14][INFO] physics_basic: input fwd=1 back=0 left=0 right=0 jump=0 sprint=0 dt=0.001000
[2026-01-31 14:33:14][INFO] input: action=MoveForward key=1 down=1
[2026-01-31 14:33:14][INFO] platform: key_up scancode=26 code=1
[2026-01-31 14:33:14][INFO] physics_basic: pos=(-1.604226,-0.000010,4.913127) vel=(2.602512,-0.009800,-1.483313) grounded=1
[2026-01-31 14:33:14][INFO] physics_basic: input fwd=0 back=0 left=0 right=0 jump=0 sprint=0 dt=0.001000
[2026-01-31 14:33:14][INFO] physics_basic: pos=(-1.480817,-0.000010,4.842790) vel=(1.607284,-0.009800,-0.916078) grounded=1
[2026-01-31 14:33:14][INFO] physics_basic: input fwd=0 back=0 left=0 right=0 jump=0 sprint=0 dt=0.001000
[2026-01-31 14:33:14][INFO] runtime: live_rig fwd=2.725478 strafe=-0.435768 grounded=1
[2026-01-31 14:33:14][INFO] physics_basic: pos=(-1.403626,-0.000010,4.798794) vel=(0.984637,-0.009800,-0.561198) grounded=1
[2026-01-31 14:33:14][INFO] physics_basic: input fwd=0 back=0 left=0 right=0 jump=0 sprint=0 dt=0.001000
[2026-01-31 14:33:14][INFO] physics_basic: pos=(-1.356935,-0.000010,4.772182) vel=(0.608101,-0.009800,-0.346590) grounded=1
[2026-01-31 14:33:14][INFO] physics_basic: input fwd=0 back=0 left=0 right=0 jump=0 sprint=0 dt=0.001000
[2026-01-31 14:33:15][INFO] physics_basic: pos=(-1.327731,-0.000010,4.755537) vel=(0.372528,-0.009800,-0.212324) grounded=1
[2026-01-31 14:33:15][INFO] physics_basic: input fwd=0 back=0 left=0 right=0 jump=0 sprint=0 dt=0.001000
[2026-01-31 14:33:15][INFO] physics_basic: pos=(-1.310067,-0.000010,4.745469) vel=(0.230070,-0.009800,-0.131129) grounded=1
[2026-01-31 14:33:15][INFO] physics_basic: input fwd=0 back=0 left=0 right=0 jump=0 sprint=0 dt=0.001000
[2026-01-31 14:33:15][INFO] physics_basic: pos=(-1.299157,-0.000010,4.739250) vel=(0.142089,-0.009800,-0.080984) grounded=1
[2026-01-31 14:33:15][INFO] physics_basic: input fwd=0 back=0 left=0 right=0 jump=0 sprint=0 dt=0.001000
[2026-01-31 14:33:15][INFO] physics_basic: pos=(-1.292419,-0.000010,4.735411) vel=(0.087752,-0.009800,-0.050015) grounded=1
[2026-01-31 14:33:15][INFO] physics_basic: input fwd=0 back=0 left=0 right=0 jump=0 sprint=0 dt=0.001000
[2026-01-31 14:33:15][INFO] physics_basic: pos=(-1.288205,-0.000010,4.733010) vel=(0.053758,-0.009800,-0.030640) grounded=1
[2026-01-31 14:33:15][INFO] physics_basic: input fwd=0 back=0 left=0 right=0 jump=0 sprint=0 dt=0.001000
[2026-01-31 14:33:15][INFO] physics_basic: pos=(-1.285655,-0.000010,4.731557) vel=(0.033200,-0.009800,-0.018923) grounded=1
[2026-01-31 14:33:15][INFO] physics_basic: input fwd=0 back=0 left=0 right=0 jump=0 sprint=0 dt=0.001000
[2026-01-31 14:33:15][INFO] physics_basic: pos=(-1.284061,-0.000010,4.730649) vel=(0.020339,-0.009800,-0.011592) grounded=1
[2026-01-31 14:33:15][INFO] physics_basic: input fwd=0 back=0 left=0 right=0 jump=0 sprint=0 dt=0.001000
[2026-01-31 14:33:15][INFO] runtime: live_rig fwd=0.242094 strafe=-0.071576 grounded=1
[2026-01-31 14:33:15][INFO] physics_basic: pos=(-1.283097,-0.000010,4.730098) vel=(0.012561,-0.009800,-0.007159) grounded=1
[2026-01-31 14:33:15][INFO] physics_basic: input fwd=0 back=0 left=0 right=0 jump=0 sprint=0 dt=0.001000
[2026-01-31 14:33:15][INFO] physics_basic: pos=(-1.282493,-0.000010,4.729754) vel=(0.007695,-0.009800,-0.004386) grounded=1
[2026-01-31 14:33:15][INFO] physics_basic: input fwd=0 back=0 left=0 right=0 jump=0 sprint=0 dt=0.001000
[2026-01-31 14:33:15][INFO] physics_basic: pos=(-1.282123,-0.000010,4.729543) vel=(0.004714,-0.009800,-0.002687) grounded=1
[2026-01-31 14:33:15][INFO] physics_basic: input fwd=0 back=0 left=0 right=0 jump=0 sprint=0 dt=0.001000
[2026-01-31 14:33:15][INFO] platform: key_down scancode=41 code=7
[2026-01-31 14:33:15][INFO] input: action=Quit key=7 down=1
[2026-01-31 14:33:15][INFO] physics_basic: pos=(-1.281900,-0.000010,4.729414) vel=(0.002911,-0.009800,-0.001659) grounded=1
[2026-01-31 14:33:15][INFO] physics_basic: input fwd=0 back=0 left=0 right=0 jump=0 sprint=0 dt=0.001000
[2026-01-31 14:33:15][INFO] input: action=Quit key=7 down=1
[2026-01-31 14:33:15][INFO] input: action=Quit key=7 down=1
[2026-01-31 14:33:15][INFO] input: action=Quit key=7 down=1
[2026-01-31 14:33:15][INFO] physics_basic: pos=(-1.281760,-0.000010,4.729337) vel=(0.001784,-0.009800,-0.001017) grounded=1
[2026-01-31 14:33:15][INFO] input: action=Quit key=7 down=1
[2026-01-31 14:33:15][INFO] physics_basic: input fwd=0 back=0 left=0 right=0 jump=0 sprint=0 dt=0.001000
[2026-01-31 14:33:15][INFO] input: action=Quit key=7 down=1
[2026-01-31 14:33:15][INFO] input: action=Quit key=7 down=1
[2026-01-31 14:33:15][INFO] platform: key_up scancode=41 code=7
[2026-01-31 14:33:15][INFO] physics_basic: pos=(-1.281675,-0.000010,4.729288) vel=(0.001093,-0.009800,-0.000623) grounded=1
[2026-01-31 14:33:15][INFO] physics_basic: input fwd=0 back=0 left=0 right=0 jump=0 sprint=0 dt=0.001000
[2026-01-31 14:33:15][INFO] physics_basic: pos=(-1.281622,-0.000010,4.729259) vel=(0.000669,-0.009800,-0.000381) grounded=1
[2026-01-31 14:33:15][INFO] physics_basic: input fwd=0 back=0 left=0 right=0 jump=0 sprint=0 dt=0.001000
[2026-01-31 14:33:15][INFO] physics_basic: pos=(-1.281590,-0.000010,4.729230) vel=(0.000410,-0.009800,-0.000234) grounded=1
[2026-01-31 14:33:15][INFO] physics_basic: input fwd=0 back=0 left=0 right=0 jump=0 sprint=0 dt=0.001000
[2026-01-31 14:33:15][INFO] runtime: live_rig fwd=0.013830 strafe=-0.004339 grounded=1
[2026-01-31 14:33:15][INFO] physics_basic: pos=(-1.281571,-0.000010,4.729230) vel=(0.000253,-0.009800,-0.000144) grounded=1
[2026-01-31 14:33:15][INFO] physics_basic: input fwd=0 back=0 left=0 right=0 jump=0 sprint=0 dt=0.001000
[2026-01-31 14:33:16][INFO] physics_basic: pos=(-1.281559,-0.000010,4.729230) vel=(0.000155,-0.009800,-0.000088) grounded=1
[2026-01-31 14:33:16][INFO] physics_basic: input fwd=0 back=0 left=0 right=0 jump=0 sprint=0 dt=0.001000
[2026-01-31 14:33:16][INFO] physics_basic: pos=(-1.281551,-0.000010,4.729230) vel=(0.000096,-0.009800,-0.000055) grounded=1
[2026-01-31 14:33:16][INFO] physics_basic: input fwd=0 back=0 left=0 right=0 jump=0 sprint=0 dt=0.001000
[2026-01-31 14:33:16][INFO] physics_basic: pos=(-1.281544,-0.000010,4.729230) vel=(0.000059,-0.009800,-0.000033) grounded=1
[2026-01-31 14:33:16][INFO] physics_basic: input fwd=0 back=0 left=0 right=0 jump=0 sprint=0 dt=0.001000
[2026-01-31 14:33:16][INFO] physics_basic: pos=(-1.281544,-0.000010,4.729230) vel=(0.000036,-0.009800,-0.000021) grounded=1
[2026-01-31 14:33:16][INFO] physics_basic: input fwd=0 back=0 left=0 right=0 jump=0 sprint=0 dt=0.001000
[2026-01-31 14:33:16][INFO] physics_basic: pos=(-1.281544,-0.000010,4.729230) vel=(0.000022,-0.009800,-0.000013) grounded=1
[2026-01-31 14:33:16][INFO] physics_basic: input fwd=0 back=0 left=0 right=0 jump=0 sprint=0 dt=0.001000
[2026-01-31 14:33:16][INFO] physics_basic: pos=(-1.281544,-0.000010,4.729230) vel=(0.000014,-0.009800,-0.000008) grounded=1
[2026-01-31 14:33:16][INFO] physics_basic: input fwd=0 back=0 left=0 right=0 jump=0 sprint=0 dt=0.001000
[2026-01-31 14:33:16][INFO] physics_basic: pos=(-1.281544,-0.000010,4.729230) vel=(0.000008,-0.009800,-0.000005) grounded=1
[2026-01-31 14:33:16][INFO] physics_basic: input fwd=0 back=0 left=0 right=0 jump=0 sprint=0 dt=0.001000
[2026-01-31 14:33:16][INFO] runtime: live_rig fwd=0.000675 strafe=-0.000217 grounded=1
[2026-01-31 14:33:16][INFO] physics_basic: pos=(-1.281544,-0.000010,4.729230) vel=(0.000005,-0.009800,-0.000003) grounded=1
[2026-01-31 14:33:16][INFO] physics_basic: input fwd=0 back=0 left=0 right=0 jump=0 sprint=0 dt=0.001000
[2026-01-31 14:33:16][INFO] physics_basic: pos=(-1.281544,-0.000010,4.729230) vel=(0.000003,-0.009800,-0.000002) grounded=1
[2026-01-31 14:33:16][INFO] physics_basic: input fwd=0 back=0 left=0 right=0 jump=0 sprint=0 dt=0.001000
[2026-01-31 14:33:16][INFO] physics_basic: pos=(-1.281544,-0.000010,4.729230) vel=(0.000002,-0.009800,-0.000001) grounded=1
[2026-01-31 14:33:16][INFO] physics_basic: input fwd=0 back=0 left=0 right=0 jump=0 sprint=0 dt=0.001000
[2026-01-31 14:33:16][INFO] physics_basic: pos=(-1.281544,-0.000010,4.729230) vel=(0.000001,-0.009800,-0.000001) grounded=1
[2026-01-31 14:33:16][INFO] physics_basic: input fwd=0 back=0 left=0 right=0 jump=0 sprint=0 dt=0.001000
[2026-01-31 14:33:16][INFO] physics_basic: pos=(-1.281544,-0.000010,4.729230) vel=(0.000001,-0.009800,-0.000000) grounded=1
[2026-01-31 14:33:16][INFO] physics_basic: input fwd=0 back=0 left=0 right=0 jump=0 sprint=0 dt=0.001000
[2026-01-31 14:33:16][INFO] physics_basic: pos=(-1.281544,-0.000039,4.729230) vel=(0.000000,-0.019600,-0.000000) grounded=1
[2026-01-31 14:33:16][INFO] physics_basic: input fwd=0 back=0 left=0 right=0 jump=0 sprint=0 dt=0.001000
[2026-01-31 14:33:16][INFO] physics_basic: pos=(-1.281544,-0.000010,4.729230) vel=(0.000000,-0.009800,-0.000000) grounded=1
[2026-01-31 14:33:16][INFO] physics_basic: input fwd=0 back=0 left=0 right=0 jump=0 sprint=0 dt=0.001000
[2026-01-31 14:33:16][INFO] level entity spawned: player_spawn
[2026-01-31 14:33:16][INFO] level entity spawned: ground_plane_1
[2026-01-31 14:33:16][INFO] level entity spawned: demo_quad_1
[2026-01-31 14:33:16][INFO] runtime: player rig scale set to 1.058824 (mesh height=1.700000, mesh scale=0.010000, root scale=1.000000, final scale=0.010588,0.010588,0.010588)
[2026-01-31 14:33:16][INFO] runtime: rig mesh bounds min=(-0.553406,-0.000000,-0.173289) max=(0.553406,1.700000,0.173289)
[2026-01-31 14:33:16][INFO] runtime: rig skeleton min y=0.040637
[2026-01-31 14:33:16][INFO] runtime: player rig offset set to 0.000000 (grounded by mesh bounds)
[2026-01-31 14:33:16][INFO] runtime: controller size set (radius=0.150000, half_height=0.100000, center_offset=0.250000, mesh height=0.018000, mesh bottom=0.000000)
[2026-01-31 14:33:16][INFO] runtime: player rig asset = manny (source=/home/skooze/rkg/NecTr/AI_GUARD_1/AI_GUARD_1_Character_output.glb)
[2026-01-31 14:33:16][INFO] runtime: attached skeleton from asset manny joints=24
[2026-01-31 14:33:16][INFO] content reloaded (raw)
[2026-01-31 14:33:16][INFO] reload reason: stop
[2026-01-31 14:33:17][INFO] debug_ui: shutdown
[2026-01-31 14:33:17][INFO] physics_basic: shutdown
[2026-01-31 14:33:17][INFO] renderer:vulkan shutdown
[2026-01-31 14:33:17][INFO] log shutdown
