[2026-02-01 10:16:56][INFO] log init
[2026-02-01 10:16:56][INFO] log file: /home/rkoasis/rkg/build_logs/rkg_editor_20260201_101656.log
[2026-02-01 10:16:56][INFO] platform: linux
[2026-02-01 10:16:56][INFO] build: debug
[2026-02-01 10:16:56][INFO] git: a86606f
[2026-02-01 10:16:56][INFO] runtime: input map file=/home/rkoasis/rkg/projects/demo_game/config/input.yaml loaded=1 bindings=9
[2026-02-01 10:16:56][INFO] asset_cache: manny source -> /home/rkoasis/rkg/NecTr/AI_GUARD_1/AI_GUARD_1_Character_output.glb
[2026-02-01 10:16:56][INFO] asset_cache: auto-importing manny into build/content_cache/generated_assets/manny
[2026-02-01 10:16:57][INFO] asset_cache: auto-imported manny.glb into build/content_cache/generated_assets/manny
[2026-02-01 10:16:57][INFO] asset_cache: loaded manny (verts=33592 idx=156288 mats=1 tex=2 joints=24 scale=0.010000,0.010000,0.010000)
[2026-02-01 10:16:57][WARN] cooked content missing; using raw content (dev_mode)
[2026-02-01 10:16:57][INFO] RLIMIT_NOFILE: 1024/524288
[2026-02-01 10:16:57][INFO] RLIMIT_NPROC: 63257/63257
[2026-02-01 10:16:57][INFO] Wayland socket: /run/user/1000/wayland-0 mode=srwxr-xr-x uid=1000 gid=1000
[2026-02-01 10:16:57][INFO] Wayland socket connect ok: /run/user/1000/wayland-0
[2026-02-01 10:16:57][INFO] Wayland wl_display_connect ok: wayland-0
[2026-02-01 10:16:57][INFO] X11 socket: /tmp/.X11-unix/X1 mode=srwxr-xr-x uid=1000 gid=1000
[2026-02-01 10:16:57][INFO] X11 socket connect ok: /tmp/.X11-unix/X1
[2026-02-01 10:16:57][INFO] X11 XOpenDisplay ok: :1
[2026-02-01 10:16:57][INFO] SDL system/info: App name: SDL Application
[2026-02-01 10:16:57][INFO] SDL system/info: App version: <unspecified>
[2026-02-01 10:16:57][INFO] SDL system/info: App ID: <unspecified>
[2026-02-01 10:16:57][INFO] SDL system/info: SDL revision: SDL-release-3.4.0-0-ga962f40bb
[2026-02-01 10:16:57][INFO] SDL system/debug: SDL chose video backend 'wayland'
[2026-02-01 10:16:57][INFO] SDL current video driver: wayland
[2026-02-01 10:16:57][INFO] SDL current video driver: wayland
[2026-02-01 10:16:57][INFO] SDL current video driver: wayland
[2026-02-01 10:16:57][INFO] SDL current video driver: wayland
[2026-02-01 10:16:57][INFO] SDL current video driver: wayland
[2026-02-01 10:16:57][INFO] SDL current video driver: x11
[2026-02-01 10:16:57][ERROR] SDL_Init failed: Installed Vulkan doesn't implement the VK_KHR_surface extension errno=2 (No such file or directory) (driver=x11)
[2026-02-01 10:16:57][ERROR] SDL init attempts:
[2026-02-01 10:16:57][ERROR]   (default): Installed Vulkan doesn't implement the VK_KHR_surface extension errno=2 (No such file or directory)
[2026-02-01 10:16:57][ERROR]   wayland: Installed Vulkan doesn't implement the VK_KHR_surface extension errno=2 (No such file or directory)
[2026-02-01 10:16:57][ERROR]   x11: Installed Vulkan doesn't implement the VK_KHR_surface extension errno=2 (No such file or directory)
[2026-02-01 10:16:57][ERROR]   (default): Installed Vulkan doesn't implement the VK_KHR_surface extension errno=2 (No such file or directory)
[2026-02-01 10:16:57][ERROR]   wayland: Installed Vulkan doesn't implement the VK_KHR_surface extension errno=2 (No such file or directory)
[2026-02-01 10:16:57][ERROR]   x11: Installed Vulkan doesn't implement the VK_KHR_surface extension errno=2 (No such file or directory)
[2026-02-01 10:16:57][ERROR] SDL video drivers: wayland, x11, kmsdrm, offscreen, dummy, evdev
[2026-02-01 10:16:57][ERROR] Env DISPLAY=:1 WAYLAND_DISPLAY=wayland-0 XDG_SESSION_TYPE=wayland XDG_RUNTIME_DIR=/run/user/1000 XAUTHORITY=/run/user/1000/xauth_inqPGf SDL_VIDEODRIVER=x11 EUID=user
[2026-02-01 10:16:57][ERROR] platform init failed
[2026-02-01 10:16:57][ERROR] platform init failed
