ui_log: opened
window=Toolbar pos=(363.0,8.0) size=(876.0,51.0) docked=1 collapsed=0
window=Viewport pos=(363.0,61.0) size=(876.0,604.0) docked=1 collapsed=0
window=Scene pos=(10.0,8.0) size=(351.0,441.0) docked=1 collapsed=0
window=Inspector pos=(10.0,451.0) size=(351.0,441.0) docked=1 collapsed=0
window=Content pos=(363.0,667.0) size=(480.0,225.0) docked=1 collapsed=0
window=Diff Preview pos=(845.0,667.0) size=(394.0,225.0) docked=1 collapsed=0
window=Chat pos=(1241.0,8.0) size=(349.0,528.0) docked=1 collapsed=0
window=Runs pos=(1241.0,538.0) size=(349.0,354.0) docked=1 collapsed=0
window=Toolbar pos=(363.0,8.0) size=(876.0,52.0) docked=1 collapsed=0
window=Viewport pos=(363.0,62.0) size=(876.0,603.0) docked=1 collapsed=0
window=Toolbar pos=(363.0,8.0) size=(876.0,53.0) docked=1 collapsed=0
window=Viewport pos=(363.0,63.0) size=(876.0,602.0) docked=1 collapsed=0
window=Toolbar pos=(363.0,8.0) size=(876.0,54.0) docked=1 collapsed=0
window=Viewport pos=(363.0,64.0) size=(876.0,601.0) docked=1 collapsed=0
window=Toolbar pos=(363.0,8.0) size=(876.0,55.0) docked=1 collapsed=0
window=Viewport pos=(363.0,65.0) size=(876.0,600.0) docked=1 collapsed=0
window=Toolbar pos=(363.0,8.0) size=(876.0,56.0) docked=1 collapsed=0
window=Viewport pos=(363.0,66.0) size=(876.0,599.0) docked=1 collapsed=0
window=Toolbar pos=(363.0,8.0) size=(876.0,57.0) docked=1 collapsed=0
window=Viewport pos=(363.0,67.0) size=(876.0,598.0) docked=1 collapsed=0
window=Toolbar pos=(363.0,8.0) size=(876.0,58.0) docked=1 collapsed=0
window=Viewport pos=(363.0,68.0) size=(876.0,597.0) docked=1 collapsed=0
window=Toolbar pos=(363.0,8.0) size=(876.0,59.0) docked=1 collapsed=0
window=Viewport pos=(363.0,69.0) size=(876.0,596.0) docked=1 collapsed=0
window=Toolbar pos=(363.0,8.0) size=(876.0,60.0) docked=1 collapsed=0
window=Viewport pos=(363.0,70.0) size=(876.0,595.0) docked=1 collapsed=0
window=Toolbar pos=(363.0,8.0) size=(876.0,61.0) docked=1 collapsed=0
window=Viewport pos=(363.0,71.0) size=(876.0,594.0) docked=1 collapsed=0
window=Toolbar pos=(363.0,8.0) size=(876.0,62.0) docked=1 collapsed=0
window=Viewport pos=(363.0,72.0) size=(876.0,593.0) docked=1 collapsed=0
window=Toolbar pos=(363.0,8.0) size=(876.0,63.0) docked=1 collapsed=0
window=Viewport pos=(363.0,73.0) size=(876.0,592.0) docked=1 collapsed=0
window=Toolbar pos=(363.0,8.0) size=(876.0,64.0) docked=1 collapsed=0
window=Viewport pos=(363.0,74.0) size=(876.0,591.0) docked=1 collapsed=0
window=Toolbar pos=(363.0,8.0) size=(876.0,65.0) docked=1 collapsed=0
window=Viewport pos=(363.0,75.0) size=(876.0,590.0) docked=1 collapsed=0
window=Toolbar pos=(363.0,8.0) size=(876.0,66.0) docked=1 collapsed=0
window=Viewport pos=(363.0,76.0) size=(876.0,589.0) docked=1 collapsed=0
window=Toolbar pos=(363.0,8.0) size=(876.0,67.0) docked=1 collapsed=0
window=Viewport pos=(363.0,77.0) size=(876.0,588.0) docked=1 collapsed=0
window=Toolbar pos=(363.0,8.0) size=(876.0,68.0) docked=1 collapsed=0
window=Viewport pos=(363.0,78.0) size=(876.0,587.0) docked=1 collapsed=0
window=Toolbar pos=(363.0,8.0) size=(876.0,69.0) docked=1 collapsed=0
window=Viewport pos=(363.0,79.0) size=(876.0,586.0) docked=1 collapsed=0
window=Toolbar pos=(363.0,8.0) size=(876.0,70.0) docked=1 collapsed=0
window=Viewport pos=(363.0,80.0) size=(876.0,585.0) docked=1 collapsed=0
window=Toolbar pos=(363.0,8.0) size=(876.0,71.0) docked=1 collapsed=0
window=Viewport pos=(363.0,81.0) size=(876.0,584.0) docked=1 collapsed=0
window=Toolbar pos=(363.0,8.0) size=(876.0,72.0) docked=1 collapsed=0
window=Viewport pos=(363.0,82.0) size=(876.0,583.0) docked=1 collapsed=0
window=Toolbar pos=(363.0,8.0) size=(876.0,73.0) docked=1 collapsed=0
window=Viewport pos=(363.0,83.0) size=(876.0,582.0) docked=1 collapsed=0
window=Toolbar pos=(363.0,8.0) size=(876.0,74.0) docked=1 collapsed=0
window=Viewport pos=(363.0,84.0) size=(876.0,581.0) docked=1 collapsed=0
window=Toolbar pos=(363.0,8.0) size=(876.0,75.0) docked=1 collapsed=0
window=Viewport pos=(363.0,85.0) size=(876.0,580.0) docked=1 collapsed=0
window=Toolbar pos=(363.0,8.0) size=(876.0,74.0) docked=1 collapsed=0
window=Viewport pos=(363.0,84.0) size=(876.0,581.0) docked=1 collapsed=0
window=Toolbar pos=(363.0,8.0) size=(876.0,73.0) docked=1 collapsed=0
window=Viewport pos=(363.0,83.0) size=(876.0,582.0) docked=1 collapsed=0
window=Toolbar pos=(363.0,8.0) size=(876.0,72.0) docked=1 collapsed=0
window=Viewport pos=(363.0,82.0) size=(876.0,583.0) docked=1 collapsed=0
window=Toolbar pos=(363.0,8.0) size=(876.0,71.0) docked=1 collapsed=0
window=Viewport pos=(363.0,81.0) size=(876.0,584.0) docked=1 collapsed=0
window=Toolbar pos=(363.0,8.0) size=(876.0,70.0) docked=1 collapsed=0
window=Viewport pos=(363.0,80.0) size=(876.0,585.0) docked=1 collapsed=0
